
2025-05-19 01:02:16,720 Loaded 679 samples from folds [0, 1, 2, 3] for train set.
2025-05-19 01:02:18,560 load dataset ...
2025-05-19 01:02:18,561 Loaded 169 samples from folds [4] for valid set.
2025-05-19 01:02:18,904 initalize model ...
2025-05-19 01:02:18,985 start training ...
2025-05-19 01:17:23,939 epoch:0, loss:22.074441746864824
2025-05-19 01:17:23,939 ------------ validation ------------
2025-05-19 01:20:38,068 epoch:0
2025-05-19 01:20:38,069 recon error:18.886494371312608
2025-05-19 01:20:38,069 nc error:0.011219039653047654
2025-05-19 01:20:38,069 edge error:1.5080520923321064
2025-05-19 01:20:38,069 -------------------------------------
2025-05-19 01:35:46,885 epoch:1, loss:12.682940587028313
2025-05-19 01:50:55,986 epoch:2, loss:7.974160262516567
2025-05-19 02:06:06,758 epoch:3, loss:6.984219162734513
2025-05-19 02:21:16,749 epoch:4, loss:6.171210005286867
2025-05-19 02:36:27,794 epoch:5, loss:5.562021761825404
2025-05-19 02:51:37,928 epoch:6, loss:5.106509946056248
2025-05-19 03:06:49,606 epoch:7, loss:4.7189416091817815
2025-05-19 03:22:02,341 epoch:8, loss:4.433251518564126
2025-05-19 03:37:15,814 epoch:9, loss:4.164846105673878
2025-05-19 03:52:28,101 epoch:10, loss:3.996990003361091
2025-05-19 03:52:28,101 ------------ validation ------------
2025-05-19 03:55:44,648 epoch:10
2025-05-19 03:55:44,649 recon error:2.8220228993681054
2025-05-19 03:55:44,650 nc error:0.07787995168266917
2025-05-19 03:55:44,650 edge error:3.0826778383650018
2025-05-19 03:55:44,650 -------------------------------------
2025-05-19 04:10:56,047 epoch:11, loss:3.795573885205568
2025-05-19 04:26:07,177 epoch:12, loss:3.6491979994373573
2025-05-19 04:41:18,967 epoch:13, loss:3.523259742621645
2025-05-19 04:56:30,497 epoch:14, loss:3.4163984364016593
2025-05-19 05:11:42,702 epoch:15, loss:3.3403335204005065
2025-05-19 05:26:54,654 epoch:16, loss:3.2531800898606718
2025-05-19 05:42:06,282 epoch:17, loss:3.198525447381965
2025-05-19 05:57:16,006 epoch:18, loss:3.156593563279277
2025-05-19 06:12:28,740 epoch:19, loss:3.129225951406847
2025-05-19 06:27:39,367 epoch:20, loss:3.0543649017547474
2025-05-19 06:27:39,367 ------------ validation ------------
2025-05-19 06:30:55,292 epoch:20
2025-05-19 06:30:55,292 recon error:2.0505201569675693
2025-05-19 06:30:55,293 nc error:0.0673894157644207
2025-05-19 06:30:55,293 edge error:2.8206828077869304
2025-05-19 06:30:55,293 -------------------------------------
2025-05-19 06:46:06,871 epoch:21, loss:3.019469322968653
2025-05-19 07:01:20,186 epoch:22, loss:2.9680975445591473
2025-05-19 07:16:32,104 epoch:23, loss:2.946234994854597
2025-05-19 07:31:44,823 epoch:24, loss:2.906429580104193
2025-05-19 07:46:55,538 epoch:25, loss:2.8774722770668446
2025-05-19 08:02:07,617 epoch:26, loss:2.8561709053562034
2025-05-19 08:17:20,034 epoch:27, loss:2.8574788749481335
2025-05-19 08:32:33,230 epoch:28, loss:2.8046106558309565
2025-05-19 08:47:46,712 epoch:29, loss:2.7868811848939608
2025-05-19 09:03:00,542 epoch:30, loss:2.760293996386746
2025-05-19 09:03:00,542 ------------ validation ------------
2025-05-19 09:06:14,384 epoch:30
2025-05-19 09:06:14,386 recon error:1.7561378119259896
2025-05-19 09:06:14,386 nc error:0.06201606343042921
2025-05-19 09:06:14,386 edge error:2.702261951548108
2025-05-19 09:06:14,386 -------------------------------------
2025-05-19 09:21:25,870 epoch:31, loss:2.7412676340701476
2025-05-19 09:36:38,508 epoch:32, loss:2.72053735772359
2025-05-19 09:51:51,452 epoch:33, loss:2.704700026491078
2025-05-19 10:07:01,101 epoch:34, loss:2.693209745395868
2025-05-19 10:22:11,803 epoch:35, loss:2.680777584856845
2025-05-19 10:37:22,513 epoch:36, loss:2.6557463198592983
2025-05-19 10:52:34,320 epoch:37, loss:2.646567069729228
2025-05-19 11:07:46,183 epoch:38, loss:2.627372169705308
2025-05-19 11:22:59,562 epoch:39, loss:2.613841088425604
2025-05-19 11:38:10,776 epoch:40, loss:2.602780784879412
2025-05-19 11:38:10,776 ------------ validation ------------
2025-05-19 11:41:24,894 epoch:40
2025-05-19 11:41:24,895 recon error:1.6699193095314433
2025-05-19 11:41:24,895 nc error:0.05924054202155249
2025-05-19 11:41:24,895 edge error:2.6421949962187097
2025-05-19 11:41:24,895 -------------------------------------
2025-05-19 11:56:37,920 epoch:41, loss:2.589441828594292
2025-05-19 12:11:50,049 epoch:42, loss:2.573792966019598
2025-05-19 12:27:00,966 epoch:43, loss:2.5678962165371835
2025-05-19 12:42:12,495 epoch:44, loss:2.5633009287675455
2025-05-19 12:57:24,378 epoch:45, loss:2.53437979056312
2025-05-19 13:12:36,301 epoch:46, loss:2.535999517553158
2025-05-19 13:27:48,332 epoch:47, loss:2.5124286730967142
2025-05-19 13:43:00,792 epoch:48, loss:2.5006941291825937
2025-05-19 13:58:13,529 epoch:49, loss:2.4982121131205943
2025-05-19 14:13:25,707 epoch:50, loss:2.4891097861642515
2025-05-19 14:13:25,707 ------------ validation ------------
2025-05-19 14:16:39,991 epoch:50
2025-05-19 14:16:39,992 recon error:1.5400208319432638
2025-05-19 14:16:39,992 nc error:0.056169274092249616
2025-05-19 14:16:39,992 edge error:2.5991162463758117
2025-05-19 14:16:39,992 -------------------------------------
2025-05-19 14:31:52,948 epoch:51, loss:2.4869263698847552
2025-05-19 14:47:06,635 epoch:52, loss:2.4706046072127017
2025-05-19 15:02:19,047 epoch:53, loss:2.481867727720685
2025-05-19 15:17:31,855 epoch:54, loss:2.463802606613541
2025-05-19 15:32:44,460 epoch:55, loss:2.4456355961503267
2025-05-19 15:47:57,864 epoch:56, loss:2.4427042808027086
2025-05-19 16:03:09,713 epoch:57, loss:2.4322468051151955
2025-05-19 16:18:22,727 epoch:58, loss:2.431020643995507
2025-05-19 16:33:35,972 epoch:59, loss:2.414670904887091
2025-05-19 16:48:47,820 epoch:60, loss:2.3989790458566835
2025-05-19 16:48:47,820 ------------ validation ------------
2025-05-19 16:51:58,765 epoch:60
2025-05-19 16:51:58,767 recon error:1.4805172434925327
2025-05-19 16:51:58,767 nc error:0.0533559993791157
2025-05-19 16:51:58,767 edge error:2.56907105728014
2025-05-19 16:51:58,768 -------------------------------------
2025-05-19 17:07:10,096 epoch:61, loss:2.399606781960938
2025-05-19 17:22:21,211 epoch:62, loss:2.3992580408902513
2025-05-19 17:37:33,280 epoch:63, loss:2.3856725278413347
2025-05-19 17:52:46,792 epoch:64, loss:2.3816489200704405
2025-05-19 18:08:00,616 epoch:65, loss:2.3674165605620887
2025-05-19 18:23:12,948 epoch:66, loss:2.3652982014795114
2025-05-19 18:38:28,027 epoch:67, loss:2.361351626962204
2025-05-19 18:53:40,109 epoch:68, loss:2.35325459510483
2025-05-19 19:08:54,930 epoch:69, loss:2.344451543333253
2025-05-19 19:24:07,960 epoch:70, loss:2.3484217950275967
2025-05-19 19:24:07,960 ------------ validation ------------
2025-05-19 19:27:27,299 epoch:70
2025-05-19 19:27:27,299 recon error:1.4789181806632048
2025-05-19 19:27:27,300 nc error:0.05057436609144747
2025-05-19 19:27:27,300 edge error:2.521552875902526
2025-05-19 19:27:27,300 -------------------------------------
2025-05-19 19:42:41,099 epoch:71, loss:2.3387642774034143
2025-05-19 19:57:55,273 epoch:72, loss:2.334888253542039
2025-05-19 20:13:10,157 epoch:73, loss:2.3257943934298755
2025-05-19 20:28:25,162 epoch:74, loss:2.3225671860536172
2025-05-19 20:43:37,326 epoch:75, loss:2.323123953654945
2025-05-19 20:58:52,233 epoch:76, loss:2.3255722189160264
2025-05-19 21:14:06,645 epoch:77, loss:2.302854442104851
2025-05-19 21:29:22,547 epoch:78, loss:2.31392890890849
2025-05-19 21:44:37,267 epoch:79, loss:2.2947771870510567
2025-05-19 21:59:52,795 epoch:80, loss:2.3010703867770435
2025-05-19 21:59:52,795 ------------ validation ------------
2025-05-19 22:03:12,808 epoch:80
2025-05-19 22:03:12,809 recon error:1.4376238274151052
2025-05-19 22:03:12,809 nc error:0.05217909493301747
2025-05-19 22:03:12,809 edge error:2.522278954996865
2025-05-19 22:03:12,810 -------------------------------------
2025-05-19 22:18:26,001 epoch:81, loss:2.2894043859220568
2025-05-19 22:33:41,452 epoch:82, loss:2.274908877612916
2025-05-19 22:48:55,301 epoch:83, loss:2.280763547093949
2025-05-19 23:04:08,616 epoch:84, loss:2.2665568562073632
2025-05-19 23:19:19,379 epoch:85, loss:2.263248514005467
2025-05-19 23:34:30,558 epoch:86, loss:2.27058488999621
2025-05-19 23:49:42,804 epoch:87, loss:2.264942692024894
2025-05-20 00:04:56,737 epoch:88, loss:2.2584596452727057
2025-05-20 00:20:09,071 epoch:89, loss:2.2546703662717817
2025-05-20 00:35:21,753 epoch:90, loss:2.248858539275112
2025-05-20 00:35:21,754 ------------ validation ------------
2025-05-20 00:38:33,525 epoch:90
2025-05-20 00:38:33,526 recon error:1.38845911745489
2025-05-20 00:38:33,526 nc error:0.04824262484908104
2025-05-20 00:38:33,526 edge error:2.452677984914836
2025-05-20 00:38:33,526 -------------------------------------
2025-05-20 00:53:46,144 epoch:91, loss:2.24287341655793
2025-05-20 01:08:59,027 epoch:92, loss:2.2390992441303776
2025-05-20 01:24:12,535 epoch:93, loss:2.2333133213649967
2025-05-20 01:39:24,960 epoch:94, loss:2.2347931361514446
2025-05-20 01:54:36,997 epoch:95, loss:2.2211312431298933
2025-05-20 02:09:50,667 epoch:96, loss:2.229512290505141
2025-05-20 02:25:03,236 epoch:97, loss:2.227406842719122
2025-05-20 02:40:15,428 epoch:98, loss:2.2173023413488195
2025-05-20 02:55:28,265 epoch:99, loss:2.208893012930262
2025-05-20 03:10:40,771 epoch:100, loss:2.221428814622545
2025-05-20 03:10:40,772 ------------ validation ------------
2025-05-20 03:13:57,317 epoch:100
2025-05-20 03:13:57,318 recon error:1.35620667384221
2025-05-20 03:13:57,318 nc error:0.048089705804395956
2025-05-20 03:13:57,318 edge error:2.4732742478861613
2025-05-20 03:13:57,318 -------------------------------------
2025-05-20 03:29:09,630 epoch:101, loss:2.2007572261152983
2025-05-20 03:44:23,015 epoch:102, loss:2.203944965385021
2025-05-20 03:59:35,617 epoch:103, loss:2.1939388999882783
2025-05-20 04:14:48,037 epoch:104, loss:2.192953325862913
2025-05-20 04:30:01,386 epoch:105, loss:2.1940837921204377
2025-05-20 04:45:13,603 epoch:106, loss:2.1911695567076266
2025-05-20 05:00:25,930 epoch:107, loss:2.189000539295101
2025-05-20 05:15:39,173 epoch:108, loss:2.185596728886701
2025-05-20 05:30:51,091 epoch:109, loss:2.182696683066232
2025-05-20 05:46:03,988 epoch:110, loss:2.184662127705491
2025-05-20 05:46:03,989 ------------ validation ------------
2025-05-20 05:49:17,276 epoch:110
2025-05-20 05:49:17,276 recon error:1.3960070624153995
2025-05-20 05:49:17,277 nc error:0.04543993919646951
2025-05-20 05:49:17,277 edge error:2.3930406288282406
2025-05-20 05:49:17,277 -------------------------------------
2025-05-20 06:04:29,405 epoch:111, loss:2.1748829253116657
2025-05-20 06:19:40,992 epoch:112, loss:2.171285414028589
2025-05-20 06:34:53,424 epoch:113, loss:2.170763841082667
2025-05-20 06:50:06,046 epoch:114, loss:2.1666489448041735
2025-05-20 07:05:18,248 epoch:115, loss:2.165832622237339
2025-05-20 07:20:30,323 epoch:116, loss:2.1582467027546204
2025-05-20 07:35:42,679 epoch:117, loss:2.1554520688457237
2025-05-20 07:50:54,706 epoch:118, loss:2.158109241451887
2025-05-20 08:06:07,562 epoch:119, loss:2.1549504575743414
2025-05-20 08:21:19,321 epoch:120, loss:2.15096939084105
2025-05-20 08:21:19,322 ------------ validation ------------
2025-05-20 08:24:31,366 epoch:120
2025-05-20 08:24:31,367 recon error:1.3064851274151774
2025-05-20 08:24:31,367 nc error:0.04553892231992716
2025-05-20 08:24:31,367 edge error:2.3949919466436262
2025-05-20 08:24:31,367 -------------------------------------
2025-05-20 08:39:43,829 epoch:121, loss:2.1460843865755557
2025-05-20 08:54:55,524 epoch:122, loss:2.1477112368034508
2025-05-20 09:10:07,264 epoch:123, loss:2.141155716596893
2025-05-20 09:25:19,773 epoch:124, loss:2.134233364124888
2025-05-20 09:40:30,826 epoch:125, loss:2.1384399736050477
2025-05-20 09:55:44,370 epoch:126, loss:2.1363086210610414
2025-05-20 10:11:04,903 epoch:127, loss:2.1256207536703005
2025-05-20 10:26:24,929 epoch:128, loss:2.132308353204966
2025-05-20 10:41:44,863 epoch:129, loss:2.131605043502549
2025-05-20 10:57:00,220 epoch:130, loss:2.129167397173234
2025-05-20 10:57:00,220 ------------ validation ------------
2025-05-20 11:00:11,540 epoch:130
2025-05-20 11:00:11,541 recon error:1.305052554113625
2025-05-20 11:00:11,541 nc error:0.045702812300454934
2025-05-20 11:00:11,541 edge error:2.41553963288753
2025-05-20 11:00:11,541 -------------------------------------
2025-05-20 11:15:25,803 epoch:131, loss:2.1223712099142733
2025-05-20 11:30:45,026 epoch:132, loss:2.1176630233980944
2025-05-20 11:46:04,407 epoch:133, loss:2.1157025418330715
2025-05-20 12:01:24,743 epoch:134, loss:2.111100391014335
2025-05-20 12:16:37,165 epoch:135, loss:2.113587391569618
2025-05-20 12:31:50,121 epoch:136, loss:2.1091490099110555
2025-05-20 12:47:01,750 epoch:137, loss:2.1066376158696034
2025-05-20 13:02:14,390 epoch:138, loss:2.1046939264867723
2025-05-20 13:17:27,254 epoch:139, loss:2.1055118784813187
2025-05-20 13:32:41,064 epoch:140, loss:2.0961597353790578
2025-05-20 13:32:41,064 ------------ validation ------------
2025-05-20 13:35:52,017 epoch:140
2025-05-20 13:35:52,017 recon error:1.2769927174381956
2025-05-20 13:35:52,018 nc error:0.04400489999521413
2025-05-20 13:35:52,018 edge error:2.3823744926226915
2025-05-20 13:35:52,018 -------------------------------------
2025-05-20 13:51:04,248 epoch:141, loss:2.100153678646846
2025-05-20 14:06:19,830 epoch:142, loss:2.097087516875962
2025-05-20 14:21:33,031 epoch:143, loss:2.0944421026246713
2025-05-20 14:36:45,317 epoch:144, loss:2.0870001668958142
2025-05-20 14:52:00,065 epoch:145, loss:2.0900847641463134
2025-05-20 15:07:13,196 epoch:146, loss:2.088962359702289
2025-05-20 15:22:26,408 epoch:147, loss:2.0857404036795795
2025-05-20 15:37:38,438 epoch:148, loss:2.0833363303028607
2025-05-20 15:52:50,270 epoch:149, loss:2.082402219652954
2025-05-20 16:08:03,148 epoch:150, loss:2.0827904563940325
2025-05-20 16:08:03,148 ------------ validation ------------
2025-05-20 16:11:18,300 epoch:150
2025-05-20 16:11:18,301 recon error:1.2593719825236755
2025-05-20 16:11:18,301 nc error:0.04359263045018947
2025-05-20 16:11:18,301 edge error:2.3773344494181976
2025-05-20 16:11:18,301 -------------------------------------
2025-05-20 16:26:32,066 epoch:151, loss:2.075499211038862
2025-05-20 16:41:51,104 epoch:152, loss:2.078898607894493
2025-05-20 16:57:06,362 epoch:153, loss:2.0756349214222363
2025-05-20 17:12:19,249 epoch:154, loss:2.071676073966216
2025-05-20 17:27:32,930 epoch:155, loss:2.073981649921288
2025-05-20 17:42:49,151 epoch:156, loss:2.0722400578553617
2025-05-20 17:58:02,729 epoch:157, loss:2.0637546895354415
2025-05-20 18:13:17,426 epoch:158, loss:2.065870516254554
2025-05-20 18:28:31,244 epoch:159, loss:2.0633191570793232
2025-05-20 18:43:45,419 epoch:160, loss:2.0595085476916037
2025-05-20 18:43:45,419 ------------ validation ------------
2025-05-20 18:47:07,402 epoch:160
2025-05-20 18:47:07,403 recon error:1.254260211301273
2025-05-20 18:47:07,403 nc error:0.043866093077603176
2025-05-20 18:47:07,403 edge error:2.374271772316927
2025-05-20 18:47:07,403 -------------------------------------
2025-05-20 19:02:21,353 epoch:161, loss:2.0565282863088843
2025-05-20 19:17:35,668 epoch:162, loss:2.0602802835262226
2025-05-20 19:32:49,573 epoch:163, loss:2.0605833089755454
2025-05-20 19:48:03,637 epoch:164, loss:2.051133120709561
2025-05-20 20:03:17,616 epoch:165, loss:2.054727193708799
2025-05-20 20:18:32,928 epoch:166, loss:2.048772718137424
2025-05-20 20:33:49,178 epoch:167, loss:2.053375629859048
2025-05-20 20:49:06,234 epoch:168, loss:2.0456567756908455
2025-05-20 21:04:20,905 epoch:169, loss:2.050331740561922
2025-05-20 21:19:37,451 epoch:170, loss:2.044733985183165
2025-05-20 21:19:37,452 ------------ validation ------------
2025-05-20 21:22:56,107 epoch:170
2025-05-20 21:22:56,108 recon error:1.3168010394248737
2025-05-20 21:22:56,108 nc error:0.041990770633227724
2025-05-20 21:22:56,108 edge error:2.351622451691938
2025-05-20 21:22:56,108 -------------------------------------
2025-05-20 21:38:12,473 epoch:171, loss:2.042937218177301
2025-05-20 21:53:25,815 epoch:172, loss:2.038268437968438
2025-05-20 22:08:43,282 epoch:173, loss:2.0334702637128874
2025-05-20 22:23:59,621 epoch:174, loss:2.0384492054252457
2025-05-20 22:39:12,710 epoch:175, loss:2.0314604124720916
2025-05-20 22:54:27,811 epoch:176, loss:2.0504905148704204
2025-05-20 23:09:41,924 epoch:177, loss:2.031323782123066
2025-05-20 23:24:57,534 epoch:178, loss:2.028999270149815
2025-05-20 23:40:14,504 epoch:179, loss:2.03020082569965
2025-05-20 23:55:29,832 epoch:180, loss:2.028727660122957
2025-05-20 23:55:29,832 ------------ validation ------------
2025-05-20 23:58:46,685 epoch:180
2025-05-20 23:58:46,686 recon error:1.22156311915471
2025-05-20 23:58:46,686 nc error:0.04220382487897337
2025-05-20 23:58:46,686 edge error:2.3384975272522874
2025-05-20 23:58:46,686 -------------------------------------
2025-05-21 00:14:03,015 epoch:181, loss:2.020498870398756
2025-05-21 00:29:18,257 epoch:182, loss:2.0179496036186837
2025-05-21 00:44:33,200 epoch:183, loss:2.0239545219250035
2025-05-21 00:59:48,259 epoch:184, loss:2.0206672428985057
2025-05-21 01:15:03,144 epoch:185, loss:2.016186168864479
2025-05-21 01:30:18,004 epoch:186, loss:2.0191532954551685
2025-05-21 01:45:32,694 epoch:187, loss:2.0222733780983093
2025-05-21 02:00:48,855 epoch:188, loss:2.0094030672390786
2025-05-21 02:16:03,333 epoch:189, loss:2.0152782895252526
2025-05-21 02:31:17,435 epoch:190, loss:2.010312787036306
2025-05-21 02:31:17,435 ------------ validation ------------
2025-05-21 02:34:33,508 epoch:190
2025-05-21 02:34:33,509 recon error:1.225583457382473
2025-05-21 02:34:33,509 nc error:0.041797116729458406
2025-05-21 02:34:33,509 edge error:2.331290174518111
2025-05-21 02:34:33,509 -------------------------------------
2025-05-21 02:49:46,674 epoch:191, loss:2.016218515488817
2025-05-21 03:05:01,084 epoch:192, loss:2.0088448485850585
2025-05-21 03:20:14,677 epoch:193, loss:2.006070989923379
2025-05-21 03:35:28,246 epoch:194, loss:2.004335231563304
2025-05-21 03:50:41,228 epoch:195, loss:2.0068589327788318
2025-05-21 04:05:54,123 epoch:196, loss:1.9985545984248525
2025-05-21 04:21:07,555 epoch:197, loss:1.9996997268982946
2025-05-21 04:36:21,572 epoch:198, loss:1.9988962297762616
2025-05-21 04:51:36,840 epoch:199, loss:1.999039224567048
2025-05-21 05:06:50,686 epoch:200, loss:1.9992256531483645
2025-05-21 05:06:50,686 ------------ validation ------------
2025-05-21 05:10:06,857 epoch:200
2025-05-21 05:10:06,857 recon error:1.2108679353838137
2025-05-21 05:10:06,857 nc error:0.04181751346535231
2025-05-21 05:10:06,857 edge error:2.335188858607817
2025-05-21 05:10:06,857 -------------------------------------
2025-05-21 05:25:20,560 epoch:201, loss:1.9926874405856687
2025-05-21 05:40:35,466 epoch:202, loss:1.9952882514259778
2025-05-21 05:55:48,989 epoch:203, loss:1.9931287347655935
2025-05-21 06:11:04,327 epoch:204, loss:1.9893374263976915
2025-05-21 06:26:18,629 epoch:205, loss:1.9933921261985452
2025-05-21 06:41:32,533 epoch:206, loss:1.9910411165810473
2025-05-21 06:56:46,041 epoch:207, loss:1.9868316295747377
2025-05-21 07:11:59,367 epoch:208, loss:1.9886246619414158
2025-05-21 07:27:14,181 epoch:209, loss:1.9844828120738662
2025-05-21 07:42:29,346 epoch:210, loss:1.9830572041566312
2025-05-21 07:42:29,346 ------------ validation ------------
2025-05-21 07:45:47,200 epoch:210
2025-05-21 07:45:47,200 recon error:1.2005143348987286
2025-05-21 07:45:47,200 nc error:0.04137064388694142
2025-05-21 07:45:47,200 edge error:2.3015265239060985
2025-05-21 07:45:47,201 -------------------------------------
2025-05-21 08:01:00,337 epoch:211, loss:1.9860372982249872
2025-05-21 08:16:14,463 epoch:212, loss:1.9782606689849203
2025-05-21 08:31:29,366 epoch:213, loss:1.9771279366974979
2025-05-21 08:46:43,586 epoch:214, loss:2.3211796390817163
2025-05-21 09:01:57,907 epoch:215, loss:2.0395911442162538
2025-05-21 09:17:12,900 epoch:216, loss:2.0125240052395963
2025-05-21 09:32:27,168 epoch:217, loss:1.9939661817803473
2025-05-21 09:47:41,512 epoch:218, loss:1.9918338702950455
2025-05-21 10:02:56,957 epoch:219, loss:1.9838574464612575
2025-05-21 10:18:10,281 epoch:220, loss:1.9792130565783763
2025-05-21 10:18:10,281 ------------ validation ------------
2025-05-21 10:21:27,206 epoch:220
2025-05-21 10:21:27,206 recon error:1.1981211742000466
2025-05-21 10:21:27,206 nc error:0.041045491523026716
2025-05-21 10:21:27,207 edge error:2.3226771834333975
2025-05-21 10:21:27,207 -------------------------------------
2025-05-21 10:36:40,205 epoch:221, loss:1.975162709408902
2025-05-21 10:51:54,552 epoch:222, loss:1.9767218817667336
2025-05-21 11:07:08,439 epoch:223, loss:1.9758695376288031
2025-05-21 11:22:20,874 epoch:224, loss:1.970022396065174
2025-05-21 11:37:35,007 epoch:225, loss:1.9654216810248912
2025-05-21 11:52:47,486 epoch:226, loss:1.9653147436206575
2025-05-21 12:07:59,634 epoch:227, loss:1.9629346500966967
2025-05-21 12:23:12,186 epoch:228, loss:1.9641500209322382
2025-05-21 12:38:25,889 epoch:229, loss:1.9620078914470982
2025-05-21 12:53:37,572 epoch:230, loss:1.9556243614525437
2025-05-21 12:53:37,573 ------------ validation ------------
2025-05-21 12:56:53,785 epoch:230
2025-05-21 12:56:53,786 recon error:1.18100307255807
2025-05-21 12:56:53,786 nc error:0.04096717162597814
2025-05-21 12:56:53,786 edge error:2.3133218147345547
2025-05-21 12:56:53,786 -------------------------------------
2025-05-21 13:12:07,155 epoch:231, loss:1.9568194003449273
2025-05-21 13:27:20,803 epoch:232, loss:1.9554305296056576
2025-05-21 13:42:34,249 epoch:233, loss:1.960399851181019
2025-05-21 13:57:46,151 epoch:234, loss:1.9588450326835285
2025-05-21 14:12:58,684 epoch:235, loss:1.9568085115682745
2025-05-21 14:28:11,014 epoch:236, loss:1.9517612283465087
2025-05-21 14:43:24,609 epoch:237, loss:1.9543840289993735
2025-05-21 14:58:36,130 epoch:238, loss:1.9538031098417752
2025-05-21 15:13:47,597 epoch:239, loss:1.9460086471377838
2025-05-21 15:28:57,810 epoch:240, loss:1.95129863590836
2025-05-21 15:28:57,810 ------------ validation ------------
2025-05-21 15:32:09,074 epoch:240
2025-05-21 15:32:09,075 recon error:1.1830938973370388
2025-05-21 15:32:09,075 nc error:0.040345736707632356
2025-05-21 15:32:09,075 edge error:2.2840410365155464
2025-05-21 15:32:09,075 -------------------------------------
2025-05-21 15:47:19,077 epoch:241, loss:1.9484776154884709
2025-05-21 16:02:27,179 epoch:242, loss:1.9519593327666944
2025-05-21 16:17:36,473 epoch:243, loss:1.9457421143030382
2025-05-21 16:32:47,649 epoch:244, loss:1.9420220639463377
2025-05-21 16:47:59,659 epoch:245, loss:1.9416608343419341
2025-05-21 17:03:10,760 epoch:246, loss:1.9428988635452225
2025-05-21 17:18:23,056 epoch:247, loss:1.9363692178993057
2025-05-21 17:33:35,472 epoch:248, loss:1.939967735702054
2025-05-21 17:48:45,829 epoch:249, loss:1.9370062711137033
2025-05-21 18:03:57,454 epoch:250, loss:1.9352172407731743
2025-05-21 18:03:57,455 ------------ validation ------------
2025-05-21 18:07:11,655 epoch:250
2025-05-21 18:07:11,655 recon error:1.1726750957189933
2025-05-21 18:07:11,656 nc error:0.04004412630473721
2025-05-21 18:07:11,656 edge error:2.283974421800241
2025-05-21 18:07:11,656 -------------------------------------
2025-05-21 18:22:22,590 epoch:251, loss:1.93370681974779
2025-05-21 18:37:33,221 epoch:252, loss:1.9364713488341432
2025-05-21 18:52:44,343 epoch:253, loss:1.9348353349407572
2025-05-21 19:07:55,956 epoch:254, loss:1.9346102416427566
2025-05-21 19:23:07,013 epoch:255, loss:1.9317615890713609
2025-05-21 19:38:18,212 epoch:256, loss:1.9368555947852941
2025-05-21 19:53:30,696 epoch:257, loss:1.9248939991348446
2025-05-21 20:08:41,564 epoch:258, loss:1.9306925006748474
2025-05-21 20:23:52,665 epoch:259, loss:1.9293355095544515
2025-05-21 20:39:03,510 epoch:260, loss:1.927387574986611
2025-05-21 20:39:03,510 ------------ validation ------------
2025-05-21 20:42:16,580 epoch:260
2025-05-21 20:42:16,581 recon error:1.1467641927081453
2025-05-21 20:42:16,581 nc error:0.03989609589899433
2025-05-21 20:42:16,581 edge error:2.3120085910932553
2025-05-21 20:42:16,581 -------------------------------------
2025-05-21 20:57:27,596 epoch:261, loss:1.9235256629418553
2025-05-21 21:12:39,275 epoch:262, loss:1.9244078806819551
2025-05-21 21:27:49,468 epoch:263, loss:1.921983856866918
2025-05-21 21:43:01,403 epoch:264, loss:1.921768118250177
2025-05-21 21:58:14,605 epoch:265, loss:1.982602742353841
2025-05-21 22:13:26,251 epoch:266, loss:1.9240655044041608
2025-05-21 22:28:39,124 epoch:267, loss:1.9182453436423121
2025-05-21 22:43:50,247 epoch:268, loss:1.9201538905128288
2025-05-21 22:58:59,676 epoch:269, loss:1.9190121910182296
2025-05-21 23:14:09,706 epoch:270, loss:1.9169738814125006
2025-05-21 23:14:09,706 ------------ validation ------------
2025-05-21 23:17:22,485 epoch:270
2025-05-21 23:17:22,486 recon error:1.1638060748224428
2025-05-21 23:17:22,486 nc error:0.03921208466739344
2025-05-21 23:17:22,486 edge error:2.2648471840739957
2025-05-21 23:17:22,486 -------------------------------------
2025-05-21 23:32:33,115 epoch:271, loss:1.9145182673112984
2025-05-21 23:47:43,834 epoch:272, loss:1.9146284403962486
2025-05-22 00:02:53,901 epoch:273, loss:1.9126946524070887
2025-05-22 00:18:03,933 epoch:274, loss:1.9129454643631543
2025-05-22 00:33:13,085 epoch:275, loss:1.9129130829767556
2025-05-22 00:48:21,945 epoch:276, loss:1.910618157906455
2025-05-22 01:03:32,108 epoch:277, loss:1.9139788006823264
2025-05-22 01:18:42,426 epoch:278, loss:1.9152344287934113
2025-05-22 01:33:52,553 epoch:279, loss:1.9043802110716943
2025-05-22 01:49:02,066 epoch:280, loss:1.9093392437793018
2025-05-22 01:49:02,066 ------------ validation ------------
2025-05-22 01:52:14,467 epoch:280
2025-05-22 01:52:14,468 recon error:1.1437776166306446
2025-05-22 01:52:14,468 nc error:0.03963152323601514
2025-05-22 01:52:14,468 edge error:2.2871952042777157
2025-05-22 01:52:14,468 -------------------------------------
2025-05-22 02:07:23,916 epoch:281, loss:1.91156785986736
2025-05-22 02:22:34,739 epoch:282, loss:1.9085201302403378
2025-05-22 02:37:44,573 epoch:283, loss:1.9025785849266446
2025-05-22 02:52:55,953 epoch:284, loss:1.903056606101709
2025-05-22 03:08:05,465 epoch:285, loss:1.9057566815869271
2025-05-22 03:23:14,329 epoch:286, loss:1.9041112984403068
2025-05-22 03:38:24,181 epoch:287, loss:1.9025045691252809
2025-05-22 03:53:32,977 epoch:288, loss:1.899995593504983
2025-05-22 04:08:42,994 epoch:289, loss:1.8967381689439642
2025-05-22 04:23:53,461 epoch:290, loss:1.899195733583026
2025-05-22 04:23:53,461 ------------ validation ------------
2025-05-22 04:27:06,889 epoch:290
2025-05-22 04:27:06,889 recon error:1.1336477931434585
2025-05-22 04:27:06,889 nc error:0.03977618958338125
2025-05-22 04:27:06,889 edge error:2.291911857367973
2025-05-22 04:27:06,889 -------------------------------------
2025-05-22 04:42:16,757 epoch:291, loss:1.899090207904709
2025-05-22 04:57:25,767 epoch:292, loss:1.8999439205793287
2025-05-22 05:12:36,467 epoch:293, loss:1.8942502075161605
2025-05-22 05:27:48,228 epoch:294, loss:1.895000042901299
2025-05-22 05:42:58,776 epoch:295, loss:1.8944611717920767
2025-05-22 05:58:09,203 epoch:296, loss:1.8937022614022594
2025-05-22 06:13:19,706 epoch:297, loss:1.9021653672556813
2025-05-22 06:28:30,303 epoch:298, loss:1.8927892736201786
2025-05-22 06:43:41,597 epoch:299, loss:1.8889806707758616
2025-05-22 06:58:51,733 epoch:300, loss:1.889156035716825
2025-05-22 06:58:51,733 ------------ validation ------------
2025-05-22 07:02:04,356 epoch:300
2025-05-22 07:02:04,356 recon error:1.1581592189489738
2025-05-22 07:02:04,357 nc error:0.039128567869141255
2025-05-22 07:02:04,357 edge error:2.251979614855975
2025-05-22 07:02:04,357 -------------------------------------
