nohup: ignoring input

  0%|          | 0/301 [00:00<?, ?it/s]
  0%|          | 1/301 [17:37<88:05:23, 1057.08s/it]
  1%|          | 2/301 [33:15<82:01:16, 987.55s/it] 
  1%|          | 3/301 [48:57<80:00:33, 966.56s/it]
  1%|â–         | 4/301 [1:04:39<78:56:48, 956.93s/it]
  2%|â–         | 5/301 [1:20:22<78:15:22, 951.77s/it]
  2%|â–         | 6/301 [1:36:06<77:46:12, 949.06s/it]
  2%|â–         | 7/301 [1:51:50<77:22:25, 947.43s/it]
  3%|â–Ž         | 8/301 [2:07:34<77:02:09, 946.52s/it]
  3%|â–Ž         | 9/301 [2:23:19<76:43:51, 946.00s/it]
  3%|â–Ž         | 10/301 [2:39:03<76:25:24, 945.44s/it]
  4%|â–Ž         | 11/301 [2:56:44<78:59:55, 980.67s/it]
  4%|â–         | 12/301 [3:12:30<77:52:20, 970.03s/it]
  4%|â–         | 13/301 [3:28:16<77:01:46, 962.87s/it]
  5%|â–         | 14/301 [3:44:02<76:21:57, 957.90s/it]
  5%|â–         | 15/301 [3:59:49<75:49:14, 954.39s/it]
  5%|â–Œ         | 16/301 [4:15:34<75:20:50, 951.76s/it]
  6%|â–Œ         | 17/301 [4:31:19<74:54:57, 949.64s/it]
  6%|â–Œ         | 18/301 [4:47:04<74:32:28, 948.23s/it]
  6%|â–‹         | 19/301 [5:02:50<74:12:59, 947.45s/it]
  7%|â–‹         | 20/301 [5:18:35<73:53:54, 946.74s/it]
  7%|â–‹         | 21/301 [5:36:14<76:15:32, 980.47s/it]
  7%|â–‹         | 22/301 [5:51:58<75:08:30, 969.57s/it]
  8%|â–Š         | 23/301 [6:07:44<74:19:34, 962.50s/it]
  8%|â–Š         | 24/301 [6:23:29<73:39:25, 957.28s/it]
  8%|â–Š         | 25/301 [6:39:15<73:07:48, 953.87s/it]
  9%|â–Š         | 26/301 [6:55:01<72:40:51, 951.46s/it]
  9%|â–‰         | 27/301 [7:10:46<72:16:45, 949.65s/it]
  9%|â–‰         | 28/301 [7:26:33<71:56:39, 948.72s/it]
 10%|â–‰         | 29/301 [7:42:18<71:36:15, 947.70s/it]
 10%|â–‰         | 30/301 [7:58:03<71:17:16, 947.00s/it]
 10%|â–ˆ         | 31/301 [8:15:41<73:31:00, 980.22s/it]
 11%|â–ˆ         | 32/301 [8:31:28<72:29:49, 970.22s/it]
 11%|â–ˆ         | 33/301 [8:47:14<71:40:59, 962.91s/it]
 11%|â–ˆâ–        | 34/301 [9:03:00<71:02:17, 957.82s/it]
 12%|â–ˆâ–        | 35/301 [9:18:45<70:29:50, 954.10s/it]
 12%|â–ˆâ–        | 36/301 [9:34:32<70:04:19, 951.92s/it]
 12%|â–ˆâ–        | 37/301 [9:50:19<69:42:16, 950.52s/it]
 13%|â–ˆâ–Ž        | 38/301 [10:06:06<69:21:06, 949.30s/it]
 13%|â–ˆâ–Ž        | 39/301 [10:21:53<69:03:02, 948.79s/it]
 13%|â–ˆâ–Ž        | 40/301 [10:37:39<68:42:57, 947.81s/it]
 14%|â–ˆâ–Ž        | 41/301 [10:55:19<70:52:36, 981.37s/it]
 14%|â–ˆâ–        | 42/301 [11:11:06<69:51:36, 971.03s/it]
 14%|â–ˆâ–        | 43/301 [11:26:51<69:02:02, 963.27s/it]
 15%|â–ˆâ–        | 44/301 [11:42:39<68:27:09, 958.87s/it]
 15%|â–ˆâ–        | 45/301 [11:58:26<67:55:29, 955.20s/it]
 15%|â–ˆâ–Œ        | 46/301 [12:14:13<67:29:01, 952.71s/it]
 16%|â–ˆâ–Œ        | 47/301 [12:29:59<67:04:27, 950.66s/it]
 16%|â–ˆâ–Œ        | 48/301 [12:45:46<66:43:51, 949.53s/it]
 16%|â–ˆâ–‹        | 49/301 [13:01:31<66:23:06, 948.36s/it]
 17%|â–ˆâ–‹        | 50/301 [13:17:17<66:03:50, 947.53s/it]
 17%|â–ˆâ–‹        | 51/301 [13:34:58<68:09:46, 981.55s/it]
 17%|â–ˆâ–‹        | 52/301 [13:50:44<67:09:55, 971.06s/it]
 18%|â–ˆâ–Š        | 53/301 [14:06:31<66:23:29, 963.75s/it]
 18%|â–ˆâ–Š        | 54/301 [14:22:18<65:46:19, 958.62s/it]
 18%|â–ˆâ–Š        | 55/301 [14:38:04<65:15:16, 954.95s/it]
 19%|â–ˆâ–Š        | 56/301 [14:53:51<64:49:13, 952.46s/it]
 19%|â–ˆâ–‰        | 57/301 [15:09:38<64:26:37, 950.81s/it]
 19%|â–ˆâ–‰        | 58/301 [15:25:23<64:04:28, 949.25s/it]
 20%|â–ˆâ–‰        | 59/301 [15:41:09<63:44:36, 948.25s/it]
 20%|â–ˆâ–‰        | 60/301 [15:56:56<63:27:12, 947.85s/it]
 20%|â–ˆâ–ˆ        | 61/301 [16:14:34<65:23:19, 980.83s/it]
 21%|â–ˆâ–ˆ        | 62/301 [16:30:22<64:28:23, 971.15s/it]
 21%|â–ˆâ–ˆ        | 63/301 [16:46:09<63:42:59, 963.78s/it]
 21%|â–ˆâ–ˆâ–       | 64/301 [17:01:53<63:03:53, 957.95s/it]
 22%|â–ˆâ–ˆâ–       | 65/301 [17:17:39<62:32:58, 954.15s/it]
 22%|â–ˆâ–ˆâ–       | 66/301 [17:33:25<62:07:47, 951.78s/it]
 22%|â–ˆâ–ˆâ–       | 67/301 [17:49:12<61:46:24, 950.36s/it]
 23%|â–ˆâ–ˆâ–Ž       | 68/301 [18:04:58<61:25:43, 949.11s/it]
 23%|â–ˆâ–ˆâ–Ž       | 69/301 [18:20:45<61:07:17, 948.44s/it]
 23%|â–ˆâ–ˆâ–Ž       | 70/301 [18:36:31<60:48:27, 947.65s/it]
 24%|â–ˆâ–ˆâ–Ž       | 71/301 [18:54:11<62:42:21, 981.48s/it]
 24%|â–ˆâ–ˆâ–       | 72/301 [19:09:58<61:46:04, 971.02s/it]
 24%|â–ˆâ–ˆâ–       | 73/301 [19:25:44<61:01:45, 963.62s/it]
 25%|â–ˆâ–ˆâ–       | 74/301 [19:41:31<60:26:29, 958.55s/it]
 25%|â–ˆâ–ˆâ–       | 75/301 [19:57:17<59:56:45, 954.89s/it]
 25%|â–ˆâ–ˆâ–Œ       | 76/301 [20:13:04<59:31:28, 952.39s/it]
 26%|â–ˆâ–ˆâ–Œ       | 77/301 [20:28:50<59:09:04, 950.64s/it]
 26%|â–ˆâ–ˆâ–Œ       | 78/301 [20:44:37<58:48:54, 949.48s/it]
 26%|â–ˆâ–ˆâ–Œ       | 79/301 [21:00:24<58:29:52, 948.62s/it]
 27%|â–ˆâ–ˆâ–‹       | 80/301 [21:16:11<58:12:42, 948.25s/it]
 27%|â–ˆâ–ˆâ–‹       | 81/301 [21:33:54<60:03:09, 982.68s/it]
 27%|â–ˆâ–ˆâ–‹       | 82/301 [21:49:42<59:08:10, 972.10s/it]
 28%|â–ˆâ–ˆâ–Š       | 83/301 [22:05:29<58:25:06, 964.71s/it]
 28%|â–ˆâ–ˆâ–Š       | 84/301 [22:21:17<57:50:17, 959.53s/it]
 28%|â–ˆâ–ˆâ–Š       | 85/301 [22:37:06<57:23:55, 956.64s/it]
 29%|â–ˆâ–ˆâ–Š       | 86/301 [22:52:53<56:57:18, 953.67s/it]
 29%|â–ˆâ–ˆâ–‰       | 87/301 [23:08:41<56:34:38, 951.77s/it]
 29%|â–ˆâ–ˆâ–‰       | 88/301 [23:24:28<56:13:57, 950.41s/it]
 30%|â–ˆâ–ˆâ–‰       | 89/301 [23:40:16<55:55:23, 949.64s/it]
 30%|â–ˆâ–ˆâ–‰       | 90/301 [23:56:02<55:36:35, 948.79s/it]
 30%|â–ˆâ–ˆâ–ˆ       | 91/301 [24:13:41<57:15:56, 981.70s/it]
 31%|â–ˆâ–ˆâ–ˆ       | 92/301 [24:29:28<56:23:27, 971.33s/it]
 31%|â–ˆâ–ˆâ–ˆ       | 93/301 [24:45:15<55:41:42, 963.95s/it]
 31%|â–ˆâ–ˆâ–ˆ       | 94/301 [25:01:02<55:08:22, 958.95s/it]
 32%|â–ˆâ–ˆâ–ˆâ–      | 95/301 [25:16:49<54:40:10, 955.39s/it]
 32%|â–ˆâ–ˆâ–ˆâ–      | 96/301 [25:32:36<54:15:58, 952.97s/it]
 32%|â–ˆâ–ˆâ–ˆâ–      | 97/301 [25:48:24<53:54:39, 951.37s/it]
 33%|â–ˆâ–ˆâ–ˆâ–Ž      | 98/301 [26:04:12<53:34:59, 950.24s/it]
 33%|â–ˆâ–ˆâ–ˆâ–Ž      | 99/301 [26:20:00<53:16:50, 949.56s/it]
 33%|â–ˆâ–ˆâ–ˆâ–Ž      | 100/301 [26:35:48<52:59:23, 949.07s/it]
 34%|â–ˆâ–ˆâ–ˆâ–Ž      | 101/301 [26:53:33<54:39:25, 983.83s/it]
 34%|â–ˆâ–ˆâ–ˆâ–      | 102/301 [27:09:21<53:47:34, 973.14s/it]
 34%|â–ˆâ–ˆâ–ˆâ–      | 103/301 [27:25:09<53:06:36, 965.64s/it]
 35%|â–ˆâ–ˆâ–ˆâ–      | 104/301 [27:40:57<52:33:32, 960.47s/it]
 35%|â–ˆâ–ˆâ–ˆâ–      | 105/301 [27:56:46<52:05:34, 956.81s/it]
 35%|â–ˆâ–ˆâ–ˆâ–Œ      | 106/301 [28:12:34<51:41:17, 954.24s/it]
 36%|â–ˆâ–ˆâ–ˆâ–Œ      | 107/301 [28:28:22<51:19:32, 952.44s/it]
 36%|â–ˆâ–ˆâ–ˆâ–Œ      | 108/301 [28:44:10<50:59:19, 951.09s/it]
 36%|â–ˆâ–ˆâ–ˆâ–Œ      | 109/301 [28:59:57<50:39:57, 949.99s/it]
 37%|â–ˆâ–ˆâ–ˆâ–‹      | 110/301 [29:15:44<50:21:12, 949.07s/it]
 37%|â–ˆâ–ˆâ–ˆâ–‹      | 111/301 [29:33:23<51:49:09, 981.84s/it]
 37%|â–ˆâ–ˆâ–ˆâ–‹      | 112/301 [29:49:11<51:00:48, 971.69s/it]
 38%|â–ˆâ–ˆâ–ˆâ–Š      | 113/301 [30:04:58<50:21:20, 964.26s/it]
 38%|â–ˆâ–ˆâ–ˆâ–Š      | 114/301 [30:20:53<49:57:16, 961.69s/it]
 38%|â–ˆâ–ˆâ–ˆâ–Š      | 115/301 [30:36:49<49:36:11, 960.06s/it]
 39%|â–ˆâ–ˆâ–ˆâ–Š      | 116/301 [30:52:46<49:16:30, 958.87s/it]
 39%|â–ˆâ–ˆâ–ˆâ–‰      | 117/301 [31:08:41<48:57:11, 957.78s/it]
 39%|â–ˆâ–ˆâ–ˆâ–‰      | 118/301 [31:24:29<48:32:04, 954.78s/it]
 40%|â–ˆâ–ˆâ–ˆâ–‰      | 119/301 [31:40:16<48:09:09, 952.47s/it]
 40%|â–ˆâ–ˆâ–ˆâ–‰      | 120/301 [31:56:03<47:48:51, 951.00s/it]
 40%|â–ˆâ–ˆâ–ˆâ–ˆ      | 121/301 [32:13:44<49:12:06, 984.04s/it]
 41%|â–ˆâ–ˆâ–ˆâ–ˆ      | 122/301 [32:29:31<48:22:32, 972.92s/it]
 41%|â–ˆâ–ˆâ–ˆâ–ˆ      | 123/301 [32:45:18<47:43:03, 965.07s/it]
 41%|â–ˆâ–ˆâ–ˆâ–ˆ      | 124/301 [33:01:06<47:11:35, 959.86s/it]
 42%|â–ˆâ–ˆâ–ˆâ–ˆâ–     | 125/301 [33:16:53<46:44:01, 955.92s/it]
 42%|â–ˆâ–ˆâ–ˆâ–ˆâ–     | 126/301 [33:32:39<46:19:54, 953.11s/it]
 42%|â–ˆâ–ˆâ–ˆâ–ˆâ–     | 127/301 [33:48:26<45:58:22, 951.16s/it]
 43%|â–ˆâ–ˆâ–ˆâ–ˆâ–Ž     | 128/301 [34:04:12<45:38:32, 949.79s/it]
 43%|â–ˆâ–ˆâ–ˆâ–ˆâ–Ž     | 129/301 [34:20:00<45:20:46, 949.11s/it]
 43%|â–ˆâ–ˆâ–ˆâ–ˆâ–Ž     | 130/301 [34:35:47<45:03:02, 948.44s/it]
 44%|â–ˆâ–ˆâ–ˆâ–ˆâ–Ž     | 131/301 [34:53:26<46:21:15, 981.62s/it]
 44%|â–ˆâ–ˆâ–ˆâ–ˆâ–     | 132/301 [35:09:22<45:43:15, 973.94s/it]
 44%|â–ˆâ–ˆâ–ˆâ–ˆâ–     | 133/301 [35:25:18<45:12:17, 968.68s/it]
 45%|â–ˆâ–ˆâ–ˆâ–ˆâ–     | 134/301 [35:41:13<44:44:41, 964.56s/it]
 45%|â–ˆâ–ˆâ–ˆâ–ˆâ–     | 135/301 [35:57:08<44:20:52, 961.76s/it]
 45%|â–ˆâ–ˆâ–ˆâ–ˆâ–Œ     | 136/301 [36:13:03<43:59:22, 959.77s/it]
 46%|â–ˆâ–ˆâ–ˆâ–ˆâ–Œ     | 137/301 [36:28:59<43:40:03, 958.56s/it]
 46%|â–ˆâ–ˆâ–ˆâ–ˆâ–Œ     | 138/301 [36:44:54<43:21:12, 957.50s/it]
 46%|â–ˆâ–ˆâ–ˆâ–ˆâ–Œ     | 139/301 [37:00:48<43:02:26, 956.46s/it]
 47%|â–ˆâ–ˆâ–ˆâ–ˆâ–‹     | 140/301 [37:16:35<42:38:42, 953.56s/it]
 47%|â–ˆâ–ˆâ–ˆâ–ˆâ–‹     | 141/301 [37:34:16<43:49:08, 985.93s/it]
 47%|â–ˆâ–ˆâ–ˆâ–ˆâ–‹     | 142/301 [37:50:10<43:07:17, 976.33s/it]
 48%|â–ˆâ–ˆâ–ˆâ–ˆâ–Š     | 143/301 [38:05:58<42:27:55, 967.57s/it]
 48%|â–ˆâ–ˆâ–ˆâ–ˆâ–Š     | 144/301 [38:21:44<41:55:28, 961.33s/it]
 48%|â–ˆâ–ˆâ–ˆâ–ˆâ–Š     | 145/301 [38:37:31<41:27:50, 956.86s/it]
 49%|â–ˆâ–ˆâ–ˆâ–ˆâ–Š     | 146/301 [38:53:19<41:04:51, 954.14s/it]
 49%|â–ˆâ–ˆâ–ˆâ–ˆâ–‰     | 147/301 [39:09:06<40:43:42, 952.09s/it]
 49%|â–ˆâ–ˆâ–ˆâ–ˆâ–‰     | 148/301 [39:24:52<40:23:38, 950.45s/it]
 50%|â–ˆâ–ˆâ–ˆâ–ˆâ–‰     | 149/301 [39:40:40<40:05:37, 949.59s/it]
 50%|â–ˆâ–ˆâ–ˆâ–ˆâ–‰     | 150/301 [39:56:27<39:47:32, 948.69s/it]
 50%|â–ˆâ–ˆâ–ˆâ–ˆâ–ˆ     | 151/301 [40:14:07<40:55:18, 982.12s/it]
 50%|â–ˆâ–ˆâ–ˆâ–ˆâ–ˆ     | 152/301 [40:29:54<40:12:51, 971.62s/it]
 51%|â–ˆâ–ˆâ–ˆâ–ˆâ–ˆ     | 153/301 [40:45:40<39:38:02, 964.07s/it]
 51%|â–ˆâ–ˆâ–ˆâ–ˆâ–ˆ     | 154/301 [41:01:27<39:09:11, 958.85s/it]
 51%|â–ˆâ–ˆâ–ˆâ–ˆâ–ˆâ–    | 155/301 [41:17:14<38:44:39, 955.34s/it]
 52%|â–ˆâ–ˆâ–ˆâ–ˆâ–ˆâ–    | 156/301 [41:33:09<38:28:36, 955.29s/it]
 52%|â–ˆâ–ˆâ–ˆâ–ˆâ–ˆâ–    | 157/301 [41:49:05<38:12:58, 955.41s/it]
 52%|â–ˆâ–ˆâ–ˆâ–ˆâ–ˆâ–    | 158/301 [42:05:01<37:57:42, 955.68s/it]
 53%|â–ˆâ–ˆâ–ˆâ–ˆâ–ˆâ–Ž    | 159/301 [42:20:57<37:41:51, 955.72s/it]
 53%|â–ˆâ–ˆâ–ˆâ–ˆâ–ˆâ–Ž    | 160/301 [42:36:48<37:22:18, 954.17s/it]
 53%|â–ˆâ–ˆâ–ˆâ–ˆâ–ˆâ–Ž    | 161/301 [42:54:28<38:20:56, 986.12s/it]
 54%|â–ˆâ–ˆâ–ˆâ–ˆâ–ˆâ–    | 162/301 [43:10:15<37:37:12, 974.34s/it]
 54%|â–ˆâ–ˆâ–ˆâ–ˆâ–ˆâ–    | 163/301 [43:26:02<37:01:56, 966.06s/it]
 54%|â–ˆâ–ˆâ–ˆâ–ˆâ–ˆâ–    | 164/301 [43:41:50<36:33:43, 960.76s/it]
 55%|â–ˆâ–ˆâ–ˆâ–ˆâ–ˆâ–    | 165/301 [43:57:38<36:08:45, 956.81s/it]
 55%|â–ˆâ–ˆâ–ˆâ–ˆâ–ˆâ–Œ    | 166/301 [44:13:25<35:46:14, 953.88s/it]
 55%|â–ˆâ–ˆâ–ˆâ–ˆâ–ˆâ–Œ    | 167/301 [44:29:12<35:25:39, 951.79s/it]
 56%|â–ˆâ–ˆâ–ˆâ–ˆâ–ˆâ–Œ    | 168/301 [44:44:58<35:06:04, 950.11s/it]
 56%|â–ˆâ–ˆâ–ˆâ–ˆâ–ˆâ–Œ    | 169/301 [45:00:45<34:47:58, 949.08s/it]
 56%|â–ˆâ–ˆâ–ˆâ–ˆâ–ˆâ–‹    | 170/301 [45:16:31<34:30:20, 948.25s/it]
 57%|â–ˆâ–ˆâ–ˆâ–ˆâ–ˆâ–‹    | 171/301 [45:34:11<35:26:52, 981.64s/it]
 57%|â–ˆâ–ˆâ–ˆâ–ˆâ–ˆâ–‹    | 172/301 [45:49:59<34:48:58, 971.62s/it]
 57%|â–ˆâ–ˆâ–ˆâ–ˆâ–ˆâ–‹    | 173/301 [46:05:47<34:17:28, 964.44s/it]
 58%|â–ˆâ–ˆâ–ˆâ–ˆâ–ˆâ–Š    | 174/301 [46:21:36<33:51:41, 959.85s/it]
 58%|â–ˆâ–ˆâ–ˆâ–ˆâ–ˆâ–Š    | 175/301 [46:37:22<33:27:07, 955.77s/it]
 58%|â–ˆâ–ˆâ–ˆâ–ˆâ–ˆâ–Š    | 176/301 [46:53:10<33:06:29, 953.52s/it]
 59%|â–ˆâ–ˆâ–ˆâ–ˆâ–ˆâ–‰    | 177/301 [47:08:58<32:46:57, 951.76s/it]
 59%|â–ˆâ–ˆâ–ˆâ–ˆâ–ˆâ–‰    | 178/301 [47:24:46<32:28:47, 950.63s/it]
 59%|â–ˆâ–ˆâ–ˆâ–ˆâ–ˆâ–‰    | 179/301 [47:40:34<32:11:23, 949.87s/it]
 60%|â–ˆâ–ˆâ–ˆâ–ˆâ–ˆâ–‰    | 180/301 [47:56:22<31:54:22, 949.27s/it]
 60%|â–ˆâ–ˆâ–ˆâ–ˆâ–ˆâ–ˆ    | 181/301 [48:14:04<32:46:19, 983.16s/it]
 60%|â–ˆâ–ˆâ–ˆâ–ˆâ–ˆâ–ˆ    | 182/301 [48:29:52<32:08:46, 972.49s/it]
 61%|â–ˆâ–ˆâ–ˆâ–ˆâ–ˆâ–ˆ    | 183/301 [48:45:38<31:37:16, 964.72s/it]
 61%|â–ˆâ–ˆâ–ˆâ–ˆâ–ˆâ–ˆ    | 184/301 [49:01:25<31:10:45, 959.37s/it]
 61%|â–ˆâ–ˆâ–ˆâ–ˆâ–ˆâ–ˆâ–   | 185/301 [49:17:12<30:47:29, 955.60s/it]
 62%|â–ˆâ–ˆâ–ˆâ–ˆâ–ˆâ–ˆâ–   | 186/301 [49:32:59<30:26:27, 952.93s/it]
 62%|â–ˆâ–ˆâ–ˆâ–ˆâ–ˆâ–ˆâ–   | 187/301 [49:48:45<30:07:05, 951.10s/it]
 62%|â–ˆâ–ˆâ–ˆâ–ˆâ–ˆâ–ˆâ–   | 188/301 [50:04:32<29:48:50, 949.83s/it]
 63%|â–ˆâ–ˆâ–ˆâ–ˆâ–ˆâ–ˆâ–Ž   | 189/301 [50:20:19<29:31:03, 948.78s/it]
 63%|â–ˆâ–ˆâ–ˆâ–ˆâ–ˆâ–ˆâ–Ž   | 190/301 [50:36:06<29:14:16, 948.25s/it]
 63%|â–ˆâ–ˆâ–ˆâ–ˆâ–ˆâ–ˆâ–Ž   | 191/301 [50:53:44<29:58:48, 981.16s/it]
 64%|â–ˆâ–ˆâ–ˆâ–ˆâ–ˆâ–ˆâ–   | 192/301 [51:09:30<29:23:41, 970.84s/it]
 64%|â–ˆâ–ˆâ–ˆâ–ˆâ–ˆâ–ˆâ–   | 193/301 [51:25:17<28:54:14, 963.46s/it]
 64%|â–ˆâ–ˆâ–ˆâ–ˆâ–ˆâ–ˆâ–   | 194/301 [51:41:03<28:29:13, 958.44s/it]
 65%|â–ˆâ–ˆâ–ˆâ–ˆâ–ˆâ–ˆâ–   | 195/301 [51:56:50<28:07:08, 954.99s/it]
 65%|â–ˆâ–ˆâ–ˆâ–ˆâ–ˆâ–ˆâ–Œ   | 196/301 [52:12:37<27:46:48, 952.47s/it]
 65%|â–ˆâ–ˆâ–ˆâ–ˆâ–ˆâ–ˆâ–Œ   | 197/301 [52:28:24<27:27:59, 950.77s/it]
 66%|â–ˆâ–ˆâ–ˆâ–ˆâ–ˆâ–ˆâ–Œ   | 198/301 [52:44:09<27:09:31, 949.23s/it]
 66%|â–ˆâ–ˆâ–ˆâ–ˆâ–ˆâ–ˆâ–Œ   | 199/301 [52:59:56<26:52:23, 948.47s/it]
 66%|â–ˆâ–ˆâ–ˆâ–ˆâ–ˆâ–ˆâ–‹   | 200/301 [53:15:42<26:35:32, 947.85s/it]
 67%|â–ˆâ–ˆâ–ˆâ–ˆâ–ˆâ–ˆâ–‹   | 201/301 [53:33:22<27:15:26, 981.26s/it]
 67%|â–ˆâ–ˆâ–ˆâ–ˆâ–ˆâ–ˆâ–‹   | 202/301 [53:49:08<26:41:49, 970.80s/it]
 67%|â–ˆâ–ˆâ–ˆâ–ˆâ–ˆâ–ˆâ–‹   | 203/301 [54:04:55<26:14:05, 963.73s/it]
 68%|â–ˆâ–ˆâ–ˆâ–ˆâ–ˆâ–ˆâ–Š   | 204/301 [54:20:42<25:49:45, 958.62s/it]
 68%|â–ˆâ–ˆâ–ˆâ–ˆâ–ˆâ–ˆâ–Š   | 205/301 [54:36:28<25:27:40, 954.79s/it]
 68%|â–ˆâ–ˆâ–ˆâ–ˆâ–ˆâ–ˆâ–Š   | 206/301 [54:52:15<25:08:06, 952.49s/it]
 69%|â–ˆâ–ˆâ–ˆâ–ˆâ–ˆâ–ˆâ–‰   | 207/301 [55:08:02<24:49:40, 950.85s/it]
 69%|â–ˆâ–ˆâ–ˆâ–ˆâ–ˆâ–ˆâ–‰   | 208/301 [55:23:48<24:31:45, 949.52s/it]
 69%|â–ˆâ–ˆâ–ˆâ–ˆâ–ˆâ–ˆâ–‰   | 209/301 [55:39:36<24:14:51, 948.82s/it]
 70%|â–ˆâ–ˆâ–ˆâ–ˆâ–ˆâ–ˆâ–‰   | 210/301 [55:55:22<23:58:00, 948.13s/it]
 70%|â–ˆâ–ˆâ–ˆâ–ˆâ–ˆâ–ˆâ–ˆ   | 211/301 [56:13:01<24:32:14, 981.49s/it]
 70%|â–ˆâ–ˆâ–ˆâ–ˆâ–ˆâ–ˆâ–ˆ   | 212/301 [56:28:49<24:00:57, 971.43s/it]
 71%|â–ˆâ–ˆâ–ˆâ–ˆâ–ˆâ–ˆâ–ˆ   | 213/301 [56:44:37<23:34:15, 964.27s/it]
 71%|â–ˆâ–ˆâ–ˆâ–ˆâ–ˆâ–ˆâ–ˆ   | 214/301 [57:00:25<23:10:59, 959.30s/it]
 71%|â–ˆâ–ˆâ–ˆâ–ˆâ–ˆâ–ˆâ–ˆâ–  | 215/301 [57:16:12<22:49:54, 955.75s/it]
 72%|â–ˆâ–ˆâ–ˆâ–ˆâ–ˆâ–ˆâ–ˆâ–  | 216/301 [57:31:59<22:30:13, 953.10s/it]
 72%|â–ˆâ–ˆâ–ˆâ–ˆâ–ˆâ–ˆâ–ˆâ–  | 217/301 [57:47:46<22:11:45, 951.26s/it]
 72%|â–ˆâ–ˆâ–ˆâ–ˆâ–ˆâ–ˆâ–ˆâ–  | 218/301 [58:03:34<21:54:31, 950.26s/it]
 73%|â–ˆâ–ˆâ–ˆâ–ˆâ–ˆâ–ˆâ–ˆâ–Ž  | 219/301 [58:19:22<21:37:43, 949.55s/it]
 73%|â–ˆâ–ˆâ–ˆâ–ˆâ–ˆâ–ˆâ–ˆâ–Ž  | 220/301 [58:35:11<21:21:40, 949.38s/it]
 73%|â–ˆâ–ˆâ–ˆâ–ˆâ–ˆâ–ˆâ–ˆâ–Ž  | 221/301 [58:52:50<21:49:56, 982.45s/it]
 74%|â–ˆâ–ˆâ–ˆâ–ˆâ–ˆâ–ˆâ–ˆâ–  | 222/301 [59:08:38<21:19:45, 971.97s/it]
 74%|â–ˆâ–ˆâ–ˆâ–ˆâ–ˆâ–ˆâ–ˆâ–  | 223/301 [59:24:25<20:53:50, 964.49s/it]
 74%|â–ˆâ–ˆâ–ˆâ–ˆâ–ˆâ–ˆâ–ˆâ–  | 224/301 [59:40:11<20:30:42, 958.99s/it]
 75%|â–ˆâ–ˆâ–ˆâ–ˆâ–ˆâ–ˆâ–ˆâ–  | 225/301 [59:55:58<20:10:14, 955.45s/it]
 75%|â–ˆâ–ˆâ–ˆâ–ˆâ–ˆâ–ˆâ–ˆâ–Œ  | 226/301 [60:11:44<19:50:48, 952.65s/it]
 75%|â–ˆâ–ˆâ–ˆâ–ˆâ–ˆâ–ˆâ–ˆâ–Œ  | 227/301 [60:27:30<19:32:25, 950.62s/it]
 76%|â–ˆâ–ˆâ–ˆâ–ˆâ–ˆâ–ˆâ–ˆâ–Œ  | 228/301 [60:43:17<19:15:02, 949.34s/it]
 76%|â–ˆâ–ˆâ–ˆâ–ˆâ–ˆâ–ˆâ–ˆâ–Œ  | 229/301 [60:59:03<18:58:04, 948.40s/it]
 76%|â–ˆâ–ˆâ–ˆâ–ˆâ–ˆâ–ˆâ–ˆâ–‹  | 230/301 [61:14:49<18:41:21, 947.63s/it]
 77%|â–ˆâ–ˆâ–ˆâ–ˆâ–ˆâ–ˆâ–ˆâ–‹  | 231/301 [61:32:27<19:04:08, 980.70s/it]
 77%|â–ˆâ–ˆâ–ˆâ–ˆâ–ˆâ–ˆâ–ˆâ–‹  | 232/301 [61:48:13<18:35:58, 970.41s/it]
 77%|â–ˆâ–ˆâ–ˆâ–ˆâ–ˆâ–ˆâ–ˆâ–‹  | 233/301 [62:03:59<18:11:33, 963.14s/it]
 78%|â–ˆâ–ˆâ–ˆâ–ˆâ–ˆâ–ˆâ–ˆâ–Š  | 234/301 [62:19:46<17:49:58, 958.18s/it]
 78%|â–ˆâ–ˆâ–ˆâ–ˆâ–ˆâ–ˆâ–ˆâ–Š  | 235/301 [62:35:32<17:30:10, 954.70s/it]
 78%|â–ˆâ–ˆâ–ˆâ–ˆâ–ˆâ–ˆâ–ˆâ–Š  | 236/301 [62:51:19<17:11:31, 952.18s/it]
 79%|â–ˆâ–ˆâ–ˆâ–ˆâ–ˆâ–ˆâ–ˆâ–Š  | 237/301 [63:07:05<16:53:40, 950.32s/it]
 79%|â–ˆâ–ˆâ–ˆâ–ˆâ–ˆâ–ˆâ–ˆâ–‰  | 238/301 [63:22:51<16:36:33, 949.11s/it]
 79%|â–ˆâ–ˆâ–ˆâ–ˆâ–ˆâ–ˆâ–ˆâ–‰  | 239/301 [63:38:37<16:19:48, 948.20s/it]
 80%|â–ˆâ–ˆâ–ˆâ–ˆâ–ˆâ–ˆâ–ˆâ–‰  | 240/301 [63:54:22<16:03:01, 947.23s/it]
 80%|â–ˆâ–ˆâ–ˆâ–ˆâ–ˆâ–ˆâ–ˆâ–ˆ  | 241/301 [64:11:59<16:20:02, 980.05s/it]
 80%|â–ˆâ–ˆâ–ˆâ–ˆâ–ˆâ–ˆâ–ˆâ–ˆ  | 242/301 [64:27:45<15:53:50, 970.00s/it]
 81%|â–ˆâ–ˆâ–ˆâ–ˆâ–ˆâ–ˆâ–ˆâ–ˆ  | 243/301 [64:43:31<15:30:47, 962.89s/it]
 81%|â–ˆâ–ˆâ–ˆâ–ˆâ–ˆâ–ˆâ–ˆâ–ˆ  | 244/301 [64:59:18<15:10:01, 957.93s/it]
 81%|â–ˆâ–ˆâ–ˆâ–ˆâ–ˆâ–ˆâ–ˆâ–ˆâ– | 245/301 [65:15:05<14:50:58, 954.61s/it]
 82%|â–ˆâ–ˆâ–ˆâ–ˆâ–ˆâ–ˆâ–ˆâ–ˆâ– | 246/301 [65:30:52<14:32:59, 952.35s/it]
 82%|â–ˆâ–ˆâ–ˆâ–ˆâ–ˆâ–ˆâ–ˆâ–ˆâ– | 247/301 [65:46:39<14:15:51, 950.95s/it]
 82%|â–ˆâ–ˆâ–ˆâ–ˆâ–ˆâ–ˆâ–ˆâ–ˆâ– | 248/301 [66:02:27<13:59:04, 949.90s/it]
 83%|â–ˆâ–ˆâ–ˆâ–ˆâ–ˆâ–ˆâ–ˆâ–ˆâ–Ž | 249/301 [66:18:15<13:42:48, 949.40s/it]
 83%|â–ˆâ–ˆâ–ˆâ–ˆâ–ˆâ–ˆâ–ˆâ–ˆâ–Ž | 250/301 [66:34:04<13:26:47, 949.16s/it]
 83%|â–ˆâ–ˆâ–ˆâ–ˆâ–ˆâ–ˆâ–ˆâ–ˆâ–Ž | 251/301 [66:51:44<13:38:41, 982.43s/it]
 84%|â–ˆâ–ˆâ–ˆâ–ˆâ–ˆâ–ˆâ–ˆâ–ˆâ–Ž | 252/301 [67:07:31<13:13:35, 971.74s/it]
 84%|â–ˆâ–ˆâ–ˆâ–ˆâ–ˆâ–ˆâ–ˆâ–ˆâ– | 253/301 [67:23:18<12:51:28, 964.35s/it]
 84%|â–ˆâ–ˆâ–ˆâ–ˆâ–ˆâ–ˆâ–ˆâ–ˆâ– | 254/301 [67:39:04<12:31:15, 959.06s/it]
 85%|â–ˆâ–ˆâ–ˆâ–ˆâ–ˆâ–ˆâ–ˆâ–ˆâ– | 255/301 [67:54:52<12:12:40, 955.67s/it]
 85%|â–ˆâ–ˆâ–ˆâ–ˆâ–ˆâ–ˆâ–ˆâ–ˆâ–Œ | 256/301 [68:10:39<11:54:52, 953.16s/it]
 85%|â–ˆâ–ˆâ–ˆâ–ˆâ–ˆâ–ˆâ–ˆâ–ˆâ–Œ | 257/301 [68:26:27<11:37:47, 951.55s/it]
 86%|â–ˆâ–ˆâ–ˆâ–ˆâ–ˆâ–ˆâ–ˆâ–ˆâ–Œ | 258/301 [68:42:14<11:20:58, 950.21s/it]
 86%|â–ˆâ–ˆâ–ˆâ–ˆâ–ˆâ–ˆâ–ˆâ–ˆâ–Œ | 259/301 [68:58:01<11:04:29, 949.27s/it]
 86%|â–ˆâ–ˆâ–ˆâ–ˆâ–ˆâ–ˆâ–ˆâ–ˆâ–‹ | 260/301 [69:13:50<10:48:31, 949.06s/it]
 87%|â–ˆâ–ˆâ–ˆâ–ˆâ–ˆâ–ˆâ–ˆâ–ˆâ–‹ | 261/301 [69:31:34<10:55:40, 983.52s/it]
 87%|â–ˆâ–ˆâ–ˆâ–ˆâ–ˆâ–ˆâ–ˆâ–ˆâ–‹ | 262/301 [69:47:21<10:32:17, 972.75s/it]
 87%|â–ˆâ–ˆâ–ˆâ–ˆâ–ˆâ–ˆâ–ˆâ–ˆâ–‹ | 263/301 [70:03:10<10:11:22, 965.33s/it]
 88%|â–ˆâ–ˆâ–ˆâ–ˆâ–ˆâ–ˆâ–ˆâ–ˆâ–Š | 264/301 [70:18:57<9:52:02, 960.06s/it] 
 88%|â–ˆâ–ˆâ–ˆâ–ˆâ–ˆâ–ˆâ–ˆâ–ˆâ–Š | 265/301 [70:34:45<9:33:46, 956.30s/it]
 88%|â–ˆâ–ˆâ–ˆâ–ˆâ–ˆâ–ˆâ–ˆâ–ˆâ–Š | 266/301 [70:50:33<9:16:27, 953.93s/it]
 89%|â–ˆâ–ˆâ–ˆâ–ˆâ–ˆâ–ˆâ–ˆâ–ˆâ–Š | 267/301 [71:06:20<8:59:25, 951.93s/it]
 89%|â–ˆâ–ˆâ–ˆâ–ˆâ–ˆâ–ˆâ–ˆâ–ˆâ–‰ | 268/301 [71:22:07<8:42:37, 950.23s/it]
 89%|â–ˆâ–ˆâ–ˆâ–ˆâ–ˆâ–ˆâ–ˆâ–ˆâ–‰ | 269/301 [71:37:53<8:26:13, 949.18s/it]
 90%|â–ˆâ–ˆâ–ˆâ–ˆâ–ˆâ–ˆâ–ˆâ–ˆâ–‰ | 270/301 [71:53:41<8:10:09, 948.68s/it]
 90%|â–ˆâ–ˆâ–ˆâ–ˆâ–ˆâ–ˆâ–ˆâ–ˆâ–ˆ | 271/301 [72:11:20<8:10:57, 981.93s/it]
 90%|â–ˆâ–ˆâ–ˆâ–ˆâ–ˆâ–ˆâ–ˆâ–ˆâ–ˆ | 272/301 [72:27:08<7:49:35, 971.59s/it]
 91%|â–ˆâ–ˆâ–ˆâ–ˆâ–ˆâ–ˆâ–ˆâ–ˆâ–ˆ | 273/301 [72:42:53<7:29:45, 963.77s/it]
 91%|â–ˆâ–ˆâ–ˆâ–ˆâ–ˆâ–ˆâ–ˆâ–ˆâ–ˆ | 274/301 [72:58:41<7:11:28, 958.83s/it]
 91%|â–ˆâ–ˆâ–ˆâ–ˆâ–ˆâ–ˆâ–ˆâ–ˆâ–ˆâ–| 275/301 [73:14:28<6:53:55, 955.20s/it]
 92%|â–ˆâ–ˆâ–ˆâ–ˆâ–ˆâ–ˆâ–ˆâ–ˆâ–ˆâ–| 276/301 [73:30:14<6:36:52, 952.51s/it]
 92%|â–ˆâ–ˆâ–ˆâ–ˆâ–ˆâ–ˆâ–ˆâ–ˆâ–ˆâ–| 277/301 [73:46:00<6:20:18, 950.78s/it]
 92%|â–ˆâ–ˆâ–ˆâ–ˆâ–ˆâ–ˆâ–ˆâ–ˆâ–ˆâ–| 278/301 [74:01:47<6:03:58, 949.50s/it]
 93%|â–ˆâ–ˆâ–ˆâ–ˆâ–ˆâ–ˆâ–ˆâ–ˆâ–ˆâ–Ž| 279/301 [74:17:35<5:47:57, 948.96s/it]
 93%|â–ˆâ–ˆâ–ˆâ–ˆâ–ˆâ–ˆâ–ˆâ–ˆâ–ˆâ–Ž| 280/301 [74:33:22<5:31:56, 948.42s/it]
 93%|â–ˆâ–ˆâ–ˆâ–ˆâ–ˆâ–ˆâ–ˆâ–ˆâ–ˆâ–Ž| 281/301 [74:51:03<5:27:23, 982.18s/it]
 94%|â–ˆâ–ˆâ–ˆâ–ˆâ–ˆâ–ˆâ–ˆâ–ˆâ–ˆâ–Ž| 282/301 [75:06:51<5:07:47, 972.00s/it]
 94%|â–ˆâ–ˆâ–ˆâ–ˆâ–ˆâ–ˆâ–ˆâ–ˆâ–ˆâ–| 283/301 [75:22:39<4:49:25, 964.73s/it]
 94%|â–ˆâ–ˆâ–ˆâ–ˆâ–ˆâ–ˆâ–ˆâ–ˆâ–ˆâ–| 284/301 [75:38:26<4:31:52, 959.53s/it]
 95%|â–ˆâ–ˆâ–ˆâ–ˆâ–ˆâ–ˆâ–ˆâ–ˆâ–ˆâ–| 285/301 [75:54:12<4:14:46, 955.42s/it]
 95%|â–ˆâ–ˆâ–ˆâ 96%|â–ˆâ–ˆâ–ˆâ–ˆâ–ˆâ–ˆâ–ˆâ–ˆâ–ˆâ–‹| 290/301 [77:13:04<2:53:47, 947.95s/it] 97%|â–ˆâ–ˆâ–ˆâ–ˆâ–ˆâ–ˆâ–ˆâ–ˆâ–ˆâ–‹| 291/301 [77:30:43<2:43:31, 981.15s/it] 97%|â–ˆâ–ˆâ–ˆâ–ˆâ–ˆâ–ˆâ–ˆâ–ˆâ–ˆâ–‹| 292/301 [77:46:29<2:25:35, 970.65s/it] 97%|â–ˆâ–ˆâ–ˆâ–ˆâ–ˆâ–ˆâ–ˆâ–ˆâ–ˆâ–‹| 293/301 [78:02:16<2:08:28, 963.56s/it] 98%|â–ˆâ–ˆâ–ˆâ–ˆâ–ˆâ–ˆâ–ˆâ–ˆâ–ˆâ–Š| 294/301 [78:18:02<1:51:48, 958.34s/it] 98%|â–ˆâ–ˆâ–ˆâ–ˆâ–ˆâ–ˆâ–ˆâ–ˆâ–ˆâ–Š| 295/301 [78:33:49<1:35:28, 954.78s/it] 98%|â–ˆâ–ˆâ–ˆâ–ˆâ–ˆâ–ˆâ–ˆâ–ˆâ–ˆâ–Š| 296/301 [78:49:36<1:19:22, 952.54s/it] 99%|â–ˆâ–ˆâ–ˆâ–ˆâ–ˆâ–ˆâ–ˆâ–ˆâ–ˆâ–Š| 297/301 [79:05:24<1:03:24, 951.14s/it] 99%|â–ˆâ–ˆâ–ˆâ–ˆâ–ˆâ–ˆâ–ˆâ–ˆâ–ˆâ–‰| 298/301 [79:21:11<47:29, 949.96s/it]   99%|â–ˆâ–ˆâ–ˆâ–ˆâ–ˆâ–ˆâ–ˆâ–ˆâ–ˆâ–‰| 299/301 [79:36:58<31:38, 949.17s/it]100%|â–ˆâ–ˆâ–ˆâ–ˆâ–ˆâ–ˆâ–ˆâ–ˆâ–ˆâ–‰| 300/301 [79:52:46<15:48, 948.68s/it]100%|â–ˆâ–ˆâ–ˆâ–ˆâ–ˆâ–ˆâ–ˆâ–ˆâ–ˆâ–ˆ| 301/301 [80:10:27<00:00, 982.31s/it]100%|â–ˆâ–ˆâ–ˆâ–ˆâ–ˆâ–ˆâ–ˆâ–ˆâ–ˆâ–ˆ| 301/301 [80:10:27<00:00, 958.89s/it]
