2025-05-20 03:35:24,826 load dataset ...
2025-05-20 03:35:24,826 load dataset ...
2025-05-20 03:35:24,828 Loaded 679 samples from folds [0, 1, 2, 3] for train set.
2025-05-20 03:35:24,905 load dataset ...
2025-05-20 03:35:24,906 Loaded 169 samples from folds [4] for valid set.
2025-05-20 03:35:26,634 initalize model ...
2025-05-20 03:35:26,734 start training ...
2025-05-20 03:40:29,569 load dataset ...
2025-05-20 03:40:29,570 load dataset ...
2025-05-20 03:40:29,572 Loaded 679 samples from folds [0, 1, 2, 3] for train set.
2025-05-20 03:40:29,672 load dataset ...
2025-05-20 03:40:29,673 Loaded 169 samples from folds [4] for valid set.
2025-05-20 03:40:31,577 initalize model ...
2025-05-20 03:40:31,680 start training ...
2025-05-20 03:48:10,179 load dataset ...
2025-05-20 03:48:10,180 load dataset ...
2025-05-20 03:48:10,182 Loaded 679 samples from folds [0, 1, 2, 3] for train set.
2025-05-20 03:48:10,273 load dataset ...
2025-05-20 03:48:10,274 Loaded 169 samples from folds [4] for valid set.
2025-05-20 03:48:12,080 initalize model ...
2025-05-20 03:48:12,169 start training ...
2025-05-20 03:51:07,491 load dataset ...
2025-05-20 03:51:07,491 load dataset ...
2025-05-20 03:51:07,493 Loaded 679 samples from folds [0, 1, 2, 3] for train set.
2025-05-20 03:51:07,587 load dataset ...
2025-05-20 03:51:07,588 Loaded 169 samples from folds [4] for valid set.
2025-05-20 03:51:09,488 initalize model ...
2025-05-20 03:51:09,583 start training ...
2025-05-20 04:07:23,532 epoch:0, loss:445.1861088658643
2025-05-20 04:07:23,533 ------------ validation ------------
2025-05-20 04:09:46,864 load dataset ...
2025-05-20 04:09:46,864 load dataset ...
2025-05-20 04:09:46,867 Loaded 679 samples from folds [0, 1, 2, 3] for train set.
2025-05-20 04:09:46,973 load dataset ...
2025-05-20 04:09:46,973 Loaded 169 samples from folds [4] for valid set.
2025-05-20 04:09:48,747 initalize model ...
2025-05-20 04:09:48,840 start training ...
2025-05-20 04:15:11,532 load dataset ...
2025-05-20 04:15:11,532 load dataset ...
2025-05-20 04:15:11,534 Loaded 679 samples from folds [0, 1, 2, 3] for train set.
2025-05-20 04:15:11,628 load dataset ...
2025-05-20 04:15:11,629 Loaded 169 samples from folds [4] for valid set.
2025-05-20 04:15:13,545 initalize model ...
2025-05-20 04:15:13,639 start training ...
2025-05-20 04:31:34,817 epoch:0, loss:22.149602659672105
2025-05-20 04:31:34,817 ------------ validation ------------
2025-05-20 04:34:43,463 epoch:0
2025-05-20 04:34:43,464 recon error:16.8424931644688
2025-05-20 04:34:43,464 nc error:0.008999067270500068
2025-05-20 04:34:43,464 edge error:1.2014297127018314
2025-05-20 04:34:43,464 repeat error:42994.08875739645
2025-05-20 04:34:43,464 -------------------------------------
2025-05-20 04:51:04,663 epoch:1, loss:18.869938461348656
2025-05-20 05:07:29,795 epoch:2, loss:13.351628143411673
2025-05-20 05:23:48,087 epoch:3, loss:10.68295485422081
2025-05-20 05:40:13,792 epoch:4, loss:9.050726945340546
2025-05-20 05:56:40,284 epoch:5, loss:8.212875696977214
2025-05-20 06:13:06,937 epoch:6, loss:7.740349504838812
2025-05-20 06:29:34,344 epoch:7, loss:7.341213553573316
2025-05-20 06:46:01,245 epoch:8, loss:7.040946328411748
2025-05-20 07:02:29,117 epoch:9, loss:6.843954438137903
2025-05-20 07:18:51,745 epoch:10, loss:6.6784766011806935
2025-05-20 07:18:51,746 ------------ validation ------------
2025-05-20 07:22:01,533 epoch:10
2025-05-20 07:22:01,534 recon error:1.751715456240276
2025-05-20 07:22:01,534 nc error:0.04370142140332058
2025-05-20 07:22:01,534 edge error:2.184008274558028
2025-05-20 07:22:01,534 repeat error:40053.71597633136
2025-05-20 07:22:01,534 -------------------------------------
2025-05-20 07:38:28,523 epoch:11, loss:6.538518389475715
2025-05-20 07:54:55,613 epoch:12, loss:6.446923083865766
2025-05-20 08:11:22,760 epoch:13, loss:6.379875074254571
2025-05-20 08:27:50,145 epoch:14, loss:6.31164126613881
2025-05-20 08:44:18,261 epoch:15, loss:6.276585644228995
2025-05-20 09:00:38,679 epoch:16, loss:6.196431579224667
2025-05-20 09:16:56,163 epoch:17, loss:6.152246659212857
2025-05-20 09:33:13,214 epoch:18, loss:6.135613476580478
2025-05-20 09:49:35,136 epoch:19, loss:6.136039863805532
2025-05-20 10:06:00,407 epoch:20, loss:6.0353849190499895
2025-05-20 10:06:00,407 ------------ validation ------------
2025-05-20 10:09:13,200 epoch:20
2025-05-20 10:09:13,201 recon error:1.3593884113977646
2025-05-20 10:09:13,201 nc error:0.036660664455865966
2025-05-20 10:09:13,201 edge error:2.022806753773661
2025-05-20 10:09:13,201 repeat error:39839.69822485207
2025-05-20 10:09:13,201 -------------------------------------
2025-05-20 10:25:40,669 epoch:21, loss:6.024629349912214
2025-05-20 10:42:07,044 epoch:22, loss:6.137193006338532
2025-05-20 10:58:30,881 epoch:23, loss:6.252744994212672
2025-05-20 11:14:50,962 epoch:24, loss:6.025889681084342
2025-05-20 11:31:18,544 epoch:25, loss:5.969769317025816
2025-05-20 11:47:44,927 epoch:26, loss:5.927979804279175
2025-05-20 12:04:09,272 epoch:27, loss:5.922155284038875
2025-05-20 12:20:34,197 epoch:28, loss:6.169288296762728
2025-05-20 12:36:59,734 epoch:29, loss:5.912113260625915
2025-05-20 12:53:25,705 epoch:30, loss:5.8620869758729555
2025-05-20 12:53:25,706 ------------ validation ------------
2025-05-20 12:56:34,058 epoch:30
2025-05-20 12:56:34,058 recon error:1.2860227893795488
2025-05-20 12:56:34,058 nc error:0.03404530163126937
2025-05-20 12:56:34,058 edge error:1.9550266569182717
2025-05-20 12:56:34,058 repeat error:39471.674556213016
2025-05-20 12:56:34,058 -------------------------------------
2025-05-20 13:12:58,841 epoch:31, loss:5.837279408248429
2025-05-20 13:29:18,719 epoch:32, loss:5.814691901031404
2025-05-20 13:45:42,382 epoch:33, loss:5.798946041421792
2025-05-20 14:02:01,531 epoch:34, loss:5.777243403517621
2025-05-20 14:18:23,006 epoch:35, loss:5.755913157175145
2025-05-20 14:34:39,765 epoch:36, loss:5.740231657941141
2025-05-20 14:50:56,048 epoch:37, loss:5.729274111398015
2025-05-20 15:07:11,650 epoch:38, loss:5.690293696211083
2025-05-20 15:23:27,681 epoch:39, loss:5.687614175462231
2025-05-20 15:39:51,390 epoch:40, loss:5.682550316531107
2025-05-20 15:39:51,390 ------------ validation ------------
2025-05-20 15:43:02,905 epoch:40
2025-05-20 15:43:02,905 recon error:1.1843900874521605
2025-05-20 15:43:02,905 nc error:0.03108977664195927
2025-05-20 15:43:02,906 edge error:1.9046051361151701
2025-05-20 15:43:02,906 repeat error:38673.313609467456
2025-05-20 15:43:02,906 -------------------------------------
2025-05-20 15:59:28,507 epoch:41, loss:5.678208714205668
2025-05-20 16:15:54,134 epoch:42, loss:5.6428449670064085
2025-05-20 16:32:19,693 epoch:43, loss:5.618437080917022
2025-05-20 16:48:45,436 epoch:44, loss:5.608371745855362
2025-05-20 17:05:10,615 epoch:45, loss:5.583802832770593
2025-05-20 17:21:35,802 epoch:46, loss:5.574176909119461
2025-05-20 17:38:01,304 epoch:47, loss:5.556668518920359
2025-05-20 17:54:27,601 epoch:48, loss:5.543295828688654
2025-05-20 18:10:55,254 epoch:49, loss:5.55213880468714
2025-05-20 18:27:20,525 epoch:50, loss:5.5165786476303795
2025-05-20 18:27:20,525 ------------ validation ------------
2025-05-20 18:30:30,630 epoch:50
2025-05-20 18:30:30,631 recon error:1.114448473298338
2025-05-20 18:30:30,631 nc error:0.03150490960161362
2025-05-20 18:30:30,631 edge error:1.9517004772050845
2025-05-20 18:30:30,631 repeat error:37755.23668639053
2025-05-20 18:30:30,631 -------------------------------------
2025-05-20 18:46:58,149 epoch:51, loss:5.729333459716482
2025-05-20 19:03:24,535 epoch:52, loss:5.5375957074677995
2025-05-20 19:19:49,683 epoch:53, loss:5.493679269950766
2025-05-20 19:36:15,932 epoch:54, loss:5.481023654319752
2025-05-20 19:52:42,561 epoch:55, loss:5.471522118451845
2025-05-20 20:09:08,720 epoch:56, loss:5.458865894660332
2025-05-20 20:25:35,084 epoch:57, loss:5.445835253978162
2025-05-20 20:42:01,048 epoch:58, loss:5.4293070555786676
2025-05-20 20:58:27,584 epoch:59, loss:5.413960812193656
2025-05-20 21:14:53,711 epoch:60, loss:5.41011695482594
2025-05-20 21:14:53,712 ------------ validation ------------
2025-05-20 21:18:03,887 epoch:60
2025-05-20 21:18:03,888 recon error:1.03673356559855
2025-05-20 21:18:03,888 nc error:0.02921780586771711
2025-05-20 21:18:03,888 edge error:1.869431723504377
2025-05-20 21:18:03,888 repeat error:37507.5325443787
2025-05-20 21:18:03,888 -------------------------------------
2025-05-20 21:34:29,093 epoch:61, loss:5.411730797195997
2025-05-20 21:50:55,279 epoch:62, loss:5.3896451452870435
2025-05-20 22:07:20,573 epoch:63, loss:5.379893065552297
2025-05-20 22:23:46,711 epoch:64, loss:5.377333174749046
2025-05-20 22:40:13,359 epoch:65, loss:5.357721617365796
2025-05-20 22:56:39,736 epoch:66, loss:5.3498303718173625
2025-05-20 23:13:06,191 epoch:67, loss:5.3444070134844095
2025-05-20 23:29:24,909 epoch:68, loss:5.338249195306747
2025-05-20 23:45:43,109 epoch:69, loss:5.325377910934246
2025-05-21 00:02:01,340 epoch:70, loss:5.317540758663846
2025-05-21 00:02:01,340 ------------ validation ------------
2025-05-21 00:05:14,481 epoch:70
2025-05-21 00:05:14,482 recon error:1.0257338285446167
2025-05-21 00:05:14,482 nc error:0.02888219566607969
2025-05-21 00:05:14,482 edge error:1.8633811643137734
2025-05-21 00:05:14,483 repeat error:37039.7100591716
2025-05-21 00:05:14,483 -------------------------------------
2025-05-21 00:21:32,508 epoch:71, loss:5.31171518292097
2025-05-21 00:37:50,915 epoch:72, loss:5.305058694904086
2025-05-21 00:54:08,689 epoch:73, loss:5.288750763669808
2025-05-21 01:10:26,383 epoch:74, loss:5.291554881476514
2025-05-21 01:26:43,835 epoch:75, loss:5.280036582862506
2025-05-21 01:43:02,806 epoch:76, loss:5.283771059825599
2025-05-21 01:59:29,930 epoch:77, loss:5.266765032671337
2025-05-21 02:15:55,409 epoch:78, loss:5.269643749860671
2025-05-21 02:32:20,817 epoch:79, loss:5.253446663953419
2025-05-21 02:48:39,621 epoch:80, loss:5.241054992788143
2025-05-21 02:48:39,621 ------------ validation ------------
2025-05-21 02:51:52,442 epoch:80
2025-05-21 02:51:52,443 recon error:0.976957049948224
2025-05-21 02:51:52,443 nc error:0.02764189904610786
2025-05-21 02:51:52,443 edge error:1.8303370750867403
2025-05-21 02:51:52,443 repeat error:36946.408284023666
2025-05-21 02:51:52,443 -------------------------------------
2025-05-21 03:08:11,886 epoch:81, loss:5.233998517049079
2025-05-21 03:24:34,289 epoch:82, loss:5.231308347873378
2025-05-21 03:40:53,007 epoch:83, loss:5.220540442768709
2025-05-21 03:57:10,561 epoch:84, loss:5.222089370676976
2025-05-21 04:13:29,589 epoch:85, loss:5.212998755374959
2025-05-21 04:29:47,317 epoch:86, loss:5.206538854186068
2025-05-21 04:46:06,849 epoch:87, loss:5.197733622060785
2025-05-21 05:02:27,204 epoch:88, loss:5.190721839798041
2025-05-21 05:18:47,874 epoch:89, loss:5.1872904641287665
2025-05-21 05:35:06,819 epoch:90, loss:5.191209067652257
2025-05-21 05:35:06,819 ------------ validation ------------
2025-05-21 05:38:18,612 epoch:90
2025-05-21 05:38:18,613 recon error:0.9836169587084528
2025-05-21 05:38:18,613 nc error:0.02734962892691059
2025-05-21 05:38:18,613 edge error:1.8177967163232656
2025-05-21 05:38:18,613 repeat error:36656.97041420118
2025-05-21 05:38:18,613 -------------------------------------
2025-05-21 05:54:37,737 epoch:91, loss:5.18386541866589
2025-05-21 06:11:00,060 epoch:92, loss:5.1785984102510385
2025-05-21 06:27:20,760 epoch:93, loss:5.169191073247716
2025-05-21 06:43:39,029 epoch:94, loss:5.159037184820611
2025-05-21 07:00:06,649 epoch:95, loss:5.153420260798773
2025-05-21 07:16:33,872 epoch:96, loss:5.149551257469166
2025-05-21 07:32:59,520 epoch:97, loss:5.151255162369695
2025-05-21 07:49:26,741 epoch:98, loss:5.145138189262424
2025-05-21 08:05:53,496 epoch:99, loss:5.136356195048134
2025-05-21 08:22:21,148 epoch:100, loss:5.132800520080881
2025-05-21 08:22:21,148 ------------ validation ------------
2025-05-21 08:25:33,776 epoch:100
2025-05-21 08:25:33,777 recon error:0.9535946345188209
2025-05-21 08:25:33,777 nc error:0.02686169658671822
2025-05-21 08:25:33,777 edge error:1.8027635932674069
2025-05-21 08:25:33,777 repeat error:36406.11834319527
2025-05-21 08:25:33,777 -------------------------------------
2025-05-21 08:41:59,951 epoch:101, loss:5.12731217495296
2025-05-21 08:58:27,036 epoch:102, loss:5.128040230853568
2025-05-21 09:14:53,715 epoch:103, loss:5.121115938728793
2025-05-21 09:31:20,304 epoch:104, loss:5.112820364063022
2025-05-21 09:47:47,067 epoch:105, loss:5.107980935317252
2025-05-21 10:04:03,612 epoch:106, loss:5.103536834772978
2025-05-21 10:20:29,750 epoch:107, loss:5.113806289144749
2025-05-21 10:36:51,116 epoch:108, loss:5.0960514331250195
2025-05-21 10:53:13,111 epoch:109, loss:5.085777883150441
2025-05-21 11:09:34,368 epoch:110, loss:5.099965710703158
2025-05-21 11:09:34,368 ------------ validation ------------
2025-05-21 11:12:51,148 epoch:110
2025-05-21 11:12:51,148 recon error:0.9584838476406752
2025-05-21 11:12:51,148 nc error:0.02570633908744747
2025-05-21 11:12:51,148 edge error:1.7723340529661913
2025-05-21 11:12:51,148 repeat error:36618.10650887574
2025-05-21 11:12:51,149 -------------------------------------
2025-05-21 11:29:12,362 epoch:111, loss:5.093503991353143
2025-05-21 11:45:32,787 epoch:112, loss:5.079892514556076
2025-05-21 12:01:54,214 epoch:113, loss:5.079110358354796
2025-05-21 12:18:14,722 epoch:114, loss:5.071340166240799
2025-05-21 12:34:35,649 epoch:115, loss:5.069204805174703
2025-05-21 12:50:55,953 epoch:116, loss:5.071417524115853
2025-05-21 13:07:18,632 epoch:117, loss:5.06084208495487
2025-05-21 13:23:39,604 epoch:118, loss:5.061550809638314
2025-05-21 13:39:59,882 epoch:119, loss:5.0577235713447495
2025-05-21 13:56:16,741 epoch:120, loss:5.05639676668507
2025-05-21 13:56:16,741 ------------ validation ------------
2025-05-21 13:59:34,795 epoch:120
2025-05-21 13:59:34,795 recon error:0.9272992399317272
2025-05-21 13:59:34,795 nc error:0.026042486689764367
2025-05-21 13:59:34,795 edge error:1.8067531712661833
2025-05-21 13:59:34,795 repeat error:36080.24852071006
2025-05-21 13:59:34,795 -------------------------------------
2025-05-21 14:15:54,681 epoch:121, loss:5.047784303179195
2025-05-21 14:32:14,352 epoch:122, loss:5.043497369988151
2025-05-21 14:48:35,514 epoch:123, loss:5.0351390347038345
2025-05-21 15:04:58,470 epoch:124, loss:5.031971034666576
2025-05-21 15:21:19,590 epoch:125, loss:5.0434691417901965
2025-05-21 15:37:41,075 epoch:126, loss:5.035173148575166
2025-05-21 15:54:04,338 epoch:127, loss:5.032154863467097
2025-05-21 16:10:26,581 epoch:128, loss:5.031328767318613
2025-05-21 16:26:44,285 epoch:129, loss:5.018974105458548
2025-05-21 16:43:06,456 epoch:130, loss:5.017074877804966
2025-05-21 16:43:06,456 ------------ validation ------------
2025-05-21 16:46:29,033 epoch:130
2025-05-21 16:46:29,034 recon error:0.9187257938836453
2025-05-21 16:46:29,034 nc error:0.025580276828810308
2025-05-21 16:46:29,034 edge error:1.7925578920093515
2025-05-21 16:46:29,034 repeat error:35752.21301775148
2025-05-21 16:46:29,034 -------------------------------------
2025-05-21 17:02:49,946 epoch:131, loss:5.015621276597035
2025-05-21 17:19:10,678 epoch:132, loss:5.013804858492822
2025-05-21 17:35:30,190 epoch:133, loss:5.014054286462393
2025-05-21 17:51:52,110 epoch:134, loss:5.007372309778857
2025-05-21 18:08:13,031 epoch:135, loss:5.007624520820089
2025-05-21 18:24:35,000 epoch:136, loss:5.008635818694933
2025-05-21 18:40:56,129 epoch:137, loss:4.998833091690895
2025-05-21 18:57:16,122 epoch:138, loss:5.0077211986760855
2025-05-21 19:13:37,917 epoch:139, loss:5.009740703762543
2025-05-21 19:30:04,860 epoch:140, loss:5.000689521278303
2025-05-21 19:30:04,860 ------------ validation ------------
2025-05-21 19:33:25,377 epoch:140
2025-05-21 19:33:25,378 recon error:0.927685243490885
2025-05-21 19:33:25,378 nc error:0.02562988925306402
2025-05-21 19:33:25,378 edge error:1.7848881673530714
2025-05-21 19:33:25,378 repeat error:35961.96449704142
2025-05-21 19:33:25,378 -------------------------------------
2025-05-21 19:49:48,677 epoch:141, loss:5.2645995409745
2025-05-21 20:06:08,933 epoch:142, loss:5.082191015027233
2025-05-21 20:22:28,839 epoch:143, loss:5.038097877390079
2025-05-21 20:38:48,892 epoch:144, loss:5.030664313348649
2025-05-21 20:55:10,685 epoch:145, loss:5.011213447980923
2025-05-21 21:11:32,842 epoch:146, loss:5.436701757040572
2025-05-21 21:27:53,767 epoch:147, loss:5.370757351567714
2025-05-21 21:44:17,366 epoch:148, loss:5.227588083326202
2025-05-21 22:00:38,176 epoch:149, loss:5.1645508051269715
2025-05-21 22:16:58,739 epoch:150, loss:5.124707937591732
2025-05-21 22:16:58,740 ------------ validation ------------
2025-05-21 22:20:10,344 epoch:150
2025-05-21 22:20:10,344 recon error:0.9253363782132166
2025-05-21 22:20:10,344 nc error:0.027151917917488593
2025-05-21 22:20:10,344 edge error:1.8276437577411269
2025-05-21 22:20:10,344 repeat error:36326.36686390533
2025-05-21 22:20:10,344 -------------------------------------
2025-05-21 22:36:31,449 epoch:151, loss:5.102003846849714
2025-05-21 22:52:49,495 epoch:152, loss:5.083571752848787
2025-05-21 23:09:07,449 epoch:153, loss:5.070504470145404
2025-05-21 23:25:31,763 epoch:154, loss:5.05603407619628
2025-05-21 23:41:51,156 epoch:155, loss:5.043515031221864
2025-05-21 23:58:09,595 epoch:156, loss:5.035570349714367
2025-05-22 00:14:28,874 epoch:157, loss:5.03218162884944
2025-05-22 00:30:54,063 epoch:158, loss:5.028673561753511
2025-05-22 00:47:13,356 epoch:159, loss:5.021538268835099
2025-05-22 01:03:34,211 epoch:160, loss:5.015969925320025
2025-05-22 01:03:34,211 ------------ validation ------------
2025-05-22 01:06:48,545 epoch:160
2025-05-22 01:06:48,545 recon error:0.9064784864702168
2025-05-22 01:06:48,545 nc error:0.025623509032133767
2025-05-22 01:06:48,545 edge error:1.7929862131028487
2025-05-22 01:06:48,545 repeat error:35916.757396449706
2025-05-22 01:06:48,545 -------------------------------------
2025-05-22 01:23:08,377 epoch:161, loss:5.00436882628608
2025-05-22 01:39:26,367 epoch:162, loss:5.008143638476005
2025-05-22 01:55:45,136 epoch:163, loss:5.0078967871125215
2025-05-22 02:12:06,134 epoch:164, loss:5.004850065234132
2025-05-22 02:28:25,100 epoch:165, loss:5.646420416319318
2025-05-22 02:44:43,174 epoch:166, loss:5.493126520878787
2025-05-22 03:01:04,356 epoch:167, loss:5.269054209185279
2025-05-22 03:17:25,849 epoch:168, loss:5.186348114519302
2025-05-22 03:33:46,741 epoch:169, loss:5.1368717276470655
2025-05-22 03:50:06,948 epoch:170, loss:5.111208082123253
2025-05-22 03:50:06,949 ------------ validation ------------
2025-05-22 03:53:26,928 epoch:170
2025-05-22 03:53:26,928 recon error:0.9252798134053247
2025-05-22 03:53:26,928 nc error:0.0271257816665095
2025-05-22 03:53:26,929 edge error:1.832651366143537
2025-05-22 03:53:26,929 repeat error:36243.579881656806
2025-05-22 03:53:26,929 -------------------------------------
2025-05-22 04:09:46,208 epoch:171, loss:5.088509556120028
2025-05-22 04:26:08,650 epoch:172, loss:5.077342062179048
2025-05-22 04:42:27,922 epoch:173, loss:5.1720715313491485
2025-05-22 04:58:47,083 epoch:174, loss:5.113430679107801
2025-05-22 05:15:05,513 epoch:175, loss:5.067188430078251
2025-05-22 05:31:25,768 epoch:176, loss:5.048785166115403
2025-05-22 05:47:46,061 epoch:177, loss:5.032435648220101
2025-05-22 06:04:08,788 epoch:178, loss:5.021041634858796
2025-05-22 06:20:28,638 epoch:179, loss:5.016633048499982
2025-05-22 06:36:48,465 epoch:180, loss:5.0115610664828365
2025-05-22 06:36:48,465 ------------ validation ------------
2025-05-22 06:40:03,466 epoch:180
2025-05-22 06:40:03,467 recon error:0.903566185891981
2025-05-22 06:40:03,467 nc error:0.026081824135145492
2025-05-22 06:40:03,467 edge error:1.8237915857303777
2025-05-22 06:40:03,467 repeat error:35693.674556213016
2025-05-22 06:40:03,467 -------------------------------------
2025-05-22 06:56:32,776 epoch:181, loss:5.007754738797846
2025-05-22 07:12:58,536 epoch:182, loss:5.006556621882982
2025-05-22 07:29:19,852 epoch:183, loss:4.995871555120499
2025-05-22 07:45:39,572 epoch:184, loss:4.993616461578279
2025-05-22 08:02:01,357 epoch:185, loss:4.9872956788592555
2025-05-22 08:18:26,069 epoch:186, loss:4.995279982795772
2025-05-22 08:34:45,480 epoch:187, loss:4.981045349357054
2025-05-22 08:51:06,901 epoch:188, loss:4.979824042987402
2025-05-22 09:07:25,325 epoch:189, loss:4.980957654860304
2025-05-22 09:23:44,836 epoch:190, loss:4.973594740669577
2025-05-22 09:23:44,836 ------------ validation ------------
2025-05-22 09:26:59,607 epoch:190
2025-05-22 09:26:59,608 recon error:0.894318730873469
2025-05-22 09:26:59,608 nc error:0.025286245771501896
2025-05-22 09:26:59,608 edge error:1.7894829716202776
2025-05-22 09:26:59,608 repeat error:35618.508875739644
2025-05-22 09:26:59,608 -------------------------------------
2025-05-22 09:43:20,290 epoch:191, loss:4.969775060841894
2025-05-22 09:59:47,368 epoch:192, loss:4.968782627881012
2025-05-22 10:16:14,926 epoch:193, loss:4.964761608303559
2025-05-22 10:32:40,838 epoch:194, loss:4.963797558740945
2025-05-22 10:49:09,322 epoch:195, loss:4.961885094115941
2025-05-22 11:05:30,679 epoch:196, loss:4.969362255399814
2025-05-22 11:21:56,488 epoch:197, loss:4.958163167310217
2025-05-22 11:38:13,687 epoch:198, loss:4.96108811452919
2025-05-22 11:54:41,054 epoch:199, loss:4.959184282131504
2025-05-22 12:11:07,221 epoch:200, loss:4.949314530362788
2025-05-22 12:11:07,222 ------------ validation ------------
2025-05-22 12:14:22,056 epoch:200
2025-05-22 12:14:22,057 recon error:0.8968998183160138
2025-05-22 12:14:22,057 nc error:0.024922991656428257
2025-05-22 12:14:22,057 edge error:1.7719088672886234
2025-05-22 12:14:22,057 repeat error:35741.84023668639
2025-05-22 12:14:22,057 -------------------------------------
2025-05-22 12:30:47,099 epoch:201, loss:4.955267673739629
2025-05-22 12:47:14,309 epoch:202, loss:4.949731473543507
2025-05-22 13:03:41,745 epoch:203, loss:4.951486343838856
2025-05-22 13:20:09,396 epoch:204, loss:4.943080574844653
2025-05-22 13:36:32,205 epoch:205, loss:4.943422033790285
2025-05-22 13:52:57,778 epoch:206, loss:4.9414529596758525
2025-05-22 14:09:24,993 epoch:207, loss:4.936223977444274
2025-05-22 14:25:53,009 epoch:208, loss:4.938189967215851
2025-05-22 14:42:20,746 epoch:209, loss:4.929478861621974
2025-05-22 14:58:39,917 epoch:210, loss:4.929679226629513
2025-05-22 14:58:39,918 ------------ validation ------------
2025-05-22 15:01:51,937 epoch:210
2025-05-22 15:01:51,937 recon error:0.890730216658327
2025-05-22 15:01:51,938 nc error:0.024801666809786002
2025-05-22 15:01:51,938 edge error:1.7775411507081704
2025-05-22 15:01:51,938 repeat error:35460.44970414201
2025-05-22 15:01:51,938 -------------------------------------
2025-05-22 15:18:20,372 epoch:211, loss:4.929320336792712
2025-05-22 15:34:43,308 epoch:212, loss:4.921888213796714
2025-05-22 15:51:07,885 epoch:213, loss:4.917839109985397
2025-05-22 16:07:27,123 epoch:214, loss:4.923824629130525
2025-05-22 16:23:48,685 epoch:215, loss:4.920206952691956
2025-05-22 16:40:07,522 epoch:216, loss:4.917257922738571
2025-05-22 16:56:25,736 epoch:217, loss:4.915218896121445
2025-05-22 17:12:41,645 epoch:218, loss:4.9135647662784985
2025-05-22 17:28:58,713 epoch:219, loss:4.910289807242392
2025-05-22 17:45:15,803 epoch:220, loss:4.906930742980103
2025-05-22 17:45:15,803 ------------ validation ------------
2025-05-22 17:48:26,135 epoch:220
2025-05-22 17:48:26,136 recon error:0.8878410024755805
2025-05-22 17:48:26,136 nc error:0.024473310453740096
2025-05-22 17:48:26,136 edge error:1.764612724795144
2025-05-22 17:48:26,136 repeat error:35373.80473372781
2025-05-22 17:48:26,136 -------------------------------------
2025-05-22 18:04:43,458 epoch:221, loss:4.907106270319583
2025-05-22 18:21:00,591 epoch:222, loss:4.9095968863047625
2025-05-22 18:37:17,715 epoch:223, loss:4.90713279974127
2025-05-22 18:53:43,469 epoch:224, loss:4.907417020671322
2025-05-22 19:10:05,278 epoch:225, loss:4.905447510451035
2025-05-22 19:26:22,429 epoch:226, loss:4.902246835481085
2025-05-22 19:42:39,151 epoch:227, loss:4.891751557632468
2025-05-22 19:58:57,885 epoch:228, loss:4.9000722522763684
2025-05-22 20:15:16,868 epoch:229, loss:4.894615166317205
2025-05-22 20:31:44,280 epoch:230, loss:4.896640977030826
2025-05-22 20:31:44,281 ------------ validation ------------
2025-05-22 20:34:57,724 epoch:230
2025-05-22 20:34:57,725 recon error:0.916552581730679
2025-05-22 20:34:57,725 nc error:0.024455611996308586
2025-05-22 20:34:57,725 edge error:1.7770253737297284
2025-05-22 20:34:57,725 repeat error:35287.53846153846
2025-05-22 20:34:57,725 -------------------------------------
2025-05-22 20:51:25,333 epoch:231, loss:4.892625081170466
2025-05-22 21:07:52,215 epoch:232, loss:4.888357802237959
2025-05-22 21:24:19,997 epoch:233, loss:4.887245690173008
2025-05-22 21:40:47,134 epoch:234, loss:4.888700554753614
2025-05-22 21:57:14,120 epoch:235, loss:4.878538783414726
2025-05-22 22:13:41,363 epoch:236, loss:4.883031497472165
2025-05-22 22:30:08,874 epoch:237, loss:4.879398431623456
2025-05-22 22:46:35,182 epoch:238, loss:4.8803334931386235
2025-05-22 23:03:00,395 epoch:239, loss:4.875424571170723
2025-05-22 23:19:27,693 epoch:240, loss:4.878654218036051
2025-05-22 23:19:27,693 ------------ validation ------------
2025-05-22 23:22:40,929 epoch:240
2025-05-22 23:22:40,931 recon error:0.8873909673041845
2025-05-22 23:22:40,931 nc error:0.024132867900313004
2025-05-22 23:22:40,931 edge error:1.756230328210007
2025-05-22 23:22:40,931 repeat error:35353.331360946744
2025-05-22 23:22:40,931 -------------------------------------
2025-05-22 23:39:01,924 epoch:241, loss:4.876560501918877
2025-05-22 23:55:29,862 epoch:242, loss:4.872650781330901
2025-05-23 00:11:55,090 epoch:243, loss:4.876639375981596
2025-05-23 00:28:22,698 epoch:244, loss:4.878057000212185
2025-05-23 00:44:51,206 epoch:245, loss:4.876257803724511
2025-05-23 01:01:19,192 epoch:246, loss:4.872079988993671
2025-05-23 01:17:46,822 epoch:247, loss:4.86745843480016
2025-05-23 01:34:14,873 epoch:248, loss:4.869029255081873
2025-05-23 01:50:42,289 epoch:249, loss:4.862703989812657
2025-05-23 02:07:10,763 epoch:250, loss:4.859965391116922
2025-05-23 02:07:10,764 ------------ validation ------------
2025-05-23 02:10:24,093 epoch:250
2025-05-23 02:10:24,093 recon error:0.8874063230830537
2025-05-23 02:10:24,093 nc error:0.023978026936480986
2025-05-23 02:10:24,093 edge error:1.7562194611193866
2025-05-23 02:10:24,093 repeat error:35345.91124260355
2025-05-23 02:10:24,093 -------------------------------------
2025-05-23 02:26:52,224 epoch:251, loss:4.859322585834846
2025-05-23 02:43:19,186 epoch:252, loss:4.861906884520676
2025-05-23 02:59:46,984 epoch:253, loss:4.846927955329681
2025-05-23 03:16:14,227 epoch:254, loss:4.851371154869428
2025-05-23 03:32:41,693 epoch:255, loss:4.854383911054159
2025-05-23 03:49:01,647 epoch:256, loss:4.848618152742007
2025-05-23 04:05:29,277 epoch:257, loss:4.853050868886911
2025-05-23 04:21:55,295 epoch:258, loss:4.8484682826125045
2025-05-23 04:38:23,972 epoch:259, loss:4.848599777305951
2025-05-23 04:54:49,010 epoch:260, loss:4.854676733311918
2025-05-23 04:54:49,011 ------------ validation ------------
2025-05-23 04:58:01,232 epoch:260
2025-05-23 04:58:01,233 recon error:0.8813879856696496
2025-05-23 04:58:01,233 nc error:0.024236773675274565
2025-05-23 04:58:01,233 edge error:1.7632046973211526
2025-05-23 04:58:01,233 repeat error:35099.242603550294
2025-05-23 04:58:01,233 -------------------------------------
2025-05-23 05:14:27,918 epoch:261, loss:4.8920502866315205
2025-05-23 05:30:53,213 epoch:262, loss:4.847311347152417
2025-05-23 05:47:20,387 epoch:263, loss:4.850049559603033
2025-05-23 06:03:48,339 epoch:264, loss:4.841010460972962
2025-05-23 06:20:15,371 epoch:265, loss:4.834280301264003
2025-05-23 06:36:44,130 epoch:266, loss:4.841977688279524
2025-05-23 06:53:11,983 epoch:267, loss:4.8427116909504635
2025-05-23 07:09:37,682 epoch:268, loss:4.844591017148631
2025-05-23 07:26:00,257 epoch:269, loss:4.838258844412128
2025-05-23 07:42:27,120 epoch:270, loss:4.841855128489117
2025-05-23 07:42:27,120 ------------ validation ------------
2025-05-23 07:45:38,894 epoch:270
2025-05-23 07:45:38,895 recon error:0.8946739449303531
2025-05-23 07:45:38,895 nc error:0.023914801133190385
2025-05-23 07:45:38,895 edge error:1.7388355308735863
2025-05-23 07:45:38,895 repeat error:35503.92307692308
2025-05-23 07:45:38,895 -------------------------------------
2025-05-23 08:02:04,123 epoch:271, loss:4.836654772639099
2025-05-23 08:18:31,711 epoch:272, loss:4.832331292934727
2025-05-23 08:34:50,052 epoch:273, loss:4.836739670721175
2025-05-23 08:51:17,677 epoch:274, loss:4.8306492705759485
2025-05-23 09:07:44,497 epoch:275, loss:4.835155537623544
2025-05-23 09:24:02,679 epoch:276, loss:4.832683643992765
2025-05-23 09:40:22,378 epoch:277, loss:4.826262281639762
2025-05-23 09:56:43,695 epoch:278, loss:4.823423143339087
2025-05-23 10:13:04,813 epoch:279, loss:4.823426469260709
2025-05-23 10:29:25,420 epoch:280, loss:4.821401931751459
2025-05-23 10:29:25,420 ------------ validation ------------
2025-05-23 10:32:40,118 epoch:280
2025-05-23 10:32:40,119 recon error:0.8810048170343658
2025-05-23 10:32:40,119 nc error:0.02407499629805779
2025-05-23 10:32:40,119 edge error:1.7599040199313642
2025-05-23 10:32:40,119 repeat error:35141.5325443787
2025-05-23 10:32:40,119 -------------------------------------
2025-05-23 10:49:01,522 epoch:281, loss:4.826382139821116
2025-05-23 11:05:20,016 epoch:282, loss:4.825740384423504
2025-05-23 11:21:39,812 epoch:283, loss:4.814090284929009
2025-05-23 11:38:00,398 epoch:284, loss:4.815689923310315
2025-05-23 11:54:21,578 epoch:285, loss:4.822001761996869
2025-05-23 12:10:41,668 epoch:286, loss:4.817935730115304
2025-05-23 12:27:02,064 epoch:287, loss:4.810769137999095
2025-05-23 12:43:22,728 epoch:288, loss:4.8129096178664375
2025-05-23 12:59:42,869 epoch:289, loss:4.813080463915054
2025-05-23 13:16:03,149 epoch:290, loss:4.81924454417952
2025-05-23 13:16:03,149 ------------ validation ------------
2025-05-23 13:19:22,468 epoch:290
2025-05-23 13:19:22,469 recon error:0.8835459457346674
2025-05-23 13:19:22,469 nc error:0.023783008584521224
2025-05-23 13:19:22,469 edge error:1.7350560116344655
2025-05-23 13:19:22,469 repeat error:35249.56213017752
2025-05-23 13:19:22,469 -------------------------------------
2025-05-23 13:35:44,169 epoch:291, loss:4.809493807875531
2025-05-23 13:52:03,296 epoch:292, loss:4.805171003046724
2025-05-23 14:08:24,791 epoch:293, loss:4.908776988337071
2025-05-23 14:24:46,117 epoch:294, loss:5.170147482179577
2025-05-23 14:41:08,962 epoch:295, loss:4.94812279632411
2025-05-23 14:57:30,425 epoch:296, loss:4.895034821640936
2025-05-23 15:13:52,343 epoch:297, loss:4.866824513858127
2025-05-23 15:30:15,415 epoch:298, loss:4.854593003796899
2025-05-23 15:46:36,133 epoch:299, loss:5.234402403037924
2025-05-23 16:02:57,423 epoch:300, loss:5.478476765931794
2025-05-23 16:02:57,423 ------------ validation ------------
2025-05-23 16:06:19,265 epoch:300
2025-05-23 16:06:19,266 recon error:0.9434199396675155
2025-05-23 16:06:19,266 nc error:0.031605108426167414
2025-05-23 16:06:19,266 edge error:1.9068769957186908
2025-05-23 16:06:19,266 repeat error:37246.05325443787
2025-05-23 16:06:19,266 -------------------------------------
