2025-05-18 11:32:18,965 load dataset ...
2025-05-18 11:32:18,967 Loaded 679 samples from folds [0, 1, 2, 3] for train set.
2025-05-18 11:32:45,783 load dataset ...
2025-05-18 11:32:45,785 Loaded 679 samples from folds [0, 1, 2, 3] for train set.
2025-05-18 11:33:24,609 load dataset ...
2025-05-18 11:33:24,612 Loaded 679 samples from folds [0, 1, 2, 3] for train set.
2025-05-18 11:33:24,706 Loaded 169 samples from folds [4] for valid set.
2025-05-18 11:33:26,799 initalize model ...
2025-05-18 11:33:26,909 start training ...
2025-05-18 12:07:09,874 epoch:0, loss:17.850960862127426
2025-05-18 12:07:09,875 ------------ validation ------------
2025-05-18 12:10:39,676 epoch:0
2025-05-18 12:10:39,677 recon error:16.777042874217738
2025-05-18 12:10:39,677 nc error:0.009027360679482567
2025-05-18 12:10:39,677 edge error:1.2150472839908486
2025-05-18 12:10:39,677 -------------------------------------
2025-05-18 12:44:27,696 epoch:1, loss:14.56107458415193
2025-05-18 13:18:21,150 epoch:2, loss:9.301199837180405
2025-05-18 13:52:18,165 epoch:3, loss:6.321120868199704
2025-05-18 14:26:14,504 epoch:4, loss:5.12772304425359
2025-05-18 15:00:12,709 epoch:5, loss:4.32354603916275
2025-05-18 15:34:06,482 epoch:6, loss:3.79014244873148
2025-05-18 16:07:55,408 epoch:7, loss:3.4286797057195333
2025-05-18 16:42:02,848 epoch:8, loss:3.2025106469380487
2025-05-18 17:16:17,372 epoch:9, loss:3.0117574268307354
2025-05-18 17:50:35,447 epoch:10, loss:2.8960277258208644
2025-05-18 17:50:35,447 ------------ validation ------------
2025-05-18 17:54:05,868 epoch:10
2025-05-18 17:54:05,869 recon error:1.7884178436719453
2025-05-18 17:54:05,869 nc error:0.047791703786017624
2025-05-18 17:54:05,869 edge error:2.3054153651175415
2025-05-18 17:54:05,869 -------------------------------------
2025-05-18 18:28:21,904 epoch:11, loss:2.778528592372327
2025-05-18 19:02:40,569 epoch:12, loss:2.733516835323665
2025-05-18 19:36:53,458 epoch:13, loss:2.622709416500423
2025-05-18 20:11:01,208 epoch:14, loss:2.609499659910469
2025-05-18 20:45:10,297 epoch:15, loss:2.523356909604417
2025-05-18 21:19:21,003 epoch:16, loss:2.4580472200362777
2025-05-18 21:53:34,154 epoch:17, loss:2.432210591826067
2025-05-18 22:27:47,293 epoch:18, loss:2.5053105675594796
2025-05-18 23:01:52,141 epoch:19, loss:2.3306346355727565
2025-05-18 23:35:46,729 epoch:20, loss:2.29859623220778
2025-05-18 23:35:46,730 ------------ validation ------------
2025-05-18 23:39:16,002 epoch:20
2025-05-18 23:39:16,002 recon error:1.531146603928515
2025-05-18 23:39:16,002 nc error:0.04284156387197901
2025-05-18 23:39:16,002 edge error:2.2627697343657003
2025-05-18 23:39:16,003 -------------------------------------
2025-05-19 00:13:21,013 epoch:21, loss:2.263417773464467
2025-05-19 00:47:13,459 epoch:22, loss:2.227352125655218
2025-05-19 01:21:08,011 epoch:23, loss:2.2022097105481313
2025-05-19 01:55:12,204 epoch:24, loss:2.1826547905692997
2025-05-19 02:29:12,686 epoch:25, loss:2.1416105857127192
2025-05-19 03:03:07,308 epoch:26, loss:2.153795284269836
2025-05-19 03:37:13,184 epoch:27, loss:2.1480581560261296
2025-05-19 04:11:13,816 epoch:28, loss:2.0739860102775696
2025-05-19 04:45:00,167 epoch:29, loss:2.041255694776993
2025-05-19 05:18:59,908 epoch:30, loss:2.040747919735747
2025-05-19 05:18:59,909 ------------ validation ------------
2025-05-19 05:22:30,615 epoch:30
2025-05-19 05:22:30,616 recon error:1.2698016907336445
2025-05-19 05:22:30,616 nc error:0.03801251092606042
2025-05-19 05:22:30,616 edge error:2.1036012602981025
2025-05-19 05:22:30,616 -------------------------------------
2025-05-19 05:56:31,226 epoch:31, loss:2.0136564799717496
2025-05-19 06:30:37,702 epoch:32, loss:2.0071839829783378
2025-05-19 07:04:45,517 epoch:33, loss:1.9864942864219992
2025-05-19 07:38:42,274 epoch:34, loss:1.9565833852638728
2025-05-19 08:12:46,098 epoch:35, loss:1.976738783502087
2025-05-19 08:46:48,016 epoch:36, loss:1.940003913175726
2025-05-19 09:20:48,045 epoch:37, loss:1.9607007872198046
2025-05-19 09:54:47,324 epoch:38, loss:1.9103778465506958
2025-05-19 10:29:06,415 epoch:39, loss:1.9035778739139855
2025-05-19 11:03:17,024 epoch:40, loss:1.9056948897413724
2025-05-19 11:03:17,025 ------------ validation ------------
2025-05-19 11:06:46,849 epoch:40
2025-05-19 11:06:46,850 recon error:1.163409437653581
2025-05-19 11:06:46,850 nc error:0.036258303819323434
2025-05-19 11:06:46,850 edge error:2.063843313758895
2025-05-19 11:06:46,850 -------------------------------------
2025-05-19 11:41:09,313 epoch:41, loss:1.9175771181643098
2025-05-19 12:15:42,494 epoch:42, loss:2.0129932489942908
2025-05-19 12:50:05,154 epoch:43, loss:1.8939862444404298
2025-05-19 13:24:31,348 epoch:44, loss:1.9265863923506814
2025-05-19 13:59:04,385 epoch:45, loss:1.862904054426831
2025-05-19 14:33:40,870 epoch:46, loss:1.843874815813045
2025-05-19 15:08:01,942 epoch:47, loss:1.8375047662999036
2025-05-19 15:42:36,177 epoch:48, loss:1.8309168462725205
2025-05-19 16:16:51,525 epoch:49, loss:1.8073846328240957
2025-05-19 16:51:24,546 epoch:50, loss:1.8124346555771638
2025-05-19 16:51:24,546 ------------ validation ------------
2025-05-19 16:54:56,345 epoch:50
2025-05-19 16:54:56,346 recon error:1.1401492939192868
2025-05-19 16:54:56,346 nc error:0.0338306392284011
2025-05-19 16:54:56,346 edge error:1.999401211033206
2025-05-19 16:54:56,346 -------------------------------------
2025-05-19 17:29:20,688 epoch:51, loss:1.8127885665387924
2025-05-19 18:03:55,046 epoch:52, loss:1.7960619856226252
2025-05-19 18:38:30,615 epoch:53, loss:1.7920783112080705
2025-05-19 19:12:52,206 epoch:54, loss:1.7853239999428414
2025-05-19 19:47:07,647 epoch:55, loss:1.7691320712857814
2025-05-19 20:21:31,894 epoch:56, loss:1.7684233065732975
2025-05-19 20:55:49,184 epoch:57, loss:1.758439677628923
2025-05-19 21:30:02,747 epoch:58, loss:1.755524944837736
2025-05-19 22:04:11,318 epoch:59, loss:1.7440931028048665
2025-05-19 22:38:18,809 epoch:60, loss:1.748013241652712
2025-05-19 22:38:18,810 ------------ validation ------------
2025-05-19 22:41:48,486 epoch:60
2025-05-19 22:41:48,487 recon error:1.077113744775219
2025-05-19 22:41:48,487 nc error:0.032864782143626696
2025-05-19 22:41:48,487 edge error:1.9932977257395637
2025-05-19 22:41:48,487 -------------------------------------
2025-05-19 23:16:04,218 epoch:61, loss:1.7352052517948515
2025-05-19 23:50:15,825 epoch:62, loss:1.7245330684139382
2025-05-20 00:24:29,968 epoch:63, loss:1.731179513530984
2025-05-20 00:58:30,704 epoch:64, loss:1.7282368643469943
2025-05-20 01:32:39,536 epoch:65, loss:1.7259407765033143
2025-05-20 02:06:37,448 epoch:66, loss:1.7011945149333207
2025-05-20 02:40:27,024 epoch:67, loss:1.701069892593968
2025-05-20 03:14:40,644 epoch:68, loss:1.7076050336301238
2025-05-20 03:48:39,335 epoch:69, loss:1.690245489659822
2025-05-20 04:22:55,891 epoch:70, loss:1.700036868606646
2025-05-20 04:22:55,892 ------------ validation ------------
2025-05-20 04:26:25,863 epoch:70
2025-05-20 04:26:25,864 recon error:1.1422293052165466
2025-05-20 04:26:25,864 nc error:0.0333114322385139
2025-05-20 04:26:25,864 edge error:1.995899150357444
2025-05-20 04:26:25,864 -------------------------------------
2025-05-20 05:00:29,048 epoch:71, loss:1.6986449730413828
2025-05-20 05:34:45,506 epoch:72, loss:1.6888571998683273
2025-05-20 06:09:00,279 epoch:73, loss:1.6679902022295743
2025-05-20 06:43:09,913 epoch:74, loss:1.6713289559677529
2025-05-20 07:17:14,676 epoch:75, loss:1.6710406799906308
2025-05-20 07:51:33,132 epoch:76, loss:1.671343391879142
2025-05-20 08:25:50,224 epoch:77, loss:1.651502622069245
2025-05-20 09:00:16,960 epoch:78, loss:1.652450875962079
2025-05-20 09:34:44,693 epoch:79, loss:1.6533555147047423
2025-05-20 10:09:04,664 epoch:80, loss:1.65179104973536
2025-05-20 10:09:04,664 ------------ validation ------------
2025-05-20 10:12:33,620 epoch:80
2025-05-20 10:12:33,621 recon error:0.9986438927565806
2025-05-20 10:12:33,621 nc error:0.030795727288846435
2025-05-20 10:12:33,621 edge error:1.9355829185282691
2025-05-20 10:12:33,621 -------------------------------------
2025-05-20 10:46:53,328 epoch:81, loss:1.6480326122317643
2025-05-20 11:21:10,419 epoch:82, loss:1.65056830864065
2025-05-20 11:55:40,740 epoch:83, loss:1.636940607441718
2025-05-20 12:30:10,981 epoch:84, loss:1.6316321419335253
2025-05-20 13:04:48,518 epoch:85, loss:1.6190585094628875
2025-05-20 13:39:16,434 epoch:86, loss:1.6318484211178697
2025-05-20 14:13:38,475 epoch:87, loss:1.6188454232967304
2025-05-20 14:47:58,447 epoch:88, loss:1.6224895447097576
2025-05-20 15:22:20,613 epoch:89, loss:1.616309799221022
2025-05-20 15:56:46,028 epoch:90, loss:1.8110090567893589
2025-05-20 15:56:46,029 ------------ validation ------------
2025-05-20 16:00:15,043 epoch:90
2025-05-20 16:00:15,044 recon error:1.0245533250492704
2025-05-20 16:00:15,044 nc error:0.032660862982008584
2025-05-20 16:00:15,044 edge error:1.9553208280597212
2025-05-20 16:00:15,044 -------------------------------------
2025-05-20 16:34:39,579 epoch:91, loss:1.6582996922494386
2025-05-20 17:09:02,639 epoch:92, loss:1.6436840567918871
2025-05-20 17:43:25,505 epoch:93, loss:1.6170140079967403
2025-05-20 18:17:48,982 epoch:94, loss:1.6110850985166074
2025-05-20 18:52:10,586 epoch:95, loss:1.6156020928201689
2025-05-20 19:26:31,928 epoch:96, loss:1.6007100089133577
2025-05-20 20:00:55,006 epoch:97, loss:1.6015351338309287
2025-05-20 20:35:13,938 epoch:98, loss:1.5936768428917663
2025-05-20 21:09:37,282 epoch:99, loss:1.5979880745877926
2025-05-20 21:43:47,432 epoch:100, loss:1.5875300328756117
2025-05-20 21:43:47,432 ------------ validation ------------
2025-05-20 21:47:13,755 epoch:100
2025-05-20 21:47:13,757 recon error:1.0213605472322047
2025-05-20 21:47:13,757 nc error:0.029220769490451503
2025-05-20 21:47:13,757 edge error:1.8795001415105967
2025-05-20 21:47:13,757 -------------------------------------
2025-05-20 22:21:41,209 epoch:101, loss:1.655473788637827
2025-05-20 22:56:11,717 epoch:102, loss:1.6161241371607042
2025-05-20 23:30:33,434 epoch:103, loss:1.5834759587918537
2025-05-21 00:05:00,313 epoch:104, loss:1.6027974100983722
2025-05-21 00:39:21,420 epoch:105, loss:1.580426149585988
2025-05-21 01:13:46,917 epoch:106, loss:1.5749001067587132
2025-05-21 01:47:59,727 epoch:107, loss:1.5783703946926808
2025-05-21 02:22:27,221 epoch:108, loss:1.5732437077256822
2025-05-21 02:56:43,380 epoch:109, loss:1.570653376944462
2025-05-21 03:31:04,668 epoch:110, loss:1.5736831289679032
2025-05-21 03:31:04,669 ------------ validation ------------
2025-05-21 03:34:34,881 epoch:110
2025-05-21 03:34:34,882 recon error:0.9698598032166972
2025-05-21 03:34:34,882 nc error:0.02961267451562825
2025-05-21 03:34:34,882 edge error:1.9100515080626899
2025-05-21 03:34:34,882 -------------------------------------
2025-05-21 04:09:04,914 epoch:111, loss:1.6483959398494379
2025-05-21 04:43:30,041 epoch:112, loss:1.6035474034928785
2025-05-21 05:17:47,912 epoch:113, loss:1.580178015010873
2025-05-21 05:52:09,619 epoch:114, loss:1.56994301352831
2025-05-21 06:26:28,264 epoch:115, loss:1.5754172459617806
2025-05-21 07:00:55,201 epoch:116, loss:1.5610597374161845
2025-05-21 07:35:16,635 epoch:117, loss:1.5685495619219076
2025-05-21 08:09:46,027 epoch:118, loss:1.5543104371546996
2025-05-21 08:44:15,437 epoch:119, loss:1.5516137244599557
2025-05-21 09:18:41,827 epoch:120, loss:1.5492498265450412
2025-05-21 09:18:41,827 ------------ validation ------------
2025-05-21 09:22:10,916 epoch:120
2025-05-21 09:22:10,917 recon error:0.9525103717160648
2025-05-21 09:22:10,917 nc error:0.02887502087820211
2025-05-21 09:22:10,917 edge error:1.8853155303988935
2025-05-21 09:22:10,917 -------------------------------------
2025-05-21 09:56:40,952 epoch:121, loss:1.5462592791036232
2025-05-21 10:31:14,621 epoch:122, loss:1.550115017195689
2025-05-21 11:05:18,811 epoch:123, loss:1.556543387088579
2025-05-21 11:39:36,612 epoch:124, loss:1.5506463477467578
2025-05-21 12:13:54,118 epoch:125, loss:1.5599183662299378
2025-05-21 12:48:06,903 epoch:126, loss:1.5472454294364828
2025-05-21 13:22:24,020 epoch:127, loss:1.5533062461900782
2025-05-21 13:56:39,413 epoch:128, loss:1.5417218169688476
2025-05-21 14:30:35,544 epoch:129, loss:1.536285210252686
2025-05-21 15:04:29,957 epoch:130, loss:1.5382601826812452
2025-05-21 15:04:29,957 ------------ validation ------------
2025-05-21 15:08:00,807 epoch:130
2025-05-21 15:08:00,808 recon error:0.9806386623862227
2025-05-21 15:08:00,808 nc error:0.02864736068398642
2025-05-21 15:08:00,808 edge error:1.8508290038306332
2025-05-21 15:08:00,808 -------------------------------------
2025-05-21 15:41:46,293 epoch:131, loss:1.5511689770730852
2025-05-21 16:15:42,801 epoch:132, loss:1.5355405707422518
2025-05-21 16:49:35,829 epoch:133, loss:1.542901245237977
2025-05-21 17:23:33,534 epoch:134, loss:1.5265920139377351
2025-05-21 17:57:32,983 epoch:135, loss:1.5247819181394506
2025-05-21 18:31:42,239 epoch:136, loss:1.5265869058460129
2025-05-21 19:05:41,667 epoch:137, loss:1.5308397565920329
2025-05-21 19:39:45,497 epoch:138, loss:1.5176171836867072
2025-05-21 20:13:56,358 epoch:139, loss:1.516324188642544
2025-05-21 20:48:02,713 epoch:140, loss:1.5086646055437856
2025-05-21 20:48:02,714 ------------ validation ------------
2025-05-21 20:51:33,378 epoch:140
2025-05-21 20:51:33,379 recon error:0.939908850827866
2025-05-21 20:51:33,379 nc error:0.028462335125669924
2025-05-21 20:51:33,379 edge error:1.8638970527423204
2025-05-21 20:51:33,379 -------------------------------------
2025-05-21 21:25:44,208 epoch:141, loss:1.5121620431739908
2025-05-21 21:59:48,828 epoch:142, loss:1.513804633943954
2025-05-21 22:34:00,555 epoch:143, loss:1.5124869476537466
2025-05-21 23:08:02,208 epoch:144, loss:1.5070237651664835
2025-05-21 23:42:17,731 epoch:145, loss:1.5086578085074895
2025-05-22 00:16:31,521 epoch:146, loss:1.5108368911167307
2025-05-22 00:50:39,360 epoch:147, loss:1.4957572994246222
2025-05-22 01:24:39,339 epoch:148, loss:1.5020627503191424
2025-05-22 01:59:00,276 epoch:149, loss:1.4954932801677834
2025-05-22 02:33:11,065 epoch:150, loss:1.4950578528756773
2025-05-22 02:33:11,065 ------------ validation ------------
2025-05-22 02:36:46,234 epoch:150
2025-05-22 02:36:46,234 recon error:0.9246690759997396
2025-05-22 02:36:46,234 nc error:0.027879125719680587
2025-05-22 02:36:46,234 edge error:1.8403676487285006
2025-05-22 02:36:46,234 -------------------------------------
2025-05-22 03:10:46,924 epoch:151, loss:1.519045596621349
2025-05-22 03:44:51,565 epoch:152, loss:1.500118495438341
2025-05-22 04:19:01,289 epoch:153, loss:1.5221576715253062
2025-05-22 04:53:15,349 epoch:154, loss:1.5005249901618452
2025-05-22 05:27:31,650 epoch:155, loss:1.4979741640048807
2025-05-22 06:01:45,310 epoch:156, loss:1.4875018991672588
2025-05-22 06:35:57,255 epoch:157, loss:1.483993527639948
2025-05-22 07:10:05,063 epoch:158, loss:1.4856435404610389
2025-05-22 07:44:19,456 epoch:159, loss:1.6000099276934527
2025-05-22 08:18:29,460 epoch:160, loss:1.5299718337838535
2025-05-22 08:18:29,460 ------------ validation ------------
2025-05-22 08:21:58,286 epoch:160
2025-05-22 08:21:58,286 recon error:0.9353616823106122
2025-05-22 08:21:58,287 nc error:0.028565598387249123
2025-05-22 08:21:58,287 edge error:1.8771209117223526
2025-05-22 08:21:58,287 -------------------------------------
2025-05-22 08:56:10,845 epoch:161, loss:1.5056944290211696
2025-05-22 09:30:00,061 epoch:162, loss:1.5010766159627855
2025-05-22 10:03:40,138 epoch:163, loss:1.4979511745197256
2025-05-22 10:37:58,332 epoch:164, loss:1.4863523004332417
2025-05-22 11:12:15,762 epoch:165, loss:1.4847309805332123
2025-05-22 11:46:39,375 epoch:166, loss:1.4744424660181261
2025-05-22 12:20:59,738 epoch:167, loss:1.4855062993180244
2025-05-22 12:55:15,407 epoch:168, loss:1.4708724639903814
2025-05-22 13:29:26,802 epoch:169, loss:1.4672265895512038
2025-05-22 14:03:25,332 epoch:170, loss:1.476229531775518
2025-05-22 14:03:25,332 ------------ validation ------------
2025-05-22 14:06:55,589 epoch:170
2025-05-22 14:06:55,590 recon error:0.9426522434815853
2025-05-22 14:06:55,590 nc error:0.02758306390523205
2025-05-22 14:06:55,590 edge error:1.8358250785861494
2025-05-22 14:06:55,590 -------------------------------------
2025-05-22 14:40:52,859 epoch:171, loss:1.4742560046059745
2025-05-22 15:14:51,397 epoch:172, loss:1.4686826495604592
2025-05-22 15:48:41,332 epoch:173, loss:1.4702828794234983
2025-05-22 16:22:34,036 epoch:174, loss:1.4625368925889568
2025-05-22 16:56:27,968 epoch:175, loss:1.4618540538779414
2025-05-22 17:30:22,995 epoch:176, loss:1.7229022848061855
2025-05-22 18:04:18,683 epoch:177, loss:1.5265468467844427
2025-05-22 18:38:13,274 epoch:178, loss:1.4952626444278656
2025-05-22 19:12:08,265 epoch:179, loss:1.4863365537463653
2025-05-22 19:45:55,009 epoch:180, loss:1.481137932312506
2025-05-22 19:45:55,009 ------------ validation ------------
2025-05-22 19:49:25,625 epoch:180
2025-05-22 19:49:25,625 recon error:0.9338257231655911
2025-05-22 19:49:25,625 nc error:0.027744150770133768
2025-05-22 19:49:25,626 edge error:1.8311508738782984
2025-05-22 19:49:25,626 -------------------------------------
2025-05-22 20:23:27,380 epoch:181, loss:1.4690985632223654
2025-05-22 20:57:43,679 epoch:182, loss:1.4648674422757089
2025-05-22 21:32:05,625 epoch:183, loss:1.4600126962774105
2025-05-22 22:06:04,655 epoch:184, loss:1.4585899778248108
2025-05-22 22:40:17,116 epoch:185, loss:1.4582896761058532
2025-05-22 23:14:10,141 epoch:186, loss:1.4588038447328098
2025-05-22 23:48:02,523 epoch:187, loss:1.482545641981976
2025-05-23 00:21:51,189 epoch:188, loss:1.4717460301909076
2025-05-23 00:55:42,007 epoch:189, loss:1.4603226277894932
2025-05-23 01:29:47,214 epoch:190, loss:1.4699984925836105
2025-05-23 01:29:47,214 ------------ validation ------------
2025-05-23 01:33:16,974 epoch:190
2025-05-23 01:33:16,974 recon error:0.9203702676931077
2025-05-23 01:33:16,974 nc error:0.027266110894242686
2025-05-23 01:33:16,974 edge error:1.8282930660529955
2025-05-23 01:33:16,975 -------------------------------------
2025-05-23 02:07:05,162 epoch:191, loss:1.448540107842222
2025-05-23 02:41:01,858 epoch:192, loss:1.4475817655779653
2025-05-23 03:14:59,607 epoch:193, loss:1.4508603042285115
2025-05-23 03:48:39,276 epoch:194, loss:1.4546363452046187
2025-05-23 04:22:22,597 epoch:195, loss:1.4481629540537524
2025-05-23 04:56:08,440 epoch:196, loss:1.4453587535554777
2025-05-23 05:29:44,832 epoch:197, loss:1.4946583279453778
2025-05-23 06:03:28,415 epoch:198, loss:1.4545780072682737
2025-05-23 06:37:06,006 epoch:199, loss:1.4455654959966577
2025-05-23 07:10:38,304 epoch:200, loss:1.4449607479730306
2025-05-23 07:10:38,304 ------------ validation ------------
2025-05-23 07:14:07,136 epoch:200
2025-05-23 07:14:07,136 recon error:0.9213141710800532
2025-05-23 07:14:07,136 nc error:0.02730216623763361
2025-05-23 07:14:07,137 edge error:1.824136894835523
2025-05-23 07:14:07,137 -------------------------------------
2025-05-23 07:47:42,064 epoch:201, loss:1.4371818384822233
2025-05-23 08:21:20,827 epoch:202, loss:1.441938544934909
2025-05-23 08:55:02,500 epoch:203, loss:1.4476318784244633
2025-05-23 09:28:49,866 epoch:204, loss:1.443968786055631
2025-05-23 10:02:30,989 epoch:205, loss:1.4430630918103922
2025-05-23 10:36:16,511 epoch:206, loss:1.4435782674837183
2025-05-23 11:10:04,762 epoch:207, loss:1.433075949791078
2025-05-23 11:44:18,121 epoch:208, loss:1.437674499400761
2025-05-23 12:18:10,915 epoch:209, loss:1.4372552347113001
2025-05-23 12:52:29,562 epoch:210, loss:1.4417839819271892
2025-05-23 12:52:29,562 ------------ validation ------------
2025-05-23 12:56:04,317 epoch:210
2025-05-23 12:56:04,317 recon error:0.9207674504737177
2025-05-23 12:56:04,317 nc error:0.02704177989718124
2025-05-23 12:56:04,318 edge error:1.8231553735112298
2025-05-23 12:56:04,318 -------------------------------------
2025-05-23 13:30:09,138 epoch:211, loss:1.4288539825026523
2025-05-23 14:04:10,031 epoch:212, loss:1.4299394843855733
2025-05-23 14:38:11,027 epoch:213, loss:1.431672049025197
2025-05-23 15:12:09,822 epoch:214, loss:1.4371271387993498
2025-05-23 15:46:07,555 epoch:215, loss:1.4374110825107445
2025-05-23 16:20:06,027 epoch:216, loss:1.4289129610792
2025-05-23 16:54:04,464 epoch:217, loss:1.4349633518480236
2025-05-23 17:28:00,717 epoch:218, loss:1.4261633034833927
2025-05-23 18:02:02,701 epoch:219, loss:1.4324863569725947
2025-05-23 18:36:03,632 epoch:220, loss:1.4238480649043603
2025-05-23 18:36:03,632 ------------ validation ------------
2025-05-23 18:39:36,445 epoch:220
2025-05-23 18:39:36,446 recon error:0.9171267218843719
2025-05-23 18:39:36,446 nc error:0.02702663083885901
2025-05-23 18:39:36,446 edge error:1.8120561407867974
2025-05-23 18:39:36,446 -------------------------------------
2025-05-23 19:13:50,564 epoch:221, loss:1.4243838444725228
2025-05-23 19:47:58,934 epoch:222, loss:1.4285708581576115
2025-05-23 20:22:04,700 epoch:223, loss:1.4193150509088486
2025-05-23 20:56:09,592 epoch:224, loss:1.4163897572982294
2025-05-23 21:30:33,458 epoch:225, loss:1.4174082786590958
2025-05-23 22:04:57,396 epoch:226, loss:1.4206090422898574
2025-05-23 22:39:24,735 epoch:227, loss:1.4118379870640863
2025-05-23 23:13:39,923 epoch:228, loss:1.42090153904832
2025-05-23 23:47:57,400 epoch:229, loss:1.4180391205252534
2025-05-24 00:22:03,222 epoch:230, loss:1.4179368519467002
2025-05-24 00:22:03,222 ------------ validation ------------
2025-05-24 00:25:29,665 epoch:230
2025-05-24 00:25:29,666 recon error:0.9093401410875941
2025-05-24 00:25:29,666 nc error:0.026924328107012094
2025-05-24 00:25:29,666 edge error:1.8210944120700543
2025-05-24 00:25:29,666 -------------------------------------
2025-05-24 00:58:52,330 epoch:231, loss:1.4084161307569456
2025-05-24 01:32:24,912 epoch:232, loss:1.4129388658919637
2025-05-24 02:06:00,603 epoch:233, loss:1.4054200464917213
2025-05-24 02:39:52,833 epoch:234, loss:1.4113345311211205
2025-05-24 03:13:46,853 epoch:235, loss:1.4092868468196122
2025-05-24 03:47:35,090 epoch:236, loss:1.4097077839504462
2025-05-24 04:21:24,846 epoch:237, loss:1.4231451653240355
2025-05-24 04:55:13,578 epoch:238, loss:1.4105812618412923
2025-05-24 05:29:02,985 epoch:239, loss:1.40569486200195
2025-05-24 06:02:44,623 epoch:240, loss:1.401202732052473
2025-05-24 06:02:44,623 ------------ validation ------------
2025-05-24 06:06:13,374 epoch:240
2025-05-24 06:06:13,374 recon error:0.911729414434828
2025-05-24 06:06:13,375 nc error:0.026536685905072112
2025-05-24 06:06:13,375 edge error:1.795064622833884
2025-05-24 06:06:13,375 -------------------------------------
2025-05-24 06:40:03,123 epoch:241, loss:1.403883144676422
2025-05-24 07:13:50,896 epoch:242, loss:1.4004753385622477
2025-05-24 07:47:33,331 epoch:243, loss:1.4026201944112426
2025-05-24 08:21:25,537 epoch:244, loss:1.4106053257901467
2025-05-24 08:55:16,072 epoch:245, loss:1.396861799686752
2025-05-24 09:29:02,731 epoch:246, loss:1.3967610039310707
2025-05-24 10:02:54,053 epoch:247, loss:1.396736156255753
2025-05-24 10:36:45,373 epoch:248, loss:1.3975748101109433
2025-05-24 11:10:34,999 epoch:249, loss:1.3991024092125086
2025-05-24 11:44:26,477 epoch:250, loss:1.394312698114252
2025-05-24 11:44:26,477 ------------ validation ------------
2025-05-24 11:47:54,960 epoch:250
2025-05-24 11:47:54,961 recon error:0.9436091223412012
2025-05-24 11:47:54,961 nc error:0.026535930211198402
2025-05-24 11:47:54,961 edge error:1.7818448346042068
2025-05-24 11:47:54,961 -------------------------------------
2025-05-24 12:21:50,599 epoch:251, loss:1.3937717210912914
2025-05-24 12:55:47,967 epoch:252, loss:1.3952599087941278
2025-05-24 13:29:58,076 epoch:253, loss:1.3901178167916186
2025-05-24 14:03:55,077 epoch:254, loss:1.3918505817520075
2025-05-24 14:37:54,308 epoch:255, loss:1.3881991223839492
2025-05-24 15:11:53,570 epoch:256, loss:1.3898367513086378
2025-05-24 15:45:49,358 epoch:257, loss:1.3964387945644283
2025-05-24 16:19:50,289 epoch:258, loss:1.3943033425551628
2025-05-24 16:54:08,236 epoch:259, loss:1.6229123143981237
2025-05-24 17:28:19,011 epoch:260, loss:1.5163227324984385
2025-05-24 17:28:19,011 ------------ validation ------------
2025-05-24 17:31:54,736 epoch:260
2025-05-24 17:31:54,737 recon error:0.9323673294140742
2025-05-24 17:31:54,738 nc error:0.02970790661342398
2025-05-24 17:31:54,738 edge error:1.8765047894427056
2025-05-24 17:31:54,738 -------------------------------------
2025-05-24 18:06:15,414 epoch:261, loss:1.4529376330186061
2025-05-24 18:40:35,022 epoch:262, loss:1.432449962499391
2025-05-24 19:14:57,645 epoch:263, loss:1.419708992665927
2025-05-24 19:49:14,254 epoch:264, loss:1.4120347926472705
2025-05-24 20:23:27,545 epoch:265, loss:1.4023829979468165
2025-05-24 20:57:39,398 epoch:266, loss:1.3952770305136342
2025-05-24 21:31:40,372 epoch:267, loss:1.3946501940093792
2025-05-24 22:05:52,517 epoch:268, loss:1.3920563011703153
2025-05-24 22:40:04,015 epoch:269, loss:1.389105615454324
2025-05-24 23:14:14,577 epoch:270, loss:1.39687188349346
2025-05-24 23:14:14,577 ------------ validation ------------
2025-05-24 23:17:43,333 epoch:270
2025-05-24 23:17:43,334 recon error:0.9384488777296077
2025-05-24 23:17:43,334 nc error:0.02668809225044307
2025-05-24 23:17:43,334 edge error:1.7922680751811824
2025-05-24 23:17:43,334 -------------------------------------
2025-05-24 23:51:57,516 epoch:271, loss:1.3889418145167107
2025-05-25 00:26:15,234 epoch:272, loss:1.3846704461262047
2025-05-25 01:00:27,681 epoch:273, loss:1.3910307425989143
2025-05-25 01:34:41,232 epoch:274, loss:1.3851046948439945
2025-05-25 02:08:59,189 epoch:275, loss:1.3905965131933804
2025-05-25 02:43:14,873 epoch:276, loss:1.3860269751569836
2025-05-25 03:17:22,725 epoch:277, loss:1.5966287561649777
2025-05-25 03:51:38,011 epoch:278, loss:1.4598088745516073
2025-05-25 04:25:44,952 epoch:279, loss:1.4295073371923726
2025-05-25 04:59:58,222 epoch:280, loss:1.4040483957888978
2025-05-25 04:59:58,222 ------------ validation ------------
2025-05-25 05:03:26,656 epoch:280
2025-05-25 05:03:26,657 recon error:0.9117220209900444
2025-05-25 05:03:26,657 nc error:0.02717253462185521
2025-05-25 05:03:26,657 edge error:1.8114269061906803
2025-05-25 05:03:26,657 -------------------------------------
2025-05-25 05:37:32,884 epoch:281, loss:1.4046847074126636
2025-05-25 06:11:46,557 epoch:282, loss:1.3970176917288195
2025-05-25 06:45:50,040 epoch:283, loss:1.3990852225335955
2025-05-25 07:19:58,736 epoch:284, loss:1.3922541622560751
2025-05-25 07:54:07,559 epoch:285, loss:1.3845351678106677
2025-05-25 08:28:02,313 epoch:286, loss:1.3833668119601894
2025-05-25 09:02:11,496 epoch:287, loss:1.5349679660375761
2025-05-25 09:36:24,700 epoch:288, loss:1.4485640297582119
2025-05-25 10:10:32,033 epoch:289, loss:1.4134421838400817
2025-05-25 10:44:41,975 epoch:290, loss:1.3995659663856292
2025-05-25 10:44:41,976 ------------ validation ------------
2025-05-25 10:48:12,827 epoch:290
2025-05-25 10:48:12,829 recon error:0.9138090931452237
2025-05-25 10:48:12,829 nc error:0.02674045668330771
2025-05-25 10:48:12,829 edge error:1.8032612377369897
2025-05-25 10:48:12,829 -------------------------------------
2025-05-25 11:22:30,928 epoch:291, loss:1.393639886677704
2025-05-25 11:56:48,650 epoch:292, loss:1.4006686593366127
2025-05-25 12:31:22,619 epoch:293, loss:1.3913596103047412
2025-05-25 13:05:43,746 epoch:294, loss:1.3879065785738085
2025-05-25 13:40:02,539 epoch:295, loss:1.383209320863322
2025-05-25 14:14:36,329 epoch:296, loss:1.3838928249693407
2025-05-25 14:49:04,073 epoch:297, loss:1.3794376412968923
2025-05-25 15:23:17,418 epoch:298, loss:1.3827389735009779
2025-05-25 15:57:35,822 epoch:299, loss:1.3840995133362042
2025-05-25 16:32:01,499 epoch:300, loss:1.375046115911762
2025-05-25 16:32:01,500 ------------ validation ------------
2025-05-25 16:35:34,078 epoch:300
2025-05-25 16:35:34,079 recon error:0.9122844451277919
2025-05-25 16:35:34,079 nc error:0.02611391516347256
2025-05-25 16:35:34,079 edge error:1.7762681182319595
2025-05-25 16:35:34,079 -------------------------------------
