2025-05-24 01:38:13,268 load dataset ...
2025-05-24 01:38:13,269 load dataset ...
2025-05-24 01:38:13,270 Loaded 679 samples from folds [0, 1, 2, 3] for train set.
2025-05-24 01:39:08,935 load dataset ...
2025-05-24 01:39:08,935 load dataset ...
2025-05-24 01:39:08,937 Loaded 679 samples from folds [0, 1, 2, 3] for train set.
2025-05-24 01:39:10,889 load dataset ...
2025-05-24 01:39:10,890 Loaded 169 samples from folds [4] for valid set.
2025-05-24 01:39:11,290 initalize model ...
2025-05-24 01:39:11,378 start training ...
2025-05-24 01:54:26,363 epoch:0, loss:21.4508219130436
2025-05-24 01:54:26,363 ------------ validation ------------
2025-05-24 01:57:41,265 epoch:0
2025-05-24 01:57:41,266 recon error:15.054472714486208
2025-05-24 01:57:41,266 nc error:0.02039726174397934
2025-05-24 01:57:41,266 edge error:2.0653141793414687
2025-05-24 01:57:41,266 -------------------------------------
2025-05-24 02:12:59,764 epoch:1, loss:10.605501068884916
2025-05-24 02:28:17,362 epoch:2, loss:7.9316831168791335
2025-05-24 02:43:36,166 epoch:3, loss:7.2388495233167784
2025-05-24 02:58:54,226 epoch:4, loss:6.72038871374678
2025-05-24 03:14:14,027 epoch:5, loss:6.3422280312989
2025-05-24 03:29:34,902 epoch:6, loss:5.97602072169398
2025-05-24 03:44:55,417 epoch:7, loss:5.639730322870133
2025-05-24 04:00:17,161 epoch:8, loss:5.34403690147119
2025-05-24 04:15:39,048 epoch:9, loss:5.079881093638986
2025-05-24 04:30:59,946 epoch:10, loss:4.84753896772247
2025-05-24 04:30:59,946 ------------ validation ------------
2025-05-24 04:34:17,052 epoch:10
2025-05-24 04:34:17,053 recon error:3.264978255040547
2025-05-24 04:34:17,053 nc error:0.05830851128909009
2025-05-24 04:34:17,053 edge error:2.8813461001808123
2025-05-24 04:34:17,053 -------------------------------------
2025-05-24 04:49:39,284 epoch:11, loss:4.6135654814640095
2025-05-24 05:04:59,628 epoch:12, loss:4.407685644672265
2025-05-24 05:20:19,849 epoch:13, loss:4.2546503849338535
2025-05-24 05:35:40,773 epoch:14, loss:4.1273380558339765
2025-05-24 05:51:00,296 epoch:15, loss:3.9827736164930116
2025-05-24 06:06:20,612 epoch:16, loss:3.8886895144635343
2025-05-24 06:21:41,435 epoch:17, loss:3.8147265616151476
2025-05-24 06:37:02,063 epoch:18, loss:3.720332353912151
2025-05-24 06:52:21,384 epoch:19, loss:3.6641274095459435
2025-05-24 07:07:41,156 epoch:20, loss:3.613106795017428
2025-05-24 07:07:41,157 ------------ validation ------------
2025-05-24 07:10:53,053 epoch:20
2025-05-24 07:10:53,054 recon error:2.473768155955704
2025-05-24 07:10:53,054 nc error:0.04812645413995494
2025-05-24 07:10:53,054 edge error:2.6702396615722477
2025-05-24 07:10:53,054 -------------------------------------
2025-05-24 07:26:12,978 epoch:21, loss:3.5733298753252436
2025-05-24 07:41:35,695 epoch:22, loss:3.506581099991946
2025-05-24 07:56:56,216 epoch:23, loss:3.4685468677217375
2025-05-24 08:12:18,542 epoch:24, loss:3.437023830694724
2025-05-24 08:27:39,373 epoch:25, loss:3.4233299383183113
2025-05-24 08:42:59,709 epoch:26, loss:3.3793088585708912
2025-05-24 08:58:22,325 epoch:27, loss:3.3399295557581095
2025-05-24 09:13:43,762 epoch:28, loss:3.311203630051311
2025-05-24 09:29:05,799 epoch:29, loss:3.29314894142488
2025-05-24 09:44:27,713 epoch:30, loss:3.259475206591419
2025-05-24 09:44:27,713 ------------ validation ------------
2025-05-24 09:47:47,550 epoch:30
2025-05-24 09:47:47,551 recon error:2.0190843209712463
2025-05-24 09:47:47,551 nc error:0.04616765898360303
2025-05-24 09:47:47,551 edge error:2.598665659244244
2025-05-24 09:47:47,551 -------------------------------------
2025-05-24 10:03:08,370 epoch:31, loss:3.251792881028817
2025-05-24 10:18:29,669 epoch:32, loss:3.2278527290024006
2025-05-24 10:33:51,101 epoch:33, loss:3.189345785374143
2025-05-24 10:49:11,514 epoch:34, loss:3.178052997729564
2025-05-24 11:04:34,074 epoch:35, loss:3.1564568946568707
2025-05-24 11:19:55,875 epoch:36, loss:3.134397107476865
2025-05-24 11:35:18,924 epoch:37, loss:3.1250681799887206
2025-05-24 11:50:42,161 epoch:38, loss:3.1826407147437026
2025-05-24 12:06:05,330 epoch:39, loss:3.0822299839997327
2025-05-24 12:21:28,954 epoch:40, loss:3.0586717437749757
2025-05-24 12:21:28,954 ------------ validation ------------
2025-05-24 12:24:47,140 epoch:40
2025-05-24 12:24:47,141 recon error:1.8449579780623757
2025-05-24 12:24:47,141 nc error:0.04479885310728169
2025-05-24 12:24:47,141 edge error:2.5698446522097615
2025-05-24 12:24:47,141 -------------------------------------
2025-05-24 12:40:10,096 epoch:41, loss:3.0433420134222735
2025-05-24 12:55:32,856 epoch:42, loss:3.0257789691874484
2025-05-24 13:10:54,875 epoch:43, loss:3.0082378246998402
2025-05-24 13:26:16,977 epoch:44, loss:3.02833087384613
2025-05-24 13:41:38,632 epoch:45, loss:3.0067557962021527
2025-05-24 13:56:59,952 epoch:46, loss:2.981512014574436
2025-05-24 14:12:21,635 epoch:47, loss:2.9595413450288843
2025-05-24 14:27:44,616 epoch:48, loss:2.9666062883143924
2025-05-24 14:43:07,121 epoch:49, loss:2.9433095416545165
2025-05-24 14:58:29,920 epoch:50, loss:2.939753781713337
2025-05-24 14:58:29,920 ------------ validation ------------
2025-05-24 15:01:45,030 epoch:50
2025-05-24 15:01:45,032 recon error:1.7358416805605916
2025-05-24 15:01:45,032 nc error:0.04255657852489567
2025-05-24 15:01:45,032 edge error:2.5394087246889194
2025-05-24 15:01:45,032 -------------------------------------
2025-05-24 15:17:07,491 epoch:51, loss:2.9369932544775668
2025-05-24 15:32:30,016 epoch:52, loss:2.9109266973560093
2025-05-24 15:47:52,506 epoch:53, loss:2.897053841814201
2025-05-24 16:03:14,485 epoch:54, loss:2.8878418682952343
2025-05-24 16:18:37,583 epoch:55, loss:2.8670372344959465
2025-05-24 16:34:01,054 epoch:56, loss:2.860408385477642
2025-05-24 16:49:23,667 epoch:57, loss:2.8512423428239106
2025-05-24 17:04:47,325 epoch:58, loss:2.8408016498380277
2025-05-24 17:20:10,682 epoch:59, loss:2.83034144690883
2025-05-24 17:35:35,409 epoch:60, loss:2.8207262436665914
2025-05-24 17:35:35,409 ------------ validation ------------
2025-05-24 17:38:51,490 epoch:60
2025-05-24 17:38:51,490 recon error:1.661008505426215
2025-05-24 17:38:51,490 nc error:0.04223158772615991
2025-05-24 17:38:51,491 edge error:2.5183165863420838
2025-05-24 17:38:51,491 -------------------------------------
2025-05-24 17:54:14,266 epoch:61, loss:2.8282440207317054
2025-05-24 18:09:37,072 epoch:62, loss:2.8038405634693264
2025-05-24 18:24:58,802 epoch:63, loss:2.8022071367159858
2025-05-24 18:40:20,561 epoch:64, loss:2.779212987475613
2025-05-24 18:55:41,363 epoch:65, loss:2.767269736010477
2025-05-24 19:11:03,039 epoch:66, loss:2.7643065252430485
2025-05-24 19:26:24,235 epoch:67, loss:2.7654662908264744
2025-05-24 19:41:47,962 epoch:68, loss:2.7609229888410387
2025-05-24 19:57:10,538 epoch:69, loss:2.744734301658372
2025-05-24 20:12:28,698 epoch:70, loss:2.739338914845934
2025-05-24 20:12:28,698 ------------ validation ------------
2025-05-24 20:15:39,603 epoch:70
2025-05-24 20:15:39,604 recon error:1.6102386416768182
2025-05-24 20:15:39,604 nc error:0.04045860548696575
2025-05-24 20:15:39,604 edge error:2.5033790952355197
2025-05-24 20:15:39,604 -------------------------------------
2025-05-24 20:31:01,852 epoch:71, loss:2.7214359050295664
2025-05-24 20:46:23,783 epoch:72, loss:3.185405719613818
2025-05-24 21:01:49,523 epoch:73, loss:2.959762795157566
2025-05-24 21:17:13,514 epoch:74, loss:2.7612137323977843
2025-05-24 21:32:34,783 epoch:75, loss:2.7156612718579343
2025-05-24 21:47:57,766 epoch:76, loss:2.706500462474458
2025-05-24 22:03:19,471 epoch:77, loss:2.691768535282545
2025-05-24 22:18:42,068 epoch:78, loss:2.689738691116468
2025-05-24 22:34:11,290 epoch:79, loss:2.6860098677285467
2025-05-24 22:49:41,575 epoch:80, loss:2.680123026486876
2025-05-24 22:49:41,575 ------------ validation ------------
2025-05-24 22:52:59,322 epoch:80
2025-05-24 22:52:59,322 recon error:1.6548033197955971
2025-05-24 22:52:59,323 nc error:0.03864292667065499
2025-05-24 22:52:59,323 edge error:2.450205472799448
2025-05-24 22:52:59,323 -------------------------------------
2025-05-24 23:08:21,945 epoch:81, loss:2.6790100450192704
2025-05-24 23:23:45,544 epoch:82, loss:2.6595665404301503
2025-05-24 23:39:06,340 epoch:83, loss:2.663812543225745
2025-05-24 23:54:27,350 epoch:84, loss:2.642698561846771
2025-05-25 00:09:50,034 epoch:85, loss:2.65234252068712
2025-05-25 00:25:12,145 epoch:86, loss:2.63679420930472
2025-05-25 00:40:33,603 epoch:87, loss:2.644664818478614
2025-05-25 00:55:56,042 epoch:88, loss:2.639694078681395
2025-05-25 01:11:18,026 epoch:89, loss:2.617441835038265
2025-05-25 01:26:40,472 epoch:90, loss:2.6141974669668566
2025-05-25 01:26:40,472 ------------ validation ------------
2025-05-25 01:29:55,726 epoch:90
2025-05-25 01:29:55,727 recon error:1.6086657470499977
2025-05-25 01:29:55,727 nc error:0.03741070461740508
2025-05-25 01:29:55,727 edge error:2.403086105041955
2025-05-25 01:29:55,727 -------------------------------------
2025-05-25 01:45:18,410 epoch:91, loss:2.6197918419985426
2025-05-25 02:00:41,429 epoch:92, loss:2.6075801937148215
2025-05-25 02:16:06,528 epoch:93, loss:2.6061900525802364
2025-05-25 02:31:32,409 epoch:94, loss:2.64436182744022
2025-05-25 02:46:56,788 epoch:95, loss:2.5886588812927784
2025-05-25 03:02:22,364 epoch:96, loss:2.586356939026463
2025-05-25 03:17:46,442 epoch:97, loss:2.5812742738204077
2025-05-25 03:33:11,161 epoch:98, loss:2.5801057917380015
2025-05-25 03:48:37,489 epoch:99, loss:2.581157966636242
2025-05-25 04:04:02,749 epoch:100, loss:2.573211827228979
2025-05-25 04:04:02,749 ------------ validation ------------
2025-05-25 04:07:23,733 epoch:100
2025-05-25 04:07:23,734 recon error:1.5107949478386422
2025-05-25 04:07:23,734 nc error:0.037516408087410164
2025-05-25 04:07:23,734 edge error:2.447521353614401
2025-05-25 04:07:23,734 -------------------------------------
2025-05-25 04:22:46,531 epoch:101, loss:2.5670657568722306
2025-05-25 04:38:10,797 epoch:102, loss:2.5611241811856256
2025-05-25 04:53:33,231 epoch:103, loss:2.554372504814384
2025-05-25 05:08:55,278 epoch:104, loss:2.5523154942733024
2025-05-25 05:24:17,870 epoch:105, loss:2.5561296191938845
2025-05-25 05:39:41,149 epoch:106, loss:2.537118691232313
2025-05-25 05:55:04,219 epoch:107, loss:2.5364883630721664
2025-05-25 06:10:27,560 epoch:108, loss:2.539774613457681
2025-05-25 06:25:49,581 epoch:109, loss:2.522268904853113
2025-05-25 06:41:11,545 epoch:110, loss:2.518937991890886
2025-05-25 06:41:11,546 ------------ validation ------------
2025-05-25 06:44:26,613 epoch:110
2025-05-25 06:44:26,614 recon error:1.4793062513396584
2025-05-25 06:44:26,614 nc error:0.03671431039961485
2025-05-25 06:44:26,614 edge error:2.376420716562215
2025-05-25 06:44:26,614 -------------------------------------
2025-05-25 06:59:54,341 epoch:111, loss:2.5161363562357795
2025-05-25 07:15:23,943 epoch:112, loss:2.526560767234162
2025-05-25 07:30:54,789 epoch:113, loss:2.5135261492806436
2025-05-25 07:46:21,802 epoch:114, loss:2.5061279839022697
2025-05-25 08:01:52,658 epoch:115, loss:2.4957933791080524
2025-05-25 08:17:17,827 epoch:116, loss:2.502620451931399
2025-05-25 08:32:40,433 epoch:117, loss:2.4880389552755453
2025-05-25 08:48:12,339 epoch:118, loss:2.483677450792428
2025-05-25 09:03:42,986 epoch:119, loss:2.493301631073537
2025-05-25 09:19:07,272 epoch:120, loss:2.4829124501948856
2025-05-25 09:19:07,272 ------------ validation ------------
2025-05-25 09:22:19,231 epoch:120
2025-05-25 09:22:19,232 recon error:1.4429037902482162
2025-05-25 09:22:19,232 nc error:0.03623727130422578
2025-05-25 09:22:19,232 edge error:2.3779100045649963
2025-05-25 09:22:19,232 -------------------------------------
2025-05-25 09:37:42,018 epoch:121, loss:2.481041338377041
2025-05-25 09:53:03,361 epoch:122, loss:2.482808227216021
2025-05-25 10:08:25,481 epoch:123, loss:2.469232644880292
2025-05-25 10:23:47,573 epoch:124, loss:2.4624250732219624
2025-05-25 10:39:11,612 epoch:125, loss:2.4579384920347773
2025-05-25 10:54:35,325 epoch:126, loss:2.4599679071176386
2025-05-25 11:09:59,314 epoch:127, loss:2.651584394199332
2025-05-25 11:25:22,164 epoch:128, loss:2.4614249634637395
2025-05-25 11:40:47,615 epoch:129, loss:2.4491557435891065
2025-05-25 11:56:13,764 epoch:130, loss:2.440957388224763
2025-05-25 11:56:13,764 ------------ validation ------------
2025-05-25 11:59:33,903 epoch:130
2025-05-25 11:59:33,904 recon error:1.4432833695552758
2025-05-25 11:59:33,904 nc error:0.03599510513819181
2025-05-25 11:59:33,904 edge error:2.350300193538327
2025-05-25 11:59:33,904 -------------------------------------
2025-05-25 12:14:58,072 epoch:131, loss:2.449356466400079
2025-05-25 12:30:23,692 epoch:132, loss:2.439218038311763
2025-05-25 12:45:48,344 epoch:133, loss:2.4338971241233276
2025-05-25 13:01:11,653 epoch:134, loss:2.4290622446428167
2025-05-25 13:16:38,828 epoch:135, loss:2.4308812572608463
2025-05-25 13:32:03,493 epoch:136, loss:2.4174154025992167
2025-05-25 13:47:31,585 epoch:137, loss:2.4285972465998293
2025-05-25 14:02:53,594 epoch:138, loss:2.4219660867823065
2025-05-25 14:18:17,658 epoch:139, loss:2.420598533613517
2025-05-25 14:33:39,368 epoch:140, loss:2.4194087627534486
2025-05-25 14:33:39,369 ------------ validation ------------
2025-05-25 14:36:57,789 epoch:140
2025-05-25 14:36:57,789 recon error:1.400554734574267
2025-05-25 14:36:57,789 nc error:0.03481902845600653
2025-05-25 14:36:57,789 edge error:2.3321680994428826
2025-05-25 14:36:57,790 -------------------------------------
2025-05-25 14:52:26,070 epoch:141, loss:2.416135140827724
2025-05-25 15:07:48,653 epoch:142, loss:2.4060741411919797
2025-05-25 15:23:10,440 epoch:143, loss:2.397737328188058
2025-05-25 15:38:34,722 epoch:144, loss:2.4057028616650995
2025-05-25 15:53:58,162 epoch:145, loss:2.397556531411734
2025-05-25 16:09:21,563 epoch:146, loss:2.4057874518044744
2025-05-25 16:24:43,926 epoch:147, loss:2.405827337582438
2025-05-25 16:40:07,695 epoch:148, loss:2.386591019440821
2025-05-25 16:55:31,464 epoch:149, loss:2.3950805681619096
2025-05-25 17:10:54,153 epoch:150, loss:2.3816658295306965
2025-05-25 17:10:54,153 ------------ validation ------------
2025-05-25 17:14:09,605 epoch:150
2025-05-25 17:14:09,605 recon error:1.3656697915150569
2025-05-25 17:14:09,605 nc error:0.03462862757932857
2025-05-25 17:14:09,605 edge error:2.3623171261781772
2025-05-25 17:14:09,605 -------------------------------------
2025-05-25 17:29:30,990 epoch:151, loss:2.382636810788701
2025-05-25 17:44:53,593 epoch:152, loss:2.3781990372906376
2025-05-25 18:00:15,885 epoch:153, loss:2.3721655057702042
2025-05-25 18:15:38,131 epoch:154, loss:2.3730194905720685
2025-05-25 18:31:02,942 epoch:155, loss:2.374542256693777
2025-05-25 18:46:24,564 epoch:156, loss:2.3684470463922693
2025-05-25 19:01:46,173 epoch:157, loss:2.3687799250781096
2025-05-25 19:17:07,888 epoch:158, loss:2.3640897611103986
2025-05-25 19:32:30,846 epoch:159, loss:2.3634026605356073
2025-05-25 19:47:54,520 epoch:160, loss:2.3537279664153377
2025-05-25 19:47:54,521 ------------ validation ------------
2025-05-25 19:51:07,803 epoch:160
2025-05-25 19:51:07,804 recon error:1.3833691960961156
2025-05-25 19:51:07,804 nc error:0.03451026258604414
2025-05-25 19:51:07,804 edge error:2.3324652155475505
2025-05-25 19:51:07,804 -------------------------------------
2025-05-25 20:06:28,556 epoch:161, loss:2.3597731049527826
2025-05-25 20:21:49,324 epoch:162, loss:2.3549051060065604
2025-05-25 20:37:11,023 epoch:163, loss:2.3478726210053433
2025-05-25 20:52:32,662 epoch:164, loss:2.35209765806465
2025-05-25 21:07:55,157 epoch:165, loss:2.3377963653895923
2025-05-25 21:23:17,306 epoch:166, loss:2.3425809515417937
2025-05-25 21:38:39,508 epoch:167, loss:2.3440609396118477
2025-05-25 21:54:04,415 epoch:168, loss:2.3330446767877233
2025-05-25 22:09:30,209 epoch:169, loss:2.340294403250333
2025-05-25 22:24:55,375 epoch:170, loss:2.3336322290030074
2025-05-25 22:24:55,375 ------------ validation ------------
2025-05-25 22:28:14,591 epoch:170
2025-05-25 22:28:14,592 recon error:1.3518803401811588
2025-05-25 22:28:14,592 nc error:0.03347465907328227
2025-05-25 22:28:14,592 edge error:2.282417943491738
2025-05-25 22:28:14,592 -------------------------------------
2025-05-25 22:43:40,370 epoch:171, loss:2.332605443752216
2025-05-25 22:59:04,297 epoch:172, loss:2.3259038073675975
2025-05-25 23:14:26,939 epoch:173, loss:2.327087211327981
2025-05-25 23:29:49,256 epoch:174, loss:2.3268556965292815
2025-05-25 23:45:13,740 epoch:175, loss:2.3195717958006488
2025-05-26 00:00:40,128 epoch:176, loss:2.3228706951871714
2025-05-26 00:16:02,266 epoch:177, loss:2.317348415440769
2025-05-26 00:31:25,349 epoch:178, loss:2.308016061256139
2025-05-26 00:46:55,741 epoch:179, loss:2.310419636376652
2025-05-26 01:02:20,607 epoch:180, loss:2.3362389983765683
2025-05-26 01:02:20,608 ------------ validation ------------
2025-05-26 01:05:33,062 epoch:180
2025-05-26 01:05:33,063 recon error:1.3771740670740251
2025-05-26 01:05:33,063 nc error:0.033254507499245495
2025-05-26 01:05:33,063 edge error:2.276877946402194
2025-05-26 01:05:33,063 -------------------------------------
2025-05-26 01:20:58,179 epoch:181, loss:2.316950482367065
2025-05-26 01:36:27,280 epoch:182, loss:2.307211272144177
2025-05-26 01:51:55,827 epoch:183, loss:2.3083678468162074
2025-05-26 02:16:45,142 epoch:184, loss:2.299756042209395
2025-05-26 02:32:09,200 epoch:185, loss:3.1121870035275445
2025-05-26 02:47:33,355 epoch:186, loss:2.646705034028448
2025-05-26 03:02:56,619 epoch:187, loss:2.480727639570503
2025-05-26 03:18:23,654 epoch:188, loss:2.4185709370429107
2025-05-26 03:33:47,053 epoch:189, loss:2.3856032189634657
2025-05-26 03:49:16,854 epoch:190, loss:2.36308905653469
2025-05-26 03:49:16,855 ------------ validation ------------
2025-05-26 03:52:31,414 epoch:190
2025-05-26 03:52:31,415 recon error:1.336796964414021
2025-05-26 03:52:31,415 nc error:0.03458050909567867
2025-05-26 03:52:31,415 edge error:2.367953150935427
2025-05-26 03:52:31,415 -------------------------------------
2025-05-26 04:08:02,544 epoch:191, loss:2.3459844371531604
2025-05-26 04:23:34,177 epoch:192, loss:2.34134449944756
2025-05-26 04:39:04,622 epoch:193, loss:2.33062046968182
2025-05-26 04:54:35,860 epoch:194, loss:2.31658474229748
2025-05-26 05:10:07,373 epoch:195, loss:2.315437327428489
2025-05-26 05:25:38,440 epoch:196, loss:2.30978578320308
2025-05-26 05:41:01,972 epoch:197, loss:2.308883161888909
2025-05-26 05:56:31,670 epoch:198, loss:2.300545500725815
2025-05-26 06:12:02,767 epoch:199, loss:2.3019964066450656
2025-05-26 06:27:32,051 epoch:200, loss:2.294307862887151
2025-05-26 06:27:32,051 ------------ validation ------------
2025-05-26 06:30:46,038 epoch:200
2025-05-26 06:30:46,038 recon error:1.313745717325154
2025-05-26 06:30:46,038 nc error:0.03254225631878221
2025-05-26 06:30:46,038 edge error:2.2870954268077424
2025-05-26 06:30:46,039 -------------------------------------
2025-05-26 06:46:16,716 epoch:201, loss:2.295188054069328
2025-05-26 07:01:46,648 epoch:202, loss:2.2890603242110084
2025-05-26 07:17:15,280 epoch:203, loss:2.288992571900976
2025-05-26 07:32:48,075 epoch:204, loss:2.284996921956451
2025-05-26 07:48:17,750 epoch:205, loss:2.2785479757325815
2025-05-26 08:03:40,006 epoch:206, loss:2.2792177872735024
2025-05-26 08:19:09,964 epoch:207, loss:2.273903807238381
2025-05-26 08:34:41,517 epoch:208, loss:2.2822019032069614
2025-05-26 08:50:12,214 epoch:209, loss:2.271412447380212
2025-05-26 09:05:43,264 epoch:210, loss:2.271351334097108
2025-05-26 09:05:43,265 ------------ validation ------------
2025-05-26 09:08:56,350 epoch:210
2025-05-26 09:08:56,350 recon error:1.3019820797372852
2025-05-26 09:08:56,350 nc error:0.03230710178834094
2025-05-26 09:08:56,350 edge error:2.270578752607989
2025-05-26 09:08:56,350 -------------------------------------
2025-05-26 09:24:19,823 epoch:211, loss:2.2686514390937007
2025-05-26 09:39:50,011 epoch:212, loss:2.268629897676617
2025-05-26 09:55:21,976 epoch:213, loss:2.2643580145267044
2025-05-26 10:10:52,897 epoch:214, loss:2.265587767374884
2025-05-26 10:26:23,745 epoch:215, loss:2.2660885972021605
2025-05-26 10:41:54,899 epoch:216, loss:2.2647523077668428
2025-05-26 10:57:26,062 epoch:217, loss:2.256144361397655
2025-05-26 11:12:56,349 epoch:218, loss:2.2571102098091362
2025-05-26 11:28:19,767 epoch:219, loss:2.258059814682063
2025-05-26 11:43:51,054 epoch:220, loss:2.253870662252401
2025-05-26 11:43:51,054 ------------ validation ------------
2025-05-26 11:47:04,208 epoch:220
2025-05-26 11:47:04,210 recon error:1.2866500834741537
2025-05-26 11:47:04,210 nc error:0.03187780562766205
2025-05-26 11:47:04,211 edge error:2.289805927220181
2025-05-26 11:47:04,211 -------------------------------------
2025-05-26 12:02:34,948 epoch:221, loss:2.250517685388781
2025-05-26 12:17:58,401 epoch:222, loss:2.2482071347721195
2025-05-26 12:33:28,364 epoch:223, loss:2.255996521161828
2025-05-26 12:48:55,550 epoch:224, loss:2.247140422660929
2025-05-26 13:04:20,221 epoch:225, loss:2.247339675809217
2025-05-26 13:19:50,055 epoch:226, loss:2.245586829964999
2025-05-26 13:35:16,119 epoch:227, loss:2.2445928855567336
2025-05-26 13:50:38,547 epoch:228, loss:2.240171037296132
2025-05-26 14:06:01,299 epoch:229, loss:2.2403192901119744
2025-05-26 14:21:22,946 epoch:230, loss:2.243288882702194
2025-05-26 14:21:22,947 ------------ validation ------------
2025-05-26 14:24:42,098 epoch:230
2025-05-26 14:24:42,100 recon error:1.2679294129095133
2025-05-26 14:24:42,100 nc error:0.031945394792941194
2025-05-26 14:24:42,100 edge error:2.313245749332496
2025-05-26 14:24:42,100 -------------------------------------
2025-05-26 14:40:03,650 epoch:231, loss:2.2385158911018204
2025-05-26 14:55:25,566 epoch:232, loss:2.237301582440361
2025-05-26 15:10:48,222 epoch:233, loss:2.2394970746735585
2025-05-26 15:26:10,531 epoch:234, loss:2.2304947219997513
2025-05-26 15:41:32,027 epoch:235, loss:2.231256795737108
2025-05-26 15:56:54,079 epoch:236, loss:2.2307120867084507
2025-05-26 16:12:17,628 epoch:237, loss:2.2282959824984836
2025-05-26 16:27:39,741 epoch:238, loss:2.2254195288811234
2025-05-26 16:43:02,976 epoch:239, loss:2.2225292236359024
2025-05-26 16:58:27,716 epoch:240, loss:2.226472438522923
2025-05-26 16:58:27,716 ------------ validation ------------
2025-05-26 17:01:42,808 epoch:240
2025-05-26 17:01:42,809 recon error:1.2580983737516684
2025-05-26 17:01:42,809 nc error:0.03165389235908463
2025-05-26 17:01:42,809 edge error:2.287868701494657
2025-05-26 17:01:42,809 -------------------------------------
2025-05-26 17:17:05,979 epoch:241, loss:2.2262911157509717
2025-05-26 17:32:28,961 epoch:242, loss:2.221523823197355
2025-05-26 17:47:53,075 epoch:243, loss:2.220471749776242
2025-05-26 18:03:15,851 epoch:244, loss:2.2196365968819394
2025-05-26 18:18:39,704 epoch:245, loss:2.218343003508971
2025-05-26 18:34:03,450 epoch:246, loss:2.2160803894231176
2025-05-26 18:49:26,174 epoch:247, loss:2.2103081144535137
2025-05-26 19:04:49,840 epoch:248, loss:2.2133581619023928
2025-05-26 19:20:13,395 epoch:249, loss:2.207187507921536
2025-05-26 19:35:39,284 epoch:250, loss:2.2126612313892773
2025-05-26 19:35:39,285 ------------ validation ------------
2025-05-26 19:38:56,624 epoch:250
2025-05-26 19:38:56,625 recon error:1.2672590532246426
2025-05-26 19:38:56,625 nc error:0.031163300778827018
2025-05-26 19:38:56,625 edge error:2.288066224939019
2025-05-26 19:38:56,625 -------------------------------------
2025-05-26 19:54:19,041 epoch:251, loss:2.2092369343641054
2025-05-26 20:09:42,551 epoch:252, loss:2.2076858171482674
2025-05-26 20:25:06,205 epoch:253, loss:2.2103719295212376
2025-05-26 20:40:28,282 epoch:254, loss:2.203933644716097
2025-05-26 20:55:50,398 epoch:255, loss:2.2008704900390446
2025-05-26 21:11:14,423 epoch:256, loss:2.214662048883396
2025-05-26 21:26:37,692 epoch:257, loss:2.2014370022536376
2025-05-26 21:42:08,549 epoch:258, loss:2.194994189777852
2025-05-26 21:57:39,470 epoch:259, loss:2.199425990346254
2025-05-26 22:13:10,296 epoch:260, loss:2.2000399527739356
2025-05-26 22:13:10,296 ------------ validation ------------
2025-05-26 22:16:24,282 epoch:260
2025-05-26 22:16:24,282 recon error:1.254463887778965
2025-05-26 22:16:24,282 nc error:0.030873652040605715
2025-05-26 22:16:24,282 edge error:2.2833938090758914
2025-05-26 22:16:24,282 -------------------------------------
2025-05-26 22:31:54,972 epoch:261, loss:2.1999093940226424
2025-05-26 22:47:26,848 epoch:262, loss:2.1939601713849095
2025-05-26 23:02:57,733 epoch:263, loss:2.190485256936659
2025-05-26 23:18:29,165 epoch:264, loss:2.187987857784895
2025-05-26 23:34:00,556 epoch:265, loss:2.190461830116688
2025-05-26 23:49:23,990 epoch:266, loss:2.1871355110134747
2025-05-27 00:04:47,531 epoch:267, loss:2.189735844138796
2025-05-27 00:20:16,495 epoch:268, loss:2.190022560739026
2025-05-27 00:35:47,455 epoch:269, loss:2.183627759234017
2025-05-27 00:51:15,574 epoch:270, loss:2.1884871988127967
2025-05-27 00:51:15,574 ------------ validation ------------
2025-05-27 00:54:36,380 epoch:270
2025-05-27 00:54:36,380 recon error:1.3071120201483282
2025-05-27 00:54:36,380 nc error:0.030750179420825998
2025-05-27 00:54:36,380 edge error:2.2786713365972395
2025-05-27 00:54:36,381 -------------------------------------
2025-05-27 01:10:03,797 epoch:271, loss:2.185781512590501
2025-05-27 01:25:31,034 epoch:272, loss:2.203460057986151
2025-05-27 01:41:01,033 epoch:273, loss:2.1841687697900762
2025-05-27 01:56:29,670 epoch:274, loss:2.1787531193296408
2025-05-27 02:11:59,228 epoch:275, loss:2.1811675977987814
2025-05-27 02:27:32,343 epoch:276, loss:2.178942387163727
2025-05-27 02:43:02,840 epoch:277, loss:2.177850627583151
2025-05-27 02:58:34,046 epoch:278, loss:2.180154347454852
2025-05-27 03:14:11,982 epoch:279, loss:2.1719173640671112
2025-05-27 03:29:43,990 epoch:280, loss:2.176422967826495
2025-05-27 03:29:43,990 ------------ validation ------------
2025-05-27 03:33:10,258 epoch:280
2025-05-27 03:33:10,259 recon error:1.242686754147682
2025-05-27 03:33:10,259 nc error:0.0308511593770346
2025-05-27 03:33:10,259 edge error:2.255968057192289
2025-05-27 03:33:10,260 -------------------------------------
2025-05-27 03:48:41,058 epoch:281, loss:2.170408415864599
2025-05-27 04:04:11,656 epoch:282, loss:2.168207926321802
2025-05-27 04:19:51,382 epoch:283, loss:2.1709405903612566
2025-05-27 04:35:22,180 epoch:284, loss:2.169683204308174
2025-05-27 04:50:53,174 epoch:285, loss:2.1695120524236486
2025-05-27 05:06:23,260 epoch:286, loss:2.173468306594815
2025-05-27 05:21:55,090 epoch:287, loss:2.174377021101332
2025-05-27 05:37:24,315 epoch:288, loss:2.166264256075661
2025-05-27 05:52:54,178 epoch:289, loss:2.1650846288902947
2025-05-27 06:08:28,984 epoch:290, loss:2.1616998849455844
2025-05-27 06:08:28,985 ------------ validation ------------
2025-05-27 06:11:45,544 epoch:290
2025-05-27 06:11:45,545 recon error:1.2596065560741538
2025-05-27 06:11:45,545 nc error:0.030261567821340447
2025-05-27 06:11:45,545 edge error:2.250777206477329
2025-05-27 06:11:45,546 -------------------------------------
2025-05-27 06:27:14,533 epoch:291, loss:2.1610791033602954
2025-05-27 06:42:47,647 epoch:292, loss:2.157427751438607
2025-05-27 06:58:18,296 epoch:293, loss:2.1626886552493247
2025-05-27 07:13:49,238 epoch:294, loss:2.1616557912025955
2025-05-27 07:29:20,364 epoch:295, loss:2.1609918463739275
2025-05-27 07:44:55,380 epoch:296, loss:2.1557192972728183
2025-05-27 08:00:23,545 epoch:297, loss:2.156236065505004
2025-05-27 08:15:53,276 epoch:298, loss:2.1546494741327455
2025-05-27 08:31:23,806 epoch:299, loss:2.1500833996616864
2025-05-27 08:46:56,076 epoch:300, loss:2.1538222720942546
2025-05-27 08:46:56,077 ------------ validation ------------
2025-05-27 08:50:18,451 epoch:300
2025-05-27 08:50:18,452 recon error:1.2153168719195755
2025-05-27 08:50:18,452 nc error:0.030603666089960103
2025-05-27 08:50:18,452 edge error:2.248421633737327
2025-05-27 08:50:18,452 -------------------------------------
