2025-05-18 11:32:18,965 load dataset ...
2025-05-18 11:32:18,967 Loaded 679 samples from folds [0, 1, 2, 3] for train set.
2025-05-18 11:32:45,783 load dataset ...
2025-05-18 11:32:45,785 Loaded 679 samples from folds [0, 1, 2, 3] for train set.
2025-05-18 11:33:24,609 load dataset ...
2025-05-18 11:33:24,612 Loaded 679 samples from folds [0, 1, 2, 3] for train set.
2025-05-18 11:33:24,706 Loaded 169 samples from folds [4] for valid set.
2025-05-18 11:33:26,799 initalize model ...
2025-05-18 11:33:26,909 start training ...
2025-05-18 12:07:09,874 epoch:0, loss:17.850960862127426
2025-05-18 12:07:09,875 ------------ validation ------------
2025-05-18 12:10:39,676 epoch:0
2025-05-18 12:10:39,677 recon error:16.777042874217738
2025-05-18 12:10:39,677 nc error:0.009027360679482567
2025-05-18 12:10:39,677 edge error:1.2150472839908486
2025-05-18 12:10:39,677 -------------------------------------
2025-05-18 12:44:27,696 epoch:1, loss:14.56107458415193
2025-05-18 13:18:21,150 epoch:2, loss:9.301199837180405
2025-05-18 13:52:18,165 epoch:3, loss:6.321120868199704
2025-05-18 14:26:14,504 epoch:4, loss:5.12772304425359
2025-05-18 15:00:12,709 epoch:5, loss:4.32354603916275
2025-05-18 15:34:06,482 epoch:6, loss:3.79014244873148
2025-05-18 16:07:55,408 epoch:7, loss:3.4286797057195333
2025-05-18 16:42:02,848 epoch:8, loss:3.2025106469380487
2025-05-18 17:16:17,372 epoch:9, loss:3.0117574268307354
2025-05-18 17:50:35,447 epoch:10, loss:2.8960277258208644
2025-05-18 17:50:35,447 ------------ validation ------------
2025-05-18 17:54:05,868 epoch:10
2025-05-18 17:54:05,869 recon error:1.7884178436719453
2025-05-18 17:54:05,869 nc error:0.047791703786017624
2025-05-18 17:54:05,869 edge error:2.3054153651175415
2025-05-18 17:54:05,869 -------------------------------------
2025-05-18 18:28:21,904 epoch:11, loss:2.778528592372327
2025-05-18 19:02:40,569 epoch:12, loss:2.733516835323665
2025-05-18 19:36:53,458 epoch:13, loss:2.622709416500423
2025-05-18 20:11:01,208 epoch:14, loss:2.609499659910469
2025-05-18 20:45:10,297 epoch:15, loss:2.523356909604417
2025-05-18 21:19:21,003 epoch:16, loss:2.4580472200362777
2025-05-18 21:53:34,154 epoch:17, loss:2.432210591826067
2025-05-18 22:27:47,293 epoch:18, loss:2.5053105675594796
2025-05-18 23:01:52,141 epoch:19, loss:2.3306346355727565
2025-05-18 23:35:46,729 epoch:20, loss:2.29859623220778
2025-05-18 23:35:46,730 ------------ validation ------------
2025-05-18 23:39:16,002 epoch:20
2025-05-18 23:39:16,002 recon error:1.531146603928515
2025-05-18 23:39:16,002 nc error:0.04284156387197901
2025-05-18 23:39:16,002 edge error:2.2627697343657003
2025-05-18 23:39:16,003 -------------------------------------
2025-05-19 00:13:21,013 epoch:21, loss:2.263417773464467
2025-05-19 00:47:13,459 epoch:22, loss:2.227352125655218
2025-05-19 01:21:08,011 epoch:23, loss:2.2022097105481313
2025-05-19 01:55:12,204 epoch:24, loss:2.1826547905692997
2025-05-19 02:29:12,686 epoch:25, loss:2.1416105857127192
2025-05-19 03:03:07,308 epoch:26, loss:2.153795284269836
2025-05-19 03:37:13,184 epoch:27, loss:2.1480581560261296
2025-05-19 04:11:13,816 epoch:28, loss:2.0739860102775696
2025-05-19 04:45:00,167 epoch:29, loss:2.041255694776993
2025-05-19 05:18:59,908 epoch:30, loss:2.040747919735747
2025-05-19 05:18:59,909 ------------ validation ------------
2025-05-19 05:22:30,615 epoch:30
2025-05-19 05:22:30,616 recon error:1.2698016907336445
2025-05-19 05:22:30,616 nc error:0.03801251092606042
2025-05-19 05:22:30,616 edge error:2.1036012602981025
2025-05-19 05:22:30,616 -------------------------------------
2025-05-19 05:56:31,226 epoch:31, loss:2.0136564799717496
2025-05-19 06:30:37,702 epoch:32, loss:2.0071839829783378
2025-05-19 07:04:45,517 epoch:33, loss:1.9864942864219992
2025-05-19 07:38:42,274 epoch:34, loss:1.9565833852638728
2025-05-19 08:12:46,098 epoch:35, loss:1.976738783502087
2025-05-19 08:46:48,016 epoch:36, loss:1.940003913175726
2025-05-19 09:20:48,045 epoch:37, loss:1.9607007872198046
2025-05-19 09:54:47,324 epoch:38, loss:1.9103778465506958
2025-05-19 10:29:06,415 epoch:39, loss:1.9035778739139855
2025-05-19 11:03:17,024 epoch:40, loss:1.9056948897413724
2025-05-19 11:03:17,025 ------------ validation ------------
2025-05-19 11:06:46,849 epoch:40
2025-05-19 11:06:46,850 recon error:1.163409437653581
2025-05-19 11:06:46,850 nc error:0.036258303819323434
2025-05-19 11:06:46,850 edge error:2.063843313758895
2025-05-19 11:06:46,850 -------------------------------------
2025-05-19 11:41:09,313 epoch:41, loss:1.9175771181643098
2025-05-19 12:15:42,494 epoch:42, loss:2.0129932489942908
2025-05-19 12:50:05,154 epoch:43, loss:1.8939862444404298
2025-05-19 13:24:31,348 epoch:44, loss:1.9265863923506814
2025-05-19 13:59:04,385 epoch:45, loss:1.862904054426831
2025-05-19 14:33:40,870 epoch:46, loss:1.843874815813045
2025-05-19 15:08:01,942 epoch:47, loss:1.8375047662999036
2025-05-19 15:42:36,177 epoch:48, loss:1.8309168462725205
2025-05-19 16:16:51,525 epoch:49, loss:1.8073846328240957
2025-05-19 16:51:24,546 epoch:50, loss:1.8124346555771638
2025-05-19 16:51:24,546 ------------ validation ------------
2025-05-19 16:54:56,345 epoch:50
2025-05-19 16:54:56,346 recon error:1.1401492939192868
2025-05-19 16:54:56,346 nc error:0.0338306392284011
2025-05-19 16:54:56,346 edge error:1.999401211033206
2025-05-19 16:54:56,346 -------------------------------------
2025-05-19 17:29:20,688 epoch:51, loss:1.8127885665387924
2025-05-19 18:03:55,046 epoch:52, loss:1.7960619856226252
2025-05-19 18:38:30,615 epoch:53, loss:1.7920783112080705
2025-05-19 19:12:52,206 epoch:54, loss:1.7853239999428414
2025-05-19 19:47:07,647 epoch:55, loss:1.7691320712857814
2025-05-19 20:21:31,894 epoch:56, loss:1.7684233065732975
2025-05-19 20:55:49,184 epoch:57, loss:1.758439677628923
2025-05-19 21:30:02,747 epoch:58, loss:1.755524944837736
2025-05-19 22:04:11,318 epoch:59, loss:1.7440931028048665
2025-05-19 22:38:18,809 epoch:60, loss:1.748013241652712
2025-05-19 22:38:18,810 ------------ validation ------------
2025-05-19 22:41:48,486 epoch:60
2025-05-19 22:41:48,487 recon error:1.077113744775219
2025-05-19 22:41:48,487 nc error:0.032864782143626696
2025-05-19 22:41:48,487 edge error:1.9932977257395637
2025-05-19 22:41:48,487 -------------------------------------
2025-05-19 23:16:04,218 epoch:61, loss:1.7352052517948515
2025-05-19 23:50:15,825 epoch:62, loss:1.7245330684139382
2025-05-20 00:24:29,968 epoch:63, loss:1.731179513530984
2025-05-20 00:58:30,704 epoch:64, loss:1.7282368643469943
2025-05-20 01:32:39,536 epoch:65, loss:1.7259407765033143
2025-05-20 02:06:37,448 epoch:66, loss:1.7011945149333207
2025-05-20 02:40:27,024 epoch:67, loss:1.701069892593968
2025-05-20 03:14:40,644 epoch:68, loss:1.7076050336301238
2025-05-20 03:48:39,335 epoch:69, loss:1.690245489659822
2025-05-20 04:22:55,891 epoch:70, loss:1.700036868606646
2025-05-20 04:22:55,892 ------------ validation ------------
2025-05-20 04:26:25,863 epoch:70
2025-05-20 04:26:25,864 recon error:1.1422293052165466
2025-05-20 04:26:25,864 nc error:0.0333114322385139
2025-05-20 04:26:25,864 edge error:1.995899150357444
2025-05-20 04:26:25,864 -------------------------------------
2025-05-20 05:00:29,048 epoch:71, loss:1.6986449730413828
2025-05-20 05:34:45,506 epoch:72, loss:1.6888571998683273
2025-05-20 06:09:00,279 epoch:73, loss:1.6679902022295743
2025-05-20 06:43:09,913 epoch:74, loss:1.6713289559677529
2025-05-20 07:17:14,676 epoch:75, loss:1.6710406799906308
2025-05-20 07:51:33,132 epoch:76, loss:1.671343391879142
2025-05-20 08:25:50,224 epoch:77, loss:1.651502622069245
2025-05-20 09:00:16,960 epoch:78, loss:1.652450875962079
2025-05-20 09:34:44,693 epoch:79, loss:1.6533555147047423
2025-05-20 10:09:04,664 epoch:80, loss:1.65179104973536
2025-05-20 10:09:04,664 ------------ validation ------------
2025-05-20 10:12:33,620 epoch:80
2025-05-20 10:12:33,621 recon error:0.9986438927565806
2025-05-20 10:12:33,621 nc error:0.030795727288846435
2025-05-20 10:12:33,621 edge error:1.9355829185282691
2025-05-20 10:12:33,621 -------------------------------------
2025-05-20 10:46:53,328 epoch:81, loss:1.6480326122317643
2025-05-20 11:21:10,419 epoch:82, loss:1.65056830864065
2025-05-20 11:55:40,740 epoch:83, loss:1.636940607441718
2025-05-20 12:30:10,981 epoch:84, loss:1.6316321419335253
2025-05-20 13:04:48,518 epoch:85, loss:1.6190585094628875
2025-05-20 13:39:16,434 epoch:86, loss:1.6318484211178697
2025-05-20 14:13:38,475 epoch:87, loss:1.6188454232967304
2025-05-20 14:47:58,447 epoch:88, loss:1.6224895447097576
2025-05-20 15:22:20,613 epoch:89, loss:1.616309799221022
2025-05-20 15:56:46,028 epoch:90, loss:1.8110090567893589
2025-05-20 15:56:46,029 ------------ validation ------------
2025-05-20 16:00:15,043 epoch:90
2025-05-20 16:00:15,044 recon error:1.0245533250492704
2025-05-20 16:00:15,044 nc error:0.032660862982008584
2025-05-20 16:00:15,044 edge error:1.9553208280597212
2025-05-20 16:00:15,044 -------------------------------------
2025-05-20 16:34:39,579 epoch:91, loss:1.6582996922494386
2025-05-20 17:09:02,639 epoch:92, loss:1.6436840567918871
2025-05-20 17:43:25,505 epoch:93, loss:1.6170140079967403
2025-05-20 18:17:48,982 epoch:94, loss:1.6110850985166074
2025-05-20 18:52:10,586 epoch:95, loss:1.6156020928201689
2025-05-20 19:26:31,928 epoch:96, loss:1.6007100089133577
2025-05-20 20:00:55,006 epoch:97, loss:1.6015351338309287
2025-05-20 20:35:13,938 epoch:98, loss:1.5936768428917663
2025-05-20 21:09:37,282 epoch:99, loss:1.5979880745877926
2025-05-20 21:43:47,432 epoch:100, loss:1.5875300328756117
2025-05-20 21:43:47,432 ------------ validation ------------
2025-05-20 21:47:13,755 epoch:100
2025-05-20 21:47:13,757 recon error:1.0213605472322047
2025-05-20 21:47:13,757 nc error:0.029220769490451503
2025-05-20 21:47:13,757 edge error:1.8795001415105967
2025-05-20 21:47:13,757 -------------------------------------
2025-05-20 22:21:41,209 epoch:101, loss:1.655473788637827
2025-05-20 22:56:11,717 epoch:102, loss:1.6161241371607042
2025-05-20 23:30:33,434 epoch:103, loss:1.5834759587918537
2025-05-21 00:05:00,313 epoch:104, loss:1.6027974100983722
2025-05-21 00:39:21,420 epoch:105, loss:1.580426149585988
2025-05-21 01:13:46,917 epoch:106, loss:1.5749001067587132
2025-05-21 01:47:59,727 epoch:107, loss:1.5783703946926808
2025-05-21 02:22:27,221 epoch:108, loss:1.5732437077256822
2025-05-21 02:56:43,380 epoch:109, loss:1.570653376944462
2025-05-21 03:31:04,668 epoch:110, loss:1.5736831289679032
2025-05-21 03:31:04,669 ------------ validation ------------
2025-05-21 03:34:34,881 epoch:110
2025-05-21 03:34:34,882 recon error:0.9698598032166972
2025-05-21 03:34:34,882 nc error:0.02961267451562825
2025-05-21 03:34:34,882 edge error:1.9100515080626899
2025-05-21 03:34:34,882 -------------------------------------
2025-05-21 04:09:04,914 epoch:111, loss:1.6483959398494379
2025-05-21 04:43:30,041 epoch:112, loss:1.6035474034928785
2025-05-21 05:17:47,912 epoch:113, loss:1.580178015010873
2025-05-21 05:52:09,619 epoch:114, loss:1.56994301352831
2025-05-21 06:26:28,264 epoch:115, loss:1.5754172459617806
2025-05-21 07:00:55,201 epoch:116, loss:1.5610597374161845
2025-05-21 07:35:16,635 epoch:117, loss:1.5685495619219076
2025-05-21 08:09:46,027 epoch:118, loss:1.5543104371546996
2025-05-21 08:44:15,437 epoch:119, loss:1.5516137244599557
2025-05-21 09:18:41,827 epoch:120, loss:1.5492498265450412
2025-05-21 09:18:41,827 ------------ validation ------------
2025-05-21 09:22:10,916 epoch:120
2025-05-21 09:22:10,917 recon error:0.9525103717160648
2025-05-21 09:22:10,917 nc error:0.02887502087820211
2025-05-21 09:22:10,917 edge error:1.8853155303988935
2025-05-21 09:22:10,917 -------------------------------------
2025-05-21 09:56:40,952 epoch:121, loss:1.5462592791036232
2025-05-21 10:31:14,621 epoch:122, loss:1.550115017195689
2025-05-21 11:05:18,811 epoch:123, loss:1.556543387088579
2025-05-21 11:39:36,612 epoch:124, loss:1.5506463477467578
2025-05-21 12:13:54,118 epoch:125, loss:1.5599183662299378
2025-05-21 12:48:06,903 epoch:126, loss:1.5472454294364828
2025-05-21 13:22:24,020 epoch:127, loss:1.5533062461900782
2025-05-21 13:56:39,413 epoch:128, loss:1.5417218169688476
2025-05-21 14:30:35,544 epoch:129, loss:1.536285210252686
2025-05-21 15:04:29,957 epoch:130, loss:1.5382601826812452
2025-05-21 15:04:29,957 ------------ validation ------------
2025-05-21 15:08:00,807 epoch:130
2025-05-21 15:08:00,808 recon error:0.9806386623862227
2025-05-21 15:08:00,808 nc error:0.02864736068398642
2025-05-21 15:08:00,808 edge error:1.8508290038306332
2025-05-21 15:08:00,808 -------------------------------------
2025-05-21 15:41:46,293 epoch:131, loss:1.5511689770730852
2025-05-21 16:15:42,801 epoch:132, loss:1.5355405707422518
2025-05-21 16:49:35,829 epoch:133, loss:1.542901245237977
2025-05-21 17:23:33,534 epoch:134, loss:1.5265920139377351
2025-05-21 17:57:32,983 epoch:135, loss:1.5247819181394506
2025-05-21 18:31:42,239 epoch:136, loss:1.5265869058460129
2025-05-21 19:05:41,667 epoch:137, loss:1.5308397565920329
2025-05-21 19:39:45,497 epoch:138, loss:1.5176171836867072
2025-05-21 20:13:56,358 epoch:139, loss:1.516324188642544
2025-05-21 20:48:02,713 epoch:140, loss:1.5086646055437856
2025-05-21 20:48:02,714 ------------ validation ------------
2025-05-21 20:51:33,378 epoch:140
2025-05-21 20:51:33,379 recon error:0.939908850827866
2025-05-21 20:51:33,379 nc error:0.028462335125669924
2025-05-21 20:51:33,379 edge error:1.8638970527423204
2025-05-21 20:51:33,379 -------------------------------------
2025-05-21 21:25:44,208 epoch:141, loss:1.5121620431739908
2025-05-21 21:59:48,828 epoch:142, loss:1.513804633943954
2025-05-21 22:34:00,555 epoch:143, loss:1.5124869476537466
2025-05-21 23:08:02,208 epoch:144, loss:1.5070237651664835
2025-05-21 23:42:17,731 epoch:145, loss:1.5086578085074895
