2025-05-16 15:31:50,731 load dataset ...
2025-05-16 15:31:50,733 Loaded 679 samples from folds [0, 1, 2, 3] for train set.
2025-05-16 15:32:18,382 load dataset ...
2025-05-16 15:32:18,384 Loaded 679 samples from folds [0, 1, 2, 3] for train set.
2025-05-16 15:32:18,463 Loaded 169 samples from folds [4] for valid set.
2025-05-16 15:32:20,402 initalize model ...
2025-05-16 15:32:20,492 start training ...
2025-05-16 16:31:35,368 epoch:0, loss:18.35090355599225
2025-05-16 16:31:35,369 ------------ validation ------------
2025-05-16 16:34:56,362 epoch:0
2025-05-16 16:34:56,363 recon error:16.94706142019238
2025-05-16 16:34:56,363 nc error:0.008976516176081268
2025-05-16 16:34:56,363 edge error:1.1892086084072406
2025-05-16 16:34:56,363 -------------------------------------
2025-05-16 17:34:30,656 epoch:1, loss:14.585341839797367
2025-05-16 18:34:00,269 epoch:2, loss:9.43705264949658
2025-05-16 19:33:27,621 epoch:3, loss:5.879069701210213
2025-05-16 20:32:55,274 epoch:4, loss:4.460356185292285
2025-05-16 21:32:28,562 epoch:5, loss:3.778238981216049
2025-05-16 22:31:56,697 epoch:6, loss:3.4005522246915567
2025-05-16 23:31:28,397 epoch:7, loss:3.1244513963915637
2025-05-17 00:30:56,271 epoch:8, loss:2.94646528367617
2025-05-17 01:30:30,661 epoch:9, loss:2.7990484831083857
2025-05-17 02:29:58,543 epoch:10, loss:2.6982839156671896
2025-05-17 02:29:58,544 ------------ validation ------------
2025-05-17 02:33:23,211 epoch:10
2025-05-17 02:33:23,213 recon error:10.270387968368079
2025-05-17 02:33:23,213 nc error:0.020110557737523283
2025-05-17 02:33:23,213 edge error:1.5389205548890244
2025-05-17 02:33:23,214 -------------------------------------
2025-05-17 03:32:54,418 epoch:11, loss:2.619939507721801
2025-05-17 04:32:26,541 epoch:12, loss:2.5359959252979687
2025-05-17 05:32:01,038 epoch:13, loss:2.468206101208267
2025-05-17 06:31:35,096 epoch:14, loss:2.450837698003856
2025-05-17 07:31:09,745 epoch:15, loss:2.37091275079612
2025-05-17 08:30:41,399 epoch:16, loss:2.2953796604420544
2025-05-17 09:30:10,115 epoch:17, loss:2.252328126525317
2025-05-17 10:29:43,733 epoch:18, loss:2.2616372008386874
2025-05-17 11:29:19,677 epoch:19, loss:2.186967919782265
2025-05-17 12:28:57,329 epoch:20, loss:2.14922915133531
2025-05-17 12:28:57,330 ------------ validation ------------
2025-05-17 12:32:22,453 epoch:20
2025-05-17 12:32:22,454 recon error:8.81158529654057
2025-05-17 12:32:22,454 nc error:0.027458961325636983
2025-05-17 12:32:22,454 edge error:1.718514220249018
2025-05-17 12:32:22,454 -------------------------------------
2025-05-17 13:31:54,942 epoch:21, loss:2.1295370193574144
2025-05-17 14:31:30,658 epoch:22, loss:2.0877917109603206
2025-05-17 15:31:05,161 epoch:23, loss:2.0740264606756735
2025-05-17 16:30:41,022 epoch:24, loss:2.0320830601480115
2025-05-17 17:30:19,364 epoch:25, loss:2.046937547481464
2025-05-17 18:29:56,034 epoch:26, loss:2.010504228552592
2025-05-17 19:29:41,042 epoch:27, loss:1.9910975115288692
2025-05-17 20:29:18,956 epoch:28, loss:2.0459210640903076
2025-05-17 21:28:50,259 epoch:29, loss:1.9945494768721366
2025-05-17 22:28:25,210 epoch:30, loss:1.925974707364685
2025-05-17 22:28:25,211 ------------ validation ------------
2025-05-17 22:31:50,305 epoch:30
2025-05-17 22:31:50,306 recon error:7.2713184159182935
2025-05-17 22:31:50,306 nc error:0.030868305874294077
2025-05-17 22:31:50,306 edge error:1.7696891247168096
2025-05-17 22:31:50,306 -------------------------------------
2025-05-17 23:31:23,423 epoch:31, loss:1.9110837893914403
2025-05-18 00:30:53,988 epoch:32, loss:1.9415388500567563
2025-05-18 01:30:22,973 epoch:33, loss:1.9279943205997765
2025-05-18 02:29:47,575 epoch:34, loss:1.9017880280695538
2025-05-18 03:29:17,184 epoch:35, loss:1.8621562954603486
2025-05-18 04:28:47,730 epoch:36, loss:1.8533285094290664
2025-05-18 05:28:18,511 epoch:37, loss:1.855098472779208
2025-05-18 06:27:48,802 epoch:38, loss:1.846912443198933
2025-05-18 07:27:14,328 epoch:39, loss:1.80458876521317
2025-05-18 08:26:46,133 epoch:40, loss:1.8088456378242932
2025-05-18 08:26:46,133 ------------ validation ------------
2025-05-18 08:30:10,188 epoch:40
2025-05-18 08:30:10,189 recon error:5.881355483151046
2025-05-18 08:30:10,190 nc error:0.035835109728239695
2025-05-18 08:30:10,190 edge error:1.8733833146518504
2025-05-18 08:30:10,190 -------------------------------------
2025-05-18 09:29:44,122 epoch:41, loss:1.8368899825746428
2025-05-18 10:29:10,796 epoch:42, loss:1.778075128486476
2025-05-18 11:28:41,908 epoch:43, loss:1.7788477149381905
2025-05-18 12:28:17,119 epoch:44, loss:1.7804588160212858
2025-05-18 13:27:53,730 epoch:45, loss:1.7611455394171827
2025-05-18 14:27:26,529 epoch:46, loss:1.7712758040393048
2025-05-18 15:26:59,072 epoch:47, loss:1.7565722342618961
2025-05-18 16:26:34,220 epoch:48, loss:1.7490575792863197
2025-05-18 17:26:08,642 epoch:49, loss:1.9698592519198321
2025-05-18 18:25:42,068 epoch:50, loss:1.816583143418246
2025-05-18 18:25:42,069 ------------ validation ------------
2025-05-18 18:29:07,287 epoch:50
2025-05-18 18:29:07,288 recon error:6.239720409438455
2025-05-18 18:29:07,289 nc error:0.036359824945588086
2025-05-18 18:29:07,289 edge error:1.8900182783250978
2025-05-18 18:29:07,289 -------------------------------------
2025-05-18 19:28:45,313 epoch:51, loss:1.7454069728177144
2025-05-18 20:28:16,191 epoch:52, loss:1.7324949606528866
2025-05-18 21:27:52,003 epoch:53, loss:1.7169498652878146
2025-05-18 22:27:28,606 epoch:54, loss:1.7443044166326171
2025-05-18 23:27:06,357 epoch:55, loss:1.7100768831938462
2025-05-19 00:26:41,090 epoch:56, loss:2.0616501278308426
2025-05-19 01:26:16,514 epoch:57, loss:1.812240519825594
2025-05-19 02:25:47,911 epoch:58, loss:1.7728234513694303
2025-05-19 03:25:24,102 epoch:59, loss:1.7202508209029073
2025-05-19 04:25:00,455 epoch:60, loss:1.7048817409506953
2025-05-19 04:25:00,455 ------------ validation ------------
2025-05-19 04:28:25,700 epoch:60
2025-05-19 04:28:25,702 recon error:7.185453587029812
2025-05-19 04:28:25,702 nc error:0.03789060714946696
2025-05-19 04:28:25,702 edge error:1.9005891176370473
2025-05-19 04:28:25,702 -------------------------------------
2025-05-19 05:28:01,696 epoch:61, loss:1.6951258633730162
2025-05-19 06:27:33,423 epoch:62, loss:1.712268147096367
2025-05-19 07:27:06,342 epoch:63, loss:1.7095930502586758
2025-05-19 08:26:45,941 epoch:64, loss:1.6766340832647062
2025-05-19 09:26:20,268 epoch:65, loss:1.7022182649997268
2025-05-19 10:26:00,820 epoch:66, loss:1.6858736768211287
2025-05-19 11:25:52,646 epoch:67, loss:1.6596274091498666
2025-05-19 12:25:43,585 epoch:68, loss:1.674987212196541
2025-05-19 13:25:19,990 epoch:69, loss:1.6487634935154303
2025-05-19 14:24:53,859 epoch:70, loss:1.6674434796348763
2025-05-19 14:24:53,859 ------------ validation ------------
2025-05-19 14:28:18,820 epoch:70
2025-05-19 14:28:18,821 recon error:5.769090141770402
2025-05-19 14:28:18,821 nc error:0.0405008134228238
2025-05-19 14:28:18,821 edge error:1.9550902709453064
2025-05-19 14:28:18,822 -------------------------------------
