2025-05-16 05:17:55,486 load dataset ...
2025-05-16 05:17:55,487 Loaded 679 samples from folds [0, 1, 2, 3] for train set.
2025-05-16 05:17:55,568 Loaded 169 samples from folds [4] for valid set.
2025-05-16 05:17:57,599 initalize model ...
2025-05-16 05:17:57,703 start training ...
2025-05-16 06:11:08,359 epoch:0, loss:18.08581705051248
2025-05-16 06:11:08,359 ------------ validation ------------
2025-05-16 06:14:35,976 epoch:0
2025-05-16 06:14:35,977 recon error:17.338646984664646
2025-05-16 06:14:35,977 nc error:0.008969905405972131
2025-05-16 06:14:35,977 edge error:1.1916208401234192
2025-05-16 06:14:35,977 -------------------------------------
2025-05-16 07:07:51,748 epoch:1, loss:14.55288081527283
2025-05-16 08:01:04,230 epoch:2, loss:9.331447886437484
2025-05-16 08:54:16,589 epoch:3, loss:6.035454742336133
2025-05-16 09:47:23,798 epoch:4, loss:4.8932557997893165
2025-05-16 10:40:39,545 epoch:5, loss:4.203084218133356
2025-05-16 11:34:03,997 epoch:6, loss:3.715035752098409
2025-05-16 12:27:29,455 epoch:7, loss:3.4427271682840384
2025-05-16 13:21:06,543 epoch:8, loss:3.2556417206074597
2025-05-16 14:14:47,761 epoch:9, loss:3.067144216248143
2025-05-16 15:08:29,427 epoch:10, loss:2.898862492880168
2025-05-16 15:08:29,427 ------------ validation ------------
2025-05-16 15:12:05,262 epoch:10
2025-05-16 15:12:05,262 recon error:16.22347448563435
2025-05-16 15:12:05,263 nc error:0.01407711616766876
2025-05-16 15:12:05,263 edge error:1.375573473569204
2025-05-16 15:12:05,263 -------------------------------------
2025-05-16 16:05:26,206 epoch:11, loss:2.778962681676221
2025-05-16 16:59:02,284 epoch:12, loss:2.7005366123828694
2025-05-16 17:52:34,910 epoch:13, loss:2.6363758700234547
2025-05-16 18:46:08,773 epoch:14, loss:2.5546003725813136
2025-05-16 19:39:42,988 epoch:15, loss:2.4754170490118823
2025-05-16 20:33:13,193 epoch:16, loss:2.413389444526762
2025-05-16 21:26:49,419 epoch:17, loss:2.3855379091271245
2025-05-16 22:20:26,060 epoch:18, loss:2.3296420842804157
2025-05-16 23:13:59,155 epoch:19, loss:2.273539063681208
2025-05-17 00:07:37,358 epoch:20, loss:2.232441622484064
2025-05-17 00:07:37,359 ------------ validation ------------
2025-05-17 00:11:06,801 epoch:20
2025-05-17 00:11:06,802 recon error:12.3445037074343
2025-05-17 00:11:06,802 nc error:0.019114623254043814
2025-05-17 00:11:06,802 edge error:1.4545854351224279
2025-05-17 00:11:06,802 -------------------------------------
2025-05-17 01:04:38,807 epoch:21, loss:2.174893832522745
2025-05-17 01:58:11,916 epoch:22, loss:2.1468813547505197
2025-05-17 02:51:43,097 epoch:23, loss:2.148039807627233
2025-05-17 03:45:09,457 epoch:24, loss:2.110796293734802
2025-05-17 04:38:37,654 epoch:25, loss:2.06688279975672
2025-05-17 05:32:06,634 epoch:26, loss:2.051610022476039
2025-05-17 06:25:30,671 epoch:27, loss:2.021761695660969
2025-05-17 07:18:54,431 epoch:28, loss:2.0133418201171245
2025-05-17 08:12:23,919 epoch:29, loss:1.9930103560786183
2025-05-17 09:05:54,130 epoch:30, loss:1.9695040417700698
2025-05-17 09:05:54,130 ------------ validation ------------
2025-05-17 09:09:27,080 epoch:30
2025-05-17 09:09:27,081 recon error:12.951182681427905
2025-05-17 09:09:27,081 nc error:0.022520216413327222
2025-05-17 09:09:27,081 edge error:1.543034834269236
2025-05-17 09:09:27,081 -------------------------------------
2025-05-17 10:03:05,801 epoch:31, loss:1.9708857125491561
2025-05-17 10:56:40,383 epoch:32, loss:1.960826400277892
2025-05-17 11:51:05,898 epoch:33, loss:1.9372339847337163
2025-05-17 12:45:34,327 epoch:34, loss:1.9205108459638391
2025-05-17 13:39:53,949 epoch:35, loss:1.948796565648558
2025-05-17 14:34:23,894 epoch:36, loss:1.9163107620949948
2025-05-17 15:28:41,291 epoch:37, loss:1.87554369969993
2025-05-17 16:22:58,169 epoch:38, loss:1.844526103915803
2025-05-17 17:17:09,187 epoch:39, loss:1.842439337928446
2025-05-17 18:11:28,196 epoch:40, loss:1.8367425940700413
2025-05-17 18:11:28,196 ------------ validation ------------
2025-05-17 18:14:57,309 epoch:40
2025-05-17 18:14:57,310 recon error:10.441525992557143
2025-05-17 18:14:57,310 nc error:0.025587944787811245
2025-05-17 18:14:57,310 edge error:1.577407549824235
2025-05-17 18:14:57,310 -------------------------------------
2025-05-17 19:08:58,720 epoch:41, loss:1.8541479779624097
2025-05-17 20:03:08,057 epoch:42, loss:1.8190528803967236
2025-05-17 20:57:05,953 epoch:43, loss:1.8321621923629243
2025-05-17 21:51:05,146 epoch:44, loss:1.8195515862269676
2025-05-17 22:45:23,707 epoch:45, loss:1.7628123503897082
2025-05-17 23:39:25,051 epoch:46, loss:1.7701596220041762
