2025-05-22 15:27:59,901 load dataset ...
2025-05-22 15:27:59,903 Loaded 679 samples from folds [0, 1, 2, 3] for train set.
2025-05-22 15:27:59,996 load dataset ...
2025-05-22 15:27:59,997 Loaded 169 samples from folds [4] for valid set.
2025-05-22 15:28:01,871 initalize model ...
2025-05-22 15:28:01,969 start training ...
2025-05-22 15:43:21,910 epoch:0, loss:17.871658287273064
2025-05-22 15:43:21,910 ------------ validation ------------
2025-05-22 15:45:09,987 epoch:0
2025-05-22 15:45:09,988 recon error:16.815895932665942
2025-05-22 15:45:09,988 nc error:0.009055695309132866
2025-05-22 15:45:09,988 edge error:1.1976096185706777
2025-05-22 15:45:09,988 -------------------------------------
2025-05-22 16:00:27,772 epoch:1, loss:14.18364279751223
2025-05-22 16:15:48,233 epoch:2, loss:9.834857068462119
2025-05-22 16:31:09,613 epoch:3, loss:7.744733560418872
2025-05-22 16:46:32,230 epoch:4, loss:6.335330569867006
2025-05-22 17:01:54,797 epoch:5, loss:5.432906863615685
2025-05-22 17:17:18,046 epoch:6, loss:4.989192171195119
2025-05-22 17:32:40,024 epoch:7, loss:4.415417885042958
2025-05-22 17:48:04,258 epoch:8, loss:4.052865221503908
2025-05-22 18:03:28,456 epoch:9, loss:3.6881526780584952
2025-05-22 18:18:51,513 epoch:10, loss:3.43268182140738
2025-05-22 18:18:51,513 ------------ validation ------------
2025-05-22 18:20:42,384 epoch:10
2025-05-22 18:20:42,385 recon error:2.4117221049303135
2025-05-22 18:20:42,385 nc error:0.05649375346814387
2025-05-22 18:20:42,385 edge error:2.3276440730461707
2025-05-22 18:20:42,385 -------------------------------------
2025-05-22 18:36:06,328 epoch:11, loss:3.221820319699609
2025-05-22 18:51:31,087 epoch:12, loss:3.0484632936598453
2025-05-22 19:06:55,856 epoch:13, loss:2.9627215167032954
2025-05-22 19:22:20,667 epoch:14, loss:2.827140210478927
2025-05-22 19:37:45,251 epoch:15, loss:2.7601150623653004
2025-05-22 19:53:09,879 epoch:16, loss:2.7179063528732277
2025-05-22 20:08:34,152 epoch:17, loss:2.572889251456169
2025-05-22 20:23:57,859 epoch:18, loss:2.5342900781111792
2025-05-22 20:39:22,475 epoch:19, loss:2.4908788467542062
2025-05-22 20:54:47,414 epoch:20, loss:2.4515103468663213
2025-05-22 20:54:47,414 ------------ validation ------------
2025-05-22 20:56:40,654 epoch:20
2025-05-22 20:56:40,655 recon error:1.6829443140142768
2025-05-22 20:56:40,655 nc error:0.04285319354495353
2025-05-22 20:56:40,655 edge error:2.161662326056576
2025-05-22 20:56:40,655 -------------------------------------
2025-05-22 21:12:05,317 epoch:21, loss:2.387729617562666
2025-05-22 21:27:29,226 epoch:22, loss:2.3476332491030574
2025-05-22 21:42:54,121 epoch:23, loss:2.32938206687416
2025-05-22 21:58:18,286 epoch:24, loss:2.38846828238778
2025-05-22 22:13:43,463 epoch:25, loss:2.272258392138755
2025-05-22 22:29:08,759 epoch:26, loss:2.2250581261686793
2025-05-22 22:44:32,682 epoch:27, loss:2.180007796224333
2025-05-22 22:59:57,864 epoch:28, loss:2.1765877340257784
2025-05-22 23:15:23,925 epoch:29, loss:2.1574132867344
2025-05-22 23:30:49,448 epoch:30, loss:2.1158891034933887
2025-05-22 23:30:49,448 ------------ validation ------------
2025-05-22 23:32:40,150 epoch:30
2025-05-22 23:32:40,151 recon error:1.356031814270471
2025-05-22 23:32:40,151 nc error:0.03863583137033254
2025-05-22 23:32:40,151 edge error:2.0403168998526398
2025-05-22 23:32:40,151 -------------------------------------
2025-05-22 23:48:05,766 epoch:31, loss:2.1028970060362555
2025-05-23 00:03:31,339 epoch:32, loss:2.0875456442011298
2025-05-23 00:18:58,912 epoch:33, loss:2.049571367005361
2025-05-23 00:34:25,944 epoch:34, loss:2.029946303156936
2025-05-23 00:49:52,599 epoch:35, loss:2.0343294098029605
2025-05-23 01:05:19,975 epoch:36, loss:1.9932990520095264
2025-05-23 01:20:46,152 epoch:37, loss:1.98080012794798
2025-05-23 01:36:12,667 epoch:38, loss:1.9734464185051785
2025-05-23 01:51:40,051 epoch:39, loss:1.9496441410637744
2025-05-23 02:07:05,031 epoch:40, loss:1.9513369454550988
2025-05-23 02:07:05,031 ------------ validation ------------
2025-05-23 02:08:55,764 epoch:40
2025-05-23 02:08:55,765 recon error:1.3854343813551953
2025-05-23 02:08:55,765 nc error:0.03562206835568656
2025-05-23 02:08:55,765 edge error:1.9991580198502399
2025-05-23 02:08:55,765 -------------------------------------
2025-05-23 02:24:21,779 epoch:41, loss:1.9251265764587582
2025-05-23 02:39:46,690 epoch:42, loss:1.9089336231987326
2025-05-23 02:55:12,865 epoch:43, loss:1.910276812727567
2025-05-23 03:10:38,639 epoch:44, loss:1.8810457753151963
2025-05-23 03:26:04,697 epoch:45, loss:1.884328008575889
2025-05-23 03:41:30,545 epoch:46, loss:1.8560580706912393
2025-05-23 03:56:56,832 epoch:47, loss:1.8698657315679783
2025-05-23 04:12:22,540 epoch:48, loss:1.8398236982601206
2025-05-23 04:27:48,481 epoch:49, loss:1.8360610559516872
2025-05-23 04:43:14,607 epoch:50, loss:1.815501156717056
2025-05-23 04:43:14,608 ------------ validation ------------
2025-05-23 04:45:04,202 epoch:50
2025-05-23 04:45:04,202 recon error:1.1904359798459612
2025-05-23 04:45:04,202 nc error:0.03286103973683168
2025-05-23 04:45:04,203 edge error:1.9165503753007516
2025-05-23 04:45:04,203 -------------------------------------
2025-05-23 05:00:31,151 epoch:51, loss:1.813233070766803
2025-05-23 05:15:57,757 epoch:52, loss:1.812946265681327
2025-05-23 05:31:24,050 epoch:53, loss:1.7931835240573348
2025-05-23 05:46:49,847 epoch:54, loss:1.7821824536583386
2025-05-23 06:02:16,222 epoch:55, loss:1.774001151542776
2025-05-23 06:17:41,541 epoch:56, loss:1.7685489552712756
2025-05-23 06:33:07,967 epoch:57, loss:1.7504173682259179
2025-05-23 06:48:34,728 epoch:58, loss:1.7482534160670196
2025-05-23 07:04:01,397 epoch:59, loss:1.7495619042808073
2025-05-23 07:19:28,021 epoch:60, loss:1.7341426119361956
2025-05-23 07:19:28,021 ------------ validation ------------
2025-05-23 07:21:18,667 epoch:60
2025-05-23 07:21:18,668 recon error:1.1374277236193595
2025-05-23 07:21:18,668 nc error:0.03189322733755648
2025-05-23 07:21:18,668 edge error:1.8860956881878643
2025-05-23 07:21:18,668 -------------------------------------
2025-05-23 07:36:46,018 epoch:61, loss:1.724213646508106
2025-05-23 07:52:12,069 epoch:62, loss:1.7350779550591695
2025-05-23 08:07:39,072 epoch:63, loss:1.7157834345181315
2025-05-23 08:23:05,834 epoch:64, loss:1.7029704099551217
2025-05-23 08:38:32,785 epoch:65, loss:1.6994511069886287
2025-05-23 08:53:59,610 epoch:66, loss:1.7088627413200526
2025-05-23 09:09:25,868 epoch:67, loss:1.6811655791413276
2025-05-23 09:24:52,634 epoch:68, loss:1.683694186372153
2025-05-23 09:40:18,420 epoch:69, loss:1.6786366276256466
2025-05-23 09:55:44,408 epoch:70, loss:1.673081168194407
2025-05-23 09:55:44,408 ------------ validation ------------
2025-05-23 09:57:36,737 epoch:70
2025-05-23 09:57:36,738 recon error:1.082943903271263
2025-05-23 09:57:36,738 nc error:0.031201232114487144
2025-05-23 09:57:36,738 edge error:1.882021550596113
2025-05-23 09:57:36,738 -------------------------------------
2025-05-23 10:13:04,344 epoch:71, loss:1.6633137578641193
2025-05-23 10:28:31,097 epoch:72, loss:1.6590098216361606
2025-05-23 10:43:57,385 epoch:73, loss:1.6569550077764206
2025-05-23 10:59:23,768 epoch:74, loss:1.64836214076788
2025-05-23 11:14:51,591 epoch:75, loss:1.6399324249273197
2025-05-23 11:30:18,911 epoch:76, loss:1.6403498050917231
2025-05-23 11:45:46,511 epoch:77, loss:1.6400322289108704
2025-05-23 12:01:13,382 epoch:78, loss:1.6351206420272018
2025-05-23 12:16:40,687 epoch:79, loss:1.6263448479249305
2025-05-23 12:32:08,097 epoch:80, loss:1.619183025058134
2025-05-23 12:32:08,097 ------------ validation ------------
2025-05-23 12:34:02,405 epoch:80
2025-05-23 12:34:02,405 recon error:1.081435110794722
2025-05-23 12:34:02,405 nc error:0.02916363678519895
2025-05-23 12:34:02,405 edge error:1.8286550976115572
2025-05-23 12:34:02,405 -------------------------------------
2025-05-23 12:49:30,348 epoch:81, loss:1.629827633170913
2025-05-23 13:04:58,108 epoch:82, loss:1.61469413658305
2025-05-23 13:20:26,305 epoch:83, loss:1.6123576245005948
2025-05-23 13:35:53,211 epoch:84, loss:1.6048430627505452
2025-05-23 13:51:20,425 epoch:85, loss:1.5977548898056435
2025-05-23 14:06:46,786 epoch:86, loss:1.596074836243586
2025-05-23 14:22:14,205 epoch:87, loss:1.5884174777411573
2025-05-23 14:37:41,346 epoch:88, loss:1.5897271150341792
2025-05-23 14:53:08,821 epoch:89, loss:1.589876988323869
2025-05-23 15:08:37,064 epoch:90, loss:1.5813938115938773
2025-05-23 15:08:37,064 ------------ validation ------------
2025-05-23 15:10:32,389 epoch:90
2025-05-23 15:10:32,389 recon error:1.0171038825836407
2025-05-23 15:10:32,390 nc error:0.029279597731825164
2025-05-23 15:10:32,390 edge error:1.8702450024305717
2025-05-23 15:10:32,390 -------------------------------------
2025-05-23 15:25:59,113 epoch:91, loss:1.5793318079567797
2025-05-23 15:41:26,031 epoch:92, loss:1.574065654899305
2025-05-23 15:56:53,958 epoch:93, loss:1.5796051597735667
2025-05-23 16:12:21,545 epoch:94, loss:1.5661583717511927
2025-05-23 16:27:49,319 epoch:95, loss:1.5631482789021354
2025-05-23 16:43:16,339 epoch:96, loss:1.5608340217368417
2025-05-23 16:58:43,770 epoch:97, loss:1.65000869406165
2025-05-23 17:14:10,511 epoch:98, loss:1.837713741237882
2025-05-23 17:29:37,922 epoch:99, loss:1.6151967455958056
2025-05-23 17:45:05,605 epoch:100, loss:1.5864832099302177
2025-05-23 17:45:05,606 ------------ validation ------------
2025-05-23 17:46:58,139 epoch:100
2025-05-23 17:46:58,139 recon error:1.0096696565842487
2025-05-23 17:46:58,140 nc error:0.029056640231662247
2025-05-23 17:46:58,140 edge error:1.8493945979507718
2025-05-23 17:46:58,140 -------------------------------------
2025-05-23 18:02:24,160 epoch:101, loss:1.5690618721831353
2025-05-23 18:17:50,613 epoch:102, loss:1.566353416407758
2025-05-23 18:33:17,928 epoch:103, loss:1.555285900962897
2025-05-23 18:48:44,422 epoch:104, loss:1.5484005818486388
2025-05-23 19:04:10,875 epoch:105, loss:1.5498319978390949
2025-05-23 19:19:37,335 epoch:106, loss:1.5407888092243267
2025-05-23 19:35:04,184 epoch:107, loss:1.539977734499722
2025-05-23 19:50:30,940 epoch:108, loss:1.5411691282915612
2025-05-23 20:05:58,059 epoch:109, loss:1.5407668489068527
2025-05-23 20:21:24,438 epoch:110, loss:1.7396934885690771
2025-05-23 20:21:24,438 ------------ validation ------------
2025-05-23 20:23:16,894 epoch:110
2025-05-23 20:23:16,894 recon error:1.0479926396403791
2025-05-23 20:23:16,894 nc error:0.030507728347235176
2025-05-23 20:23:16,894 edge error:1.8677009132486828
2025-05-23 20:23:16,894 -------------------------------------
2025-05-23 20:38:44,554 epoch:111, loss:1.5782903029044353
2025-05-23 20:54:11,647 epoch:112, loss:1.5478309875735479
2025-05-23 21:09:38,509 epoch:113, loss:1.5384946331184286
2025-05-23 21:25:06,464 epoch:114, loss:1.5334993369098264
2025-05-23 21:40:34,151 epoch:115, loss:1.5247904222036146
2025-05-23 21:56:02,113 epoch:116, loss:1.5278842298201503
2025-05-23 22:11:28,529 epoch:117, loss:1.5249154242921472
2025-05-23 22:26:56,456 epoch:118, loss:1.5198124452262283
2025-05-23 22:42:24,312 epoch:119, loss:1.5189415451704316
2025-05-23 22:57:52,765 epoch:120, loss:1.517733623774308
2025-05-23 22:57:52,766 ------------ validation ------------
2025-05-23 22:59:46,241 epoch:120
2025-05-23 22:59:46,241 recon error:0.988111224047531
2025-05-23 22:59:46,241 nc error:0.027455865025255807
2025-05-23 22:59:46,241 edge error:1.808733212171927
2025-05-23 22:59:46,241 -------------------------------------
2025-05-23 23:15:13,890 epoch:121, loss:1.5109412429610127
2025-05-23 23:30:41,238 epoch:122, loss:1.51477014632218
2025-05-23 23:46:07,579 epoch:123, loss:1.5079381127069555
2025-05-24 00:01:34,154 epoch:124, loss:1.50828663116
2025-05-24 00:17:01,348 epoch:125, loss:1.504151243524453
2025-05-24 00:32:28,279 epoch:126, loss:1.5015269068449693
2025-05-24 00:47:55,696 epoch:127, loss:1.5060210268346481
2025-05-24 01:03:23,385 epoch:128, loss:1.5027818328677642
2025-05-24 01:18:51,463 epoch:129, loss:1.497932635807324
2025-05-24 01:34:19,230 epoch:130, loss:1.4952387599074262
2025-05-24 01:34:19,230 ------------ validation ------------
2025-05-24 01:36:10,051 epoch:130
2025-05-24 01:36:10,052 recon error:0.98034337180606
2025-05-24 01:36:10,052 nc error:0.027044642529279524
2025-05-24 01:36:10,052 edge error:1.814325420814153
2025-05-24 01:36:10,052 -------------------------------------
2025-05-24 01:51:38,223 epoch:131, loss:1.488850688548081
2025-05-24 02:07:05,382 epoch:132, loss:1.493721735319438
2025-05-24 02:22:32,243 epoch:133, loss:1.4903711531755675
2025-05-24 02:38:00,175 epoch:134, loss:1.4882571793796389
2025-05-24 02:53:27,787 epoch:135, loss:1.4861881104414523
2025-05-24 03:08:55,085 epoch:136, loss:1.4832788467056095
2025-05-24 03:24:23,088 epoch:137, loss:1.4805024793818702
2025-05-24 03:39:51,668 epoch:138, loss:1.481697703847478
2025-05-24 03:55:19,289 epoch:139, loss:1.4762719107657363
2025-05-24 04:10:47,308 epoch:140, loss:1.4735031329830546
2025-05-24 04:10:47,308 ------------ validation ------------
2025-05-24 04:12:39,384 epoch:140
2025-05-24 04:12:39,385 recon error:0.968006481785746
2025-05-24 04:12:39,385 nc error:0.027483697297305047
2025-05-24 04:12:39,385 edge error:1.8197451195067909
2025-05-24 04:12:39,385 -------------------------------------
2025-05-24 04:28:06,314 epoch:141, loss:1.4737208981577181
2025-05-24 04:43:33,898 epoch:142, loss:1.473329825850755
2025-05-24 04:59:01,442 epoch:143, loss:1.469553301717115
2025-05-24 05:14:28,665 epoch:144, loss:1.4723658057832227
2025-05-24 05:29:55,121 epoch:145, loss:1.4659167737075962
2025-05-24 05:45:22,500 epoch:146, loss:1.463423456464495
2025-05-24 06:00:49,499 epoch:147, loss:1.4625126476315933
2025-05-24 06:16:15,822 epoch:148, loss:1.4607031394525902
2025-05-24 06:31:43,366 epoch:149, loss:1.4595290892956359
2025-05-24 06:47:10,420 epoch:150, loss:1.4588587751093598
2025-05-24 06:47:10,420 ------------ validation ------------
2025-05-24 06:49:02,665 epoch:150
2025-05-24 06:49:02,666 recon error:0.9984384884495707
2025-05-24 06:49:02,666 nc error:0.026471142519331543
2025-05-24 06:49:02,666 edge error:1.779003601102434
2025-05-24 06:49:02,666 -------------------------------------
2025-05-24 07:04:29,879 epoch:151, loss:1.4608053137522208
2025-05-24 07:19:57,175 epoch:152, loss:1.4525853727281708
2025-05-24 07:35:24,485 epoch:153, loss:1.4533019452102054
2025-05-24 07:50:51,532 epoch:154, loss:1.4500993434038008
2025-05-24 08:06:18,381 epoch:155, loss:1.4518032649830972
2025-05-24 08:21:45,438 epoch:156, loss:1.4471398061786027
2025-05-24 08:37:12,711 epoch:157, loss:1.4457376930253671
2025-05-24 08:52:41,519 epoch:158, loss:1.4440574833851676
2025-05-24 09:08:09,760 epoch:159, loss:1.4439166375217802
2025-05-24 09:23:37,384 epoch:160, loss:1.4432789803604664
2025-05-24 09:23:37,385 ------------ validation ------------
2025-05-24 09:25:31,266 epoch:160
2025-05-24 09:25:31,267 recon error:0.9589443238529228
2025-05-24 09:25:31,267 nc error:0.026660736253452017
2025-05-24 09:25:31,267 edge error:1.8020997752804728
2025-05-24 09:25:31,267 -------------------------------------
2025-05-24 09:40:58,573 epoch:161, loss:1.4399708685011154
2025-05-24 09:56:25,576 epoch:162, loss:1.4423694356025056
2025-05-24 10:11:53,715 epoch:163, loss:1.4357732516851973
2025-05-24 10:27:21,442 epoch:164, loss:1.4371910081169568
2025-05-24 10:42:48,969 epoch:165, loss:1.4390814018179285
2025-05-24 10:58:16,567 epoch:166, loss:1.496075227439667
2025-05-24 11:13:43,699 epoch:167, loss:1.841011525956099
2025-05-24 11:29:10,568 epoch:168, loss:1.6264381320908423
2025-05-24 11:44:37,774 epoch:169, loss:1.5315241279939138
2025-05-24 12:00:04,822 epoch:170, loss:1.4974196116948866
2025-05-24 12:00:04,822 ------------ validation ------------
2025-05-24 12:02:00,199 epoch:170
2025-05-24 12:02:00,200 recon error:0.9676584224023762
2025-05-24 12:02:00,200 nc error:0.02784665560449016
2025-05-24 12:02:00,200 edge error:1.8295159354012394
2025-05-24 12:02:00,200 -------------------------------------
2025-05-24 12:17:28,224 epoch:171, loss:1.4759404917353207
2025-05-24 12:32:55,552 epoch:172, loss:1.4640508811147295
2025-05-24 12:48:22,630 epoch:173, loss:1.4573128836144404
2025-05-24 13:03:49,113 epoch:174, loss:1.451773118375854
2025-05-24 13:19:15,176 epoch:175, loss:1.442563187566878
2025-05-24 13:34:41,442 epoch:176, loss:1.440752888989905
2025-05-24 13:50:08,091 epoch:177, loss:1.4397644926416682
2025-05-24 14:05:34,558 epoch:178, loss:1.4331937373474526
2025-05-24 14:21:00,789 epoch:179, loss:1.4303137527474248
2025-05-24 14:36:27,532 epoch:180, loss:1.5627593837886917
2025-05-24 14:36:27,532 ------------ validation ------------
2025-05-24 14:38:21,142 epoch:180
2025-05-24 14:38:21,143 recon error:0.9834886482481421
2025-05-24 14:38:21,143 nc error:0.02863686390706068
2025-05-24 14:38:21,143 edge error:1.855265158873338
2025-05-24 14:38:21,143 -------------------------------------
2025-05-24 14:53:47,943 epoch:181, loss:1.4743854216518038
2025-05-24 15:09:14,947 epoch:182, loss:1.4469149358493765
2025-05-24 15:24:42,426 epoch:183, loss:1.4397680195863187
2025-05-24 15:40:09,674 epoch:184, loss:1.4352011196040966
2025-05-24 15:55:37,071 epoch:185, loss:1.4289992394608848
2025-05-24 16:11:04,227 epoch:186, loss:1.4261324331932461
2025-05-24 16:26:31,553 epoch:187, loss:1.4236756152362289
2025-05-24 16:41:59,038 epoch:188, loss:1.422173379096086
2025-05-24 16:57:26,025 epoch:189, loss:1.4225537215135937
2025-05-24 17:12:51,705 epoch:190, loss:1.4205964668509887
2025-05-24 17:12:51,706 ------------ validation ------------
2025-05-24 17:14:43,214 epoch:190
2025-05-24 17:14:43,214 recon error:0.95827147558596
2025-05-24 17:14:43,215 nc error:0.0262505420478138
2025-05-24 17:14:43,215 edge error:1.7867436493642233
2025-05-24 17:14:43,215 -------------------------------------
2025-05-24 17:30:08,140 epoch:191, loss:1.4177539494322045
2025-05-24 17:45:34,549 epoch:192, loss:1.4195635641797477
2025-05-24 18:01:00,191 epoch:193, loss:1.414058132094382
2025-05-24 18:16:25,753 epoch:194, loss:1.4167293378636132
2025-05-24 18:31:52,499 epoch:195, loss:1.4137845811857916
2025-05-24 18:47:17,548 epoch:196, loss:1.4178151640168697
2025-05-24 19:02:43,653 epoch:197, loss:1.4138400914567208
2025-05-24 19:18:10,149 epoch:198, loss:1.4134325261319685
2025-05-24 19:33:36,307 epoch:199, loss:1.4772867081969405
2025-05-24 19:49:01,297 epoch:200, loss:1.451496880079053
2025-05-24 19:49:01,297 ------------ validation ------------
2025-05-24 19:50:53,903 epoch:200
2025-05-24 19:50:53,903 recon error:0.9474332011662997
2025-05-24 19:50:53,904 nc error:0.026412655505731967
2025-05-24 19:50:53,904 edge error:1.8004857964769623
2025-05-24 19:50:53,904 -------------------------------------
2025-05-24 20:06:20,082 epoch:201, loss:1.4249059121633314
2025-05-24 20:21:45,908 epoch:202, loss:1.413627983895247
2025-05-24 20:37:12,137 epoch:203, loss:1.4101647803990585
2025-05-24 20:52:38,850 epoch:204, loss:1.4064480529793584
2025-05-24 21:08:05,726 epoch:205, loss:1.406183391853355
2025-05-24 21:23:33,713 epoch:206, loss:1.404278263252157
2025-05-24 21:39:00,421 epoch:207, loss:1.4017879955898505
2025-05-24 21:54:27,609 epoch:208, loss:1.4025228343059106
2025-05-24 22:09:55,100 epoch:209, loss:1.4017187476333708
2025-05-24 22:25:23,174 epoch:210, loss:1.401150024341027
2025-05-24 22:25:23,175 ------------ validation ------------
2025-05-24 22:27:17,819 epoch:210
2025-05-24 22:27:17,819 recon error:0.9607576823093482
2025-05-24 22:27:17,819 nc error:0.025479254957575064
2025-05-24 22:27:17,819 edge error:1.7751293732569768
2025-05-24 22:27:17,820 -------------------------------------
2025-05-24 22:42:45,262 epoch:211, loss:1.4037075246381128
2025-05-24 22:58:13,051 epoch:212, loss:1.3968454007723194
2025-05-24 23:13:40,349 epoch:213, loss:1.3964807212967234
2025-05-24 23:29:07,412 epoch:214, loss:1.3970300938840818
2025-05-24 23:44:34,568 epoch:215, loss:1.393520556423204
2025-05-25 00:00:01,334 epoch:216, loss:1.3966874783098786
2025-05-25 00:15:28,375 epoch:217, loss:1.3943218282466434
2025-05-25 00:30:56,181 epoch:218, loss:1.3915206378268212
2025-05-25 00:46:22,496 epoch:219, loss:1.3914539663008632
2025-05-25 01:01:49,252 epoch:220, loss:1.3922534399776993
2025-05-25 01:01:49,252 ------------ validation ------------
2025-05-25 01:03:44,109 epoch:220
2025-05-25 01:03:44,110 recon error:0.9489870639242364
2025-05-25 01:03:44,110 nc error:0.025677157621059193
2025-05-25 01:03:44,110 edge error:1.774399693901017
2025-05-25 01:03:44,110 -------------------------------------
2025-05-25 01:19:10,770 epoch:221, loss:1.3895880505332892
2025-05-25 01:34:38,180 epoch:222, loss:1.3871334880722113
2025-05-25 01:50:05,770 epoch:223, loss:1.3922292640177596
2025-05-25 02:05:34,005 epoch:224, loss:1.3868357287239783
2025-05-25 02:21:02,377 epoch:225, loss:1.3850845031780417
2025-05-25 02:36:29,806 epoch:226, loss:1.3851450550011928
2025-05-25 02:51:57,251 epoch:227, loss:1.3872965774409725
2025-05-25 03:07:24,388 epoch:228, loss:1.3841141918797557
2025-05-25 03:22:51,690 epoch:229, loss:1.381915101070994
2025-05-25 03:38:18,637 epoch:230, loss:1.381043846723082
2025-05-25 03:38:18,637 ------------ validation ------------
2025-05-25 03:40:11,621 epoch:230
2025-05-25 03:40:11,622 recon error:0.9518517372170849
2025-05-25 03:40:11,622 nc error:0.025348789284567862
2025-05-25 03:40:11,622 edge error:1.7739913012149067
2025-05-25 03:40:11,622 -------------------------------------
2025-05-25 03:55:38,389 epoch:231, loss:1.3824027918926571
2025-05-25 04:11:06,459 epoch:232, loss:1.3825043266054808
2025-05-25 04:26:34,341 epoch:233, loss:1.3788252995186245
2025-05-25 04:42:00,538 epoch:234, loss:1.3777783485856427
2025-05-25 04:57:27,160 epoch:235, loss:1.8619037058988972
2025-05-25 05:12:55,309 epoch:236, loss:1.5298561556525363
2025-05-25 05:28:21,736 epoch:237, loss:1.4684127226844979
2025-05-25 05:43:47,804 epoch:238, loss:1.4398708338238881
2025-05-25 05:59:14,335 epoch:239, loss:1.4238288690485554
2025-05-25 06:14:41,032 epoch:240, loss:1.4127584371019006
2025-05-25 06:14:41,032 ------------ validation ------------
2025-05-25 06:16:33,787 epoch:240
2025-05-25 06:16:33,787 recon error:0.9538562650511251
2025-05-25 06:16:33,788 nc error:0.026186672110970203
2025-05-25 06:16:33,788 edge error:1.8034423215854802
2025-05-25 06:16:33,788 -------------------------------------
2025-05-25 06:32:00,285 epoch:241, loss:1.4052578800732327
2025-05-25 06:47:26,645 epoch:242, loss:1.3991658813999046
2025-05-25 07:02:53,036 epoch:243, loss:1.3947521488515549
2025-05-25 07:18:19,585 epoch:244, loss:1.4736760953038008
2025-05-25 07:33:47,090 epoch:245, loss:1.4038437406514634
2025-05-25 07:49:12,948 epoch:246, loss:1.3934432835220765
2025-05-25 08:04:38,751 epoch:247, loss:1.3871396125152993
2025-05-25 08:20:04,368 epoch:248, loss:1.3851392242799627
2025-05-25 08:35:30,152 epoch:249, loss:1.382262983975249
2025-05-25 08:50:55,863 epoch:250, loss:1.3805525478452927
2025-05-25 08:50:55,863 ------------ validation ------------
2025-05-25 08:52:50,099 epoch:250
2025-05-25 08:52:50,100 recon error:0.9424580705941782
2025-05-25 08:52:50,100 nc error:0.02548277940182291
2025-05-25 08:52:50,100 edge error:1.7836476747806256
2025-05-25 08:52:50,100 -------------------------------------
2025-05-25 09:08:16,869 epoch:251, loss:1.3781768559356151
2025-05-25 09:23:42,690 epoch:252, loss:1.3770172401099563
2025-05-25 09:39:08,368 epoch:253, loss:1.3771468557208908
2025-05-25 09:54:36,940 epoch:254, loss:1.3755461170676881
2025-05-25 10:10:03,049 epoch:255, loss:1.3731686603689404
2025-05-25 10:25:28,780 epoch:256, loss:1.373226548154154
2025-05-25 10:40:54,491 epoch:257, loss:1.4030075826420172
2025-05-25 10:56:21,052 epoch:258, loss:1.395934634075249
2025-05-25 11:11:47,660 epoch:259, loss:1.3761462531490074
2025-05-25 11:27:14,666 epoch:260, loss:1.3811599054814088
2025-05-25 11:27:14,666 ------------ validation ------------
2025-05-25 11:29:08,675 epoch:260
2025-05-25 11:29:08,675 recon error:0.9474733394278577
2025-05-25 11:29:08,675 nc error:0.02510871187116973
2025-05-25 11:29:08,675 edge error:1.7728689436376448
2025-05-25 11:29:08,675 -------------------------------------
2025-05-25 11:44:35,615 epoch:261, loss:1.3767225784475918
2025-05-25 12:00:01,771 epoch:262, loss:1.3707055908590775
2025-05-25 12:15:29,023 epoch:263, loss:1.3678980742708748
2025-05-25 12:30:55,999 epoch:264, loss:1.3686968857128947
2025-05-25 12:46:22,467 epoch:265, loss:1.3693747141224295
2025-05-25 13:01:48,690 epoch:266, loss:1.3669424890945165
2025-05-25 13:17:15,834 epoch:267, loss:1.366122124999191
2025-05-25 13:32:41,293 epoch:268, loss:1.3847726030448049
2025-05-25 13:48:07,104 epoch:269, loss:1.3677013325937015
2025-05-25 14:03:32,161 epoch:270, loss:1.3660823835364497
2025-05-25 14:03:32,162 ------------ validation ------------
2025-05-25 14:05:23,592 epoch:270
2025-05-25 14:05:23,593 recon error:0.9741464401843279
2025-05-25 14:05:23,593 nc error:0.024466478613001354
2025-05-25 14:05:23,593 edge error:1.7400575403631087
2025-05-25 14:05:23,593 -------------------------------------
2025-05-25 14:20:53,291 epoch:271, loss:1.3671783602114804
2025-05-25 14:36:18,944 epoch:272, loss:1.3663252486747213
2025-05-25 14:51:44,561 epoch:273, loss:1.36386245445229
2025-05-25 15:07:10,967 epoch:274, loss:1.3665321342021621
2025-05-25 15:22:37,464 epoch:275, loss:1.3679503302510954
2025-05-25 15:38:03,583 epoch:276, loss:1.3602370160668869
2025-05-25 15:53:29,020 epoch:277, loss:1.3606563056867147
2025-05-25 16:08:54,920 epoch:278, loss:1.509109427195059
2025-05-25 16:24:20,335 epoch:279, loss:1.394631266242801
2025-05-25 16:39:46,554 epoch:280, loss:1.3799155185078662
2025-05-25 16:39:46,554 ------------ validation ------------
2025-05-25 16:41:38,815 epoch:280
2025-05-25 16:41:38,816 recon error:0.951492790287063
2025-05-25 16:41:38,816 nc error:0.025492815510232067
2025-05-25 16:41:38,816 edge error:1.7668042655527239
2025-05-25 16:41:38,816 -------------------------------------
2025-05-25 16:57:04,411 epoch:281, loss:1.3717925896174075
2025-05-25 17:12:31,210 epoch:282, loss:1.3667970741269164
2025-05-25 17:27:56,826 epoch:283, loss:1.364895804816739
2025-05-25 17:43:23,510 epoch:284, loss:1.3649683495508904
2025-05-25 17:58:49,429 epoch:285, loss:1.3598627075004297
2025-05-25 18:14:15,131 epoch:286, loss:1.364785797290493
2025-05-25 18:29:41,850 epoch:287, loss:1.3580087823614984
2025-05-25 18:45:07,783 epoch:288, loss:1.3600418172634052
2025-05-25 19:00:33,540 epoch:289, loss:1.3582221850730885
2025-05-25 19:15:59,199 epoch:290, loss:1.3550529992633085
2025-05-25 19:15:59,199 ------------ validation ------------
2025-05-25 19:17:50,111 epoch:290
2025-05-25 19:17:50,111 recon error:0.946780509497287
2025-05-25 19:17:50,112 nc error:0.024957756374097435
2025-05-25 19:17:50,112 edge error:1.7617741484613814
2025-05-25 19:17:50,112 -------------------------------------
2025-05-25 19:33:16,169 epoch:291, loss:1.3560038014961096
2025-05-25 19:48:43,037 epoch:292, loss:1.3550857581165296
2025-05-25 20:04:08,890 epoch:293, loss:1.3565550521125849
2025-05-25 20:19:34,254 epoch:294, loss:1.3545398568194114
2025-05-25 20:35:00,510 epoch:295, loss:1.3539900023034817
2025-05-25 20:50:26,384 epoch:296, loss:1.3516551387854283
2025-05-25 21:05:52,556 epoch:297, loss:1.35488638540782
2025-05-25 21:21:18,145 epoch:298, loss:1.3524059840259917
2025-05-25 21:36:44,100 epoch:299, loss:1.3519818777539419
2025-05-25 21:52:11,491 epoch:300, loss:1.3503211950869554
2025-05-25 21:52:11,491 ------------ validation ------------
2025-05-25 21:54:02,724 epoch:300
2025-05-25 21:54:02,725 recon error:0.9470137752724822
2025-05-25 21:54:02,725 nc error:0.024575844605469844
2025-05-25 21:54:02,725 edge error:1.7621575100182076
2025-05-25 21:54:02,725 -------------------------------------
