2025-05-13 13:51:45,994 load dataset ...
2025-05-13 13:51:48,231 initalize model ...
2025-05-13 13:51:48,342 start training ...
2025-05-13 13:52:21,601 load dataset ...
2025-05-13 13:52:23,646 initalize model ...
2025-05-13 13:52:23,756 start training ...
2025-05-13 13:52:39,964 epoch:0, loss:24.37677796681722
2025-05-13 13:52:39,964 ------------ validation ------------
2025-05-13 13:52:41,698 epoch:0
2025-05-13 13:52:41,699 recon error:23.319812774658203
2025-05-13 13:52:41,699 nc error:0.008962463587522507
2025-05-13 13:52:41,699 edge error:1.184433937072754
2025-05-13 13:52:41,699 -------------------------------------
2025-05-13 13:52:52,935 epoch:1, loss:23.221301396687824
2025-05-13 13:53:03,970 epoch:2, loss:19.26698112487793
2025-05-13 13:53:15,025 epoch:3, loss:18.321959495544434
2025-05-13 13:53:26,056 epoch:4, loss:18.10280164082845
2025-05-13 13:53:36,974 epoch:5, loss:18.190900802612305
2025-05-13 13:53:47,936 epoch:6, loss:18.008304595947266
2025-05-13 13:53:58,925 epoch:7, loss:17.876780827840168
2025-05-13 13:54:09,919 epoch:8, loss:17.869510650634766
2025-05-13 13:54:20,976 epoch:9, loss:17.87956968943278
2025-05-13 13:54:32,138 epoch:10, loss:17.849762280782063
2025-05-13 13:54:32,139 ------------ validation ------------
2025-05-13 13:54:33,919 epoch:10
2025-05-13 13:54:33,920 recon error:16.51754379272461
2025-05-13 13:54:33,920 nc error:0.008979009464383125
2025-05-13 13:54:33,920 edge error:1.1869912147521973
2025-05-13 13:54:33,920 -------------------------------------
2025-05-13 13:54:44,996 epoch:11, loss:17.858919779459637
2025-05-13 13:54:55,866 epoch:12, loss:17.87233257293701
2025-05-13 13:55:06,906 epoch:13, loss:17.903942108154297
2025-05-13 13:55:18,008 epoch:14, loss:17.888188362121582
2025-05-13 13:55:29,080 epoch:15, loss:17.913296699523926
2025-05-13 13:55:40,158 epoch:16, loss:17.815285046895344
2025-05-13 13:55:51,350 epoch:17, loss:17.7833890914917
2025-05-13 13:56:02,393 epoch:18, loss:17.763554573059082
2025-05-13 13:56:13,347 epoch:19, loss:17.755393346150715
2025-05-13 13:56:24,432 epoch:20, loss:17.736769676208496
2025-05-13 13:56:24,433 ------------ validation ------------
2025-05-13 13:56:26,203 epoch:20
2025-05-13 13:56:26,203 recon error:16.49073600769043
2025-05-13 13:56:26,203 nc error:0.009074456989765167
2025-05-13 13:56:26,204 edge error:1.211582899093628
2025-05-13 13:56:26,204 -------------------------------------
2025-05-13 13:56:37,204 epoch:21, loss:17.706725120544434
2025-05-13 13:56:48,384 epoch:22, loss:17.677125295003254
2025-05-13 13:56:59,503 epoch:23, loss:17.69099775950114
2025-05-13 13:57:10,520 epoch:24, loss:17.63072967529297
2025-05-13 13:57:21,399 epoch:25, loss:17.65403461456299
2025-05-13 13:57:32,440 epoch:26, loss:17.731831232706707
2025-05-13 13:57:43,343 epoch:27, loss:17.59561284383138
2025-05-13 13:57:54,454 epoch:28, loss:17.561492284138996
2025-05-13 13:58:05,603 epoch:29, loss:17.53978697458903
2025-05-13 13:58:16,658 epoch:30, loss:17.511432965596516
2025-05-13 13:58:16,659 ------------ validation ------------
2025-05-13 13:58:18,408 epoch:30
2025-05-13 13:58:18,408 recon error:16.407665252685547
2025-05-13 13:58:18,408 nc error:0.009053368121385574
2025-05-13 13:58:18,408 edge error:1.23104989528656
2025-05-13 13:58:18,408 -------------------------------------
2025-05-13 13:58:29,470 epoch:31, loss:17.596271832784016
2025-05-13 13:58:40,591 epoch:32, loss:17.414968808492024
2025-05-13 13:58:51,629 epoch:33, loss:17.444726943969727
2025-05-13 13:59:02,823 epoch:34, loss:17.428950309753418
2025-05-13 13:59:13,869 epoch:35, loss:17.428284962972004
2025-05-13 13:59:24,950 epoch:36, loss:17.53593158721924
2025-05-13 13:59:36,014 epoch:37, loss:17.4404722849528
2025-05-13 13:59:47,000 epoch:38, loss:17.402724583943684
2025-05-13 13:59:58,205 epoch:39, loss:17.422642707824707
2025-05-13 14:00:09,462 epoch:40, loss:17.304447809855144
2025-05-13 14:00:09,462 ------------ validation ------------
2025-05-13 14:00:11,162 epoch:40
2025-05-13 14:00:11,162 recon error:16.066226959228516
2025-05-13 14:00:11,162 nc error:0.0090031074360013
2025-05-13 14:00:11,163 edge error:1.237953543663025
2025-05-13 14:00:11,163 -------------------------------------
2025-05-13 14:00:22,191 epoch:41, loss:17.271255175272625
2025-05-13 14:00:33,440 epoch:42, loss:17.218700726826984
2025-05-13 14:00:44,691 epoch:43, loss:17.225465456644695
2025-05-13 14:00:55,697 epoch:44, loss:17.18173599243164
2025-05-13 14:01:06,985 epoch:45, loss:17.115776697794598
2025-05-13 14:01:18,048 epoch:46, loss:17.200350443522137
2025-05-13 14:01:29,337 epoch:47, loss:17.227408091227215
2025-05-13 14:01:40,608 epoch:48, loss:16.975056330362957
2025-05-13 14:01:51,754 epoch:49, loss:16.852723439534504
2025-05-13 14:02:02,743 epoch:50, loss:16.780319690704346
2025-05-13 14:02:02,743 ------------ validation ------------
2025-05-13 14:02:04,449 epoch:50
2025-05-13 14:02:04,450 recon error:15.744159698486328
2025-05-13 14:02:04,450 nc error:0.009185468778014183
2025-05-13 14:02:04,450 edge error:1.2651108503341675
2025-05-13 14:02:04,450 -------------------------------------
2025-05-13 14:02:15,716 epoch:51, loss:16.6859712600708
2025-05-13 14:02:26,901 epoch:52, loss:16.544735113779705
2025-05-13 14:02:38,084 epoch:53, loss:16.5683650970459
2025-05-13 14:02:49,191 epoch:54, loss:16.325509389241535
2025-05-13 14:03:00,332 epoch:55, loss:16.537683327992756
2025-05-13 14:03:11,306 epoch:56, loss:16.088906129201252
2025-05-13 14:03:22,520 epoch:57, loss:15.973843574523926
2025-05-13 14:03:34,017 epoch:58, loss:15.773863315582275
2025-05-13 14:03:45,451 epoch:59, loss:15.797184944152832
2025-05-13 14:03:56,641 epoch:60, loss:15.644494533538818
2025-05-13 14:03:56,641 ------------ validation ------------
2025-05-13 14:03:58,402 epoch:60
2025-05-13 14:03:58,402 recon error:14.667278289794922
2025-05-13 14:03:58,402 nc error:0.011181275360286236
2025-05-13 14:03:58,402 edge error:1.338263988494873
2025-05-13 14:03:58,402 -------------------------------------
2025-05-13 14:04:09,815 epoch:61, loss:15.347323735555014
2025-05-13 14:04:20,995 epoch:62, loss:14.972768624623617
2025-05-13 14:04:32,389 epoch:63, loss:14.61631186803182
2025-05-13 14:04:43,719 epoch:64, loss:14.39633289972941
2025-05-13 14:04:55,103 epoch:65, loss:13.915334542592367
2025-05-13 14:05:06,271 epoch:66, loss:13.65136448542277
2025-05-13 14:05:17,523 epoch:67, loss:13.397281169891357
2025-05-13 14:05:28,588 epoch:68, loss:13.270063559214273
2025-05-13 14:05:39,703 epoch:69, loss:12.749826590220133
2025-05-13 14:05:50,983 epoch:70, loss:12.51674191157023
2025-05-13 14:05:50,983 ------------ validation ------------
2025-05-13 14:05:52,711 epoch:70
2025-05-13 14:05:52,712 recon error:11.843042373657227
2025-05-13 14:05:52,712 nc error:0.040852829813957214
2025-05-13 14:05:52,712 edge error:2.455153703689575
2025-05-13 14:05:52,712 -------------------------------------
2025-05-13 14:06:04,110 epoch:71, loss:12.397508303324381
2025-05-13 14:06:15,364 epoch:72, loss:12.05320151646932
2025-05-13 14:06:26,661 epoch:73, loss:11.8399764696757
2025-05-13 14:06:37,935 epoch:74, loss:11.820954163869223
2025-05-13 14:06:48,999 epoch:75, loss:11.494620323181152
2025-05-13 14:07:00,158 epoch:76, loss:11.232122898101807
2025-05-13 14:07:11,484 epoch:77, loss:11.036187807718912
2025-05-13 14:07:22,727 epoch:78, loss:10.986602465311686
2025-05-13 14:07:34,027 epoch:79, loss:11.007168292999268
2025-05-13 14:07:45,223 epoch:80, loss:10.790682315826416
2025-05-13 14:07:45,223 ------------ validation ------------
2025-05-13 14:07:46,930 epoch:80
2025-05-13 14:07:46,930 recon error:9.853957176208496
2025-05-13 14:07:46,930 nc error:0.0654192864894867
2025-05-13 14:07:46,930 edge error:3.193063497543335
2025-05-13 14:07:46,930 -------------------------------------
2025-05-13 14:07:58,076 epoch:81, loss:10.622333844502768
2025-05-13 14:08:09,329 epoch:82, loss:10.44206190109253
2025-05-13 14:08:20,420 epoch:83, loss:10.252392450968424
2025-05-13 14:08:31,758 epoch:84, loss:10.077049732208252
2025-05-13 14:08:43,236 epoch:85, loss:10.043772379557291
2025-05-13 14:08:54,374 epoch:86, loss:10.0653125445048
2025-05-13 14:09:05,698 epoch:87, loss:9.836247285207113
2025-05-13 14:09:17,070 epoch:88, loss:9.764731248219809
2025-05-13 14:09:28,309 epoch:89, loss:9.529835065205893
2025-05-13 14:09:39,542 epoch:90, loss:9.227460225423178
2025-05-13 14:09:39,542 ------------ validation ------------
2025-05-13 14:09:41,274 epoch:90
2025-05-13 14:09:41,275 recon error:8.237668991088867
2025-05-13 14:09:41,275 nc error:0.07116322219371796
2025-05-13 14:09:41,275 edge error:3.0069587230682373
2025-05-13 14:09:41,275 -------------------------------------
2025-05-13 14:09:52,571 epoch:91, loss:9.083362897237143
2025-05-13 14:10:03,843 epoch:92, loss:8.871003786722818
2025-05-13 14:10:14,995 epoch:93, loss:8.763203938802084
2025-05-13 14:10:26,191 epoch:94, loss:8.478862444559732
2025-05-13 14:10:37,501 epoch:95, loss:8.449390252431234
2025-05-13 14:10:48,835 epoch:96, loss:8.330244779586792
2025-05-13 14:11:00,172 epoch:97, loss:8.090629577636719
2025-05-13 14:11:11,454 epoch:98, loss:7.960613965988159
2025-05-13 14:11:22,590 epoch:99, loss:7.819048961003621
2025-05-13 14:11:33,841 epoch:100, loss:7.6751227378845215
2025-05-13 14:11:33,841 ------------ validation ------------
2025-05-13 14:11:35,589 epoch:100
2025-05-13 14:11:35,589 recon error:6.9037766456604
2025-05-13 14:11:35,589 nc error:0.08394613862037659
2025-05-13 14:11:35,589 edge error:3.001642942428589
2025-05-13 14:11:35,589 -------------------------------------
2025-05-13 14:11:46,756 epoch:101, loss:7.585771322250366
2025-05-13 14:11:58,061 epoch:102, loss:7.584076563517253
2025-05-13 14:12:09,401 epoch:103, loss:7.454967260360718
2025-05-13 14:12:20,720 epoch:104, loss:7.326703627904256
2025-05-13 14:12:31,990 epoch:105, loss:7.1909825801849365
2025-05-13 14:12:43,315 epoch:106, loss:6.996416966120402
2025-05-13 14:12:54,660 epoch:107, loss:6.933148781458537
2025-05-13 14:13:06,153 epoch:108, loss:6.771415789922078
2025-05-13 14:13:17,427 epoch:109, loss:6.662649393081665
2025-05-13 14:13:28,766 epoch:110, loss:6.570820649464925
2025-05-13 14:13:28,766 ------------ validation ------------
2025-05-13 14:13:30,630 epoch:110
2025-05-13 14:13:30,630 recon error:6.193546295166016
2025-05-13 14:13:30,631 nc error:0.08408854901790619
2025-05-13 14:13:30,631 edge error:2.90351939201355
2025-05-13 14:13:30,631 -------------------------------------
2025-05-13 14:13:41,676 epoch:111, loss:6.490848541259766
2025-05-13 14:13:52,952 epoch:112, loss:6.418232520421346
2025-05-13 14:14:04,151 epoch:113, loss:6.363545815149943
2025-05-13 14:14:15,489 epoch:114, loss:6.260831753412883
2025-05-13 14:14:26,829 epoch:115, loss:6.249149799346924
2025-05-13 14:14:38,111 epoch:116, loss:6.178469101587932
2025-05-13 14:14:49,228 epoch:117, loss:6.033376455307007
2025-05-13 14:15:00,404 epoch:118, loss:6.07262110710144
2025-05-13 14:15:11,776 epoch:119, loss:5.981073300043742
2025-05-13 14:15:23,110 epoch:120, loss:6.007942756017049
2025-05-13 14:15:23,110 ------------ validation ------------
2025-05-13 14:15:24,863 epoch:120
2025-05-13 14:15:24,863 recon error:5.285502910614014
2025-05-13 14:15:24,864 nc error:0.08633682131767273
2025-05-13 14:15:24,864 edge error:2.9233968257904053
2025-05-13 14:15:24,864 -------------------------------------
2025-05-13 14:15:36,418 epoch:121, loss:5.8498257001241045
2025-05-13 14:15:47,578 epoch:122, loss:5.758145411809285
2025-05-13 14:15:58,861 epoch:123, loss:5.63469123840332
2025-05-13 14:16:09,957 epoch:124, loss:5.53652008374532
2025-05-13 14:16:21,242 epoch:125, loss:5.48692774772644
2025-05-13 14:16:32,374 epoch:126, loss:5.45932674407959
2025-05-13 14:16:43,682 epoch:127, loss:5.399935324986775
2025-05-13 14:16:55,014 epoch:128, loss:5.306753317515056
2025-05-13 14:17:06,282 epoch:129, loss:5.207259019215901
2025-05-13 14:17:17,470 epoch:130, loss:5.156257788340251
2025-05-13 14:17:17,470 ------------ validation ------------
2025-05-13 14:17:19,226 epoch:130
2025-05-13 14:17:19,227 recon error:4.884995460510254
2025-05-13 14:17:19,227 nc error:0.08290904015302658
2025-05-13 14:17:19,227 edge error:2.8874294757843018
2025-05-13 14:17:19,227 -------------------------------------
2025-05-13 14:17:30,501 epoch:131, loss:5.174543698628743
2025-05-13 14:17:41,946 epoch:132, loss:5.061450719833374
2025-05-13 14:17:53,372 epoch:133, loss:5.058648268381755
2025-05-13 14:18:04,471 epoch:134, loss:4.954720179239909
2025-05-13 14:18:15,725 epoch:135, loss:4.946093479792277
2025-05-13 14:18:26,867 epoch:136, loss:4.830120245615642
2025-05-13 14:18:38,203 epoch:137, loss:4.745358069737752
2025-05-13 14:18:49,448 epoch:138, loss:4.74503739674886
2025-05-13 14:19:00,592 epoch:139, loss:4.629342754681905
2025-05-13 14:19:11,832 epoch:140, loss:4.635026812553406
2025-05-13 14:19:11,832 ------------ validation ------------
2025-05-13 14:19:13,594 epoch:140
2025-05-13 14:19:13,594 recon error:4.241637706756592
2025-05-13 14:19:13,594 nc error:0.07738576084375381
2025-05-13 14:19:13,594 edge error:2.798710346221924
2025-05-13 14:19:13,594 -------------------------------------
2025-05-13 14:19:24,744 epoch:141, loss:4.580353736877441
2025-05-13 14:19:35,860 epoch:142, loss:4.5747416416804
2025-05-13 14:19:47,126 epoch:143, loss:4.496472120285034
2025-05-13 14:19:58,353 epoch:144, loss:4.416750590006511
2025-05-13 14:20:09,724 epoch:145, loss:4.3837595383326216
2025-05-13 14:20:21,071 epoch:146, loss:4.368208726247151
2025-05-13 14:20:32,334 epoch:147, loss:4.335415442784627
2025-05-13 14:20:43,421 epoch:148, loss:4.3047722180684405
2025-05-13 14:20:54,737 epoch:149, loss:4.308971126874288
2025-05-13 14:21:06,133 epoch:150, loss:4.271828730901082
2025-05-13 14:21:06,134 ------------ validation ------------
2025-05-13 14:21:07,856 epoch:150
2025-05-13 14:21:07,856 recon error:3.878436803817749
2025-05-13 14:21:07,856 nc error:0.07448101788759232
2025-05-13 14:21:07,856 edge error:2.6887619495391846
2025-05-13 14:21:07,856 -------------------------------------
2025-05-13 14:21:19,016 epoch:151, loss:4.1627427736918134
2025-05-13 14:21:30,382 epoch:152, loss:4.1488891045252485
2025-05-13 14:21:41,517 epoch:153, loss:4.1863861083984375
2025-05-13 14:21:52,634 epoch:154, loss:4.219105402628581
2025-05-13 14:22:03,869 epoch:155, loss:4.116482575734456
2025-05-13 14:22:15,081 epoch:156, loss:4.056493759155273
2025-05-13 14:22:26,376 epoch:157, loss:4.004738092422485
2025-05-13 14:22:37,661 epoch:158, loss:3.9698634147644043
2025-05-13 14:22:48,980 epoch:159, loss:4.051336487134297
2025-05-13 14:23:00,195 epoch:160, loss:4.077987392743428
2025-05-13 14:23:00,195 ------------ validation ------------
2025-05-13 14:23:01,900 epoch:160
2025-05-13 14:23:01,901 recon error:3.8312387466430664
2025-05-13 14:23:01,901 nc error:0.06624718010425568
2025-05-13 14:23:01,901 edge error:2.5209174156188965
2025-05-13 14:23:01,901 -------------------------------------
2025-05-13 14:23:13,295 epoch:161, loss:4.084552566210429
2025-05-13 14:23:24,510 epoch:162, loss:4.147535920143127
2025-05-13 14:23:35,713 epoch:163, loss:3.9715829292933145
2025-05-13 14:23:46,882 epoch:164, loss:4.02486522992452
2025-05-13 14:23:58,079 epoch:165, loss:4.102494080861409
2025-05-13 14:24:09,214 epoch:166, loss:3.8875214656194053
2025-05-13 14:24:20,380 epoch:167, loss:3.7478981018066406
2025-05-13 14:24:31,524 epoch:168, loss:3.7540657917658486
2025-05-13 14:24:42,869 epoch:169, loss:3.702592412630717
2025-05-13 14:24:54,226 epoch:170, loss:3.6938007275263467
2025-05-13 14:24:54,226 ------------ validation ------------
2025-05-13 14:24:55,942 epoch:170
2025-05-13 14:24:55,943 recon error:3.284120559692383
2025-05-13 14:24:55,943 nc error:0.07068507373332977
2025-05-13 14:24:55,943 edge error:2.6499040126800537
2025-05-13 14:24:55,943 -------------------------------------
2025-05-13 14:25:07,235 epoch:171, loss:3.6789710521698
2025-05-13 14:25:18,372 epoch:172, loss:3.670262018839518
2025-05-13 14:25:29,413 epoch:173, loss:3.6143043438593545
2025-05-13 14:25:40,636 epoch:174, loss:3.559285322825114
2025-05-13 14:25:51,808 epoch:175, loss:3.5080672899881997
2025-05-13 14:26:02,892 epoch:176, loss:3.5732370217641196
2025-05-13 14:26:14,084 epoch:177, loss:3.466010649998983
2025-05-13 14:26:25,189 epoch:178, loss:3.5131783882776895
2025-05-13 14:26:36,143 epoch:179, loss:3.464207132657369
2025-05-13 14:26:47,359 epoch:180, loss:3.4037274916966758
2025-05-13 14:26:47,359 ------------ validation ------------
2025-05-13 14:26:49,087 epoch:180
2025-05-13 14:26:49,087 recon error:3.4131579399108887
2025-05-13 14:26:49,087 nc error:0.06957060843706131
2025-05-13 14:26:49,087 edge error:2.6717300415039062
2025-05-13 14:26:49,087 -------------------------------------
2025-05-13 14:27:00,457 epoch:181, loss:3.4157055616378784
2025-05-13 14:27:11,798 epoch:182, loss:3.361187696456909
2025-05-13 14:27:22,985 epoch:183, loss:3.3502781788508096
2025-05-13 14:27:34,194 epoch:184, loss:3.4037861426671348
2025-05-13 14:27:45,356 epoch:185, loss:3.390535076459249
2025-05-13 14:27:56,711 epoch:186, loss:3.3493151664733887
2025-05-13 14:28:07,887 epoch:187, loss:3.3857651154200235
2025-05-13 14:28:19,130 epoch:188, loss:3.3202571868896484
2025-05-13 14:28:30,258 epoch:189, loss:3.270143469174703
2025-05-13 14:28:41,613 epoch:190, loss:3.2565717299779258
2025-05-13 14:28:41,613 ------------ validation ------------
2025-05-13 14:28:43,309 epoch:190
2025-05-13 14:28:43,310 recon error:3.0831239223480225
2025-05-13 14:28:43,310 nc error:0.0644436627626419
2025-05-13 14:28:43,310 edge error:2.5300660133361816
2025-05-13 14:28:43,310 -------------------------------------
2025-05-13 14:28:54,318 epoch:191, loss:3.206894556681315
2025-05-13 14:29:05,606 epoch:192, loss:3.18319304784139
2025-05-13 14:29:16,751 epoch:193, loss:3.1080304384231567
2025-05-13 14:29:27,992 epoch:194, loss:3.2558650175730386
2025-05-13 14:29:39,098 epoch:195, loss:3.294110894203186
2025-05-13 14:29:50,328 epoch:196, loss:3.1501038471857705
2025-05-13 14:30:01,318 epoch:197, loss:3.1257545948028564
2025-05-13 14:30:12,494 epoch:198, loss:3.154120604197184
2025-05-13 14:30:23,612 epoch:199, loss:3.1235138972600303
2025-05-13 14:30:34,863 epoch:200, loss:3.0281169017155967
2025-05-13 14:30:34,863 ------------ validation ------------
2025-05-13 14:30:36,606 epoch:200
2025-05-13 14:30:36,607 recon error:2.8537259101867676
2025-05-13 14:30:36,607 nc error:0.06264209002256393
2025-05-13 14:30:36,607 edge error:2.462554693222046
2025-05-13 14:30:36,607 -------------------------------------
2025-05-13 14:30:47,910 epoch:201, loss:2.992468476295471
2025-05-13 14:30:59,286 epoch:202, loss:3.0225059191385903
2025-05-13 14:31:10,282 epoch:203, loss:3.072040597597758
2025-05-13 14:31:21,553 epoch:204, loss:2.983466903368632
2025-05-13 14:31:32,811 epoch:205, loss:2.9624346494674683
2025-05-13 14:31:44,144 epoch:206, loss:2.9743552605311074
2025-05-13 14:31:55,485 epoch:207, loss:2.9419315656026206
2025-05-13 14:32:06,698 epoch:208, loss:3.0174944400787354
2025-05-13 14:32:17,750 epoch:209, loss:2.9461891253789267
2025-05-13 14:32:28,773 epoch:210, loss:2.9854489167531333
2025-05-13 14:32:28,773 ------------ validation ------------
2025-05-13 14:32:30,490 epoch:210
2025-05-13 14:32:30,490 recon error:2.8341031074523926
2025-05-13 14:32:30,490 nc error:0.05726997181773186
2025-05-13 14:32:30,490 edge error:2.3093578815460205
2025-05-13 14:32:30,490 -------------------------------------
2025-05-13 14:32:41,730 epoch:211, loss:2.945110321044922
2025-05-13 14:32:53,150 epoch:212, loss:2.928673187891642
2025-05-13 14:33:04,308 epoch:213, loss:2.942720413208008
2025-05-13 14:33:15,539 epoch:214, loss:2.872725526491801
2025-05-13 14:33:26,729 epoch:215, loss:2.8971897761027017
2025-05-13 14:33:37,945 epoch:216, loss:3.015789826711019
2025-05-13 14:33:49,277 epoch:217, loss:2.947436253229777
2025-05-13 14:34:00,588 epoch:218, loss:2.9604039192199707
2025-05-13 14:34:11,973 epoch:219, loss:2.8836578925450644
2025-05-13 14:34:23,347 epoch:220, loss:2.8682228326797485
2025-05-13 14:34:23,347 ------------ validation ------------
2025-05-13 14:34:25,110 epoch:220
2025-05-13 14:34:25,111 recon error:2.8770172595977783
2025-05-13 14:34:25,111 nc error:0.05571421980857849
2025-05-13 14:34:25,111 edge error:2.3636789321899414
2025-05-13 14:34:25,111 -------------------------------------
2025-05-13 14:34:36,383 epoch:221, loss:2.823197881380717
2025-05-13 14:34:47,566 epoch:222, loss:2.7784116665522256
2025-05-13 14:34:58,940 epoch:223, loss:2.7074592113494873
2025-05-13 14:35:10,297 epoch:224, loss:2.695522665977478
2025-05-13 14:35:21,663 epoch:225, loss:2.6606776316960654
2025-05-13 14:35:32,984 epoch:226, loss:2.6740315357844033
2025-05-13 14:35:44,324 epoch:227, loss:2.7023650407791138
2025-05-13 14:35:55,510 epoch:228, loss:2.6395713885625205
2025-05-13 14:36:06,826 epoch:229, loss:2.6182726621627808
2025-05-13 14:36:18,101 epoch:230, loss:2.638463338216146
2025-05-13 14:36:18,102 ------------ validation ------------
2025-05-13 14:36:19,820 epoch:230
2025-05-13 14:36:19,821 recon error:2.524596929550171
2025-05-13 14:36:19,821 nc error:0.05410374328494072
2025-05-13 14:36:19,821 edge error:2.2990119457244873
2025-05-13 14:36:19,821 -------------------------------------
2025-05-13 14:36:31,269 epoch:231, loss:2.6067501306533813
2025-05-13 14:36:42,820 epoch:232, loss:2.6102699041366577
2025-05-13 14:36:54,323 epoch:233, loss:2.6176342964172363
2025-05-13 14:37:05,766 epoch:234, loss:2.6281413237253823
2025-05-13 14:37:17,518 epoch:235, loss:2.658909281094869
2025-05-13 14:37:29,137 epoch:236, loss:2.5986172755559287
2025-05-13 14:37:40,520 epoch:237, loss:2.6340533097585044
2025-05-13 14:37:52,081 epoch:238, loss:2.573322057723999
2025-05-13 14:38:03,599 epoch:239, loss:2.578699787457784
2025-05-13 14:38:14,898 epoch:240, loss:2.591783086458842
2025-05-13 14:38:14,898 ------------ validation ------------
2025-05-13 14:38:16,699 epoch:240
2025-05-13 14:38:16,699 recon error:2.61800217628479
2025-05-13 14:38:16,699 nc error:0.05305241048336029
2025-05-13 14:38:16,699 edge error:2.2301478385925293
2025-05-13 14:38:16,699 -------------------------------------
2025-05-13 14:38:28,214 epoch:241, loss:2.565382162729899
2025-05-13 14:38:39,684 epoch:242, loss:2.5296058654785156
2025-05-13 14:38:51,205 epoch:243, loss:2.5205169121424356
2025-05-13 14:39:02,765 epoch:244, loss:2.475737531979879
2025-05-13 14:39:14,328 epoch:245, loss:2.478104551633199
2025-05-13 14:39:25,743 epoch:246, loss:2.4979897340138755
2025-05-13 14:39:37,132 epoch:247, loss:2.5088611443837485
2025-05-13 14:39:48,719 epoch:248, loss:2.5845850706100464
2025-05-13 14:40:00,234 epoch:249, loss:2.5368937651316323
2025-05-13 14:40:12,115 epoch:250, loss:2.498938957850138
2025-05-13 14:40:12,116 ------------ validation ------------
2025-05-13 14:40:13,910 epoch:250
2025-05-13 14:40:13,910 recon error:2.4543211460113525
2025-05-13 14:40:13,910 nc error:0.05209144949913025
2025-05-13 14:40:13,910 edge error:2.2651851177215576
2025-05-13 14:40:13,910 -------------------------------------
2025-05-13 14:40:25,481 epoch:251, loss:2.47013783454895
2025-05-13 14:40:36,792 epoch:252, loss:2.434415618578593
2025-05-13 14:40:48,361 epoch:253, loss:2.4534022410710654
2025-05-13 14:40:59,821 epoch:254, loss:2.45143715540568
2025-05-13 14:41:11,226 epoch:255, loss:2.458029588063558
2025-05-13 14:41:22,709 epoch:256, loss:2.432685375213623
2025-05-13 14:41:34,311 epoch:257, loss:2.4257665872573853
2025-05-13 14:41:45,840 epoch:258, loss:2.405136227607727
2025-05-13 14:41:57,343 epoch:259, loss:2.3908420403798423
2025-05-13 14:42:08,889 epoch:260, loss:2.3957086404164634
2025-05-13 14:42:08,890 ------------ validation ------------
2025-05-13 14:42:10,636 epoch:260
2025-05-13 14:42:10,636 recon error:2.378676652908325
2025-05-13 14:42:10,636 nc error:0.0528935007750988
2025-05-13 14:42:10,636 edge error:2.2509822845458984
2025-05-13 14:42:10,636 -------------------------------------
2025-05-13 14:42:22,240 epoch:261, loss:2.397953152656555
2025-05-13 14:42:33,918 epoch:262, loss:2.3730470736821494
2025-05-13 14:42:45,630 epoch:263, loss:2.366774837176005
2025-05-13 14:42:57,067 epoch:264, loss:2.372261722882589
2025-05-13 14:43:08,582 epoch:265, loss:2.3580111265182495
2025-05-13 14:43:20,062 epoch:266, loss:2.3877018292744956
2025-05-13 14:43:31,593 epoch:267, loss:2.3558761278788247
2025-05-13 14:43:43,268 epoch:268, loss:2.3341227769851685
2025-05-13 14:43:54,709 epoch:269, loss:2.3346120516459146
2025-05-13 14:44:06,049 epoch:270, loss:2.338806430498759
2025-05-13 14:44:06,049 ------------ validation ------------
2025-05-13 14:44:07,784 epoch:270
2025-05-13 14:44:07,784 recon error:2.3902127742767334
2025-05-13 14:44:07,784 nc error:0.051237788051366806
2025-05-13 14:44:07,784 edge error:2.190070629119873
2025-05-13 14:44:07,784 -------------------------------------
2025-05-13 14:44:19,118 epoch:271, loss:2.3390008211135864
2025-05-13 14:44:30,743 epoch:272, loss:2.367037375768026
2025-05-13 14:44:42,446 epoch:273, loss:2.3805511792500815
2025-05-13 14:44:53,907 epoch:274, loss:2.3853418827056885
2025-05-13 14:45:05,517 epoch:275, loss:2.362533132235209
2025-05-13 14:45:16,855 epoch:276, loss:2.3555018504460654
2025-05-13 14:45:28,331 epoch:277, loss:2.3907580773035684
2025-05-13 14:45:39,869 epoch:278, loss:2.364354451497396
2025-05-13 14:45:51,305 epoch:279, loss:2.40618367989858
2025-05-13 14:46:02,900 epoch:280, loss:2.3763367732365928
2025-05-13 14:46:02,900 ------------ validation ------------
2025-05-13 14:46:04,652 epoch:280
2025-05-13 14:46:04,652 recon error:2.449756145477295
2025-05-13 14:46:04,652 nc error:0.05333174392580986
2025-05-13 14:46:04,653 edge error:2.3076717853546143
2025-05-13 14:46:04,653 -------------------------------------
2025-05-13 14:46:16,174 epoch:281, loss:2.3666980266571045
2025-05-13 14:46:27,883 epoch:282, loss:2.284081061681112
2025-05-13 14:46:39,386 epoch:283, loss:2.26553608973821
2025-05-13 14:46:51,183 epoch:284, loss:2.292251706123352
2025-05-13 14:47:02,774 epoch:285, loss:2.269365827242533
2025-05-13 14:47:14,395 epoch:286, loss:2.257005492846171
2025-05-13 14:47:26,137 epoch:287, loss:2.229661544164022
2025-05-13 14:47:37,965 epoch:288, loss:2.2458335955937705
2025-05-13 14:47:49,482 epoch:289, loss:2.2911836306254068
2025-05-13 14:48:01,172 epoch:290, loss:2.249764323234558
2025-05-13 14:48:01,173 ------------ validation ------------
2025-05-13 14:48:02,997 epoch:290
2025-05-13 14:48:02,998 recon error:2.5572659969329834
2025-05-13 14:48:02,998 nc error:0.05204330012202263
2025-05-13 14:48:02,998 edge error:2.2429211139678955
2025-05-13 14:48:02,998 -------------------------------------
2025-05-13 14:48:14,603 epoch:291, loss:2.259840408960978
2025-05-13 14:48:26,247 epoch:292, loss:2.248599350452423
2025-05-13 14:48:38,019 epoch:293, loss:2.2567452987035117
2025-05-13 14:48:49,577 epoch:294, loss:2.262395699818929
2025-05-13 14:49:01,008 epoch:295, loss:2.2490514516830444
2025-05-13 14:49:12,422 epoch:296, loss:2.251538117726644
2025-05-13 14:49:23,975 epoch:297, loss:2.2495553890864053
2025-05-13 14:49:35,490 epoch:298, loss:2.3276964823404946
2025-05-13 14:49:47,149 epoch:299, loss:2.250519792238871
2025-05-13 14:49:58,927 epoch:300, loss:2.277054190635681
2025-05-13 14:49:58,927 ------------ validation ------------
2025-05-13 14:50:00,703 epoch:300
2025-05-13 14:50:00,703 recon error:2.5779130458831787
2025-05-13 14:50:00,703 nc error:0.05229632556438446
2025-05-13 14:50:00,703 edge error:2.2439491748809814
2025-05-13 14:50:00,703 -------------------------------------
