2025-05-31 16:26:48,033 load dataset ...
2025-05-31 16:26:48,033 load dataset ...
2025-05-31 16:26:48,035 Loaded 679 samples from folds [0, 1, 2, 3] for train set.
2025-05-31 16:26:48,133 load dataset ...
2025-05-31 16:26:48,134 Loaded 169 samples from folds [4] for valid set.
2025-05-31 16:26:50,315 initalize model ...
2025-05-31 16:26:50,422 start training ...
2025-05-31 16:42:32,163 epoch:0, loss:18.007037866449146
2025-05-31 16:42:32,164 ------------ validation ------------
2025-05-31 16:44:27,488 epoch:0
2025-05-31 16:44:27,489 recon error:16.966915333764792
2025-05-31 16:44:27,489 nc error:0.008967135443225414
2025-05-31 16:44:27,489 edge error:1.184509851523405
2025-05-31 16:44:27,489 repeat error:43021.75147928994
2025-05-31 16:44:27,489 density error:0.9995390885680385
2025-05-31 16:44:27,489 -------------------------------------
2025-05-31 17:00:06,374 epoch:1, loss:17.40452507423547
2025-05-31 17:15:47,952 epoch:2, loss:13.980508446166722
2025-05-31 17:31:30,127 epoch:3, loss:10.419386763987028
2025-05-31 17:47:12,737 epoch:4, loss:8.79089317054917
2025-05-31 18:02:56,541 epoch:5, loss:7.003959617137206
2025-05-31 18:18:40,623 epoch:6, loss:5.6391757816207955
2025-05-31 18:34:25,181 epoch:7, loss:4.797990494869945
2025-05-31 18:50:10,042 epoch:8, loss:4.36161738502435
2025-05-31 19:05:54,242 epoch:9, loss:3.868076251076318
2025-05-31 19:21:39,424 epoch:10, loss:3.6330202696776355
2025-05-31 19:21:39,424 ------------ validation ------------
2025-05-31 19:23:34,782 epoch:10
2025-05-31 19:23:34,784 recon error:3.302714600365543
2025-05-31 19:23:34,784 nc error:0.054863571349156676
2025-05-31 19:23:34,784 edge error:2.411652090986805
2025-05-31 19:23:34,785 repeat error:39374.56213017752
2025-05-31 19:23:34,785 density error:0.9988919648193043
2025-05-31 19:23:34,785 -------------------------------------
2025-05-31 19:39:20,499 epoch:11, loss:3.4775779124387762
2025-05-31 19:55:06,879 epoch:12, loss:3.20981884810289
2025-05-31 20:10:53,298 epoch:13, loss:3.0586390723536048
2025-05-31 20:26:39,546 epoch:14, loss:2.95372005133987
2025-05-31 20:42:25,190 epoch:15, loss:2.8835907073716176
2025-05-31 20:58:09,903 epoch:16, loss:2.800419905751022
2025-05-31 21:13:54,844 epoch:17, loss:2.7287796646224907
2025-05-31 21:29:40,472 epoch:18, loss:2.672086643365065
2025-05-31 21:45:25,578 epoch:19, loss:2.614576630458916
2025-05-31 22:01:11,375 epoch:20, loss:2.570511686257656
2025-05-31 22:01:11,375 ------------ validation ------------
2025-05-31 22:03:04,670 epoch:20
2025-05-31 22:03:04,670 recon error:1.7134530262128842
2025-05-31 22:03:04,670 nc error:0.040553003549575806
2025-05-31 22:03:04,671 edge error:2.131502482312671
2025-05-31 22:03:04,671 repeat error:39739.23668639053
2025-05-31 22:03:04,671 density error:0.9982162530605609
2025-05-31 22:03:04,671 -------------------------------------
2025-05-31 22:18:48,838 epoch:21, loss:2.518165117862123
2025-05-31 22:34:34,838 epoch:22, loss:2.4644430357858607
2025-05-31 22:50:19,933 epoch:23, loss:2.415427448121016
2025-05-31 23:06:05,865 epoch:24, loss:2.396830374608159
2025-05-31 23:21:51,698 epoch:25, loss:2.347515301254958
2025-05-31 23:37:37,140 epoch:26, loss:2.3498083674328316
2025-05-31 23:53:23,670 epoch:27, loss:2.2956613267117643
2025-06-01 00:09:09,005 epoch:28, loss:2.2765936588152518
2025-06-01 00:24:54,360 epoch:29, loss:2.2529041809256194
2025-06-01 00:40:40,230 epoch:30, loss:2.2317473690007676
2025-06-01 00:40:40,230 ------------ validation ------------
2025-06-01 00:42:32,087 epoch:30
2025-06-01 00:42:32,088 recon error:1.4138569810686732
2025-06-01 00:42:32,088 nc error:0.037185191512989574
2025-06-01 00:42:32,088 edge error:2.0290443671525584
2025-06-01 00:42:32,088 repeat error:39418.42603550296
2025-06-01 00:42:32,088 density error:0.9978827714214663
2025-06-01 00:42:32,088 -------------------------------------
2025-06-01 00:58:18,992 epoch:31, loss:2.22072265864472
2025-06-01 01:14:04,837 epoch:32, loss:2.1794685929443065
2025-06-01 01:29:50,778 epoch:33, loss:2.16358539211908
2025-06-01 01:45:36,204 epoch:34, loss:2.139962769046272
2025-06-01 02:01:23,041 epoch:35, loss:2.1198471730166224
2025-06-01 02:17:10,280 epoch:36, loss:2.112052234353303
