2025-05-11 20:45:00,397 load dataset ...
2025-05-11 20:45:02,449 initalize model ...
2025-05-11 20:45:02,581 start training ...
2025-05-11 20:45:15,700 epoch:0, loss:24.396857579549152
2025-05-11 20:45:15,700 ------------ validation ------------
2025-05-11 20:45:16,840 epoch:0
2025-05-11 20:45:16,840 recon error:23.378889083862305
2025-05-11 20:45:16,840 -------------------------------------
2025-05-11 20:45:24,350 epoch:1, loss:23.25394566853841
2025-05-11 20:45:32,048 epoch:2, loss:19.0722812016805
2025-05-11 20:45:39,774 epoch:3, loss:18.33369318644206
2025-05-11 20:45:47,478 epoch:4, loss:18.046422322591145
2025-05-11 20:45:55,220 epoch:5, loss:17.94695981343587
2025-05-11 20:46:03,023 epoch:6, loss:17.87992763519287
2025-05-11 20:46:10,752 epoch:7, loss:17.86978594462077
2025-05-11 20:46:18,484 epoch:8, loss:17.984474817911785
2025-05-11 20:46:26,238 epoch:9, loss:17.972724596659344
2025-05-11 20:46:34,010 epoch:10, loss:17.860447883605957
2025-05-11 20:46:34,010 ------------ validation ------------
2025-05-11 20:46:35,160 epoch:10
2025-05-11 20:46:35,160 recon error:16.53807830810547
2025-05-11 20:46:35,160 -------------------------------------
2025-05-11 20:46:42,749 epoch:11, loss:17.919119199117024
2025-05-11 20:46:50,493 epoch:12, loss:17.882262865702312
2025-05-11 20:46:58,248 epoch:13, loss:17.8340965906779
2025-05-11 20:47:05,983 epoch:14, loss:17.857855796813965
2025-05-11 20:47:13,731 epoch:15, loss:17.83364772796631
2025-05-11 20:47:21,470 epoch:16, loss:17.834676106770832
2025-05-11 20:47:29,213 epoch:17, loss:17.83334445953369
2025-05-11 20:47:36,944 epoch:18, loss:17.860923449198406
2025-05-11 20:47:44,688 epoch:19, loss:17.842530250549316
2025-05-11 20:47:52,406 epoch:20, loss:17.830122629801433
2025-05-11 20:47:52,407 ------------ validation ------------
2025-05-11 20:47:53,553 epoch:20
2025-05-11 20:47:53,553 recon error:16.660736083984375
2025-05-11 20:47:53,553 -------------------------------------
2025-05-11 20:48:01,134 epoch:21, loss:17.847976048787434
2025-05-11 20:48:08,865 epoch:22, loss:17.852552096048992
2025-05-11 20:48:16,597 epoch:23, loss:17.883065223693848
2025-05-11 20:48:24,326 epoch:24, loss:17.906275113423664
2025-05-11 20:48:32,077 epoch:25, loss:17.843106269836426
2025-05-11 20:48:39,825 epoch:26, loss:17.73499933878581
2025-05-11 20:48:47,556 epoch:27, loss:17.78335444132487
2025-05-11 20:48:55,293 epoch:28, loss:17.814038276672363
2025-05-11 20:49:03,020 epoch:29, loss:17.714825948079426
2025-05-11 20:49:10,772 epoch:30, loss:17.728700319925945
2025-05-11 20:49:10,772 ------------ validation ------------
2025-05-11 20:49:11,919 epoch:30
2025-05-11 20:49:11,919 recon error:16.531293869018555
2025-05-11 20:49:11,919 -------------------------------------
2025-05-11 20:49:19,564 epoch:31, loss:17.683124542236328
2025-05-11 20:49:27,332 epoch:32, loss:17.652350743611652
2025-05-11 20:49:35,069 epoch:33, loss:17.64612070719401
2025-05-11 20:49:42,816 epoch:34, loss:17.623971303304035
2025-05-11 20:49:50,598 epoch:35, loss:17.788910230000813
2025-05-11 20:49:58,342 epoch:36, loss:17.686384836832683
2025-05-11 20:50:06,064 epoch:37, loss:17.57092507680257
2025-05-11 20:50:13,809 epoch:38, loss:17.544830004374187
2025-05-11 20:50:21,566 epoch:39, loss:17.58656406402588
2025-05-11 20:50:29,294 epoch:40, loss:17.5089054107666
2025-05-11 20:50:29,295 ------------ validation ------------
2025-05-11 20:50:30,454 epoch:40
2025-05-11 20:50:30,454 recon error:16.417734146118164
2025-05-11 20:50:30,454 -------------------------------------
2025-05-11 20:50:38,034 epoch:41, loss:17.53391393025716
2025-05-11 20:50:45,757 epoch:42, loss:17.457926114400227
2025-05-11 20:50:53,486 epoch:43, loss:17.534003893534344
2025-05-11 20:51:01,208 epoch:44, loss:17.491234461466473
2025-05-11 20:51:08,953 epoch:45, loss:17.516759236653645
2025-05-11 20:51:16,687 epoch:46, loss:17.509998957316082
2025-05-11 20:51:24,408 epoch:47, loss:17.255620002746582
2025-05-11 20:51:32,136 epoch:48, loss:17.179090181986492
2025-05-11 20:51:39,876 epoch:49, loss:17.1326265335083
2025-05-11 20:51:47,612 epoch:50, loss:17.029112180074055
2025-05-11 20:51:47,613 ------------ validation ------------
2025-05-11 20:51:48,770 epoch:50
2025-05-11 20:51:48,770 recon error:15.706016540527344
2025-05-11 20:51:48,770 -------------------------------------
2025-05-11 20:51:56,357 epoch:51, loss:16.959372520446777
2025-05-11 20:52:04,100 epoch:52, loss:16.886027654012043
2025-05-11 20:52:11,858 epoch:53, loss:16.94174639383952
2025-05-11 20:52:19,632 epoch:54, loss:16.8203231493632
2025-05-11 20:52:27,392 epoch:55, loss:16.619213740030926
2025-05-11 20:52:35,130 epoch:56, loss:16.515571117401123
2025-05-11 20:52:42,884 epoch:57, loss:16.280185063680012
2025-05-11 20:52:50,621 epoch:58, loss:16.15594259897868
2025-05-11 20:52:58,369 epoch:59, loss:16.000794410705566
2025-05-11 20:53:06,113 epoch:60, loss:15.880737781524658
2025-05-11 20:53:06,114 ------------ validation ------------
2025-05-11 20:53:07,272 epoch:60
2025-05-11 20:53:07,272 recon error:14.785080909729004
2025-05-11 20:53:07,272 -------------------------------------
2025-05-11 20:53:14,910 epoch:61, loss:15.519527117411295
2025-05-11 20:53:22,677 epoch:62, loss:15.335256417592367
2025-05-11 20:53:30,434 epoch:63, loss:14.841529687245687
2025-05-11 20:53:38,205 epoch:64, loss:14.71160078048706
2025-05-11 20:53:45,971 epoch:65, loss:14.93803040186564
2025-05-11 20:53:53,747 epoch:66, loss:14.751111030578613
2025-05-11 20:54:01,511 epoch:67, loss:14.289031187693277
2025-05-11 20:54:09,281 epoch:68, loss:14.121669928232828
2025-05-11 20:54:17,052 epoch:69, loss:13.642717838287354
2025-05-11 20:54:24,820 epoch:70, loss:13.327672958374023
2025-05-11 20:54:24,820 ------------ validation ------------
2025-05-11 20:54:25,969 epoch:70
2025-05-11 20:54:25,969 recon error:12.103105545043945
2025-05-11 20:54:25,969 -------------------------------------
2025-05-11 20:54:33,615 epoch:71, loss:13.179982821146647
2025-05-11 20:54:41,396 epoch:72, loss:13.083003362019857
2025-05-11 20:54:49,163 epoch:73, loss:12.877582550048828
2025-05-11 20:54:56,940 epoch:74, loss:12.50065247217814
2025-05-11 20:55:04,716 epoch:75, loss:12.487452189127604
2025-05-11 20:55:12,475 epoch:76, loss:12.208492279052734
2025-05-11 20:55:20,242 epoch:77, loss:12.103883902231852
2025-05-11 20:55:28,012 epoch:78, loss:11.982079664866129
2025-05-11 20:55:35,771 epoch:79, loss:12.25206184387207
2025-05-11 20:55:43,553 epoch:80, loss:12.511369387308756
2025-05-11 20:55:43,553 ------------ validation ------------
2025-05-11 20:55:44,705 epoch:80
2025-05-11 20:55:44,705 recon error:12.734033584594727
2025-05-11 20:55:44,706 -------------------------------------
2025-05-11 20:55:52,365 epoch:81, loss:12.205012480417887
2025-05-11 20:56:00,130 epoch:82, loss:11.663647015889486
2025-05-11 20:56:07,890 epoch:83, loss:11.538738091786703
2025-05-11 20:56:15,669 epoch:84, loss:11.375750859578451
2025-05-11 20:56:23,459 epoch:85, loss:11.803922176361084
2025-05-11 20:56:31,232 epoch:86, loss:11.838607470194498
2025-05-11 20:56:39,001 epoch:87, loss:11.542445659637451
2025-05-11 20:56:46,770 epoch:88, loss:11.076929887135824
2025-05-11 20:56:54,568 epoch:89, loss:11.105451901753744
2025-05-11 20:57:02,342 epoch:90, loss:11.097050189971924
2025-05-11 20:57:02,343 ------------ validation ------------
2025-05-11 20:57:03,506 epoch:90
2025-05-11 20:57:03,507 recon error:10.093758583068848
2025-05-11 20:57:03,507 -------------------------------------
2025-05-11 20:57:11,153 epoch:91, loss:10.722480773925781
2025-05-11 20:57:18,919 epoch:92, loss:10.676778157552084
2025-05-11 20:57:26,703 epoch:93, loss:10.579070885976156
2025-05-11 20:57:34,493 epoch:94, loss:10.41951608657837
2025-05-11 20:57:42,259 epoch:95, loss:10.580541928609213
2025-05-11 20:57:50,021 epoch:96, loss:10.563493251800537
2025-05-11 20:57:57,799 epoch:97, loss:10.389885743459066
2025-05-11 20:58:05,559 epoch:98, loss:10.355781396230062
2025-05-11 20:58:13,336 epoch:99, loss:10.321323235829672
2025-05-11 20:58:21,116 epoch:100, loss:10.139772574106852
2025-05-11 20:58:21,116 ------------ validation ------------
2025-05-11 20:58:22,265 epoch:100
2025-05-11 20:58:22,266 recon error:9.915301322937012
2025-05-11 20:58:22,266 -------------------------------------
2025-05-11 20:58:29,884 epoch:101, loss:10.097567558288574
2025-05-11 20:58:37,653 epoch:102, loss:10.308478832244873
2025-05-11 20:58:45,418 epoch:103, loss:10.051004886627197
2025-05-11 20:58:53,217 epoch:104, loss:9.846975644429525
2025-05-11 20:59:00,977 epoch:105, loss:9.763410727183023
2025-05-11 20:59:08,753 epoch:106, loss:9.685184478759766
2025-05-11 20:59:16,523 epoch:107, loss:9.718033949534098
2025-05-11 20:59:24,326 epoch:108, loss:9.622186342875162
2025-05-11 20:59:32,107 epoch:109, loss:9.538993994394938
2025-05-11 20:59:39,893 epoch:110, loss:9.449641704559326
2025-05-11 20:59:39,894 ------------ validation ------------
2025-05-11 20:59:41,048 epoch:110
2025-05-11 20:59:41,049 recon error:8.967437744140625
2025-05-11 20:59:41,049 -------------------------------------
2025-05-11 20:59:48,709 epoch:111, loss:9.312525113423666
2025-05-11 20:59:56,508 epoch:112, loss:9.183984915415445
2025-05-11 21:00:04,282 epoch:113, loss:9.53824265797933
2025-05-11 21:00:12,046 epoch:114, loss:10.185662428538004
2025-05-11 21:00:19,814 epoch:115, loss:9.581607023874918
2025-05-11 21:00:27,578 epoch:116, loss:9.38098700841268
2025-05-11 21:00:35,367 epoch:117, loss:9.123573303222656
2025-05-11 21:00:43,145 epoch:118, loss:9.006616115570068
2025-05-11 21:00:50,904 epoch:119, loss:8.91323979695638
2025-05-11 21:00:58,681 epoch:120, loss:9.045420328776041
2025-05-11 21:00:58,681 ------------ validation ------------
2025-05-11 21:00:59,832 epoch:120
2025-05-11 21:00:59,832 recon error:8.418281555175781
2025-05-11 21:00:59,832 -------------------------------------
2025-05-11 21:01:07,513 epoch:121, loss:8.960792064666748
2025-05-11 21:01:15,284 epoch:122, loss:8.905821482340494
2025-05-11 21:01:23,043 epoch:123, loss:8.682173331578573
2025-05-11 21:01:30,806 epoch:124, loss:8.660706520080566
2025-05-11 21:01:38,565 epoch:125, loss:8.749340057373047
2025-05-11 21:01:46,330 epoch:126, loss:9.183595180511475
2025-05-11 21:01:54,107 epoch:127, loss:8.87782621383667
2025-05-11 21:02:01,902 epoch:128, loss:8.723337570826212
2025-05-11 21:02:09,703 epoch:129, loss:8.8010466893514
2025-05-11 21:02:17,498 epoch:130, loss:8.506561517715454
2025-05-11 21:02:17,498 ------------ validation ------------
2025-05-11 21:02:18,662 epoch:130
2025-05-11 21:02:18,662 recon error:8.047897338867188
2025-05-11 21:02:18,662 -------------------------------------
2025-05-11 21:02:26,323 epoch:131, loss:8.372154156366983
2025-05-11 21:02:34,097 epoch:132, loss:8.405380884806315
2025-05-11 21:02:41,861 epoch:133, loss:8.301368633906046
2025-05-11 21:02:49,665 epoch:134, loss:8.352271874745687
2025-05-11 21:02:57,430 epoch:135, loss:8.208383719126383
2025-05-11 21:03:05,199 epoch:136, loss:8.107254028320312
2025-05-11 21:03:12,964 epoch:137, loss:7.934965054194133
2025-05-11 21:03:20,739 epoch:138, loss:7.904916922251384
2025-05-11 21:03:28,541 epoch:139, loss:7.831181287765503
2025-05-11 21:03:36,321 epoch:140, loss:7.697195847829183
2025-05-11 21:03:36,321 ------------ validation ------------
2025-05-11 21:03:37,476 epoch:140
2025-05-11 21:03:37,476 recon error:7.888628005981445
2025-05-11 21:03:37,477 -------------------------------------
2025-05-11 21:03:45,155 epoch:141, loss:7.736112356185913
2025-05-11 21:03:52,933 epoch:142, loss:7.697673877080281
2025-05-11 21:04:00,701 epoch:143, loss:7.745163599650065
2025-05-11 21:04:08,480 epoch:144, loss:7.815775712331136
2025-05-11 21:04:16,269 epoch:145, loss:7.789393663406372
2025-05-11 21:04:24,061 epoch:146, loss:7.902887264887492
2025-05-11 21:04:31,862 epoch:147, loss:7.749992609024048
2025-05-11 21:04:39,644 epoch:148, loss:7.6234729290008545
2025-05-11 21:04:47,464 epoch:149, loss:7.529812574386597
2025-05-11 21:04:55,254 epoch:150, loss:7.381218036015828
2025-05-11 21:04:55,254 ------------ validation ------------
2025-05-11 21:04:56,408 epoch:150
2025-05-11 21:04:56,408 recon error:7.314409255981445
2025-05-11 21:04:56,408 -------------------------------------
2025-05-11 21:05:04,063 epoch:151, loss:7.33833114306132
2025-05-11 21:05:11,825 epoch:152, loss:7.29430357615153
2025-05-11 21:05:19,638 epoch:153, loss:7.242553313573201
2025-05-11 21:05:27,445 epoch:154, loss:7.163734594980876
2025-05-11 21:05:35,197 epoch:155, loss:7.09641154607137
2025-05-11 21:05:42,967 epoch:156, loss:7.059737364451091
2025-05-11 21:05:50,764 epoch:157, loss:7.16677451133728
2025-05-11 21:05:58,547 epoch:158, loss:7.191316525141398
2025-05-11 21:06:06,304 epoch:159, loss:7.162311712900798
2025-05-11 21:06:14,091 epoch:160, loss:6.98423973719279
2025-05-11 21:06:14,091 ------------ validation ------------
2025-05-11 21:06:15,249 epoch:160
2025-05-11 21:06:15,250 recon error:7.540712833404541
2025-05-11 21:06:15,250 -------------------------------------
2025-05-11 21:06:22,964 epoch:161, loss:6.961755037307739
2025-05-11 21:06:30,735 epoch:162, loss:6.887913465499878
2025-05-11 21:06:38,556 epoch:163, loss:6.781656901041667
2025-05-11 21:06:46,339 epoch:164, loss:6.735368172327678
2025-05-11 21:06:54,144 epoch:165, loss:6.8154207070668535
2025-05-11 21:07:01,942 epoch:166, loss:6.7056169509887695
2025-05-11 21:07:09,709 epoch:167, loss:6.646440903345744
2025-05-11 21:07:17,515 epoch:168, loss:6.626769145329793
2025-05-11 21:07:25,308 epoch:169, loss:6.576099713643392
2025-05-11 21:07:33,076 epoch:170, loss:6.556659698486328
2025-05-11 21:07:33,076 ------------ validation ------------
2025-05-11 21:07:34,234 epoch:170
2025-05-11 21:07:34,234 recon error:6.597519874572754
2025-05-11 21:07:34,234 -------------------------------------
2025-05-11 21:07:41,909 epoch:171, loss:6.518167972564697
2025-05-11 21:07:49,717 epoch:172, loss:6.429929971694946
2025-05-11 21:07:57,504 epoch:173, loss:6.402472734451294
2025-05-11 21:08:05,291 epoch:174, loss:6.433120965957642
2025-05-11 21:08:13,084 epoch:175, loss:6.459712823232015
2025-05-11 21:08:20,870 epoch:176, loss:6.532739082972209
2025-05-11 21:08:28,639 epoch:177, loss:6.333728313446045
2025-05-11 21:08:36,432 epoch:178, loss:6.297817230224609
2025-05-11 21:08:44,214 epoch:179, loss:6.2996532917022705
2025-05-11 21:08:51,976 epoch:180, loss:6.429755051930745
2025-05-11 21:08:51,976 ------------ validation ------------
2025-05-11 21:08:53,130 epoch:180
2025-05-11 21:08:53,130 recon error:7.860762596130371
2025-05-11 21:08:53,130 -------------------------------------
2025-05-11 21:09:00,790 epoch:181, loss:6.377522230148315
2025-05-11 21:09:08,575 epoch:182, loss:6.373059272766113
2025-05-11 21:09:16,389 epoch:183, loss:6.275267918904622
2025-05-11 21:09:24,167 epoch:184, loss:6.132796923319499
2025-05-11 21:09:31,951 epoch:185, loss:6.041818300882976
2025-05-11 21:09:39,765 epoch:186, loss:6.0893096923828125
2025-05-11 21:09:47,549 epoch:187, loss:6.213613271713257
2025-05-11 21:09:55,361 epoch:188, loss:6.076425234476726
2025-05-11 21:10:03,146 epoch:189, loss:5.976817528406779
2025-05-11 21:10:10,910 epoch:190, loss:5.8348963260650635
2025-05-11 21:10:10,910 ------------ validation ------------
2025-05-11 21:10:12,066 epoch:190
2025-05-11 21:10:12,066 recon error:6.199248790740967
2025-05-11 21:10:12,066 -------------------------------------
2025-05-11 21:10:19,725 epoch:191, loss:5.787988344828288
2025-05-11 21:10:27,522 epoch:192, loss:5.796933094660441
2025-05-11 21:10:35,308 epoch:193, loss:5.804868380228679
2025-05-11 21:10:43,084 epoch:194, loss:5.790151993433635
2025-05-11 21:10:50,870 epoch:195, loss:5.868370374043782
2025-05-11 21:10:58,666 epoch:196, loss:5.965635379155477
2025-05-11 21:11:06,443 epoch:197, loss:5.839559872945149
2025-05-11 21:11:14,217 epoch:198, loss:5.734057029088338
2025-05-11 21:11:22,040 epoch:199, loss:5.795520305633545
2025-05-11 21:11:29,826 epoch:200, loss:5.831140200297038
2025-05-11 21:11:29,826 ------------ validation ------------
2025-05-11 21:11:30,975 epoch:200
2025-05-11 21:11:30,975 recon error:7.4784955978393555
2025-05-11 21:11:30,975 -------------------------------------
2025-05-11 21:11:38,659 epoch:201, loss:6.084364016850789
2025-05-11 21:11:46,436 epoch:202, loss:6.0272291501363116
2025-05-11 21:11:54,230 epoch:203, loss:5.884769042332967
2025-05-11 21:12:02,006 epoch:204, loss:5.89890988667806
2025-05-11 21:12:09,806 epoch:205, loss:5.6291572252909345
2025-05-11 21:12:17,573 epoch:206, loss:5.624083201090495
2025-05-11 21:12:25,347 epoch:207, loss:5.598799546559651
2025-05-11 21:12:33,129 epoch:208, loss:5.5158389409383135
2025-05-11 21:12:40,924 epoch:209, loss:5.509989658991496
2025-05-11 21:12:48,727 epoch:210, loss:5.390769004821777
2025-05-11 21:12:48,728 ------------ validation ------------
2025-05-11 21:12:49,887 epoch:210
2025-05-11 21:12:49,887 recon error:6.078546524047852
2025-05-11 21:12:49,887 -------------------------------------
2025-05-11 21:12:57,546 epoch:211, loss:5.336319923400879
2025-05-11 21:13:05,333 epoch:212, loss:5.3712747891743975
2025-05-11 21:13:13,127 epoch:213, loss:5.387437343597412
2025-05-11 21:13:20,903 epoch:214, loss:5.373815298080444
2025-05-11 21:13:28,669 epoch:215, loss:5.505669514338176
2025-05-11 21:13:36,477 epoch:216, loss:5.453379313151042
2025-05-11 21:13:44,288 epoch:217, loss:5.407545963923137
2025-05-11 21:13:52,081 epoch:218, loss:5.437849283218384
2025-05-11 21:13:59,873 epoch:219, loss:5.43372654914856
2025-05-11 21:14:07,650 epoch:220, loss:5.350661039352417
2025-05-11 21:14:07,650 ------------ validation ------------
2025-05-11 21:14:08,803 epoch:220
2025-05-11 21:14:08,803 recon error:6.11307430267334
2025-05-11 21:14:08,803 -------------------------------------
2025-05-11 21:14:16,480 epoch:221, loss:5.3436117966969805
2025-05-11 21:14:24,269 epoch:222, loss:5.238784869511922
2025-05-11 21:14:32,069 epoch:223, loss:5.1168787479400635
2025-05-11 21:14:39,875 epoch:224, loss:5.167575359344482
2025-05-11 21:14:47,685 epoch:225, loss:5.088572263717651
2025-05-11 21:14:55,466 epoch:226, loss:5.165615876515706
2025-05-11 21:15:03,269 epoch:227, loss:5.130218267440796
2025-05-11 21:15:11,056 epoch:228, loss:5.207108338673909
2025-05-11 21:15:18,868 epoch:229, loss:5.126095136006673
2025-05-11 21:15:26,653 epoch:230, loss:5.031332969665527
2025-05-11 21:15:26,654 ------------ validation ------------
2025-05-11 21:15:27,809 epoch:230
2025-05-11 21:15:27,809 recon error:5.992591857910156
2025-05-11 21:15:27,809 -------------------------------------
2025-05-11 21:15:35,464 epoch:231, loss:5.019762595494588
2025-05-11 21:15:43,268 epoch:232, loss:5.063317060470581
2025-05-11 21:15:51,044 epoch:233, loss:5.049268166224162
2025-05-11 21:15:58,830 epoch:234, loss:4.910190184911092
2025-05-11 21:16:06,612 epoch:235, loss:4.932675679524739
2025-05-11 21:16:14,385 epoch:236, loss:4.90772008895874
2025-05-11 21:16:22,153 epoch:237, loss:5.0374070803324384
2025-05-11 21:16:29,948 epoch:238, loss:5.118808190027873
2025-05-11 21:16:37,749 epoch:239, loss:5.077285448710124
2025-05-11 21:16:45,551 epoch:240, loss:4.828717947006226
2025-05-11 21:16:45,552 ------------ validation ------------
2025-05-11 21:16:46,708 epoch:240
2025-05-11 21:16:46,709 recon error:6.703669548034668
2025-05-11 21:16:46,709 -------------------------------------
2025-05-11 21:16:54,372 epoch:241, loss:4.886884848276774
2025-05-11 21:17:02,141 epoch:242, loss:4.881264130274455
2025-05-11 21:17:09,926 epoch:243, loss:4.772673606872559
2025-05-11 21:17:17,744 epoch:244, loss:4.7256483634312945
2025-05-11 21:17:25,537 epoch:245, loss:4.667076826095581
2025-05-11 21:17:33,343 epoch:246, loss:4.764887571334839
2025-05-11 21:17:41,129 epoch:247, loss:5.016306638717651
2025-05-11 21:17:48,928 epoch:248, loss:5.121753215789795
2025-05-11 21:17:56,734 epoch:249, loss:5.266741752624512
2025-05-11 21:18:04,511 epoch:250, loss:5.14025358359019
2025-05-11 21:18:04,511 ------------ validation ------------
2025-05-11 21:18:05,669 epoch:250
2025-05-11 21:18:05,670 recon error:5.544655799865723
2025-05-11 21:18:05,670 -------------------------------------
2025-05-11 21:18:13,302 epoch:251, loss:4.811541795730591
2025-05-11 21:18:21,082 epoch:252, loss:5.032936652501424
2025-05-11 21:18:28,896 epoch:253, loss:4.8648451169331866
2025-05-11 21:18:36,685 epoch:254, loss:4.871010144551595
2025-05-11 21:18:44,525 epoch:255, loss:4.689420421918233
2025-05-11 21:18:52,290 epoch:256, loss:4.708365519841512
2025-05-11 21:19:00,066 epoch:257, loss:4.638273557027181
2025-05-11 21:19:07,888 epoch:258, loss:4.967873573303223
2025-05-11 21:19:15,652 epoch:259, loss:4.8767580191294355
2025-05-11 21:19:23,431 epoch:260, loss:5.031806071599324
2025-05-11 21:19:23,431 ------------ validation ------------
2025-05-11 21:19:24,581 epoch:260
2025-05-11 21:19:24,581 recon error:5.909958839416504
2025-05-11 21:19:24,581 -------------------------------------
2025-05-11 21:19:32,220 epoch:261, loss:4.816869139671326
2025-05-11 21:19:40,016 epoch:262, loss:5.482378721237183
2025-05-11 21:19:47,783 epoch:263, loss:4.845375935236613
2025-05-11 21:19:55,590 epoch:264, loss:4.781290928522746
2025-05-11 21:20:03,376 epoch:265, loss:4.9474864800771075
2025-05-11 21:20:11,183 epoch:266, loss:4.795734564463298
2025-05-11 21:20:18,985 epoch:267, loss:4.682615001996358
2025-05-11 21:20:26,791 epoch:268, loss:4.734097321828206
2025-05-11 21:20:34,594 epoch:269, loss:4.585726539293925
2025-05-11 21:20:42,393 epoch:270, loss:4.555465857187907
2025-05-11 21:20:42,393 ------------ validation ------------
2025-05-11 21:20:43,553 epoch:270
2025-05-11 21:20:43,553 recon error:5.264093399047852
2025-05-11 21:20:43,553 -------------------------------------
2025-05-11 21:20:51,245 epoch:271, loss:4.5137120087941485
2025-05-11 21:20:59,023 epoch:272, loss:4.359623750050862
2025-05-11 21:21:06,840 epoch:273, loss:4.350979487101237
2025-05-11 21:21:14,625 epoch:274, loss:4.331536253293355
2025-05-11 21:21:22,423 epoch:275, loss:4.272646268208821
2025-05-11 21:21:30,198 epoch:276, loss:4.297063112258911
2025-05-11 21:21:37,965 epoch:277, loss:4.218910257021586
2025-05-11 21:21:45,745 epoch:278, loss:4.1834003527959185
2025-05-11 21:21:53,562 epoch:279, loss:4.1650939385096235
2025-05-11 21:22:01,348 epoch:280, loss:4.175359169642131
2025-05-11 21:22:01,349 ------------ validation ------------
2025-05-11 21:22:02,502 epoch:280
2025-05-11 21:22:02,503 recon error:4.988770961761475
2025-05-11 21:22:02,503 -------------------------------------
2025-05-11 21:22:10,144 epoch:281, loss:4.182413578033447
2025-05-11 21:22:17,932 epoch:282, loss:4.1046955188115435
2025-05-11 21:22:25,734 epoch:283, loss:4.084003170331319
2025-05-11 21:22:33,537 epoch:284, loss:4.05582328637441
2025-05-11 21:22:41,330 epoch:285, loss:4.039803544680278
2025-05-11 21:22:49,140 epoch:286, loss:4.00853431224823
2025-05-11 21:22:56,924 epoch:287, loss:3.979270855585734
2025-05-11 21:23:04,734 epoch:288, loss:3.951468269030253
2025-05-11 21:23:12,520 epoch:289, loss:3.933946172396342
2025-05-11 21:23:20,337 epoch:290, loss:3.915695071220398
2025-05-11 21:23:20,337 ------------ validation ------------
2025-05-11 21:23:21,502 epoch:290
2025-05-11 21:23:21,503 recon error:5.0957441329956055
2025-05-11 21:23:21,503 -------------------------------------
2025-05-11 21:23:29,201 epoch:291, loss:3.9094523191452026
2025-05-11 21:23:36,972 epoch:292, loss:3.907733599344889
2025-05-11 21:23:44,767 epoch:293, loss:3.9351449807484946
2025-05-11 21:23:52,544 epoch:294, loss:3.879234711329142
2025-05-11 21:24:00,309 epoch:295, loss:3.86393411954244
2025-05-11 21:24:08,110 epoch:296, loss:3.87443212668101
2025-05-11 21:24:15,918 epoch:297, loss:3.848579208056132
2025-05-11 21:24:23,716 epoch:298, loss:3.8773711125055947
2025-05-11 21:24:31,523 epoch:299, loss:3.8530568281809487
2025-05-11 21:24:39,322 epoch:300, loss:3.825043519337972
2025-05-11 21:24:39,323 ------------ validation ------------
2025-05-11 21:24:40,478 epoch:300
2025-05-11 21:24:40,478 recon error:5.017614364624023
2025-05-11 21:24:40,478 -------------------------------------
