2025-05-16 15:31:50,731 load dataset ...
2025-05-16 15:31:50,733 Loaded 679 samples from folds [0, 1, 2, 3] for train set.
2025-05-16 15:32:18,382 load dataset ...
2025-05-16 15:32:18,384 Loaded 679 samples from folds [0, 1, 2, 3] for train set.
2025-05-16 15:32:18,463 Loaded 169 samples from folds [4] for valid set.
2025-05-16 15:32:20,402 initalize model ...
2025-05-16 15:32:20,492 start training ...
2025-05-16 16:31:35,368 epoch:0, loss:18.35090355599225
2025-05-16 16:31:35,369 ------------ validation ------------
2025-05-16 16:34:56,362 epoch:0
2025-05-16 16:34:56,363 recon error:16.94706142019238
2025-05-16 16:34:56,363 nc error:0.008976516176081268
2025-05-16 16:34:56,363 edge error:1.1892086084072406
2025-05-16 16:34:56,363 -------------------------------------
2025-05-16 17:34:30,656 epoch:1, loss:14.585341839797367
2025-05-16 18:34:00,269 epoch:2, loss:9.43705264949658
2025-05-16 19:33:27,621 epoch:3, loss:5.879069701210213
2025-05-16 20:32:55,274 epoch:4, loss:4.460356185292285
2025-05-16 21:32:28,562 epoch:5, loss:3.778238981216049
2025-05-16 22:31:56,697 epoch:6, loss:3.4005522246915567
2025-05-16 23:31:28,397 epoch:7, loss:3.1244513963915637
2025-05-17 00:30:56,271 epoch:8, loss:2.94646528367617
2025-05-17 01:30:30,661 epoch:9, loss:2.7990484831083857
2025-05-17 02:29:58,543 epoch:10, loss:2.6982839156671896
2025-05-17 02:29:58,544 ------------ validation ------------
2025-05-17 02:33:23,211 epoch:10
2025-05-17 02:33:23,213 recon error:10.270387968368079
2025-05-17 02:33:23,213 nc error:0.020110557737523283
2025-05-17 02:33:23,213 edge error:1.5389205548890244
2025-05-17 02:33:23,214 -------------------------------------
2025-05-17 03:32:54,418 epoch:11, loss:2.619939507721801
2025-05-17 04:32:26,541 epoch:12, loss:2.5359959252979687
2025-05-17 05:32:01,038 epoch:13, loss:2.468206101208267
2025-05-17 06:31:35,096 epoch:14, loss:2.450837698003856
2025-05-17 07:31:09,745 epoch:15, loss:2.37091275079612
2025-05-17 08:30:41,399 epoch:16, loss:2.2953796604420544
2025-05-17 09:30:10,115 epoch:17, loss:2.252328126525317
2025-05-17 10:29:43,733 epoch:18, loss:2.2616372008386874
2025-05-17 11:29:19,677 epoch:19, loss:2.186967919782265
2025-05-17 12:28:57,329 epoch:20, loss:2.14922915133531
2025-05-17 12:28:57,330 ------------ validation ------------
2025-05-17 12:32:22,453 epoch:20
2025-05-17 12:32:22,454 recon error:8.81158529654057
2025-05-17 12:32:22,454 nc error:0.027458961325636983
2025-05-17 12:32:22,454 edge error:1.718514220249018
2025-05-17 12:32:22,454 -------------------------------------
2025-05-17 13:31:54,942 epoch:21, loss:2.1295370193574144
2025-05-17 14:31:30,658 epoch:22, loss:2.0877917109603206
2025-05-17 15:31:05,161 epoch:23, loss:2.0740264606756735
2025-05-17 16:30:41,022 epoch:24, loss:2.0320830601480115
2025-05-17 17:30:19,364 epoch:25, loss:2.046937547481464
2025-05-17 18:29:56,034 epoch:26, loss:2.010504228552592
2025-05-17 19:29:41,042 epoch:27, loss:1.9910975115288692
2025-05-17 20:29:18,956 epoch:28, loss:2.0459210640903076
2025-05-17 21:28:50,259 epoch:29, loss:1.9945494768721366
2025-05-17 22:28:25,210 epoch:30, loss:1.925974707364685
2025-05-17 22:28:25,211 ------------ validation ------------
2025-05-17 22:31:50,305 epoch:30
2025-05-17 22:31:50,306 recon error:7.2713184159182935
2025-05-17 22:31:50,306 nc error:0.030868305874294077
2025-05-17 22:31:50,306 edge error:1.7696891247168096
2025-05-17 22:31:50,306 -------------------------------------
2025-05-17 23:31:23,423 epoch:31, loss:1.9110837893914403
2025-05-18 00:30:53,988 epoch:32, loss:1.9415388500567563
2025-05-18 01:30:22,973 epoch:33, loss:1.9279943205997765
2025-05-18 02:29:47,575 epoch:34, loss:1.9017880280695538
2025-05-18 03:29:17,184 epoch:35, loss:1.8621562954603486
2025-05-18 04:28:47,730 epoch:36, loss:1.8533285094290664
2025-05-18 05:28:18,511 epoch:37, loss:1.855098472779208
2025-05-18 06:27:48,802 epoch:38, loss:1.846912443198933
2025-05-18 07:27:14,328 epoch:39, loss:1.80458876521317
2025-05-18 08:26:46,133 epoch:40, loss:1.8088456378242932
2025-05-18 08:26:46,133 ------------ validation ------------
2025-05-18 08:30:10,188 epoch:40
2025-05-18 08:30:10,189 recon error:5.881355483151046
2025-05-18 08:30:10,190 nc error:0.035835109728239695
2025-05-18 08:30:10,190 edge error:1.8733833146518504
2025-05-18 08:30:10,190 -------------------------------------
2025-05-18 09:29:44,122 epoch:41, loss:1.8368899825746428
2025-05-18 10:29:10,796 epoch:42, loss:1.778075128486476
2025-05-18 11:28:41,908 epoch:43, loss:1.7788477149381905
2025-05-18 12:28:17,119 epoch:44, loss:1.7804588160212858
2025-05-18 13:27:53,730 epoch:45, loss:1.7611455394171827
2025-05-18 14:27:26,529 epoch:46, loss:1.7712758040393048
2025-05-18 15:26:59,072 epoch:47, loss:1.7565722342618961
2025-05-18 16:26:34,220 epoch:48, loss:1.7490575792863197
2025-05-18 17:26:08,642 epoch:49, loss:1.9698592519198321
2025-05-18 18:25:42,068 epoch:50, loss:1.816583143418246
2025-05-18 18:25:42,069 ------------ validation ------------
2025-05-18 18:29:07,287 epoch:50
2025-05-18 18:29:07,288 recon error:6.239720409438455
2025-05-18 18:29:07,289 nc error:0.036359824945588086
2025-05-18 18:29:07,289 edge error:1.8900182783250978
2025-05-18 18:29:07,289 -------------------------------------
2025-05-18 19:28:45,313 epoch:51, loss:1.7454069728177144
2025-05-18 20:28:16,191 epoch:52, loss:1.7324949606528866
2025-05-18 21:27:52,003 epoch:53, loss:1.7169498652878146
2025-05-18 22:27:28,606 epoch:54, loss:1.7443044166326171
2025-05-18 23:27:06,357 epoch:55, loss:1.7100768831938462
2025-05-19 00:26:41,090 epoch:56, loss:2.0616501278308426
2025-05-19 01:26:16,514 epoch:57, loss:1.812240519825594
2025-05-19 02:25:47,911 epoch:58, loss:1.7728234513694303
2025-05-19 03:25:24,102 epoch:59, loss:1.7202508209029073
2025-05-19 04:25:00,455 epoch:60, loss:1.7048817409506953
2025-05-19 04:25:00,455 ------------ validation ------------
2025-05-19 04:28:25,700 epoch:60
2025-05-19 04:28:25,702 recon error:7.185453587029812
2025-05-19 04:28:25,702 nc error:0.03789060714946696
2025-05-19 04:28:25,702 edge error:1.9005891176370473
2025-05-19 04:28:25,702 -------------------------------------
2025-05-19 05:28:01,696 epoch:61, loss:1.6951258633730162
2025-05-19 06:27:33,423 epoch:62, loss:1.712268147096367
2025-05-19 07:27:06,342 epoch:63, loss:1.7095930502586758
2025-05-19 08:26:45,941 epoch:64, loss:1.6766340832647062
2025-05-19 09:26:20,268 epoch:65, loss:1.7022182649997268
2025-05-19 10:26:00,820 epoch:66, loss:1.6858736768211287
2025-05-19 11:25:52,646 epoch:67, loss:1.6596274091498666
2025-05-19 12:25:43,585 epoch:68, loss:1.674987212196541
2025-05-19 13:25:19,990 epoch:69, loss:1.6487634935154303
2025-05-19 14:24:53,859 epoch:70, loss:1.6674434796348763
2025-05-19 14:24:53,859 ------------ validation ------------
2025-05-19 14:28:18,820 epoch:70
2025-05-19 14:28:18,821 recon error:5.769090141770402
2025-05-19 14:28:18,821 nc error:0.0405008134228238
2025-05-19 14:28:18,821 edge error:1.9550902709453064
2025-05-19 14:28:18,822 -------------------------------------
2025-05-19 15:27:45,526 epoch:71, loss:1.6494984963856671
2025-05-19 16:27:16,221 epoch:72, loss:1.6678501079640788
2025-05-19 17:26:50,956 epoch:73, loss:1.6375616302546416
2025-05-19 18:26:22,370 epoch:74, loss:1.657892147114772
2025-05-19 19:25:45,579 epoch:75, loss:1.6480388730896063
2025-05-19 20:25:07,924 epoch:76, loss:1.6284516538892473
2025-05-19 21:24:31,070 epoch:77, loss:1.6567350315240066
2025-05-19 22:24:05,827 epoch:78, loss:1.6266266844936252
2025-05-19 23:24:48,242 epoch:79, loss:1.6252302944396837
2025-05-20 00:43:06,864 epoch:80, loss:1.6209620511233367
2025-05-20 00:43:06,865 ------------ validation ------------
2025-05-20 00:47:31,127 epoch:80
2025-05-20 00:47:31,129 recon error:7.361607133989503
2025-05-20 00:47:31,129 nc error:0.039218070161854024
2025-05-20 00:47:31,129 edge error:1.945039368945466
2025-05-20 00:47:31,129 -------------------------------------
2025-05-20 01:54:03,121 epoch:81, loss:1.632690273433792
2025-05-20 02:58:18,982 epoch:82, loss:1.611747823161826
2025-05-20 04:02:37,445 epoch:83, loss:1.6515280757982707
2025-05-20 05:06:43,162 epoch:84, loss:1.598343370238179
2025-05-20 06:10:50,668 epoch:85, loss:1.5922089032115572
2025-05-20 07:14:50,935 epoch:86, loss:1.590745766664991
2025-05-20 08:19:10,164 epoch:87, loss:1.5967710132275836
2025-05-20 09:23:39,598 epoch:88, loss:1.5959889256725956
2025-05-20 10:27:52,348 epoch:89, loss:1.584821270035363
2025-05-20 11:31:36,048 epoch:90, loss:1.5956677395043914
2025-05-20 11:31:36,048 ------------ validation ------------
2025-05-20 11:35:23,999 epoch:90
2025-05-20 11:35:24,000 recon error:7.261415478745861
2025-05-20 11:35:24,000 nc error:0.04001757995219978
2025-05-20 11:35:24,000 edge error:1.9335788678840773
2025-05-20 11:35:24,000 -------------------------------------
2025-05-20 12:39:31,586 epoch:91, loss:1.5897329390839028
2025-05-20 13:42:12,295 epoch:92, loss:1.5806763379317497
2025-05-20 14:45:56,326 epoch:93, loss:1.570988050616718
2025-05-20 15:49:38,981 epoch:94, loss:1.5683528593959444
2025-05-20 16:53:35,031 epoch:95, loss:1.6132085992240064
2025-05-20 17:57:21,968 epoch:96, loss:1.5631072054204254
2025-05-20 19:01:09,103 epoch:97, loss:1.5539173899062078
2025-05-20 20:04:56,993 epoch:98, loss:1.5592788408712013
2025-05-20 21:08:57,082 epoch:99, loss:1.574402596181552
2025-05-20 22:12:59,404 epoch:100, loss:1.556823023289047
2025-05-20 22:12:59,405 ------------ validation ------------
2025-05-20 22:16:45,650 epoch:100
2025-05-20 22:16:45,652 recon error:5.979495020307732
2025-05-20 22:16:45,652 nc error:0.03674913979185051
2025-05-20 22:16:45,652 edge error:1.874361622968369
2025-05-20 22:16:45,652 -------------------------------------
2025-05-20 23:20:41,562 epoch:101, loss:1.5671826836286835
2025-05-21 00:24:49,586 epoch:102, loss:1.5515570305232973
2025-05-21 01:32:26,459 epoch:103, loss:1.5626646576995176
2025-05-21 02:48:38,992 epoch:104, loss:1.5367204607498663
2025-05-21 03:51:24,385 epoch:105, loss:1.536912213193475
2025-05-21 04:51:53,472 epoch:106, loss:1.5384655864319499
2025-05-21 05:52:14,730 epoch:107, loss:1.5548350354533131
2025-05-21 06:52:39,821 epoch:108, loss:1.5501946319712103
2025-05-21 07:53:05,789 epoch:109, loss:1.5313346768689613
2025-05-21 08:53:33,140 epoch:110, loss:1.5352005233469697
2025-05-21 08:53:33,141 ------------ validation ------------
2025-05-21 08:57:03,449 epoch:110
2025-05-21 08:57:03,450 recon error:5.77043939060008
2025-05-21 08:57:03,450 nc error:0.03800837415650751
2025-05-21 08:57:03,450 edge error:1.8673505761919642
2025-05-21 08:57:03,451 -------------------------------------
2025-05-21 10:00:47,577 epoch:111, loss:1.519008949333157
2025-05-21 11:05:11,905 epoch:112, loss:1.547807344105177
2025-05-21 12:09:35,316 epoch:113, loss:1.5187553369243998
2025-05-21 13:14:15,654 epoch:114, loss:1.5135158932437252
2025-05-21 14:19:12,107 epoch:115, loss:1.5057017146575433
2025-05-21 15:23:38,424 epoch:116, loss:1.503056828333106
2025-05-21 16:27:03,457 epoch:117, loss:1.503748737484085
2025-05-21 17:30:16,564 epoch:118, loss:1.5012047682314102
2025-05-21 18:33:28,954 epoch:119, loss:1.4984771120355125
2025-05-21 19:36:29,853 epoch:120, loss:1.495579421783582
2025-05-21 19:36:29,854 ------------ validation ------------
2025-05-21 19:40:11,556 epoch:120
2025-05-21 19:40:11,557 recon error:6.287111454461453
2025-05-21 19:40:11,557 nc error:0.03770614207099528
2025-05-21 19:40:11,557 edge error:1.8710458447947305
2025-05-21 19:40:11,557 -------------------------------------
2025-05-21 20:43:22,073 epoch:121, loss:1.502944139563458
2025-05-21 21:46:19,557 epoch:122, loss:1.5161437466850336
2025-05-21 22:49:36,547 epoch:123, loss:1.5176116342221515
2025-05-21 23:52:57,842 epoch:124, loss:1.4906209754662942
2025-05-22 00:55:22,318 epoch:125, loss:1.5221649892902516
2025-05-22 01:55:30,238 epoch:126, loss:1.4841959000687184
2025-05-22 02:55:56,335 epoch:127, loss:1.4850074219598335
2025-05-22 03:56:22,147 epoch:128, loss:1.48774798418531
2025-05-22 04:56:49,514 epoch:129, loss:1.4814814752261312
2025-05-22 05:57:20,575 epoch:130, loss:1.6207518821612374
2025-05-22 05:57:20,575 ------------ validation ------------
2025-05-22 06:00:47,752 epoch:130
2025-05-22 06:00:47,753 recon error:6.841695077320527
2025-05-22 06:00:47,753 nc error:0.03421868775150127
2025-05-22 06:00:47,754 edge error:1.8530199436041026
2025-05-22 06:00:47,754 -------------------------------------
2025-05-22 07:01:04,906 epoch:131, loss:1.5728500540723507
2025-05-22 08:01:30,999 epoch:132, loss:1.5160645727556479
2025-05-22 09:01:58,542 epoch:133, loss:1.4935072874636643
2025-05-22 10:02:48,212 epoch:134, loss:1.4903479354546594
2025-05-22 11:03:39,692 epoch:135, loss:1.4852703133809197
2025-05-22 12:04:39,155 epoch:136, loss:1.4741621981313198
2025-05-22 13:05:53,651 epoch:137, loss:1.4904567772229045
2025-05-22 14:07:04,730 epoch:138, loss:1.4737899675636124
2025-05-22 15:07:08,988 epoch:139, loss:1.4800071941033028
2025-05-22 16:08:12,363 epoch:140, loss:1.4804930183076368
2025-05-22 16:08:12,364 ------------ validation ------------
2025-05-22 16:11:47,292 epoch:140
2025-05-22 16:11:47,294 recon error:5.794808028012338
2025-05-22 16:11:47,294 nc error:0.03815274250269289
2025-05-22 16:11:47,294 edge error:1.9123253455528846
2025-05-22 16:11:47,294 -------------------------------------
2025-05-22 17:13:14,929 epoch:141, loss:1.62302757714037
2025-05-22 18:14:35,250 epoch:142, loss:1.5233482614005964
2025-05-22 19:16:06,681 epoch:143, loss:1.4917262334360115
2025-05-22 20:17:36,916 epoch:144, loss:1.4803352973949224
2025-05-22 21:18:17,553 epoch:145, loss:1.4726418414769011
2025-05-22 22:18:54,001 epoch:146, loss:1.4746408855792172
2025-05-22 23:19:53,054 epoch:147, loss:1.4676532018518238
2025-05-23 00:21:25,031 epoch:148, loss:1.464932620964275
2025-05-23 01:22:46,347 epoch:149, loss:1.4621440890260227
2025-05-23 02:24:11,057 epoch:150, loss:1.4737657982751793
2025-05-23 02:24:11,058 ------------ validation ------------
2025-05-23 02:27:43,682 epoch:150
2025-05-23 02:27:43,683 recon error:5.949863850012333
2025-05-23 02:27:43,683 nc error:0.03592007110148845
2025-05-23 02:27:43,683 edge error:1.8251240338094137
2025-05-23 02:27:43,684 -------------------------------------
