2025-05-23 02:31:03,770 load dataset ...
2025-05-23 02:31:03,770 load dataset ...
2025-05-23 02:31:03,772 Loaded 679 samples from folds [0, 1, 2, 3] for train set.
2025-05-23 02:31:03,851 load dataset ...
2025-05-23 02:31:03,852 Loaded 169 samples from folds [4] for valid set.
2025-05-23 02:31:05,784 initalize model ...
2025-05-23 02:31:05,878 start training ...
2025-05-23 02:34:51,593 load dataset ...
2025-05-23 02:34:51,593 load dataset ...
2025-05-23 02:34:51,595 Loaded 679 samples from folds [0, 1, 2, 3] for train set.
2025-05-23 02:34:51,677 load dataset ...
2025-05-23 02:34:51,677 Loaded 169 samples from folds [4] for valid set.
2025-05-23 02:34:53,911 initalize model ...
2025-05-23 02:34:54,018 start training ...
2025-05-23 02:51:03,383 epoch:0, loss:18.004559907365444
2025-05-23 02:51:03,383 ------------ validation ------------
2025-05-23 02:54:13,233 epoch:0
2025-05-23 02:54:13,234 recon error:16.835749603587495
2025-05-23 02:54:13,235 nc error:0.009008977352779293
2025-05-23 02:54:13,235 edge error:1.2012728149368919
2025-05-23 02:54:13,235 repeat error:43062.89349112426
2025-05-23 02:54:13,235 -------------------------------------
2025-05-23 02:56:01,042 load dataset ...
2025-05-23 02:56:01,043 load dataset ...
2025-05-23 02:56:01,044 Loaded 679 samples from folds [0, 1, 2, 3] for train set.
2025-05-23 02:56:01,122 load dataset ...
2025-05-23 02:56:01,123 Loaded 169 samples from folds [4] for valid set.
2025-05-23 02:56:03,096 initalize model ...
2025-05-23 02:56:03,202 start training ...
2025-05-23 03:12:12,708 epoch:0, loss:18.00404685726924
2025-05-23 03:12:12,709 ------------ validation ------------
2025-05-23 03:15:25,953 epoch:0
2025-05-23 03:15:25,954 recon error:16.730462497508032
2025-05-23 03:15:25,954 nc error:0.00898458492341479
2025-05-23 03:15:25,955 edge error:1.2069035761455107
2025-05-23 03:15:25,955 repeat error:43026.60946745562
2025-05-23 03:15:25,955 density error:0.9995408026424385
2025-05-23 03:15:25,955 -------------------------------------
2025-05-23 03:31:35,090 epoch:1, loss:15.515551095156326
2025-05-23 03:47:45,686 epoch:2, loss:10.843962593528062
2025-05-23 04:04:00,234 epoch:3, loss:8.061368946474325
2025-05-23 04:20:13,743 epoch:4, loss:5.969925588290365
2025-05-23 04:36:27,283 epoch:5, loss:4.859540855761656
2025-05-23 04:52:41,182 epoch:6, loss:4.1300520489598584
2025-05-23 05:08:56,510 epoch:7, loss:3.663094098859402
2025-05-23 05:25:12,118 epoch:8, loss:3.29374412759941
2025-05-23 05:41:27,703 epoch:9, loss:3.1058478604711386
2025-05-23 05:57:42,252 epoch:10, loss:2.875468952139628
2025-05-23 05:57:42,253 ------------ validation ------------
2025-05-23 06:00:58,901 epoch:10
2025-05-23 06:00:58,903 recon error:1.839599504978699
2025-05-23 06:00:58,903 nc error:0.04892062711027952
2025-05-23 06:00:58,903 edge error:2.2521639688480537
2025-05-23 06:00:58,904 repeat error:40085.47337278107
2025-05-23 06:00:58,904 density error:0.9982901582351098
2025-05-23 06:00:58,904 -------------------------------------
2025-05-23 06:17:13,459 epoch:11, loss:2.733117397825216
2025-05-23 06:33:27,684 epoch:12, loss:2.6307902722365726
2025-05-23 06:49:41,774 epoch:13, loss:2.547720795000776
2025-05-23 07:05:56,693 epoch:14, loss:2.4782799754472826
2025-05-23 07:22:10,939 epoch:15, loss:2.418767545992215
2025-05-23 07:38:26,318 epoch:16, loss:2.365944075654638
2025-05-23 07:54:40,560 epoch:17, loss:2.313163255205562
2025-05-23 08:10:56,313 epoch:18, loss:2.2855066384061273
2025-05-23 08:27:12,872 epoch:19, loss:2.2246931838708353
2025-05-23 08:43:27,351 epoch:20, loss:2.213899188259389
2025-05-23 08:43:27,351 ------------ validation ------------
2025-05-23 08:46:42,888 epoch:20
2025-05-23 08:46:42,889 recon error:1.3529829534553213
2025-05-23 08:46:42,889 nc error:0.03840863015833338
2025-05-23 08:46:42,889 edge error:2.102720323398974
2025-05-23 08:46:42,890 repeat error:39224.62721893491
2025-05-23 08:46:42,890 density error:0.9978547226747817
2025-05-23 08:46:42,890 -------------------------------------
2025-05-23 09:02:57,710 epoch:21, loss:2.180313827538525
2025-05-23 09:19:11,908 epoch:22, loss:2.162725912980373
2025-05-23 09:35:26,001 epoch:23, loss:2.1257436152586004
2025-05-23 09:51:41,314 epoch:24, loss:2.3943504969396017
2025-05-23 10:07:55,480 epoch:25, loss:2.1711085035804447
2025-05-23 10:24:11,195 epoch:26, loss:2.1031590693126896
2025-05-23 10:40:26,286 epoch:27, loss:2.0767116070847096
2025-05-23 10:56:39,942 epoch:28, loss:2.0706098618668904
2025-05-23 11:12:54,312 epoch:29, loss:2.038094396794843
2025-05-23 11:29:09,025 epoch:30, loss:2.01320634288535
2025-05-23 11:29:09,026 ------------ validation ------------
2025-05-23 11:32:23,814 epoch:30
2025-05-23 11:32:23,815 recon error:1.2064782546822137
2025-05-23 11:32:23,816 nc error:0.03496987467422288
2025-05-23 11:32:23,816 edge error:2.023944367318464
2025-05-23 11:32:23,816 repeat error:38692.36094674556
2025-05-23 11:32:23,816 density error:0.9976428352164094
2025-05-23 11:32:23,816 -------------------------------------
2025-05-23 11:48:39,597 epoch:31, loss:2.017158602053006
2025-05-23 12:04:54,319 epoch:32, loss:1.9948942394425135
2025-05-23 12:21:09,359 epoch:33, loss:1.9876321782419712
2025-05-23 12:37:23,901 epoch:34, loss:1.9721634403770907
2025-05-23 12:53:39,223 epoch:35, loss:1.9646868623233509
2025-05-23 13:09:53,721 epoch:36, loss:1.9387239841017352
2025-05-23 13:26:08,805 epoch:37, loss:1.934370087769667
2025-05-23 13:42:24,438 epoch:38, loss:1.9199266709354383
2025-05-23 13:58:40,472 epoch:39, loss:1.9041136016901885
2025-05-23 14:14:54,622 epoch:40, loss:1.8945224400999268
2025-05-23 14:14:54,623 ------------ validation ------------
2025-05-23 14:18:10,055 epoch:40
2025-05-23 14:18:10,056 recon error:1.1192671332133592
2025-05-23 14:18:10,057 nc error:0.032055246230413226
2025-05-23 14:18:10,057 edge error:1.9585042155000585
2025-05-23 14:18:10,057 repeat error:38310.20710059172
2025-05-23 14:18:10,057 density error:0.9974184223180692
2025-05-23 14:18:10,057 -------------------------------------
2025-05-23 14:34:24,737 epoch:41, loss:1.897062004929263
2025-05-23 14:50:39,222 epoch:42, loss:1.8749521986549837
2025-05-23 15:06:54,667 epoch:43, loss:1.8769033365994034
2025-05-23 15:23:07,977 epoch:44, loss:1.85368529335213
2025-05-23 15:39:22,543 epoch:45, loss:1.8489226964857863
2025-05-23 15:55:36,964 epoch:46, loss:1.8396432138156469
2025-05-23 16:11:51,613 epoch:47, loss:1.828019010125274
2025-05-23 16:28:08,177 epoch:48, loss:1.8290030596358084
2025-05-23 16:44:23,093 epoch:49, loss:1.8239547820084225
2025-05-23 17:00:39,293 epoch:50, loss:1.8062765171671826
2025-05-23 17:00:39,293 ------------ validation ------------
2025-05-23 17:03:53,483 epoch:50
2025-05-23 17:03:53,485 recon error:1.0763669617077303
2025-05-23 17:03:53,485 nc error:0.030422966806052703
2025-05-23 17:03:53,485 edge error:1.9128600351909208
2025-05-23 17:03:53,485 repeat error:37955.34911242603
2025-05-23 17:03:53,485 density error:0.9973052228696248
2025-05-23 17:03:53,485 -------------------------------------
2025-05-23 17:20:07,215 epoch:51, loss:1.7976683748663789
2025-05-23 17:36:21,481 epoch:52, loss:1.793227337948177
2025-05-23 17:52:44,035 epoch:53, loss:1.7912334637368024
2025-05-23 18:09:09,185 epoch:54, loss:1.7875258585490252
2025-05-23 18:25:26,838 epoch:55, loss:1.768021612174381
2025-05-23 18:41:41,091 epoch:56, loss:1.761049903545183
2025-05-23 18:57:55,722 epoch:57, loss:1.7567552514209663
2025-05-23 19:14:16,679 epoch:58, loss:1.7556553940358675
2025-05-23 19:30:38,613 epoch:59, loss:1.7517426328209609
2025-05-23 19:47:07,398 epoch:60, loss:1.7376704753235268
2025-05-23 19:47:07,398 ------------ validation ------------
2025-05-23 19:50:19,908 epoch:60
2025-05-23 19:50:19,909 recon error:1.0803710060006768
2025-05-23 19:50:19,909 nc error:0.029010826159687437
2025-05-23 19:50:19,909 edge error:1.8612685732587555
2025-05-23 19:50:19,909 repeat error:37688.08284023669
2025-05-23 19:50:19,909 density error:0.9974328374721595
2025-05-23 19:50:19,909 -------------------------------------
2025-05-23 20:06:37,699 epoch:61, loss:1.7395641910836692
2025-05-23 20:22:54,962 epoch:62, loss:1.7318495655972757
2025-05-23 20:39:18,307 epoch:63, loss:1.7278255329567485
2025-05-23 20:55:33,948 epoch:64, loss:1.7258047104232968
2025-05-23 21:11:57,229 epoch:65, loss:1.7207381804315962
2025-05-23 21:28:11,483 epoch:66, loss:1.7090667071855121
2025-05-23 21:44:25,261 epoch:67, loss:1.7049507529465193
2025-05-23 22:00:40,330 epoch:68, loss:1.7048578106075394
2025-05-23 22:17:03,622 epoch:69, loss:1.7055006827802475
2025-05-23 22:33:27,095 epoch:70, loss:1.6911581770485384
2025-05-23 22:33:27,096 ------------ validation ------------
2025-05-23 22:36:37,321 epoch:70
2025-05-23 22:36:37,322 recon error:0.9883708220261794
2025-05-23 22:36:37,323 nc error:0.02777012994171247
2025-05-23 22:36:37,323 edge error:1.830332885832476
2025-05-23 22:36:37,323 repeat error:37005.680473372784
2025-05-23 22:36:37,323 density error:0.9970492156299614
2025-05-23 22:36:37,323 -------------------------------------
2025-05-23 22:53:01,329 epoch:71, loss:1.6896789260044014
2025-05-23 23:09:14,834 epoch:72, loss:1.687208851939273
2025-05-23 23:25:29,131 epoch:73, loss:1.6836061063325458
2025-05-23 23:41:43,233 epoch:74, loss:1.6768213693101908
2025-05-23 23:58:05,188 epoch:75, loss:1.676079780960645
2025-05-24 00:14:18,794 epoch:76, loss:1.66913174266141
2025-05-24 00:30:32,327 epoch:77, loss:1.6597435024946885
2025-05-24 00:46:47,030 epoch:78, loss:1.6630728283406007
2025-05-24 01:03:01,522 epoch:79, loss:1.6537629290427656
2025-05-24 01:19:15,746 epoch:80, loss:1.654792377629231
2025-05-24 01:19:15,747 ------------ validation ------------
2025-05-24 01:22:24,855 epoch:80
2025-05-24 01:22:24,856 recon error:0.9580998448930549
2025-05-24 01:22:24,856 nc error:0.027134698027601607
2025-05-24 01:22:24,857 edge error:1.8423391552366448
2025-05-24 01:22:24,857 repeat error:36516.686390532544
2025-05-24 01:22:24,857 density error:0.9969841351170512
2025-05-24 01:22:24,857 -------------------------------------
2025-05-24 01:38:39,042 epoch:81, loss:1.65527706451725
2025-05-24 01:55:04,302 epoch:82, loss:1.6947314433742517
2025-05-24 02:11:18,629 epoch:83, loss:1.6528714294812816
2025-05-24 02:27:32,357 epoch:84, loss:1.6408009114778095
2025-05-24 02:43:46,694 epoch:85, loss:2.0519142054317627
2025-05-24 03:00:00,628 epoch:86, loss:1.777396369050634
2025-05-24 03:16:14,173 epoch:87, loss:1.7062848227013545
2025-05-24 03:32:30,121 epoch:88, loss:1.6780583586362745
2025-05-24 03:48:44,698 epoch:89, loss:1.6723705995416431
2025-05-24 04:05:00,060 epoch:90, loss:1.6541993086046605
2025-05-24 04:05:00,061 ------------ validation ------------
2025-05-24 04:08:10,127 epoch:90
2025-05-24 04:08:10,128 recon error:0.9730621470502142
2025-05-24 04:08:10,128 nc error:0.027417696538497006
2025-05-24 04:08:10,128 edge error:1.8401788466075468
2025-05-24 04:08:10,128 repeat error:36481.81065088757
2025-05-24 04:08:10,129 density error:0.997133039511167
2025-05-24 04:08:10,129 -------------------------------------
2025-05-24 04:24:24,554 epoch:91, loss:1.647632940352753
2025-05-24 04:40:48,303 epoch:92, loss:1.6419857721089965
2025-05-24 04:57:12,929 epoch:93, loss:1.6378838526131654
2025-05-24 05:13:27,778 epoch:94, loss:1.6336778198671973
2025-05-24 05:29:43,757 epoch:95, loss:1.6327028177974852
2025-05-24 05:46:04,252 epoch:96, loss:1.6247922197884066
2025-05-24 06:02:22,952 epoch:97, loss:1.6265907514077749
2025-05-24 06:18:42,781 epoch:98, loss:1.6224351350618567
2025-05-24 06:34:57,514 epoch:99, loss:1.6202037269482732
2025-05-24 06:51:13,019 epoch:100, loss:1.6210408609289133
2025-05-24 06:51:13,019 ------------ validation ------------
2025-05-24 06:54:23,383 epoch:100
2025-05-24 06:54:23,385 recon error:0.9491505700455615
2025-05-24 06:54:23,385 nc error:0.026139623722469314
2025-05-24 06:54:23,385 edge error:1.8116844307036089
2025-05-24 06:54:23,385 repeat error:36193.34319526627
2025-05-24 06:54:23,385 density error:0.9969085211584554
2025-05-24 06:54:23,385 -------------------------------------
2025-05-24 07:10:39,165 epoch:101, loss:1.613407469989625
2025-05-24 07:26:54,896 epoch:102, loss:1.6138941049575806
2025-05-24 07:43:10,213 epoch:103, loss:1.6150734471993875
2025-05-24 07:59:30,362 epoch:104, loss:1.93993394557436
2025-05-24 08:15:45,015 epoch:105, loss:1.6972486331993069
2025-05-24 08:32:06,538 epoch:106, loss:1.660208420830728
2025-05-24 08:48:24,402 epoch:107, loss:1.641450510109296
2025-05-24 09:04:38,860 epoch:108, loss:1.6312719030478566
2025-05-24 09:20:51,562 epoch:109, loss:1.6269314336495828
2025-05-24 09:37:06,119 epoch:110, loss:1.6166162055441136
2025-05-24 09:37:06,119 ------------ validation ------------
2025-05-24 09:40:16,834 epoch:110
2025-05-24 09:40:16,836 recon error:0.9344423402695966
2025-05-24 09:40:16,836 nc error:0.02718936756650019
2025-05-24 09:40:16,836 edge error:1.8371186397484773
2025-05-24 09:40:16,836 repeat error:36180.94082840237
2025-05-24 09:40:16,836 density error:0.9968979446845647
2025-05-24 09:40:16,836 -------------------------------------
2025-05-24 09:56:33,703 epoch:111, loss:1.6129004381191046
2025-05-24 10:12:51,633 epoch:112, loss:1.612512308473264
2025-05-24 10:29:06,292 epoch:113, loss:1.60895957195355
2025-05-24 10:45:28,351 epoch:114, loss:1.6034156659917032
2025-05-24 11:01:50,231 epoch:115, loss:1.602869675155943
2025-05-24 11:18:10,688 epoch:116, loss:1.5963206953082414
2025-05-24 11:34:25,878 epoch:117, loss:1.595715387404755
2025-05-24 11:50:41,739 epoch:118, loss:1.591534957794448
2025-05-24 12:06:59,239 epoch:119, loss:1.5988725155196941
2025-05-24 12:23:14,223 epoch:120, loss:1.5996382189077902
2025-05-24 12:23:14,223 ------------ validation ------------
2025-05-24 12:26:23,660 epoch:120
2025-05-24 12:26:23,661 recon error:0.9238131638814712
2025-05-24 12:26:23,662 nc error:0.026538691929811557
2025-05-24 12:26:23,662 edge error:1.8094531946633694
2025-05-24 12:26:23,662 repeat error:35987.491124260356
2025-05-24 12:26:23,662 density error:0.9968772431802467
2025-05-24 12:26:23,662 -------------------------------------
2025-05-24 12:42:42,041 epoch:121, loss:1.592310832772234
2025-05-24 12:58:58,328 epoch:122, loss:1.6482154396040274
2025-05-24 13:15:17,162 epoch:123, loss:1.599657581726827
2025-05-24 13:31:33,150 epoch:124, loss:1.591318346263734
2025-05-24 13:47:50,049 epoch:125, loss:1.584535694438333
2025-05-24 14:04:07,223 epoch:126, loss:1.582464970966502
2025-05-24 14:20:25,161 epoch:127, loss:1.5780794048168874
2025-05-24 14:36:42,116 epoch:128, loss:1.577903283011053
2025-05-24 14:52:59,591 epoch:129, loss:1.5729523142237376
2025-05-24 15:09:14,025 epoch:130, loss:1.6684954222593462
2025-05-24 15:09:14,026 ------------ validation ------------
2025-05-24 15:12:23,400 epoch:130
2025-05-24 15:12:23,401 recon error:0.9297082604035823
2025-05-24 15:12:23,402 nc error:0.028631783955724986
2025-05-24 15:12:23,402 edge error:1.86634344603183
2025-05-24 15:12:23,402 repeat error:36467.98224852071
2025-05-24 15:12:23,402 density error:0.9968145860017404
2025-05-24 15:12:23,402 -------------------------------------
2025-05-24 15:28:38,839 epoch:131, loss:1.5944099234902631
2025-05-24 15:44:53,374 epoch:132, loss:1.5803744303109193
2025-05-24 16:01:11,680 epoch:133, loss:1.5724801472957426
2025-05-24 16:17:36,214 epoch:134, loss:1.573058340440618
2025-05-24 16:34:00,726 epoch:135, loss:1.570964091831876
2025-05-24 16:50:26,273 epoch:136, loss:1.56728953781465
2025-05-24 17:06:50,848 epoch:137, loss:1.5642167394747615
2025-05-24 17:23:16,415 epoch:138, loss:1.5633048888334293
2025-05-24 17:39:42,546 epoch:139, loss:1.5632460902119947
2025-05-24 17:56:07,836 epoch:140, loss:1.5572234878483857
2025-05-24 17:56:07,837 ------------ validation ------------
2025-05-24 17:59:18,663 epoch:140
2025-05-24 17:59:18,664 recon error:0.9191510800779219
2025-05-24 17:59:18,664 nc error:0.025815833437107725
2025-05-24 17:59:18,664 edge error:1.7971059387252175
2025-05-24 17:59:18,664 repeat error:35902.96449704142
2025-05-24 17:59:18,665 density error:0.9967774942781799
2025-05-24 17:59:18,665 -------------------------------------
2025-05-24 18:15:42,308 epoch:141, loss:1.557592763992051
2025-05-24 18:32:07,405 epoch:142, loss:1.5511996194786106
2025-05-24 18:48:31,941 epoch:143, loss:1.5997549778231817
2025-05-24 19:04:57,543 epoch:144, loss:1.5642405219913758
2025-05-24 19:21:12,945 epoch:145, loss:1.553229199417912
2025-05-24 19:37:36,248 epoch:146, loss:1.5496711862631505
2025-05-24 19:54:01,059 epoch:147, loss:1.5456515213526751
2025-05-24 20:10:22,308 epoch:148, loss:1.5463488398665708
2025-05-24 20:26:45,396 epoch:149, loss:1.5425171651966618
2025-05-24 20:43:02,236 epoch:150, loss:1.5411312048143773
2025-05-24 20:43:02,236 ------------ validation ------------
2025-05-24 20:46:11,936 epoch:150
2025-05-24 20:46:11,938 recon error:0.9133216597624785
2025-05-24 20:46:11,938 nc error:0.025548777581583818
2025-05-24 20:46:11,938 edge error:1.8020941668008206
2025-05-24 20:46:11,939 repeat error:35738.112426035506
2025-05-24 20:46:11,939 density error:0.9968691380066279
2025-05-24 20:46:11,939 -------------------------------------
2025-05-24 21:02:26,228 epoch:151, loss:1.5380727802355265
2025-05-24 21:18:46,764 epoch:152, loss:1.536774037161702
2025-05-24 21:35:10,635 epoch:153, loss:1.5364707251887257
2025-05-24 21:51:29,562 epoch:154, loss:1.5329591875048203
2025-05-24 22:07:52,393 epoch:155, loss:1.5358591555495678
2025-05-24 22:24:12,150 epoch:156, loss:1.5303122303798378
2025-05-24 22:40:31,297 epoch:157, loss:1.5322041659011054
2025-05-24 22:56:55,206 epoch:158, loss:1.5294288126463742
2025-05-24 23:13:17,194 epoch:159, loss:1.5265297622849208
2025-05-24 23:29:41,256 epoch:160, loss:1.5270238854923726
2025-05-24 23:29:41,256 ------------ validation ------------
2025-05-24 23:32:54,711 epoch:160
2025-05-24 23:32:54,713 recon error:0.9138186549293924
2025-05-24 23:32:54,713 nc error:0.025115914124797082
2025-05-24 23:32:54,713 edge error:1.7719705986553396
2025-05-24 23:32:54,713 repeat error:35909.33727810651
2025-05-24 23:32:54,714 density error:0.9966851680941836
2025-05-24 23:32:54,714 -------------------------------------
2025-05-24 23:49:09,933 epoch:161, loss:1.522199936573214
2025-05-25 00:05:23,974 epoch:162, loss:1.521050010408674
2025-05-25 00:21:38,083 epoch:163, loss:1.5482184437483506
2025-05-25 00:38:01,407 epoch:164, loss:1.5263631686195183
2025-05-25 00:54:21,952 epoch:165, loss:1.520442920335087
2025-05-25 01:10:36,005 epoch:166, loss:1.5198797412403202
2025-05-25 01:26:48,642 epoch:167, loss:1.514141599454304
2025-05-25 01:43:02,872 epoch:168, loss:1.513961258271657
2025-05-25 01:59:18,091 epoch:169, loss:1.6104143419041022
2025-05-25 02:15:33,586 epoch:170, loss:1.528916246585537
2025-05-25 02:15:33,586 ------------ validation ------------
2025-05-25 02:18:45,622 epoch:170
2025-05-25 02:18:45,623 recon error:0.9029049266724897
2025-05-25 02:18:45,624 nc error:0.025193326120105015
2025-05-25 02:18:45,624 edge error:1.7692962377029058
2025-05-25 02:18:45,624 repeat error:35963.2899408284
2025-05-25 02:18:45,624 density error:0.9966573256712693
2025-05-25 02:18:45,624 -------------------------------------
2025-05-25 02:35:00,806 epoch:171, loss:1.5182272655798865
2025-05-25 02:51:13,534 epoch:172, loss:1.5156747734774898
2025-05-25 03:07:32,027 epoch:173, loss:1.5117206387386406
2025-05-25 03:23:46,246 epoch:174, loss:1.5099114219991379
2025-05-25 03:40:00,814 epoch:175, loss:1.5081516175979368
2025-05-25 03:56:14,930 epoch:176, loss:1.504007158820162
2025-05-25 04:12:29,819 epoch:177, loss:1.5065919673495511
2025-05-25 04:28:44,948 epoch:178, loss:1.718460259978304
2025-05-25 04:44:59,755 epoch:179, loss:1.5660551042023043
2025-05-25 05:01:13,529 epoch:180, loss:1.5384352237030052
2025-05-25 05:01:13,530 ------------ validation ------------
2025-05-25 05:04:23,331 epoch:180
2025-05-25 05:04:23,332 recon error:0.9017376504706208
2025-05-25 05:04:23,333 nc error:0.02588529080240684
2025-05-25 05:04:23,333 edge error:1.7890194760271783
2025-05-25 05:04:23,333 repeat error:36121.85207100592
2025-05-25 05:04:23,333 density error:0.9966377605347944
2025-05-25 05:04:23,333 -------------------------------------
2025-05-25 05:20:38,536 epoch:181, loss:1.526500310567763
2025-05-25 05:36:52,332 epoch:182, loss:1.5148977634657466
2025-05-25 05:53:04,969 epoch:183, loss:1.5244021178696399
2025-05-25 06:09:18,539 epoch:184, loss:1.5093156991194554
2025-05-25 06:25:31,963 epoch:185, loss:1.5046763218204122
2025-05-25 06:41:46,398 epoch:186, loss:1.4992054326895936
2025-05-25 06:58:04,546 epoch:187, loss:1.5007851673331283
2025-05-25 07:14:29,778 epoch:188, loss:1.4971054836295665
2025-05-25 07:30:55,485 epoch:189, loss:1.497698466100117
2025-05-25 07:47:19,668 epoch:190, loss:1.496447307722909
2025-05-25 07:47:19,669 ------------ validation ------------
2025-05-25 07:50:29,278 epoch:190
2025-05-25 07:50:29,279 recon error:0.8905627388925947
2025-05-25 07:50:29,280 nc error:0.02500548779126808
2025-05-25 07:50:29,280 edge error:1.7782950373090936
2025-05-25 07:50:29,280 repeat error:35606.047337278105
2025-05-25 07:50:29,280 density error:0.9966184514514088
2025-05-25 07:50:29,280 -------------------------------------
2025-05-25 08:06:53,016 epoch:191, loss:1.4953304511633467
2025-05-25 08:23:18,710 epoch:192, loss:1.4919583937907606
2025-05-25 08:39:34,040 epoch:193, loss:1.4928545014321013
2025-05-25 08:55:55,572 epoch:194, loss:1.4905246533069414
2025-05-25 09:12:19,833 epoch:195, loss:1.4877023674075838
2025-05-25 09:28:39,321 epoch:196, loss:1.4876272978593044
2025-05-25 09:45:04,869 epoch:197, loss:1.4885917979241823
2025-05-25 10:01:29,049 epoch:198, loss:1.6046757894692962
2025-05-25 10:17:46,570 epoch:199, loss:1.6193257958267504
2025-05-25 10:34:13,242 epoch:200, loss:1.7490499342664176
2025-05-25 10:34:13,242 ------------ validation ------------
2025-05-25 10:37:24,434 epoch:200
2025-05-25 10:37:24,435 recon error:0.9440408662931453
2025-05-25 10:37:24,436 nc error:0.0291398499800256
2025-05-25 10:37:24,436 edge error:1.8572709877815472
2025-05-25 10:37:24,436 repeat error:36897.37278106509
2025-05-25 10:37:24,436 density error:0.9968045681891357
2025-05-25 10:37:24,436 -------------------------------------
2025-05-25 10:53:49,851 epoch:201, loss:1.5867335499649722
2025-05-25 11:10:06,321 epoch:202, loss:1.552944351015105
2025-05-25 11:26:27,858 epoch:203, loss:1.537068671962474
2025-05-25 11:42:45,650 epoch:204, loss:1.527166880107593
2025-05-25 11:59:09,347 epoch:205, loss:1.5200222344391476
2025-05-25 12:15:34,297 epoch:206, loss:1.5116294232664824
2025-05-25 12:31:58,644 epoch:207, loss:1.5069272928982316
2025-05-25 12:48:24,830 epoch:208, loss:1.502023872114246
2025-05-25 13:04:39,476 epoch:209, loss:1.499282478057232
2025-05-25 13:21:04,023 epoch:210, loss:1.4949574114121114
2025-05-25 13:21:04,023 ------------ validation ------------
2025-05-25 13:24:15,361 epoch:210
2025-05-25 13:24:15,362 recon error:0.8841398446517583
2025-05-25 13:24:15,363 nc error:0.025114813610117817
2025-05-25 13:24:15,363 edge error:1.7740934099671404
2025-05-25 13:24:15,363 repeat error:35752.958579881655
2025-05-25 13:24:15,363 density error:0.9965082297663717
2025-05-25 13:24:15,363 -------------------------------------
2025-05-25 13:40:40,648 epoch:211, loss:1.4936796135333572
2025-05-25 13:57:04,400 epoch:212, loss:1.4921010339382998
2025-05-25 14:13:29,284 epoch:213, loss:1.4894786697424214
2025-05-25 14:29:45,661 epoch:214, loss:1.487458947656432
2025-05-25 14:46:02,042 epoch:215, loss:1.4857921630188011
2025-05-25 15:02:15,629 epoch:216, loss:1.4816146851990466
2025-05-25 15:18:39,844 epoch:217, loss:1.4832449152473146
2025-05-25 15:35:05,517 epoch:218, loss:1.4812446112836408
2025-05-25 15:51:23,746 epoch:219, loss:1.4785489993874912
2025-05-25 16:07:41,963 epoch:220, loss:1.4779568907087435
2025-05-25 16:07:41,963 ------------ validation ------------
2025-05-25 16:10:54,338 epoch:220
2025-05-25 16:10:54,339 recon error:0.8758197835916598
2025-05-25 16:10:54,339 nc error:0.02486127487124776
2025-05-25 16:10:54,339 edge error:1.7855958014550293
2025-05-25 16:10:54,339 repeat error:35373.514792899405
2025-05-25 16:10:54,340 density error:0.9965140205868602
2025-05-25 16:10:54,340 -------------------------------------
2025-05-25 16:27:09,204 epoch:221, loss:1.4797640924776776
2025-05-25 16:43:23,360 epoch:222, loss:1.4762517343740225
2025-05-25 16:59:41,555 epoch:223, loss:1.475604328736992
2025-05-25 17:15:57,578 epoch:224, loss:1.4742833028310178
2025-05-25 17:32:12,542 epoch:225, loss:1.4743611902130194
2025-05-25 17:48:36,975 epoch:226, loss:1.4720396549606884
2025-05-25 18:04:55,623 epoch:227, loss:1.4723030456913764
2025-05-25 18:21:15,993 epoch:228, loss:1.4736165923117186
2025-05-25 18:37:34,220 epoch:229, loss:1.5249494354573898
2025-05-25 18:53:55,203 epoch:230, loss:1.6373526135319638
2025-05-25 18:53:55,203 ------------ validation ------------
2025-05-25 18:57:06,539 epoch:230
2025-05-25 18:57:06,540 recon error:0.903540294551285
2025-05-25 18:57:06,540 nc error:0.026279075743531333
2025-05-25 18:57:06,540 edge error:1.808805691419974
2025-05-25 18:57:06,540 repeat error:36182.8224852071
2025-05-25 18:57:06,541 density error:0.9965596579941067
2025-05-25 18:57:06,541 -------------------------------------
2025-05-25 19:13:22,506 epoch:231, loss:1.5127726147206437
2025-05-25 19:29:48,518 epoch:232, loss:1.4950284933306508
2025-05-25 19:46:08,397 epoch:233, loss:1.4839806588303535
2025-05-25 20:02:23,409 epoch:234, loss:1.4810182203776003
2025-05-25 20:18:47,865 epoch:235, loss:1.473634797448789
2025-05-25 20:35:08,088 epoch:236, loss:1.4730509087684756
2025-05-25 20:51:24,368 epoch:237, loss:1.4716401389842533
2025-05-25 21:07:42,588 epoch:238, loss:1.4679089949654198
2025-05-25 21:24:07,150 epoch:239, loss:1.5725422799148334
2025-05-25 21:40:21,180 epoch:240, loss:1.5250863180947059
2025-05-25 21:40:21,180 ------------ validation ------------
2025-05-25 21:43:33,831 epoch:240
2025-05-25 21:43:33,833 recon error:0.893204612139414
2025-05-25 21:43:33,833 nc error:0.0252552135742804
2025-05-25 21:43:33,833 edge error:1.7774673009059838
2025-05-25 21:43:33,833 repeat error:36036.00591715976
2025-05-25 21:43:33,833 density error:0.9965321509795781
2025-05-25 21:43:33,834 -------------------------------------
2025-05-25 21:59:47,048 epoch:241, loss:1.4919452205497843
2025-05-25 22:16:02,982 epoch:242, loss:1.4812674452173518
2025-05-25 22:32:16,601 epoch:243, loss:1.4739093166036703
2025-05-25 22:48:32,132 epoch:244, loss:1.4693654691347844
2025-05-25 23:04:51,375 epoch:245, loss:1.4659441660359962
