2025-05-19 00:47:02,559 load dataset ...
2025-05-19 00:47:02,559 load dataset ...
2025-05-19 00:47:02,561 Loaded 679 samples from folds [0, 1, 2, 3] for train set.
2025-05-19 00:47:02,657 load dataset ...
2025-05-19 00:47:02,658 Loaded 169 samples from folds [4] for valid set.
2025-05-19 00:47:04,689 initalize model ...
2025-05-19 00:47:04,812 start training ...
2025-05-19 01:02:36,988 epoch:0, loss:16.636201222269456
2025-05-19 01:02:36,988 ------------ validation ------------
2025-05-19 01:05:46,009 epoch:0
2025-05-19 01:05:46,010 recon error:14.431260989262508
2025-05-19 01:05:46,010 nc error:0.015248211084165164
2025-05-19 01:05:46,010 edge error:1.4859043028227676
2025-05-19 01:05:46,010 -------------------------------------
2025-05-19 01:21:17,420 epoch:1, loss:12.718434172280583
2025-05-19 01:36:51,407 epoch:2, loss:9.34635870727067
2025-05-19 01:52:27,448 epoch:3, loss:6.986958830275838
2025-05-19 02:08:04,878 epoch:4, loss:4.836162200205807
2025-05-19 02:23:42,219 epoch:5, loss:3.7273199017514886
2025-05-19 02:39:19,451 epoch:6, loss:3.2097954539381877
2025-05-19 02:54:57,085 epoch:7, loss:2.849906426992964
2025-05-19 03:10:33,089 epoch:8, loss:2.6834493364606584
2025-05-19 03:26:10,873 epoch:9, loss:2.525176001578262
2025-05-19 03:41:47,359 epoch:10, loss:2.4323131214712084
2025-05-19 03:41:47,360 ------------ validation ------------
2025-05-19 03:45:01,320 epoch:10
2025-05-19 03:45:01,321 recon error:1.6122561467469796
2025-05-19 03:45:01,321 nc error:0.04353648882645827
2025-05-19 03:45:01,321 edge error:2.153515885567524
2025-05-19 03:45:01,321 -------------------------------------
2025-05-19 04:00:38,390 epoch:11, loss:2.8811438954455864
2025-05-19 04:16:16,550 epoch:12, loss:2.484740591891911
2025-05-19 04:31:55,430 epoch:13, loss:2.3544762383855673
2025-05-19 04:47:33,179 epoch:14, loss:2.280799207876989
2025-05-19 05:03:12,922 epoch:15, loss:2.2434680904309774
2025-05-19 05:18:51,026 epoch:16, loss:2.189282619198222
2025-05-19 05:34:30,464 epoch:17, loss:2.177874851121467
2025-05-19 05:50:09,478 epoch:18, loss:2.12763264358307
2025-05-19 06:05:47,846 epoch:19, loss:2.12557098545979
2025-05-19 06:21:27,263 epoch:20, loss:2.094143754428195
2025-05-19 06:21:27,263 ------------ validation ------------
2025-05-19 06:24:53,335 epoch:20
2025-05-19 06:24:53,336 recon error:1.390118315375063
2025-05-19 06:24:53,336 nc error:0.04010596032634642
2025-05-19 06:24:53,336 edge error:2.1092116642280443
2025-05-19 06:24:53,336 -------------------------------------
2025-05-19 06:40:33,840 epoch:21, loss:2.068687662109184
2025-05-19 06:56:12,594 epoch:22, loss:2.0437501911211085
2025-05-19 07:11:51,138 epoch:23, loss:2.0034926589002313
2025-05-19 07:27:29,794 epoch:24, loss:2.0124205630025735
2025-05-19 07:43:09,864 epoch:25, loss:1.979299369722122
2025-05-19 07:58:50,382 epoch:26, loss:1.9590945623057932
2025-05-19 08:14:28,955 epoch:27, loss:1.9441864299142133
2025-05-19 08:30:09,137 epoch:28, loss:1.9298975121816935
2025-05-19 08:45:48,667 epoch:29, loss:1.9061096058678382
2025-05-19 09:01:27,640 epoch:30, loss:1.9085858442295283
2025-05-19 09:01:27,640 ------------ validation ------------
2025-05-19 09:04:54,425 epoch:30
2025-05-19 09:04:54,425 recon error:1.1683432477465747
2025-05-19 09:04:54,426 nc error:0.03454199384831818
2025-05-19 09:04:54,426 edge error:2.0074009726033406
2025-05-19 09:04:54,426 -------------------------------------
2025-05-19 09:20:34,072 epoch:31, loss:1.8771891358674713
2025-05-19 09:36:13,282 epoch:32, loss:1.8614985108902247
2025-05-19 09:51:52,465 epoch:33, loss:1.8513025189358987
2025-05-19 10:07:32,459 epoch:34, loss:1.850486519586004
2025-05-19 10:23:11,649 epoch:35, loss:1.8380900674083973
2025-05-19 10:38:51,714 epoch:36, loss:1.8194191633162689
2025-05-19 10:54:29,800 epoch:37, loss:1.8225914789404891
2025-05-19 11:10:09,932 epoch:38, loss:1.8066443331287254
2025-05-19 11:25:50,015 epoch:39, loss:1.808274268752872
2025-05-19 11:41:30,750 epoch:40, loss:1.7786994364897175
2025-05-19 11:41:30,751 ------------ validation ------------
2025-05-19 11:44:57,314 epoch:40
2025-05-19 11:44:57,315 recon error:1.0883733905278719
2025-05-19 11:44:57,315 nc error:0.03180097112950136
2025-05-19 11:44:57,315 edge error:1.9230317984812357
2025-05-19 11:44:57,315 -------------------------------------
2025-05-19 12:00:36,910 epoch:41, loss:1.7880997740291882
2025-05-19 12:16:16,672 epoch:42, loss:1.7663699650097315
2025-05-19 12:31:57,028 epoch:43, loss:1.7508311561351322
2025-05-19 12:47:37,614 epoch:44, loss:1.7538071291436153
2025-05-19 13:03:17,293 epoch:45, loss:1.743466282803812
2025-05-19 13:18:57,685 epoch:46, loss:1.7449634803763545
2025-05-19 13:34:36,380 epoch:47, loss:1.7350315663178997
2025-05-19 13:50:19,079 epoch:48, loss:1.722547300434253
2025-05-19 14:05:58,001 epoch:49, loss:1.71152212658406
2025-05-19 14:21:37,208 epoch:50, loss:1.7042963415252619
2025-05-19 14:21:37,208 ------------ validation ------------
2025-05-19 14:25:01,834 epoch:50
2025-05-19 14:25:01,835 recon error:1.06145462093974
2025-05-19 14:25:01,835 nc error:0.030416764340986162
2025-05-19 14:25:01,835 edge error:1.8947667454826762
2025-05-19 14:25:01,835 -------------------------------------
2025-05-19 14:40:41,628 epoch:51, loss:1.8317120442158694
2025-05-19 14:56:18,801 epoch:52, loss:1.738769804781772
2025-05-19 15:11:55,030 epoch:53, loss:1.6994448810684137
2025-05-19 15:27:32,244 epoch:54, loss:1.6898905214399582
2025-05-19 15:43:10,703 epoch:55, loss:1.686590835342351
2025-05-19 15:58:45,316 epoch:56, loss:1.7444312165166211
2025-05-19 16:14:23,835 epoch:57, loss:1.6881037901357276
2025-05-19 16:30:00,419 epoch:58, loss:1.6697082286028517
2025-05-19 16:45:42,648 epoch:59, loss:1.661214526517753
2025-05-19 17:01:20,357 epoch:60, loss:1.658756542100471
2025-05-19 17:01:20,358 ------------ validation ------------
2025-05-19 17:04:31,408 epoch:60
2025-05-19 17:04:31,409 recon error:1.03758593282756
2025-05-19 17:04:31,409 nc error:0.02899082480053577
2025-05-19 17:04:31,409 edge error:1.856809960314508
2025-05-19 17:04:31,409 -------------------------------------
2025-05-19 17:20:21,307 epoch:61, loss:1.6552847513218516
2025-05-19 17:36:09,786 epoch:62, loss:1.6409745044314985
2025-05-19 17:51:57,894 epoch:63, loss:1.6348744906452162
2025-05-19 18:07:48,445 epoch:64, loss:1.6347694772683818
2025-05-19 18:23:37,689 epoch:65, loss:1.628980606223768
2025-05-19 18:39:25,106 epoch:66, loss:1.6316549579595079
2025-05-19 18:55:10,331 epoch:67, loss:1.6284864591393449
2025-05-19 19:10:59,128 epoch:68, loss:1.61573249637115
2025-05-19 19:26:48,845 epoch:69, loss:1.6240487163653254
2025-05-19 19:42:38,631 epoch:70, loss:1.616434810087853
2025-05-19 19:42:38,632 ------------ validation ------------
2025-05-19 19:45:48,129 epoch:70
2025-05-19 19:45:48,130 recon error:1.0875023204899399
2025-05-19 19:45:48,130 nc error:0.028524245196104754
2025-05-19 19:45:48,130 edge error:1.8206562290530233
2025-05-19 19:45:48,130 -------------------------------------
2025-05-19 20:01:30,105 epoch:71, loss:1.611383533091538
2025-05-19 20:17:18,391 epoch:72, loss:1.600167184409758
2025-05-19 20:33:07,060 epoch:73, loss:1.6023953094398151
2025-05-19 20:48:56,379 epoch:74, loss:1.5934706645440282
2025-05-19 21:04:47,347 epoch:75, loss:1.5984460603506119
2025-05-19 21:20:36,855 epoch:76, loss:1.5895970520811684
2025-05-19 21:36:26,786 epoch:77, loss:1.5866765538792897
2025-05-19 21:52:16,426 epoch:78, loss:1.5870750380545546
2025-05-19 22:08:07,753 epoch:79, loss:1.5794265113979447
2025-05-19 22:23:57,247 epoch:80, loss:1.5795991145107287
2025-05-19 22:23:57,248 ------------ validation ------------
2025-05-19 22:27:07,897 epoch:80
2025-05-19 22:27:07,898 recon error:0.968125587031686
2025-05-19 22:27:07,898 nc error:0.026957226828975084
2025-05-19 22:27:07,898 edge error:1.8240391199405377
2025-05-19 22:27:07,898 -------------------------------------
2025-05-19 22:42:57,672 epoch:81, loss:1.5677654690524792
2025-05-19 22:58:47,798 epoch:82, loss:1.565860619601164
2025-05-19 23:14:27,503 epoch:83, loss:1.5674587986781776
2025-05-19 23:30:06,836 epoch:84, loss:1.5589609293593574
2025-05-19 23:45:46,181 epoch:85, loss:1.5591438334539467
2025-05-20 00:01:25,667 epoch:86, loss:1.5586296121572008
2025-05-20 00:17:06,304 epoch:87, loss:1.5608584090782018
2025-05-20 00:32:46,543 epoch:88, loss:1.552639262665705
2025-05-20 00:48:26,168 epoch:89, loss:1.5457716204105316
2025-05-20 01:04:06,387 epoch:90, loss:1.5478478891333354
2025-05-20 01:04:06,387 ------------ validation ------------
2025-05-20 01:07:21,482 epoch:90
2025-05-20 01:07:21,483 recon error:0.9393150661824018
2025-05-20 01:07:21,483 nc error:0.027247174439081073
2025-05-20 01:07:21,483 edge error:1.8304954520344028
2025-05-20 01:07:21,483 -------------------------------------
2025-05-20 01:23:02,226 epoch:91, loss:1.5400487135366066
2025-05-20 01:38:41,415 epoch:92, loss:1.5379288558229607
2025-05-20 01:54:22,407 epoch:93, loss:1.5351915373542346
2025-05-20 02:10:02,456 epoch:94, loss:1.5406630527288467
2025-05-20 02:25:43,600 epoch:95, loss:1.532069547186895
2025-05-20 02:41:23,002 epoch:96, loss:1.5290527793198867
2025-05-20 02:57:01,704 epoch:97, loss:1.5256240027291434
2025-05-20 03:12:41,530 epoch:98, loss:1.525031645097859
2025-05-20 03:28:20,138 epoch:99, loss:1.5167233731504393
2025-05-20 03:44:00,820 epoch:100, loss:1.5213336410859548
2025-05-20 03:44:00,820 ------------ validation ------------
2025-05-20 03:47:14,239 epoch:100
2025-05-20 03:47:14,240 recon error:0.9561302499658257
2025-05-20 03:47:14,240 nc error:0.02670372598225901
2025-05-20 03:47:14,240 edge error:1.8010496803994716
2025-05-20 03:47:14,240 -------------------------------------
2025-05-20 04:02:53,838 epoch:101, loss:1.5159697927677227
2025-05-20 04:18:34,105 epoch:102, loss:1.5090071844247024
2025-05-20 04:34:14,343 epoch:103, loss:1.5108048545418853
2025-05-20 04:49:53,860 epoch:104, loss:1.5109735846695036
2025-05-20 05:05:33,740 epoch:105, loss:1.503547225504104
2025-05-20 05:21:13,258 epoch:106, loss:1.5123126929919393
2025-05-20 05:36:53,510 epoch:107, loss:1.8163548951998727
2025-05-20 05:52:32,258 epoch:108, loss:1.6360684431354147
2025-05-20 06:08:10,999 epoch:109, loss:1.5735253415156885
2025-05-20 06:23:49,433 epoch:110, loss:1.6439063624535113
2025-05-20 06:23:49,434 ------------ validation ------------
2025-05-20 06:27:02,369 epoch:110
2025-05-20 06:27:02,370 recon error:0.9810111586158797
2025-05-20 06:27:02,370 nc error:0.030683738714050963
2025-05-20 06:27:02,370 edge error:1.8973353917782123
2025-05-20 06:27:02,370 -------------------------------------
2025-05-20 06:42:41,295 epoch:111, loss:1.570192010307874
2025-05-20 06:58:19,190 epoch:112, loss:1.5423056155838215
2025-05-20 07:13:59,158 epoch:113, loss:1.5353586429699881
2025-05-20 07:29:38,815 epoch:114, loss:1.5249862344345744
2025-05-20 07:45:19,071 epoch:115, loss:1.5127976179474056
2025-05-20 08:00:58,094 epoch:116, loss:1.5073843058500445
2025-05-20 08:16:37,191 epoch:117, loss:1.5042698562408583
2025-05-20 08:32:16,958 epoch:118, loss:1.4991424292633213
2025-05-20 08:47:55,846 epoch:119, loss:1.5032147676498795
2025-05-20 09:03:35,203 epoch:120, loss:1.4963334370431913
2025-05-20 09:03:35,204 ------------ validation ------------
2025-05-20 09:06:46,220 epoch:120
2025-05-20 09:06:46,220 recon error:0.9627179676259058
2025-05-20 09:06:46,220 nc error:0.026197294610932734
2025-05-20 09:06:46,220 edge error:1.7840393633532101
2025-05-20 09:06:46,220 -------------------------------------
2025-05-20 09:22:25,229 epoch:121, loss:1.4991148220421815
2025-05-20 09:38:12,007 epoch:122, loss:1.4908411734585207
2025-05-20 09:53:55,835 epoch:123, loss:1.4878679157532368
2025-05-20 10:09:38,619 epoch:124, loss:1.4842821610693728
2025-05-20 10:25:22,109 epoch:125, loss:1.4854963406898487
2025-05-20 10:41:05,716 epoch:126, loss:1.486245139006838
2025-05-20 10:56:44,299 epoch:127, loss:1.4835738937352647
2025-05-20 11:12:23,898 epoch:128, loss:1.4798314337877883
2025-05-20 11:28:03,007 epoch:129, loss:1.4765218819364005
2025-05-20 11:43:42,088 epoch:130, loss:1.4757458905583805
2025-05-20 11:43:42,088 ------------ validation ------------
2025-05-20 11:46:49,245 epoch:130
2025-05-20 11:46:49,246 recon error:0.9248895518173127
2025-05-20 11:46:49,246 nc error:0.025807295325239735
2025-05-20 11:46:49,246 edge error:1.7943409109962056
2025-05-20 11:46:49,246 -------------------------------------
2025-05-20 12:02:26,339 epoch:131, loss:1.4737886878633009
2025-05-20 12:18:04,111 epoch:132, loss:1.4748178648492198
2025-05-20 12:33:40,606 epoch:133, loss:1.4676621557159872
2025-05-20 12:49:25,988 epoch:134, loss:1.467544958061252
2025-05-20 13:05:03,690 epoch:135, loss:1.4689250961494726
2025-05-20 13:20:47,307 epoch:136, loss:1.4734647702398287
2025-05-20 13:36:31,052 epoch:137, loss:1.4670871245141233
2025-05-20 13:52:08,449 epoch:138, loss:1.461932820143159
2025-05-20 14:07:55,964 epoch:139, loss:1.4646671761118084
2025-05-20 14:23:42,836 epoch:140, loss:1.456298662566296
2025-05-20 14:23:42,836 ------------ validation ------------
2025-05-20 14:26:53,285 epoch:140
2025-05-20 14:26:53,286 recon error:0.9033251129663907
2025-05-20 14:26:53,286 nc error:0.026187255537721534
2025-05-20 14:26:53,286 edge error:1.8113152176670775
2025-05-20 14:26:53,286 -------------------------------------
2025-05-20 14:42:35,021 epoch:141, loss:1.4598534704132529
2025-05-20 14:58:19,383 epoch:142, loss:1.4573033159716666
2025-05-20 15:13:55,670 epoch:143, loss:1.4564579381156213
2025-05-20 15:29:32,382 epoch:144, loss:1.4541514362256551
2025-05-20 15:45:10,736 epoch:145, loss:1.4534320831298828
2025-05-20 16:00:48,770 epoch:146, loss:1.4460541626139487
2025-05-20 16:16:26,489 epoch:147, loss:1.4481192728907792
2025-05-20 16:32:04,931 epoch:148, loss:1.450697962595191
2025-05-20 16:47:44,380 epoch:149, loss:1.4430594402139072
2025-05-20 17:03:29,008 epoch:150, loss:1.446837983180567
2025-05-20 17:03:29,008 ------------ validation ------------
2025-05-20 17:06:40,671 epoch:150
2025-05-20 17:06:40,672 recon error:0.8995060074258838
2025-05-20 17:06:40,672 nc error:0.0256992367333209
2025-05-20 17:06:40,672 edge error:1.8069225486213638
2025-05-20 17:06:40,672 -------------------------------------
2025-05-20 17:22:20,949 epoch:151, loss:1.4411557386128646
2025-05-20 17:37:59,156 epoch:152, loss:1.442616816999635
2025-05-20 17:53:38,026 epoch:153, loss:1.4394981685548538
2025-05-20 18:09:13,924 epoch:154, loss:1.441039043427918
2025-05-20 18:24:53,029 epoch:155, loss:1.436336635489878
2025-05-20 18:40:31,955 epoch:156, loss:1.4391618442114043
2025-05-20 18:56:10,376 epoch:157, loss:1.4327968545093452
2025-05-20 19:11:51,191 epoch:158, loss:1.4300353595539819
2025-05-20 19:27:36,210 epoch:159, loss:1.4272607679044025
2025-05-20 19:43:14,884 epoch:160, loss:1.4281329820714397
2025-05-20 19:43:14,884 ------------ validation ------------
2025-05-20 19:46:26,399 epoch:160
2025-05-20 19:46:26,400 recon error:0.9084185813305646
2025-05-20 19:46:26,400 nc error:0.025501953019104767
2025-05-20 19:46:26,400 edge error:1.787555810967846
2025-05-20 19:46:26,400 -------------------------------------
2025-05-20 20:02:04,105 epoch:161, loss:1.429252375383616
2025-05-20 20:17:43,268 epoch:162, loss:1.4282181745776372
2025-05-20 20:33:22,319 epoch:163, loss:1.423769640466075
2025-05-20 20:49:00,443 epoch:164, loss:1.4236493558349947
2025-05-20 21:04:38,989 epoch:165, loss:1.4203606756165381
2025-05-20 21:20:18,937 epoch:166, loss:1.4249791147431499
2025-05-20 21:35:58,031 epoch:167, loss:1.417723872875781
2025-05-20 21:51:36,743 epoch:168, loss:1.41576861773394
2025-05-20 22:07:15,784 epoch:169, loss:1.4196760743988104
2025-05-20 22:22:54,357 epoch:170, loss:1.4164539677405041
2025-05-20 22:22:54,357 ------------ validation ------------
2025-05-20 22:26:04,063 epoch:170
2025-05-20 22:26:04,063 recon error:0.891852876138405
2025-05-20 22:26:04,063 nc error:0.025390854237612184
2025-05-20 22:26:04,063 edge error:1.775756460675121
2025-05-20 22:26:04,063 -------------------------------------
2025-05-20 22:41:44,848 epoch:171, loss:1.4116378190415597
2025-05-20 22:57:25,047 epoch:172, loss:1.4128013968643278
2025-05-20 23:13:04,279 epoch:173, loss:1.4108766542091988
2025-05-20 23:28:42,938 epoch:174, loss:1.4122205370480252
2025-05-20 23:44:25,173 epoch:175, loss:1.410077974266086
2025-05-21 00:00:11,060 epoch:176, loss:1.4061778483580418
2025-05-21 00:15:59,415 epoch:177, loss:1.40625581158454
2025-05-21 00:31:45,681 epoch:178, loss:1.4049443771983106
2025-05-21 00:47:31,849 epoch:179, loss:1.4045104128973824
2025-05-21 01:03:19,779 epoch:180, loss:1.4026065876979013
2025-05-21 01:03:19,780 ------------ validation ------------
2025-05-21 01:06:32,346 epoch:180
2025-05-21 01:06:32,346 recon error:0.886763992394216
2025-05-21 01:06:32,346 nc error:0.024974429836639993
2025-05-21 01:06:32,346 edge error:1.7762843363383818
2025-05-21 01:06:32,346 -------------------------------------
2025-05-21 01:22:19,590 epoch:181, loss:1.402043190901339
2025-05-21 01:38:06,588 epoch:182, loss:1.401735967318685
2025-05-21 01:53:53,932 epoch:183, loss:1.3976066149387163
2025-05-21 02:09:43,676 epoch:184, loss:1.3956609843230212
2025-05-21 02:25:31,150 epoch:185, loss:1.3966817336159707
2025-05-21 02:41:20,549 epoch:186, loss:1.3964122632115157
2025-05-21 02:57:07,492 epoch:187, loss:1.3929246576264258
2025-05-21 03:12:53,803 epoch:188, loss:1.3925084088090944
2025-05-21 03:28:42,274 epoch:189, loss:1.508427624498797
2025-05-21 03:44:31,454 epoch:190, loss:1.4697828501770176
2025-05-21 03:44:31,454 ------------ validation ------------
2025-05-21 03:47:43,575 epoch:190
2025-05-21 03:47:43,576 recon error:0.8802114375949611
2025-05-21 03:47:43,576 nc error:0.02596615068614483
2025-05-21 03:47:43,576 edge error:1.796750656951814
2025-05-21 03:47:43,576 -------------------------------------
2025-05-21 04:03:31,078 epoch:191, loss:1.4076723251848404
2025-05-21 04:19:19,080 epoch:192, loss:1.3996243202984773
2025-05-21 04:35:09,821 epoch:193, loss:1.395894331679253
2025-05-21 04:50:57,553 epoch:194, loss:1.3884093455959314
2025-05-21 05:06:45,350 epoch:195, loss:1.3864892636904484
2025-05-21 05:22:30,665 epoch:196, loss:1.388825380047221
2025-05-21 05:38:16,934 epoch:197, loss:1.3868892851212942
2025-05-21 05:54:04,324 epoch:198, loss:1.3816323571773972
2025-05-21 06:09:51,489 epoch:199, loss:1.3839463854046739
2025-05-21 06:25:39,423 epoch:200, loss:1.3827656175672394
2025-05-21 06:25:39,423 ------------ validation ------------
2025-05-21 06:28:52,509 epoch:200
2025-05-21 06:28:52,510 recon error:0.8896239209457262
2025-05-21 06:28:52,510 nc error:0.025592613976294473
2025-05-21 06:28:52,510 edge error:1.799036131102658
2025-05-21 06:28:52,510 -------------------------------------
2025-05-21 06:44:39,375 epoch:201, loss:1.4884685852039545
2025-05-21 07:00:26,816 epoch:202, loss:1.4761088312286692
2025-05-21 07:16:16,082 epoch:203, loss:1.4156673649800544
2025-05-21 07:32:06,185 epoch:204, loss:1.4031783208931317
2025-05-21 07:47:53,688 epoch:205, loss:1.3956257592947037
2025-05-21 08:03:41,400 epoch:206, loss:1.389142837896614
2025-05-21 08:19:28,927 epoch:207, loss:1.387481255454062
2025-05-21 08:35:17,268 epoch:208, loss:1.3867545809064592
2025-05-21 08:51:05,445 epoch:209, loss:1.4441743274500514
2025-05-21 09:06:46,578 epoch:210, loss:1.59443572167971
2025-05-21 09:06:46,578 ------------ validation ------------
2025-05-21 09:09:58,623 epoch:210
2025-05-21 09:09:58,623 recon error:0.9062900303383551
2025-05-21 09:09:58,624 nc error:0.027581391668707662
2025-05-21 09:09:58,624 edge error:1.8314453772539219
2025-05-21 09:09:58,624 -------------------------------------
2025-05-21 09:25:38,375 epoch:211, loss:1.441964698118735
2025-05-21 09:41:22,511 epoch:212, loss:1.4157917687397819
2025-05-21 09:57:03,143 epoch:213, loss:1.4060658697527182
2025-05-21 10:12:44,504 epoch:214, loss:1.4004560938991046
2025-05-21 10:28:28,329 epoch:215, loss:1.3915018201401026
2025-05-21 10:44:14,214 epoch:216, loss:1.3896214965516935
2025-05-21 10:59:59,007 epoch:217, loss:1.3874092014267798
2025-05-21 11:15:39,715 epoch:218, loss:1.3829022796937047
2025-05-21 11:31:25,827 epoch:219, loss:1.3922342399083112
2025-05-21 11:47:12,055 epoch:220, loss:1.3793645379118435
2025-05-21 11:47:12,055 ------------ validation ------------
2025-05-21 11:50:25,920 epoch:220
2025-05-21 11:50:25,921 recon error:0.905798446144578
2025-05-21 11:50:25,921 nc error:0.024703224404500082
2025-05-21 11:50:25,921 edge error:1.742119607135389
2025-05-21 11:50:25,921 -------------------------------------
2025-05-21 12:06:15,032 epoch:221, loss:1.3794158749798084
2025-05-21 12:22:03,039 epoch:222, loss:1.375231293058887
2025-05-21 12:37:50,943 epoch:223, loss:1.3781167997351802
2025-05-21 12:53:39,038 epoch:224, loss:1.3733483719720405
2025-05-21 13:09:26,573 epoch:225, loss:1.372601545260827
2025-05-21 13:25:15,360 epoch:226, loss:1.369353287701052
2025-05-21 13:41:03,634 epoch:227, loss:1.370163112747125
2025-05-21 13:56:52,046 epoch:228, loss:1.3733767769649208
2025-05-21 14:12:39,647 epoch:229, loss:1.367721121335767
2025-05-21 14:28:28,132 epoch:230, loss:1.3674733689677556
2025-05-21 14:28:28,132 ------------ validation ------------
2025-05-21 14:31:42,310 epoch:230
2025-05-21 14:31:42,311 recon error:0.8808663476853681
2025-05-21 14:31:42,311 nc error:0.024543722815943893
2025-05-21 14:31:42,311 edge error:1.75424366589834
2025-05-21 14:31:42,311 -------------------------------------
2025-05-21 14:47:23,938 epoch:231, loss:1.3663363346119517
2025-05-21 15:03:09,335 epoch:232, loss:1.3672386537770986
2025-05-21 15:18:50,486 epoch:233, loss:1.3656074672454588
2025-05-21 15:34:29,244 epoch:234, loss:1.3649776556003779
2025-05-21 15:50:08,332 epoch:235, loss:1.3654676703887063
2025-05-21 16:05:50,610 epoch:236, loss:1.3631360708174896
2025-05-21 16:21:29,340 epoch:237, loss:1.3642076146795754
2025-05-21 16:37:10,308 epoch:238, loss:1.3605056888751674
2025-05-21 16:52:49,520 epoch:239, loss:1.361030301921322
2025-05-21 17:08:36,039 epoch:240, loss:1.361672955689971
2025-05-21 17:08:36,039 ------------ validation ------------
2025-05-21 17:11:46,256 epoch:240
2025-05-21 17:11:46,257 recon error:0.8785860189319362
2025-05-21 17:11:46,257 nc error:0.024639772614960136
2025-05-21 17:11:46,257 edge error:1.7764692511078874
2025-05-21 17:11:46,257 -------------------------------------
