2025-05-15 15:38:51,064 load dataset ...
2025-05-15 15:38:51,064 load dataset ...
2025-05-15 15:38:51,065 Loaded 679 samples from folds [0, 1, 2, 3] for train set.
2025-05-15 15:38:51,145 load dataset ...
2025-05-15 15:38:51,146 Loaded 169 samples from folds [4] for valid set.
2025-05-15 15:38:53,089 initalize model ...
2025-05-15 15:38:53,197 start training ...
2025-05-15 15:54:27,501 epoch:0, loss:17.91028743710188
2025-05-15 15:54:27,501 ------------ validation ------------
2025-05-15 15:57:49,598 epoch:0
2025-05-15 15:57:49,598 recon error:16.74066268198589
2025-05-15 15:57:49,599 nc error:0.008999864835314144
2025-05-15 15:57:49,599 edge error:1.2070584515848104
2025-05-15 15:57:49,599 -------------------------------------
2025-05-15 16:13:21,016 epoch:1, loss:14.935819312644812
2025-05-15 16:28:56,008 epoch:2, loss:8.701622448192254
2025-05-15 16:44:34,060 epoch:3, loss:5.58980532001501
2025-05-15 17:00:13,701 epoch:4, loss:4.112092743214872
2025-05-15 17:15:53,500 epoch:5, loss:3.42922802526224
2025-05-15 17:31:32,191 epoch:6, loss:3.0117966219321968
2025-05-15 17:47:12,079 epoch:7, loss:2.8127068521699075
2025-05-15 18:02:50,522 epoch:8, loss:2.6313993678001664
2025-05-15 18:18:28,076 epoch:9, loss:2.5687415030989276
2025-05-15 18:34:05,642 epoch:10, loss:2.4379356588636125
2025-05-15 18:34:05,642 ------------ validation ------------
2025-05-15 18:37:19,671 epoch:10
2025-05-15 18:37:19,671 recon error:1.6813155553750032
2025-05-15 18:37:19,671 nc error:0.041774710386815156
2025-05-15 18:37:19,671 edge error:2.1275076224253726
2025-05-15 18:37:19,671 -------------------------------------
2025-05-15 18:52:58,198 epoch:11, loss:2.3487868547790707
2025-05-15 19:08:36,418 epoch:12, loss:2.3166679205353726
2025-05-15 19:24:14,779 epoch:13, loss:2.25352731404143
2025-05-15 19:39:52,020 epoch:14, loss:2.2053471001328706
2025-05-15 19:55:29,693 epoch:15, loss:2.1766127149556627
2025-05-15 20:11:07,433 epoch:16, loss:2.1463006782250833
