2025-05-16 18:32:42,186 epoch:100, loss:1.5578291201977736
2025-05-16 18:32:42,186 ------------ validation ------------
2025-05-16 18:35:54,812 epoch:100
2025-05-16 18:35:54,813 recon error:0.9513138045926066
2025-05-16 18:35:54,813 nc error:0.02803812291715625
2025-05-16 18:35:54,813 edge error:1.846668945967093
2025-05-16 18:35:54,813 -------------------------------------
2025-05-16 18:51:33,162 epoch:101, loss:1.5510750324280167
2025-05-16 19:07:11,726 epoch:102, loss:1.5458287852151054
2025-05-16 19:22:49,852 epoch:103, loss:1.5403183242182668
2025-05-16 19:38:27,772 epoch:104, loss:1.537014184538851
2025-05-16 19:54:06,034 epoch:105, loss:1.5325806302420346
2025-05-16 20:09:45,012 epoch:106, loss:1.5345728785370165
2025-05-16 20:25:23,721 epoch:107, loss:1.5270507663971193
2025-05-16 20:41:02,651 epoch:108, loss:1.5246670023155493
2025-05-16 20:56:41,441 epoch:109, loss:1.5222721052450705
2025-05-16 21:12:18,795 epoch:110, loss:1.5228960405217706
2025-05-16 21:12:18,795 ------------ validation ------------
2025-05-16 21:15:35,330 epoch:110
2025-05-16 21:15:35,330 recon error:0.9313032320265234
2025-05-16 21:15:35,331 nc error:0.0268343652339553
2025-05-16 21:15:35,331 edge error:1.8319143734034702
2025-05-16 21:15:35,331 -------------------------------------
2025-05-16 21:31:12,987 epoch:111, loss:1.516233250564609
2025-05-16 21:46:51,042 epoch:112, loss:1.5187514326884926
2025-05-16 22:02:29,978 epoch:113, loss:1.5124827144072228
2025-05-16 22:18:08,890 epoch:114, loss:1.5125148435053313
2025-05-16 22:33:46,797 epoch:115, loss:1.5970650151130552
2025-05-16 22:49:24,573 epoch:116, loss:1.7238127254772608
2025-05-16 23:05:01,466 epoch:117, loss:1.5736234418071247
2025-05-16 23:20:39,164 epoch:118, loss:1.5482748850455867
2025-05-16 23:36:16,887 epoch:119, loss:1.5352247414427407
2025-05-16 23:51:54,605 epoch:120, loss:1.5262384179414459
2025-05-16 23:51:54,605 ------------ validation ------------
2025-05-16 23:55:06,552 epoch:120
2025-05-16 23:55:06,553 recon error:0.9368991365094157
2025-05-16 23:55:06,553 nc error:0.02761470894577235
2025-05-16 23:55:06,553 edge error:1.8376039837944438
2025-05-16 23:55:06,553 -------------------------------------
2025-05-17 00:10:44,449 epoch:121, loss:1.5181058453881513
2025-05-17 00:26:22,526 epoch:122, loss:1.5128491957163073
2025-05-17 00:42:02,961 epoch:123, loss:1.5083086827717755
2025-05-17 00:57:41,899 epoch:124, loss:1.5303014432558781
2025-05-17 01:13:20,201 epoch:125, loss:1.5085116431709593
2025-05-17 01:28:58,546 epoch:126, loss:1.5047838447371358
2025-05-17 01:44:32,652 epoch:127, loss:1.500448645829101
2025-05-17 02:00:06,717 epoch:128, loss:1.4951113499316973
2025-05-17 02:15:39,341 epoch:129, loss:1.495845751839639
2025-05-17 02:31:13,193 epoch:130, loss:1.4947798004557704
2025-05-17 02:31:13,194 ------------ validation ------------
2025-05-17 02:34:22,995 epoch:130
2025-05-17 02:34:22,996 recon error:0.9198270105045928
2025-05-17 02:34:22,996 nc error:0.026448954348645266
2025-05-17 02:34:22,996 edge error:1.8215206487644353
2025-05-17 02:34:22,996 -------------------------------------
2025-05-17 02:49:58,131 epoch:131, loss:1.4902009400422513
2025-05-17 03:05:33,303 epoch:132, loss:1.4903667752626895
2025-05-17 03:21:07,376 epoch:133, loss:1.4841868489410108
2025-05-17 03:36:41,536 epoch:134, loss:1.4866151897475366
2025-05-17 03:52:17,163 epoch:135, loss:1.4807267410238993
2025-05-17 04:07:52,808 epoch:136, loss:1.4806035741263883
2025-05-17 04:23:28,559 epoch:137, loss:1.4777661858672422
2025-05-17 04:39:04,299 epoch:138, loss:1.4748899320439492
2025-05-17 04:54:38,942 epoch:139, loss:1.4782920793159722
2025-05-17 05:10:13,947 epoch:140, loss:1.4739994583143927
2025-05-17 05:10:13,948 ------------ validation ------------
2025-05-17 05:13:23,790 epoch:140
2025-05-17 05:13:23,791 recon error:0.9090485555180431
2025-05-17 05:13:23,791 nc error:0.026394750757594787
2025-05-17 05:13:23,791 edge error:1.8097395918073034
2025-05-17 05:13:23,791 -------------------------------------
2025-05-17 05:28:59,825 epoch:141, loss:1.4684340623762893
2025-05-17 05:44:36,000 epoch:142, loss:1.7228938776544338
2025-05-17 06:00:10,869 epoch:143, loss:1.5186777990942324
2025-05-17 06:15:46,698 epoch:144, loss:1.4934826409869413
2025-05-17 06:31:21,877 epoch:145, loss:1.4838312348139655
2025-05-17 06:46:56,816 epoch:146, loss:1.4768493591597927
2025-05-17 07:02:32,386 epoch:147, loss:1.473961718479207
2025-05-17 07:18:08,533 epoch:148, loss:1.4711396472970235
2025-05-17 07:33:44,738 epoch:149, loss:1.4691814178921865
2025-05-17 07:49:19,347 epoch:150, loss:1.6089844819547852
2025-05-17 07:49:19,347 ------------ validation ------------
2025-05-17 07:52:26,477 epoch:150
2025-05-17 07:52:26,478 recon error:0.9393658733226844
2025-05-17 07:52:26,478 nc error:0.02934322921702495
2025-05-17 07:52:26,478 edge error:1.8880399931111984
2025-05-17 07:52:26,478 -------------------------------------
2025-05-17 08:08:03,138 epoch:151, loss:1.511420975026396
2025-05-17 08:23:41,813 epoch:152, loss:1.4807577786284096
2025-05-17 08:39:21,390 epoch:153, loss:1.4715579674415982
2025-05-17 08:55:01,908 epoch:154, loss:1.4661751162145555
2025-05-17 09:10:41,472 epoch:155, loss:1.4616705272264439
2025-05-17 09:26:20,913 epoch:156, loss:1.4595595756230193
2025-05-17 09:42:00,180 epoch:157, loss:1.458561935902344
2025-05-17 09:57:39,746 epoch:158, loss:1.4553654034113146
2025-05-17 10:13:20,205 epoch:159, loss:1.4595709875862448
2025-05-17 10:28:59,895 epoch:160, loss:1.4528592191142784
2025-05-17 10:28:59,895 ------------ validation ------------
2025-05-17 10:32:14,504 epoch:160
2025-05-17 10:32:14,507 recon error:0.8965667599051662
2025-05-17 10:32:14,508 nc error:0.025900486118253872
2025-05-17 10:32:14,508 edge error:1.8059596479291746
2025-05-17 10:32:14,508 -------------------------------------
2025-05-17 10:47:53,962 epoch:161, loss:1.4517297397130369
2025-05-17 11:03:31,893 epoch:162, loss:1.452038591494441
2025-05-17 11:19:09,732 epoch:163, loss:1.4485206400347388
2025-05-17 11:34:48,973 epoch:164, loss:1.443578507833523
2025-05-17 11:50:27,859 epoch:165, loss:1.4443681245348765
2025-05-17 12:06:07,425 epoch:166, loss:1.4420569794518607
2025-05-17 12:21:45,294 epoch:167, loss:1.4395582077253901
2025-05-17 12:37:24,869 epoch:168, loss:1.4419738110456621
2025-05-17 12:53:02,732 epoch:169, loss:1.4423848367755647
2025-05-17 13:08:41,624 epoch:170, loss:1.436899911672623
2025-05-17 13:08:41,624 ------------ validation ------------
2025-05-17 13:11:52,525 epoch:170
2025-05-17 13:11:52,526 recon error:0.8917479377526504
2025-05-17 13:11:52,526 nc error:0.025706463642197953
2025-05-17 13:11:52,526 edge error:1.7928836000036206
2025-05-17 13:11:52,526 -------------------------------------
2025-05-17 13:27:30,147 epoch:171, loss:1.4350980808176594
2025-05-17 13:43:08,048 epoch:172, loss:1.4377557620384205
2025-05-17 13:58:46,835 epoch:173, loss:1.4342454362863644
2025-05-17 14:14:25,110 epoch:174, loss:1.4345594990411459
2025-05-17 14:30:04,804 epoch:175, loss:1.4283291378849912
2025-05-17 14:45:44,001 epoch:176, loss:1.4286218802602373
2025-05-17 15:01:22,248 epoch:177, loss:1.4277468043679868
2025-05-17 15:17:01,414 epoch:178, loss:1.4235086811484223
2025-05-17 15:32:39,503 epoch:179, loss:1.4242969286108227
2025-05-17 15:48:16,697 epoch:180, loss:1.4286913934968883
2025-05-17 15:48:16,697 ------------ validation ------------
2025-05-17 15:51:28,329 epoch:180
2025-05-17 15:51:28,330 recon error:0.907045484647243
2025-05-17 15:51:28,330 nc error:0.025334921152986717
2025-05-17 15:51:28,330 edge error:1.7858116344587338
2025-05-17 15:51:28,330 -------------------------------------
2025-05-17 16:07:06,693 epoch:181, loss:1.4207334249816692
2025-05-17 16:22:45,916 epoch:182, loss:1.4212745550981503
2025-05-17 16:38:23,956 epoch:183, loss:1.417008126782739
2025-05-17 16:54:02,733 epoch:184, loss:1.4160727531112873
2025-05-17 17:09:40,899 epoch:185, loss:1.413896254481904
2025-05-17 17:25:19,135 epoch:186, loss:1.4196101530662166
2025-05-17 17:40:58,879 epoch:187, loss:1.415947378296213
2025-05-17 17:56:36,557 epoch:188, loss:1.4108485185345072
2025-05-17 18:12:15,187 epoch:189, loss:1.4113286556305695
2025-05-17 18:27:52,675 epoch:190, loss:1.4071977681018115
2025-05-17 18:27:52,676 ------------ validation ------------
2025-05-17 18:31:02,248 epoch:190
2025-05-17 18:31:02,250 recon error:0.8937601274287207
2025-05-17 18:31:02,251 nc error:0.02494512876418568
2025-05-17 18:31:02,251 edge error:1.7934300913613224
2025-05-17 18:31:02,251 -------------------------------------
2025-05-17 18:46:41,576 epoch:191, loss:1.4071143063248872
2025-05-17 19:02:21,363 epoch:192, loss:1.4068820896134637
2025-05-17 19:18:01,879 epoch:193, loss:1.4052861398730607
2025-05-17 19:33:40,944 epoch:194, loss:1.4057207595617325
2025-05-17 19:49:23,568 epoch:195, loss:1.4011117432359743
2025-05-17 20:05:02,583 epoch:196, loss:1.4007021122020895
2025-05-17 20:20:40,554 epoch:197, loss:1.39950907195264
2025-05-17 20:36:19,658 epoch:198, loss:1.3997764884108823
2025-05-17 20:51:58,559 epoch:199, loss:1.3988107091723907
2025-05-17 21:07:37,599 epoch:200, loss:1.3954581066154064
2025-05-17 21:07:37,599 ------------ validation ------------
2025-05-17 21:10:53,945 epoch:200
2025-05-17 21:10:53,946 recon error:0.8864994133717915
2025-05-17 21:10:53,946 nc error:0.025167213830016775
2025-05-17 21:10:53,946 edge error:1.7705373630015808
2025-05-17 21:10:53,946 -------------------------------------
2025-05-17 21:26:33,182 epoch:201, loss:1.3962985714335154
2025-05-17 21:42:11,939 epoch:202, loss:1.3940418849813043
2025-05-17 21:57:46,558 epoch:203, loss:1.392734926298195
2025-05-17 22:13:24,862 epoch:204, loss:1.3912104345386263
2025-05-17 22:29:05,219 epoch:205, loss:1.391512565303797
2025-05-17 22:44:45,130 epoch:206, loss:1.3894561295656813
2025-05-17 23:00:26,157 epoch:207, loss:1.3888363869797675
2025-05-17 23:16:04,498 epoch:208, loss:1.3847868812979585
2025-05-17 23:31:43,062 epoch:209, loss:1.3884606080483617
2025-05-17 23:47:21,075 epoch:210, loss:1.3818910608235444
2025-05-17 23:47:21,075 ------------ validation ------------
2025-05-17 23:50:34,907 epoch:210
2025-05-17 23:50:34,908 recon error:0.8881575810838733
2025-05-17 23:50:34,908 nc error:0.024682263342233803
2025-05-17 23:50:34,908 edge error:1.761608341741844
2025-05-17 23:50:34,908 -------------------------------------
2025-05-18 00:06:13,703 epoch:211, loss:1.3806054811590023
2025-05-18 00:21:53,301 epoch:212, loss:1.3820153627550127
2025-05-18 00:37:32,122 epoch:213, loss:1.3790253397291292
2025-05-18 00:53:11,388 epoch:214, loss:1.379918147432611
2025-05-18 01:08:48,887 epoch:215, loss:1.3789193338779007
2025-05-18 01:24:28,374 epoch:216, loss:1.3814513003878812
2025-05-18 01:40:07,321 epoch:217, loss:1.3763671795644183
2025-05-18 01:55:45,713 epoch:218, loss:1.377740994995578
2025-05-18 02:11:26,634 epoch:219, loss:1.7280931002261537
2025-05-18 02:27:06,444 epoch:220, loss:1.4837860422036082
2025-05-18 02:27:06,444 ------------ validation ------------
2025-05-18 02:30:20,446 epoch:220
2025-05-18 02:30:20,447 recon error:0.9155445716084814
2025-05-18 02:30:20,447 nc error:0.02664384931414085
2025-05-18 02:30:20,447 edge error:1.8098770104921782
2025-05-18 02:30:20,447 -------------------------------------
2025-05-18 02:46:00,777 epoch:221, loss:1.4347496875431471
2025-05-18 03:01:40,872 epoch:222, loss:1.4156855564229793
2025-05-18 03:17:20,005 epoch:223, loss:1.4037441050356723
2025-05-18 03:32:58,735 epoch:224, loss:1.393681696834199
2025-05-18 03:48:41,607 epoch:225, loss:1.3884076931690783
2025-05-18 04:04:19,896 epoch:226, loss:1.3834767466265605
2025-05-18 04:19:59,720 epoch:227, loss:1.3797096579345232
2025-05-18 04:35:39,553 epoch:228, loss:1.3789160141010874
2025-05-18 04:51:19,388 epoch:229, loss:1.3762282814298357
2025-05-18 05:06:59,172 epoch:230, loss:1.3735913902038328
2025-05-18 05:06:59,172 ------------ validation ------------
2025-05-18 05:10:12,821 epoch:230
2025-05-18 05:10:12,822 recon error:0.8777725410884654
2025-05-18 05:10:12,822 nc error:0.024616173749580184
2025-05-18 05:10:12,822 edge error:1.765528303631664
2025-05-18 05:10:12,822 -------------------------------------
2025-05-18 05:25:53,499 epoch:231, loss:1.3727309907483423
2025-05-18 05:41:33,240 epoch:232, loss:1.3740490782067771
2025-05-18 05:57:13,456 epoch:233, loss:1.3704667237089379
2025-05-18 06:12:53,142 epoch:234, loss:1.3668572349646657
2025-05-18 06:28:32,725 epoch:235, loss:1.3680989250694353
2025-05-18 06:44:10,947 epoch:236, loss:1.3666347231885998
2025-05-18 06:59:49,420 epoch:237, loss:1.365464468241089
2025-05-18 07:15:27,776 epoch:238, loss:1.3653370338616913
2025-05-18 07:31:07,434 epoch:239, loss:1.3636828704856456
2025-05-18 07:46:47,235 epoch:240, loss:1.3660781213215418
2025-05-18 07:46:47,236 ------------ validation ------------
2025-05-18 07:50:00,691 epoch:240
2025-05-18 07:50:00,691 recon error:0.8757008508112304
2025-05-18 07:50:00,692 nc error:0.02460671493993003
2025-05-18 07:50:00,692 edge error:1.773428623492901
2025-05-18 07:50:00,692 -------------------------------------
2025-05-18 08:05:40,117 epoch:241, loss:1.3623815127079195
2025-05-18 08:21:19,360 epoch:242, loss:1.3625397654099387
2025-05-18 08:36:59,074 epoch:243, loss:1.3621080207894933
2025-05-18 08:52:38,530 epoch:244, loss:1.3605124155095119
2025-05-18 09:08:16,878 epoch:245, loss:1.3612256445133282
2025-05-18 09:23:56,419 epoch:246, loss:1.3616880742018282
2025-05-18 09:39:35,789 epoch:247, loss:1.362502512770303
2025-05-18 09:55:14,875 epoch:248, loss:1.3589152454100932
2025-05-18 10:10:55,858 epoch:249, loss:1.3593917540843778
2025-05-18 10:26:35,577 epoch:250, loss:1.3573311063432203
2025-05-18 10:26:35,578 ------------ validation ------------
2025-05-18 10:29:47,239 epoch:250
2025-05-18 10:29:47,239 recon error:0.8760732913158349
2025-05-18 10:29:47,239 nc error:0.024341746349130156
2025-05-18 10:29:47,240 edge error:1.7644029058648285
2025-05-18 10:29:47,240 -------------------------------------
2025-05-18 10:45:25,441 epoch:251, loss:1.3547823536202903
2025-05-18 11:01:05,156 epoch:252, loss:1.3562287525856793
2025-05-18 11:16:45,445 epoch:253, loss:1.3569039278423662
2025-05-18 11:32:26,197 epoch:254, loss:1.3542968013676346
2025-05-18 11:48:05,504 epoch:255, loss:1.3532434261248987
2025-05-18 12:03:45,276 epoch:256, loss:1.3534055418048234
2025-05-18 12:19:23,451 epoch:257, loss:1.35308248901929
2025-05-18 12:35:02,615 epoch:258, loss:1.3561676644085081
2025-05-18 12:50:41,068 epoch:259, loss:1.354148639670528
2025-05-18 13:06:20,446 epoch:260, loss:1.3519844475129568
2025-05-18 13:06:20,446 ------------ validation ------------
2025-05-18 13:09:31,838 epoch:260
2025-05-18 13:09:31,839 recon error:0.8817662561433555
2025-05-18 13:09:31,839 nc error:0.02415036878509987
2025-05-18 13:09:31,839 edge error:1.7460534417417628
2025-05-18 13:09:31,839 -------------------------------------
2025-05-18 13:25:10,559 epoch:261, loss:1.3490467361217044
2025-05-18 13:40:50,837 epoch:262, loss:1.3501682441259168
2025-05-18 13:56:31,115 epoch:263, loss:1.350948828309555
2025-05-18 14:12:10,004 epoch:264, loss:1.3501902044433909
2025-05-18 14:27:50,424 epoch:265, loss:1.349873336144505
2025-05-18 14:43:31,375 epoch:266, loss:1.3477754006505187
2025-05-18 14:59:12,880 epoch:267, loss:1.3448243427346838
2025-05-18 15:14:54,894 epoch:268, loss:1.3485323980735926
2025-05-18 15:30:37,292 epoch:269, loss:1.3440356926995278
2025-05-18 15:46:19,550 epoch:270, loss:1.343530862952894
2025-05-18 15:46:19,550 ------------ validation ------------
2025-05-18 15:49:47,266 epoch:270
2025-05-18 15:49:47,267 recon error:0.894716239187139
2025-05-18 15:49:47,267 nc error:0.024155299096594196
2025-05-18 15:49:47,267 edge error:1.7377954799042652
2025-05-18 15:49:47,267 -------------------------------------
2025-05-18 16:05:29,237 epoch:271, loss:1.3429094791763485
2025-05-18 16:21:10,163 epoch:272, loss:1.3439244079308938
2025-05-18 16:36:52,975 epoch:273, loss:1.342250923696077
2025-05-18 16:52:34,591 epoch:274, loss:1.3400420909075392
2025-05-18 17:08:16,282 epoch:275, loss:1.33934729685664
2025-05-18 17:23:59,075 epoch:276, loss:1.3381801390683001
2025-05-18 17:39:41,243 epoch:277, loss:1.3404085214780603
2025-05-18 17:55:23,022 epoch:278, loss:1.340687759494922
2025-05-18 18:11:05,480 epoch:279, loss:1.3379279324162165
2025-05-18 18:26:48,107 epoch:280, loss:1.3378860443084335
2025-05-18 18:26:48,108 ------------ validation ------------
2025-05-18 18:30:18,102 epoch:280
2025-05-18 18:30:18,102 recon error:0.8743955231982575
2025-05-18 18:30:18,103 nc error:0.023985500419898147
2025-05-18 18:30:18,103 edge error:1.7452885413310937
2025-05-18 18:30:18,103 -------------------------------------
2025-05-18 18:46:01,402 epoch:281, loss:1.3347880938618453
2025-05-18 19:01:44,791 epoch:282, loss:1.3359109591665255
2025-05-18 19:17:26,419 epoch:283, loss:1.3363276813096958
2025-05-18 19:33:08,455 epoch:284, loss:1.3344855938814526
2025-05-18 19:48:49,756 epoch:285, loss:1.3378047451530535
2025-05-18 20:04:32,369 epoch:286, loss:1.3317538143433247
2025-05-18 20:20:14,289 epoch:287, loss:1.3325977757331724
2025-05-18 20:35:54,362 epoch:288, loss:1.3313036963936156
2025-05-18 20:51:33,974 epoch:289, loss:1.3314469443505221
2025-05-18 21:07:14,294 epoch:290, loss:1.3280178464740646
2025-05-18 21:07:14,294 ------------ validation ------------
2025-05-18 21:10:29,128 epoch:290
2025-05-18 21:10:29,129 recon error:0.8858924441083649
2025-05-18 21:10:29,129 nc error:0.023973467192177238
2025-05-18 21:10:29,129 edge error:1.744530144527819
2025-05-18 21:10:29,129 -------------------------------------
2025-05-18 21:26:09,142 epoch:291, loss:1.327932527384807
2025-05-18 21:41:49,940 epoch:292, loss:1.3301770374595856
2025-05-18 21:57:31,099 epoch:293, loss:1.3292845875595385
2025-05-18 22:13:11,461 epoch:294, loss:1.3285871791558694
2025-05-18 22:28:50,101 epoch:295, loss:1.3272611543602024
2025-05-18 22:44:28,734 epoch:296, loss:1.3265092465944248
2025-05-18 23:00:09,831 epoch:297, loss:1.3276575424534232
2025-05-18 23:15:49,136 epoch:298, loss:1.3280190076673506
2025-05-18 23:31:29,559 epoch:299, loss:1.3248022836859341
2025-05-18 23:47:09,498 epoch:300, loss:1.3240032949222906
2025-05-18 23:47:09,499 ------------ validation ------------
2025-05-18 23:50:26,743 epoch:300
2025-05-18 23:50:26,744 recon error:0.8832406010148088
2025-05-18 23:50:26,744 nc error:0.023855748470630166
2025-05-18 23:50:26,744 edge error:1.738026525847305
2025-05-18 23:50:26,744 -------------------------------------
