2025-05-29 15:08:17,491 load dataset ...
2025-05-29 15:08:17,491 load dataset ...
2025-05-29 15:08:17,492 Loaded 679 samples from folds [0, 1, 2, 3] for train set.
2025-05-29 15:08:17,573 load dataset ...
2025-05-29 15:08:17,573 Loaded 169 samples from folds [4] for valid set.
2025-05-29 15:08:19,404 initalize model ...
2025-05-29 15:08:19,488 start training ...
2025-05-29 15:23:56,093 epoch:0, loss:17.745927848591194
2025-05-29 15:23:56,094 ------------ validation ------------
2025-05-29 15:25:43,398 epoch:0
2025-05-29 15:25:43,400 recon error:16.584509206241403
2025-05-29 15:25:43,400 nc error:0.00896885435058344
2025-05-29 15:25:43,401 edge error:1.185365159836041
2025-05-29 15:25:43,401 repeat error:42960.14201183432
2025-05-29 15:25:43,401 density error:0.9995216430997002
2025-05-29 15:25:43,401 -------------------------------------
2025-05-29 15:41:25,865 epoch:1, loss:16.87515573543723
2025-05-29 15:57:03,639 epoch:2, loss:12.791279517498213
2025-05-29 16:12:44,865 epoch:3, loss:8.51770836896152
2025-05-29 16:28:26,736 epoch:4, loss:6.866151544236645
2025-05-29 16:44:09,984 epoch:5, loss:5.626817425852847
2025-05-29 16:59:53,945 epoch:6, loss:4.738908629705348
2025-05-29 17:15:37,776 epoch:7, loss:5.933240701242821
2025-05-29 17:31:20,497 epoch:8, loss:4.345429377281964
2025-05-29 17:47:02,887 epoch:9, loss:3.895522625351514
2025-05-29 18:02:45,970 epoch:10, loss:3.603046198481137
2025-05-29 18:02:45,971 ------------ validation ------------
2025-05-29 18:04:34,124 epoch:10
2025-05-29 18:04:34,126 recon error:2.5735334433042087
2025-05-29 18:04:34,126 nc error:0.061932802068058554
2025-05-29 18:04:34,126 edge error:2.455726468351466
2025-05-29 18:04:34,126 repeat error:39404.05917159763
2025-05-29 18:04:34,126 density error:0.9984890702208118
2025-05-29 18:04:34,126 -------------------------------------
2025-05-29 18:20:16,967 epoch:11, loss:3.4114077249226407
2025-05-29 18:35:59,986 epoch:12, loss:3.2211184786064813
2025-05-29 18:51:42,831 epoch:13, loss:3.109856694366163
2025-05-29 19:07:26,253 epoch:14, loss:2.958753458705672
2025-05-29 19:23:09,336 epoch:15, loss:2.910503416946254
2025-05-29 19:38:52,573 epoch:16, loss:2.7934155295629037
2025-05-29 19:54:35,015 epoch:17, loss:2.6834134886998666
2025-05-29 20:10:17,593 epoch:18, loss:2.6339450086163843
2025-05-29 20:26:00,926 epoch:19, loss:2.549661722379861
2025-05-29 20:41:44,733 epoch:20, loss:2.4846101421670816
2025-05-29 20:41:44,733 ------------ validation ------------
2025-05-29 20:43:31,354 epoch:20
2025-05-29 20:43:31,355 recon error:1.590874956204341
2025-05-29 20:43:31,355 nc error:0.046720256003931426
2025-05-29 20:43:31,355 edge error:2.143581559672158
2025-05-29 20:43:31,355 repeat error:40415.44378698225
2025-05-29 20:43:31,356 density error:0.9979745989015116
2025-05-29 20:43:31,356 -------------------------------------
2025-05-29 20:59:14,791 epoch:21, loss:2.445112968228527
2025-05-29 21:14:58,145 epoch:22, loss:2.3820879173208582
2025-05-29 21:30:41,508 epoch:23, loss:2.3834103981419763
2025-05-29 21:46:25,467 epoch:24, loss:2.3174320468144143
2025-05-29 22:02:09,228 epoch:25, loss:2.2860721003851237
2025-05-29 22:17:52,347 epoch:26, loss:2.2451908054688894
2025-05-29 22:33:36,490 epoch:27, loss:2.2401244154032622
2025-05-29 22:49:19,791 epoch:28, loss:2.1900356486549435
2025-05-29 23:05:05,348 epoch:29, loss:2.167011627392495
2025-05-29 23:20:50,655 epoch:30, loss:2.152867950992837
2025-05-29 23:20:50,655 ------------ validation ------------
2025-05-29 23:22:38,076 epoch:30
2025-05-29 23:22:38,077 recon error:1.2543935274936744
2025-05-29 23:22:38,078 nc error:0.04070605896413326
2025-05-29 23:22:38,078 edge error:2.0734461411921936
2025-05-29 23:22:38,078 repeat error:39619.420118343194
2025-05-29 23:22:38,078 density error:0.9974441383717328
2025-05-29 23:22:38,078 -------------------------------------
2025-05-29 23:38:23,526 epoch:31, loss:2.165755389365251
2025-05-29 23:54:08,478 epoch:32, loss:2.140341521889542
2025-05-30 00:09:53,277 epoch:33, loss:2.0682684377998948
2025-05-30 00:25:37,132 epoch:34, loss:2.0567736530865766
2025-05-30 00:41:19,971 epoch:35, loss:2.047420124066596
2025-05-30 00:57:03,017 epoch:36, loss:2.0099531654405665
2025-05-30 01:12:46,203 epoch:37, loss:1.9931086389586572
2025-05-30 01:28:28,687 epoch:38, loss:1.969547801586595
2025-05-30 01:44:11,117 epoch:39, loss:1.9554247275016796
2025-05-30 01:59:53,823 epoch:40, loss:1.9386031596053155
2025-05-30 01:59:53,823 ------------ validation ------------
2025-05-30 02:01:40,729 epoch:40
2025-05-30 02:01:40,730 recon error:1.129844383022489
2025-05-30 02:01:40,731 nc error:0.0360316418375842
2025-05-30 02:01:40,731 edge error:1.9697127095340976
2025-05-30 02:01:40,731 repeat error:39167.91124260355
2025-05-30 02:01:40,731 density error:0.9971825321750528
2025-05-30 02:01:40,731 -------------------------------------
2025-05-30 02:17:24,040 epoch:41, loss:1.9266514455095833
2025-05-30 02:33:07,140 epoch:42, loss:1.9241976825759057
2025-05-30 02:48:50,370 epoch:43, loss:1.8874487564384674
2025-05-30 03:04:33,600 epoch:44, loss:1.8875811589835143
2025-05-30 03:20:16,304 epoch:45, loss:1.8766360261830033
2025-05-30 03:35:58,696 epoch:46, loss:1.984447966619163
2025-05-30 03:51:41,979 epoch:47, loss:1.8746251455989607
2025-05-30 04:07:24,815 epoch:48, loss:1.8509551641340636
2025-05-30 04:23:09,520 epoch:49, loss:1.8256179515672888
2025-05-30 04:38:52,340 epoch:50, loss:1.8042499083306898
2025-05-30 04:38:52,341 ------------ validation ------------
2025-05-30 04:40:40,441 epoch:50
2025-05-30 04:40:40,443 recon error:1.0216002393756392
2025-05-30 04:40:40,443 nc error:0.03346107275219711
2025-05-30 04:40:40,443 edge error:1.918087988915528
2025-05-30 04:40:40,443 repeat error:38583.63313609467
2025-05-30 04:40:40,443 density error:0.9968626449799397
2025-05-30 04:40:40,444 -------------------------------------
2025-05-30 04:56:25,413 epoch:51, loss:1.7957116230246948
2025-05-30 05:12:08,439 epoch:52, loss:1.7990122146915442
2025-05-30 05:27:50,787 epoch:53, loss:1.777499244385159
2025-05-30 05:43:33,411 epoch:54, loss:1.7662396650426693
2025-05-30 05:59:16,800 epoch:55, loss:1.7795534939758908
2025-05-30 06:15:00,155 epoch:56, loss:1.749772178055787
2025-05-30 06:30:43,069 epoch:57, loss:1.7374128343781596
2025-05-30 06:46:26,388 epoch:58, loss:1.7370724723686701
2025-05-30 07:02:09,628 epoch:59, loss:1.7232098561850142
2025-05-30 07:17:52,215 epoch:60, loss:1.7145508499665183
2025-05-30 07:17:52,215 ------------ validation ------------
2025-05-30 07:19:40,669 epoch:60
2025-05-30 07:19:40,671 recon error:0.9523247914201409
2025-05-30 07:19:40,671 nc error:0.032451964484957546
2025-05-30 07:19:40,671 edge error:1.9386296399246306
2025-05-30 07:19:40,671 repeat error:37574.85798816568
2025-05-30 07:19:40,672 density error:0.9966797056282766
2025-05-30 07:19:40,672 -------------------------------------
2025-05-30 07:35:28,666 epoch:61, loss:1.701803061677711
2025-05-30 07:51:11,853 epoch:62, loss:1.6971235222598766
2025-05-30 08:06:55,169 epoch:63, loss:1.69322518343778
2025-05-30 08:22:38,595 epoch:64, loss:1.6843007095432423
2025-05-30 08:38:21,544 epoch:65, loss:1.6761525590219624
2025-05-30 08:54:04,780 epoch:66, loss:1.6692257415563614
2025-05-30 09:09:48,052 epoch:67, loss:1.6639003395507543
2025-05-30 09:25:31,855 epoch:68, loss:1.6482947257200642
2025-05-30 09:41:15,761 epoch:69, loss:1.6469974675831633
2025-05-30 09:56:59,323 epoch:70, loss:2.7525241792816475
2025-05-30 09:56:59,324 ------------ validation ------------
2025-05-30 09:58:47,898 epoch:70
2025-05-30 09:58:47,899 recon error:2.4246092202395375
2025-05-30 09:58:47,900 nc error:0.08770513829923945
2025-05-30 09:58:47,900 edge error:2.7373977765529114
2025-05-30 09:58:47,900 repeat error:39030.89940828402
2025-05-30 09:58:47,900 density error:0.9981294662289365
2025-05-30 09:58:47,900 -------------------------------------
2025-05-30 10:14:32,405 epoch:71, loss:2.4672265138822733
2025-05-30 10:30:17,079 epoch:72, loss:2.059246482835076
2025-05-30 10:46:01,703 epoch:73, loss:1.9456830261733289
2025-05-30 11:01:47,395 epoch:74, loss:1.859226118131309
2025-05-30 11:17:32,894 epoch:75, loss:1.818154060787937
2025-05-30 11:33:17,216 epoch:76, loss:1.772885545012877
2025-05-30 11:49:02,434 epoch:77, loss:1.7467388271056499
2025-05-30 12:04:46,479 epoch:78, loss:1.7225107116095273
2025-05-30 12:20:30,600 epoch:79, loss:1.705416193064604
2025-05-30 12:36:14,927 epoch:80, loss:1.6942036195777477
2025-05-30 12:36:14,927 ------------ validation ------------
2025-05-30 12:38:03,739 epoch:80
2025-05-30 12:38:03,741 recon error:0.9354477835124766
2025-05-30 12:38:03,742 nc error:0.0328091134554183
2025-05-30 12:38:03,742 edge error:1.9106602273749176
2025-05-30 12:38:03,742 repeat error:37978.136094674555
2025-05-30 12:38:03,742 density error:0.9964815628599133
2025-05-30 12:38:03,742 -------------------------------------
2025-05-30 12:53:47,879 epoch:81, loss:1.675539229860713
2025-05-30 13:09:30,917 epoch:82, loss:1.6677197332059162
2025-05-30 13:25:15,527 epoch:83, loss:1.6562645661813344
2025-05-30 13:40:59,854 epoch:84, loss:1.6502998858383022
2025-05-30 13:56:43,681 epoch:85, loss:1.6452071675495827
2025-05-30 14:12:28,624 epoch:86, loss:1.635731265365814
2025-05-30 14:28:13,557 epoch:87, loss:1.6299589126204883
2025-05-30 14:43:58,228 epoch:88, loss:1.6251392843797035
2025-05-30 14:59:42,954 epoch:89, loss:1.6235641133978371
2025-05-30 15:15:28,018 epoch:90, loss:1.6177768500107552
2025-05-30 15:15:28,019 ------------ validation ------------
2025-05-30 15:17:16,701 epoch:90
2025-05-30 15:17:16,702 recon error:0.9186481491348447
2025-05-30 15:17:16,702 nc error:0.030035116715279555
2025-05-30 15:17:16,702 edge error:1.8490677289003452
2025-05-30 15:17:16,702 repeat error:37563.79289940828
2025-05-30 15:17:16,702 density error:0.9964224488072141
2025-05-30 15:17:16,702 -------------------------------------
2025-05-30 15:33:01,463 epoch:91, loss:1.609594708338753
2025-05-30 15:48:46,522 epoch:92, loss:1.6120996229427378
2025-05-30 16:04:31,725 epoch:93, loss:1.601921197240939
2025-05-30 16:20:15,763 epoch:94, loss:1.6015900266363625
2025-05-30 16:36:00,468 epoch:95, loss:1.6002884098988395
2025-05-30 16:51:47,500 epoch:96, loss:1.5951130342764426
2025-05-30 17:07:32,703 epoch:97, loss:1.5913818907843071
2025-05-30 17:23:16,801 epoch:98, loss:1.7119073307742427
2025-05-30 17:39:00,988 epoch:99, loss:1.6248470444742464
2025-05-30 17:54:45,039 epoch:100, loss:1.5896032313008372
2025-05-30 17:54:45,041 ------------ validation ------------
2025-05-30 17:56:32,865 epoch:100
2025-05-30 17:56:32,867 recon error:0.8684098477194295
2025-05-30 17:56:32,867 nc error:0.02963774271044858
2025-05-30 17:56:32,867 edge error:1.848949946595367
2025-05-30 17:56:32,867 repeat error:37058.331360946744
2025-05-30 17:56:32,867 density error:0.9962013321515371
2025-05-30 17:56:32,867 -------------------------------------
2025-05-30 18:12:17,132 epoch:101, loss:1.581157005763721
2025-05-30 18:28:00,770 epoch:102, loss:1.6809734806572039
2025-05-30 18:43:45,612 epoch:103, loss:1.5958480777024169
2025-05-30 18:59:29,892 epoch:104, loss:1.5809581590506394
2025-05-30 19:15:13,869 epoch:105, loss:1.5734332929830313
2025-05-30 19:30:57,691 epoch:106, loss:1.5658391001298255
2025-05-30 19:46:41,243 epoch:107, loss:1.566680987032243
2025-05-30 20:02:28,320 epoch:108, loss:1.5629214899880546
2025-05-30 20:18:12,099 epoch:109, loss:1.552714809051143
2025-05-30 20:33:55,948 epoch:110, loss:1.552179168355658
2025-05-30 20:33:55,948 ------------ validation ------------
2025-05-30 20:35:44,268 epoch:110
2025-05-30 20:35:44,270 recon error:0.8949678677778977
2025-05-30 20:35:44,270 nc error:0.028368384108917247
2025-05-30 20:35:44,271 edge error:1.858029551054599
2025-05-30 20:35:44,271 repeat error:36452.18343195266
2025-05-30 20:35:44,271 density error:0.9967573616631638
2025-05-30 20:35:44,271 -------------------------------------
