2025-04-06 00:55:17,550 load dataset ...
2025-04-06 00:55:17,552 initalize model ...
2025-04-06 00:55:21,953 start training ...
2025-04-06 01:08:19,790 epoch:0, loss:0.1581075922182176
2025-04-06 01:08:19,791 ------------ validation ------------
2025-04-06 01:10:43,598 epoch:0
2025-04-06 01:10:43,598 valid error:0.06923006367968752
2025-04-06 01:10:43,599 dice score:0.9463207450600207
2025-04-06 01:10:43,599 -------------------------------------
2025-04-06 01:23:43,042 epoch:1, loss:0.055464766187741696
2025-04-06 01:36:42,871 epoch:2, loss:0.04420161740442293
2025-04-06 01:49:37,600 epoch:3, loss:0.03732904718974523
2025-04-06 02:02:30,902 epoch:4, loss:0.08215876160337862
2025-04-06 02:15:25,149 epoch:5, loss:0.0740078955097536
2025-04-06 02:28:16,314 epoch:6, loss:0.053886862573897944
2025-04-06 02:41:08,471 epoch:7, loss:0.04271687213496297
2025-04-06 02:53:56,621 epoch:8, loss:0.03716812611483367
2025-04-06 03:06:36,318 epoch:9, loss:0.034919988199145394
2025-04-06 03:19:15,874 epoch:10, loss:0.030938100943391302
2025-04-06 03:19:15,874 ------------ validation ------------
2025-04-06 03:21:39,744 epoch:10
2025-04-06 03:21:39,744 valid error:0.032608760045246876
2025-04-06 03:21:39,744 dice score:0.9739844194565055
2025-04-06 03:21:39,744 -------------------------------------
2025-04-06 03:34:24,620 epoch:11, loss:0.030193180083173565
2025-04-06 03:47:05,401 epoch:12, loss:0.027941343663013086
2025-04-06 03:59:46,079 epoch:13, loss:0.027461957446901143
2025-04-06 04:12:29,031 epoch:14, loss:0.027754223043412234
2025-04-06 04:25:13,072 epoch:15, loss:0.024337643777242804
2025-04-06 04:37:59,351 epoch:16, loss:0.024247976550749974
2025-04-06 04:50:40,532 epoch:17, loss:0.024156025790535243
2025-04-06 05:03:20,569 epoch:18, loss:0.02262740998273402
2025-04-06 05:16:02,256 epoch:19, loss:0.022055123710131224
2025-04-06 05:28:44,033 epoch:20, loss:0.021620079726640103
2025-04-06 05:28:44,034 ------------ validation ------------
2025-04-06 05:31:07,234 epoch:20
2025-04-06 05:31:07,234 valid error:0.02437270676439747
2025-04-06 05:31:07,234 dice score:0.9800768830079495
2025-04-06 05:31:07,234 -------------------------------------
2025-04-06 05:43:59,200 epoch:21, loss:0.03442115647866663
2025-04-06 05:57:02,979 epoch:22, loss:0.023399878916355362
2025-04-06 06:09:54,955 epoch:23, loss:0.021704475219007088
2025-04-06 06:22:50,083 epoch:24, loss:0.021124220385620025
2025-04-06 06:35:40,463 epoch:25, loss:0.020924801356365194
2025-04-06 06:48:29,074 epoch:26, loss:0.020816957953888757
2025-04-06 07:01:16,993 epoch:27, loss:0.020116898341648346
2025-04-06 07:14:03,077 epoch:28, loss:0.019747033514148367
2025-04-06 07:26:44,572 epoch:29, loss:0.019855106556046324
2025-04-06 07:39:29,641 epoch:30, loss:0.019598808251650987
2025-04-06 07:39:29,642 ------------ validation ------------
2025-04-06 07:41:51,324 epoch:30
2025-04-06 07:41:51,324 valid error:0.01996238153190055
2025-04-06 07:41:51,324 dice score:0.9835794731461572
2025-04-06 07:41:51,324 -------------------------------------
2025-04-06 07:54:43,401 epoch:31, loss:0.01986712474145193
2025-04-06 08:07:29,756 epoch:32, loss:0.019263818487524988
2025-04-06 08:20:03,254 epoch:33, loss:0.01908420496579029
2025-04-06 08:32:33,950 epoch:34, loss:0.019725392516537578
2025-04-06 08:45:03,277 epoch:35, loss:0.018818339850522777
2025-04-06 08:57:35,935 epoch:36, loss:0.018737093166374
2025-04-06 09:10:07,950 epoch:37, loss:0.018540625826381475
2025-04-06 09:22:38,866 epoch:38, loss:0.0183340502045719
2025-04-06 09:35:10,990 epoch:39, loss:0.01826623599745531
2025-04-06 09:47:40,881 epoch:40, loss:0.01816879880606337
2025-04-06 09:47:40,881 ------------ validation ------------
2025-04-06 09:49:57,445 epoch:40
2025-04-06 09:49:57,445 valid error:0.018570761503453586
2025-04-06 09:49:57,445 dice score:0.9844413858898287
2025-04-06 09:49:57,445 -------------------------------------
2025-04-06 10:02:17,391 epoch:41, loss:0.017995371738761926
2025-04-06 10:14:33,872 epoch:42, loss:0.021293974537567227
2025-04-06 10:26:53,001 epoch:43, loss:0.018417484542371423
2025-04-06 10:39:09,092 epoch:44, loss:0.017852618154632835
2025-04-06 10:51:29,253 epoch:45, loss:0.017753473214343587
2025-04-06 11:03:49,752 epoch:46, loss:0.017637154951164153
2025-04-06 11:16:23,595 epoch:47, loss:0.017606790578075213
2025-04-06 11:28:54,231 epoch:48, loss:0.017565115880781572
2025-04-06 11:41:24,861 epoch:49, loss:0.017424153632162948
2025-04-06 11:53:54,557 epoch:50, loss:0.017415593269454167
2025-04-06 11:53:54,557 ------------ validation ------------
2025-04-06 11:56:11,385 epoch:50
2025-04-06 11:56:11,385 valid error:0.01811103713995916
2025-04-06 11:56:11,386 dice score:0.9848391376222884
2025-04-06 11:56:11,386 -------------------------------------
2025-04-06 12:08:47,297 epoch:51, loss:0.017830469141162073
2025-04-06 12:21:28,408 epoch:52, loss:0.0172466281092668
2025-04-06 12:33:58,690 epoch:53, loss:0.01733468039768987
2025-04-06 12:46:27,406 epoch:54, loss:0.017230851775183614
2025-04-06 12:59:09,301 epoch:55, loss:0.017355310963054673
2025-04-06 13:11:27,919 epoch:56, loss:0.017082512527044895
2025-04-06 13:23:47,196 epoch:57, loss:0.01708513409624585
2025-04-06 13:36:11,721 epoch:58, loss:0.017323564365506174
2025-04-06 13:48:35,276 epoch:59, loss:0.016966984511674506
2025-04-06 14:00:56,177 epoch:60, loss:0.016932333644842153
2025-04-06 14:00:56,177 ------------ validation ------------
2025-04-06 14:03:10,141 epoch:60
2025-04-06 14:03:10,141 valid error:0.01719157690023805
2025-04-06 14:03:10,141 dice score:0.9855062832663103
2025-04-06 14:03:10,141 -------------------------------------
2025-04-06 14:15:38,577 epoch:61, loss:0.016861549168165808
2025-04-06 14:27:53,934 epoch:62, loss:0.01680120789833301
2025-04-06 14:40:07,899 epoch:63, loss:0.017094885012283262
2025-04-06 14:52:21,879 epoch:64, loss:0.016696820244918354
2025-04-06 15:04:37,170 epoch:65, loss:0.016626334726085178
2025-04-06 15:16:54,481 epoch:66, loss:0.01664124550709946
2025-04-06 15:29:13,807 epoch:67, loss:0.01655492470558502
2025-04-06 15:41:31,952 epoch:68, loss:0.016664398621471056
2025-04-06 15:53:50,346 epoch:69, loss:0.01654714693405987
2025-04-06 16:06:09,849 epoch:70, loss:0.016455728773324362
2025-04-06 16:06:09,849 ------------ validation ------------
2025-04-06 16:08:25,311 epoch:70
2025-04-06 16:08:25,311 valid error:0.016741547921791354
2025-04-06 16:08:25,311 dice score:0.9858316619313193
2025-04-06 16:08:25,311 -------------------------------------
2025-04-06 16:20:46,426 epoch:71, loss:0.016515428478936705
2025-04-06 16:33:08,539 epoch:72, loss:0.016418930884879248
2025-04-06 16:45:29,732 epoch:73, loss:0.016526503941720037
2025-04-06 16:57:46,291 epoch:74, loss:0.016405851428553594
2025-04-06 17:10:02,992 epoch:75, loss:0.016338545487847477
2025-04-06 17:22:18,482 epoch:76, loss:0.016296903147831956
2025-04-06 17:34:36,535 epoch:77, loss:0.016273840203617527
2025-04-06 17:47:01,090 epoch:78, loss:0.016302428737414623
2025-04-06 17:59:23,280 epoch:79, loss:0.016228876660157623
2025-04-06 18:11:53,091 epoch:80, loss:0.016189270125355867
2025-04-06 18:11:53,091 ------------ validation ------------
2025-04-06 18:14:11,370 epoch:80
2025-04-06 18:14:11,370 valid error:0.01667074978034547
2025-04-06 18:14:11,371 dice score:0.9859189317134204
2025-04-06 18:14:11,371 -------------------------------------
2025-04-06 18:26:50,838 epoch:81, loss:0.016223712448459285
2025-04-06 18:39:20,283 epoch:82, loss:0.016183615490728248
2025-04-06 18:51:49,923 epoch:83, loss:0.01603147768440236
2025-04-06 19:04:18,793 epoch:84, loss:0.016061747777976292
2025-04-06 19:16:46,037 epoch:85, loss:0.01605530535653893
2025-04-06 19:29:13,971 epoch:86, loss:0.016556619760473217
2025-04-06 19:41:40,933 epoch:87, loss:0.015966173014150258
2025-04-06 19:54:14,612 epoch:88, loss:0.01588948274410404
2025-04-06 20:06:45,452 epoch:89, loss:0.015925184462582117
2025-04-06 20:19:16,682 epoch:90, loss:0.01590259645991357
2025-04-06 20:19:16,682 ------------ validation ------------
2025-04-06 20:21:34,186 epoch:90
2025-04-06 20:21:34,186 valid error:0.016381373876666137
2025-04-06 20:21:34,186 dice score:0.9860589433640038
2025-04-06 20:21:34,186 -------------------------------------
2025-04-06 20:34:10,273 epoch:91, loss:0.015836979181761236
2025-04-06 20:46:43,314 epoch:92, loss:0.01589777424140314
2025-04-06 20:59:25,624 epoch:93, loss:0.015858655200397545
2025-04-06 21:12:07,530 epoch:94, loss:0.015884131494810622
