2025-04-09 20:23:36,892 load dataset ...
2025-04-09 20:23:36,895 initalize model ...
2025-04-09 20:23:41,351 start training ...
2025-04-10 02:51:55,396 load dataset ...
2025-04-10 02:51:55,399 initalize model ...
2025-04-10 02:52:00,579 start training ...
2025-04-11 16:21:25,940 load dataset ...
2025-04-11 16:21:25,943 initalize model ...
2025-04-11 16:21:30,907 start training ...
2025-04-11 16:35:36,829 epoch:0, loss:0.14424999709018563
2025-04-11 16:35:36,829 ------------ validation ------------
2025-04-11 16:38:11,649 epoch:0
2025-04-11 16:38:11,649 valid error:0.06694034138258467
2025-04-11 16:38:11,649 dice score:0.9460505354238307
2025-04-11 16:38:11,649 -------------------------------------
2025-04-11 16:52:22,757 epoch:1, loss:0.05379944340845125
2025-04-11 17:07:21,231 epoch:2, loss:0.04193544023200474
2025-04-11 17:22:19,708 epoch:3, loss:0.03597350348677256
2025-04-11 17:37:22,081 epoch:4, loss:0.031797519589947386
2025-04-11 17:52:26,908 epoch:5, loss:0.02924108717887275
2025-04-11 18:07:03,418 epoch:6, loss:0.02876450594811313
2025-04-11 18:21:32,480 epoch:7, loss:0.07403393022847914
