2025-05-13 15:26:56,394 load dataset ...
2025-05-13 15:26:58,418 initalize model ...
2025-05-13 15:26:58,539 start training ...
2025-05-13 15:28:36,708 load dataset ...
2025-05-13 15:28:39,898 initalize model ...
2025-05-13 15:28:40,075 start training ...
2025-05-13 15:29:37,630 load dataset ...
2025-05-13 15:29:39,912 initalize model ...
2025-05-13 15:29:40,027 start training ...
2025-05-13 15:47:25,333 epoch:0, loss:14.299409588670308
2025-05-13 15:47:25,334 ------------ validation ------------
2025-05-13 15:50:07,723 epoch:0
2025-05-13 15:50:07,724 recon error:6.011027026683726
2025-05-13 15:50:07,724 nc error:0.0708871241658926
2025-05-13 15:50:07,724 edge error:2.8044163064753755
2025-05-13 15:50:07,724 -------------------------------------
2025-05-13 16:07:44,790 epoch:1, loss:4.828281164591291
2025-05-13 16:25:20,965 epoch:2, loss:3.08279295727215
2025-05-13 16:42:59,363 epoch:3, loss:2.6976566534126754
2025-05-13 17:00:35,197 epoch:4, loss:2.4764511133717226
2025-05-13 17:10:32,571 load dataset ...
2025-05-13 17:10:34,565 initalize model ...
2025-05-13 17:10:34,682 start training ...
2025-05-13 17:28:08,985 epoch:0, loss:14.195575676977107
2025-05-13 17:28:08,985 ------------ validation ------------
2025-05-13 17:30:50,900 epoch:0
2025-05-13 17:30:50,901 recon error:6.591448783874512
2025-05-13 17:30:50,901 nc error:0.08414267122428468
2025-05-13 17:30:50,901 edge error:2.618390666677597
2025-05-13 17:30:50,901 -------------------------------------
2025-05-13 17:48:19,685 epoch:1, loss:5.291865987693314
2025-05-13 18:05:55,548 epoch:2, loss:3.3457797822699082
2025-05-13 18:23:38,209 epoch:3, loss:2.7683643497196972
2025-05-13 18:32:39,886 load dataset ...
2025-05-13 18:32:41,867 initalize model ...
2025-05-13 18:32:41,985 start training ...
2025-05-13 18:40:21,261 load dataset ...
2025-05-13 18:40:23,319 initalize model ...
2025-05-13 18:40:23,442 start training ...
2025-05-13 18:51:45,065 load dataset ...
2025-05-13 18:51:47,049 initalize model ...
2025-05-13 18:51:47,173 start training ...
2025-05-13 19:04:49,488 epoch:0, loss:17.996797757444128
2025-05-13 19:04:49,488 ------------ validation ------------
2025-05-13 19:06:47,784 epoch:0
2025-05-13 19:06:47,785 recon error:16.899071104983065
2025-05-13 19:06:47,785 nc error:0.008994275664395474
2025-05-13 19:06:47,785 edge error:1.1952475867372878
2025-05-13 19:06:47,785 -------------------------------------
2025-05-13 19:19:50,179 epoch:1, loss:17.102348433975624
2025-05-13 19:32:52,524 epoch:2, loss:11.96197535590788
2025-05-13 19:45:56,635 epoch:3, loss:7.112969905718238
2025-05-13 19:59:01,559 epoch:4, loss:4.909650973936098
2025-05-13 20:12:03,621 epoch:5, loss:4.006648123158818
2025-05-13 20:25:08,737 epoch:6, loss:3.4446464542794017
2025-05-13 20:38:13,261 epoch:7, loss:3.1290770315490994
2025-05-13 20:51:20,206 epoch:8, loss:2.8621536541829067
2025-05-13 21:04:26,480 epoch:9, loss:2.694384027582354
2025-05-13 21:17:31,864 epoch:10, loss:2.617492726840804
2025-05-13 21:17:31,864 ------------ validation ------------
2025-05-13 21:19:35,933 epoch:10
2025-05-13 21:19:35,934 recon error:1.9474717086934028
2025-05-13 21:19:35,934 nc error:0.0453308900778598
2025-05-13 21:19:35,934 edge error:2.168477202983613
2025-05-13 21:19:35,934 -------------------------------------
2025-05-13 21:32:43,940 epoch:11, loss:2.5420671150747656
2025-05-13 21:45:50,875 epoch:12, loss:2.4315195712368047
2025-05-13 21:58:57,067 epoch:13, loss:2.394929761380221
2025-05-13 22:12:03,282 epoch:14, loss:2.329833327352473
2025-05-13 22:25:07,767 epoch:15, loss:2.279898484829253
2025-05-13 22:38:12,371 epoch:16, loss:2.240858897698664
2025-05-13 22:51:16,596 epoch:17, loss:2.229806188355505
2025-05-13 23:04:21,652 epoch:18, loss:2.1951404647489565
2025-05-13 23:17:26,074 epoch:19, loss:2.131459296488129
2025-05-13 23:30:29,578 epoch:20, loss:2.146111096112074
2025-05-13 23:30:29,578 ------------ validation ------------
2025-05-13 23:32:25,110 epoch:20
2025-05-13 23:32:25,110 recon error:1.3454847132906
2025-05-13 23:32:25,110 nc error:0.04014176554343802
2025-05-13 23:32:25,110 edge error:2.1133186119668026
2025-05-13 23:32:25,110 -------------------------------------
2025-05-13 23:45:28,083 epoch:21, loss:2.1057029591197463
2025-05-13 23:58:30,718 epoch:22, loss:2.1252226757792245
2025-05-14 00:11:32,957 epoch:23, loss:2.058380664133393
2025-05-14 00:24:36,260 epoch:24, loss:2.0311735957069734
2025-05-14 00:37:42,217 epoch:25, loss:2.0197429595795353
2025-05-14 00:50:45,966 epoch:26, loss:1.98839691086153
2025-05-14 01:03:48,100 epoch:27, loss:1.9828161967539155
2025-05-14 01:16:49,883 epoch:28, loss:1.983882415611132
2025-05-14 01:29:51,150 epoch:29, loss:1.9591356361861778
2025-05-14 01:42:54,881 epoch:30, loss:1.929239912370665
2025-05-14 01:42:54,881 ------------ validation ------------
2025-05-14 01:44:51,404 epoch:30
2025-05-14 01:44:51,405 recon error:1.2696746803344565
2025-05-14 01:44:51,405 nc error:0.03447431006884955
2025-05-14 01:44:51,405 edge error:1.9671654853414982
2025-05-14 01:44:51,405 -------------------------------------
2025-05-14 01:57:54,796 epoch:31, loss:1.9262282485455537
2025-05-14 02:10:59,316 epoch:32, loss:1.9046539979698385
2025-05-14 02:24:03,275 epoch:33, loss:1.8898641438610786
2025-05-14 02:37:07,404 epoch:34, loss:1.8893723608118242
2025-05-14 02:50:13,089 epoch:35, loss:1.8628852726083942
2025-05-14 03:03:17,297 epoch:36, loss:1.8523307283367731
2025-05-14 03:16:21,179 epoch:37, loss:1.8504824526542056
2025-05-14 03:29:24,523 epoch:38, loss:1.836937484488023
2025-05-14 03:42:29,228 epoch:39, loss:1.822116442908228
2025-05-14 03:55:33,857 epoch:40, loss:1.8207553399347627
2025-05-14 03:55:33,858 ------------ validation ------------
2025-05-14 03:57:30,623 epoch:40
2025-05-14 03:57:30,624 recon error:1.291971428597227
2025-05-14 03:57:30,624 nc error:0.03183678608942539
2025-05-14 03:57:30,624 edge error:1.8896952677280345
2025-05-14 03:57:30,624 -------------------------------------
2025-05-14 04:10:35,760 epoch:41, loss:1.8108320807988665
2025-05-14 04:23:39,094 epoch:42, loss:1.797976598697426
2025-05-14 04:36:43,520 epoch:43, loss:1.7767243516128675
2025-05-14 04:49:47,404 epoch:44, loss:1.766854957774677
2025-05-14 05:02:51,531 epoch:45, loss:1.7687109645489043
2025-05-14 05:15:56,922 epoch:46, loss:1.764070729449787
2025-05-14 05:29:01,449 epoch:47, loss:1.763763539980998
2025-05-14 05:42:05,044 epoch:48, loss:1.7470947003997532
2025-05-14 05:55:09,808 epoch:49, loss:1.7498154638087855
2025-05-14 06:08:15,017 epoch:50, loss:1.7347640697934987
2025-05-14 06:08:15,017 ------------ validation ------------
2025-05-14 06:10:16,743 epoch:50
2025-05-14 06:10:16,743 recon error:1.0980092134881527
2025-05-14 06:10:16,743 nc error:0.031606346131005186
2025-05-14 06:10:16,743 edge error:1.9384747337787709
2025-05-14 06:10:16,743 -------------------------------------
2025-05-14 06:23:21,683 epoch:51, loss:1.7276983079657091
2025-05-14 06:36:27,166 epoch:52, loss:1.7181901123671406
2025-05-14 06:49:34,239 epoch:53, loss:1.7165546048004015
2025-05-14 07:02:40,817 epoch:54, loss:1.7010371003530722
2025-05-14 07:15:46,033 epoch:55, loss:1.7151300812189558
2025-05-14 07:28:50,060 epoch:56, loss:1.6866005140068256
2025-05-14 07:41:53,475 epoch:57, loss:1.6927498901839806
2025-05-14 07:54:58,658 epoch:58, loss:1.6776168892868852
2025-05-14 08:08:03,160 epoch:59, loss:1.677704810041242
2025-05-14 08:21:07,922 epoch:60, loss:1.686647671091873
2025-05-14 08:21:07,922 ------------ validation ------------
2025-05-14 08:23:03,766 epoch:60
2025-05-14 08:23:03,767 recon error:1.0737926547831678
2025-05-14 08:23:03,767 nc error:0.029040958038828474
2025-05-14 08:23:03,767 edge error:1.8438233695131667
2025-05-14 08:23:03,767 -------------------------------------
2025-05-14 08:36:06,703 epoch:61, loss:1.661090480331826
2025-05-14 08:49:07,987 epoch:62, loss:1.6598163725000568
2025-05-14 09:02:11,950 epoch:63, loss:1.6626536099256668
2025-05-14 09:15:17,337 epoch:64, loss:1.6443325327560965
2025-05-14 09:28:21,200 epoch:65, loss:1.6419721567525274
2025-05-14 09:41:25,998 epoch:66, loss:1.6409744104452892
2025-05-14 09:54:29,323 epoch:67, loss:1.6989369251031792
2025-05-14 10:07:33,631 epoch:68, loss:1.6768350417635083
2025-05-14 10:20:37,554 epoch:69, loss:1.6377989674036482
2025-05-14 10:33:40,861 epoch:70, loss:1.6382577104906064
2025-05-14 10:33:40,861 ------------ validation ------------
2025-05-14 10:35:35,464 epoch:70
2025-05-14 10:35:35,465 recon error:1.00839579041968
2025-05-14 10:35:35,465 nc error:0.029026287548402523
2025-05-14 10:35:35,465 edge error:1.8670765897060961
2025-05-14 10:35:35,465 -------------------------------------
2025-05-14 10:48:40,178 epoch:71, loss:1.6272229382422119
2025-05-14 11:01:45,403 epoch:72, loss:1.6823008611138943
2025-05-14 11:14:51,905 epoch:73, loss:1.6965658571867817
2025-05-14 11:27:58,801 epoch:74, loss:1.6241953550186832
2025-05-14 11:41:03,755 epoch:75, loss:1.613671916143029
2025-05-14 11:54:08,977 epoch:76, loss:1.6064539554899773
2025-05-14 12:07:13,845 epoch:77, loss:1.6004270140048678
2025-05-14 12:20:18,083 epoch:78, loss:1.598796506687603
2025-05-14 12:33:22,403 epoch:79, loss:1.7511653914915777
2025-05-14 12:46:27,011 epoch:80, loss:1.6273668833538495
2025-05-14 12:46:27,011 ------------ validation ------------
2025-05-14 12:48:25,154 epoch:80
2025-05-14 12:48:25,155 recon error:0.9931482577577551
2025-05-14 12:48:25,155 nc error:0.028688946461423913
2025-05-14 12:48:25,155 edge error:1.8501954890312033
2025-05-14 12:48:25,155 -------------------------------------
2025-05-14 13:01:28,069 epoch:81, loss:1.6152170257230776
2025-05-14 13:14:33,631 epoch:82, loss:1.5964324318202197
2025-05-14 13:27:38,061 epoch:83, loss:1.5900279950251621
2025-05-14 13:40:40,716 epoch:84, loss:1.5879503435793176
2025-05-14 13:53:43,596 epoch:85, loss:1.584162181668577
2025-05-14 14:06:47,998 epoch:86, loss:1.5800710365835544
2025-05-14 14:19:52,530 epoch:87, loss:1.574411185441819
2025-05-14 14:32:57,208 epoch:88, loss:1.5715304459090782
2025-05-14 14:46:01,166 epoch:89, loss:1.5727276998283588
2025-05-14 14:59:05,762 epoch:90, loss:1.565068045759623
2025-05-14 14:59:05,762 ------------ validation ------------
2025-05-14 15:01:02,276 epoch:90
2025-05-14 15:01:02,277 recon error:0.9737253195427834
2025-05-14 15:01:02,277 nc error:0.02726814677899188
2025-05-14 15:01:02,277 edge error:1.8069963696155142
2025-05-14 15:01:02,277 -------------------------------------
2025-05-14 15:14:06,215 epoch:91, loss:1.5619618574074938
2025-05-14 15:27:10,622 epoch:92, loss:1.5559162089255003
2025-05-14 15:40:14,215 epoch:93, loss:1.5566120938917176
2025-05-14 15:53:20,683 epoch:94, loss:1.554098744097009
2025-05-14 16:06:24,404 epoch:95, loss:1.55881649392896
2025-05-14 16:19:27,769 epoch:96, loss:1.5518265312751838
2025-05-14 16:32:31,590 epoch:97, loss:1.5480015125949826
2025-05-14 16:45:35,809 epoch:98, loss:1.5419366401908672
2025-05-14 16:58:41,144 epoch:99, loss:1.5367664250652346
2025-05-14 17:11:45,384 epoch:100, loss:1.5406613484948082
2025-05-14 17:11:45,384 ------------ validation ------------
2025-05-14 17:13:44,901 epoch:100
2025-05-14 17:13:44,902 recon error:0.9482845702069871
2025-05-14 17:13:44,902 nc error:0.026174165724598346
2025-05-14 17:13:44,902 edge error:1.7892358024069603
2025-05-14 17:13:44,902 -------------------------------------
2025-05-14 17:26:48,949 epoch:101, loss:1.5348552288207333
2025-05-14 17:39:53,020 epoch:102, loss:1.5303137610443927
2025-05-14 17:52:56,390 epoch:103, loss:1.530104308001763
2025-05-14 18:06:01,073 epoch:104, loss:1.5338695720233748
2025-05-14 18:19:05,583 epoch:105, loss:1.528242992088858
2025-05-14 18:32:09,944 epoch:106, loss:1.7002880047907871
2025-05-14 18:45:14,435 epoch:107, loss:1.5629125213201067
2025-05-14 18:58:17,538 epoch:108, loss:1.543067914827735
2025-05-14 19:11:22,104 epoch:109, loss:1.8191025999795019
2025-05-14 19:24:26,197 epoch:110, loss:1.6115350301286815
2025-05-14 19:24:26,197 ------------ validation ------------
2025-05-14 19:26:22,053 epoch:110
2025-05-14 19:26:22,054 recon error:0.9642606517101856
2025-05-14 19:26:22,054 nc error:0.02919758364875266
2025-05-14 19:26:22,054 edge error:1.866129547991651
2025-05-14 19:26:22,054 -------------------------------------
2025-05-14 19:39:27,452 epoch:111, loss:1.573205505641161
2025-05-14 19:52:32,476 epoch:112, loss:1.5578126310247236
2025-05-14 20:05:37,852 epoch:113, loss:1.54985706531896
2025-05-14 20:18:43,366 epoch:114, loss:1.5376792766351615
2025-05-14 20:31:48,280 epoch:115, loss:1.5301340582096472
2025-05-14 20:44:54,891 epoch:116, loss:1.5620475948384378
2025-05-14 20:58:00,159 epoch:117, loss:1.5288209066981764
2025-05-14 21:11:05,873 epoch:118, loss:1.5250222543699552
2025-05-14 21:24:12,094 epoch:119, loss:1.5143958178241697
2025-05-14 21:37:19,586 epoch:120, loss:1.512190375496856
2025-05-14 21:37:19,587 ------------ validation ------------
2025-05-14 21:39:15,499 epoch:120
2025-05-14 21:39:15,500 recon error:0.9222238571085828
2025-05-14 21:39:15,500 nc error:0.027046372796943847
2025-05-14 21:39:15,500 edge error:1.8262471353754084
2025-05-14 21:39:15,500 -------------------------------------
2025-05-14 21:52:19,345 epoch:121, loss:1.5101310670903298
2025-05-14 22:05:23,421 epoch:122, loss:1.5076320703050732
2025-05-14 22:18:28,349 epoch:123, loss:1.5109767553025641
2025-05-14 22:31:34,269 epoch:124, loss:1.4993320910276564
2025-05-14 22:44:39,604 epoch:125, loss:1.5035099875610487
2025-05-14 22:57:46,167 epoch:126, loss:1.499082502432629
2025-05-14 23:10:52,338 epoch:127, loss:1.4975427699300041
2025-05-14 23:23:56,435 epoch:128, loss:1.494532598647396
2025-05-14 23:37:01,719 epoch:129, loss:1.4937266949003776
2025-05-14 23:50:08,366 epoch:130, loss:1.4909274080158335
2025-05-14 23:50:08,367 ------------ validation ------------
2025-05-14 23:52:07,385 epoch:130
2025-05-14 23:52:07,385 recon error:0.9159760177135468
2025-05-14 23:52:07,385 nc error:0.02634176663420302
2025-05-14 23:52:07,385 edge error:1.795410212050093
2025-05-14 23:52:07,385 -------------------------------------
2025-05-15 00:05:11,317 epoch:131, loss:1.4859249313320735
2025-05-15 00:18:15,670 epoch:132, loss:1.4875638944912801
2025-05-15 00:31:20,196 epoch:133, loss:1.4859757431840475
2025-05-15 00:44:25,695 epoch:134, loss:1.4861176976060446
2025-05-15 00:57:29,959 epoch:135, loss:1.4830968907449098
2025-05-15 01:10:36,293 epoch:136, loss:1.481906968724411
2025-05-15 01:23:41,372 epoch:137, loss:1.478648549476556
2025-05-15 01:36:46,534 epoch:138, loss:1.4744467486322455
2025-05-15 01:49:52,203 epoch:139, loss:1.4734206570988209
2025-05-15 02:02:57,944 epoch:140, loss:1.4742489772560323
2025-05-15 02:02:57,945 ------------ validation ------------
2025-05-15 02:04:54,271 epoch:140
2025-05-15 02:04:54,271 recon error:0.9191942107170186
2025-05-15 02:04:54,271 nc error:0.026216818416055214
2025-05-15 02:04:54,271 edge error:1.79136711993116
2025-05-15 02:04:54,271 -------------------------------------
2025-05-15 02:17:58,512 epoch:141, loss:1.4695889477181223
2025-05-15 02:31:05,277 epoch:142, loss:1.4706357255446172
2025-05-15 02:44:11,615 epoch:143, loss:1.89498549372749
2025-05-15 02:57:17,836 epoch:144, loss:1.5711308468759588
2025-05-15 03:10:23,643 epoch:145, loss:1.6452149509328657
2025-05-15 03:23:28,238 epoch:146, loss:1.5439511094473104
2025-05-15 03:36:33,630 epoch:147, loss:1.5170986926661127
2025-05-15 03:49:39,688 epoch:148, loss:1.5043103981862025
2025-05-15 04:02:45,646 epoch:149, loss:1.4962523135463748
2025-05-15 04:15:50,073 epoch:150, loss:1.4894035482828596
2025-05-15 04:15:50,073 ------------ validation ------------
2025-05-15 04:17:45,762 epoch:150
2025-05-15 04:17:45,762 recon error:0.9093378300362445
2025-05-15 04:17:45,762 nc error:0.026877471008040804
2025-05-15 04:17:45,762 edge error:1.8103897508154525
2025-05-15 04:17:45,762 -------------------------------------
2025-05-15 04:30:52,121 epoch:151, loss:1.4809921783683575
2025-05-15 04:43:57,882 epoch:152, loss:1.480026839686706
2025-05-15 04:57:03,245 epoch:153, loss:1.472461261158496
2025-05-15 05:10:08,237 epoch:154, loss:1.4717934941823503
2025-05-15 05:23:14,009 epoch:155, loss:1.468533377520806
2025-05-15 05:36:20,309 epoch:156, loss:1.4673987023598325
2025-05-15 05:49:26,619 epoch:157, loss:1.4704666422531667
2025-05-15 06:02:31,567 epoch:158, loss:1.461939793983392
2025-05-15 06:15:38,086 epoch:159, loss:1.4596067213379176
2025-05-15 06:28:44,098 epoch:160, loss:1.4572189554703974
2025-05-15 06:28:44,098 ------------ validation ------------
2025-05-15 06:30:40,947 epoch:160
2025-05-15 06:30:40,947 recon error:0.9048753146161425
2025-05-15 06:30:40,947 nc error:0.02579900285506502
2025-05-15 06:30:40,947 edge error:1.783317281844768
2025-05-15 06:30:40,947 -------------------------------------
2025-05-15 06:43:46,055 epoch:161, loss:1.4561216845976568
2025-05-15 06:56:52,369 epoch:162, loss:1.4562966365729813
2025-05-15 07:09:58,146 epoch:163, loss:1.4582562689232614
2025-05-15 07:23:04,284 epoch:164, loss:1.4506232459988215
2025-05-15 07:36:10,270 epoch:165, loss:1.4458624757496656
2025-05-15 07:49:16,308 epoch:166, loss:1.4497827006652293
2025-05-15 08:02:22,807 epoch:167, loss:1.4423908493160147
2025-05-15 08:15:29,794 epoch:168, loss:1.442960004257945
2025-05-15 08:28:34,688 epoch:169, loss:1.4425597627606013
2025-05-15 08:41:39,868 epoch:170, loss:1.4419298773318265
2025-05-15 08:41:39,868 ------------ validation ------------
2025-05-15 08:43:33,750 epoch:170
2025-05-15 08:43:33,750 recon error:0.9083847929822638
2025-05-15 08:43:33,750 nc error:0.025812987594845446
2025-05-15 08:43:33,750 edge error:1.8073127231699355
2025-05-15 08:43:33,751 -------------------------------------
2025-05-15 08:56:39,498 epoch:171, loss:1.4464288095457365
2025-05-15 09:09:43,983 epoch:172, loss:1.4436261928187006
2025-05-15 09:22:48,639 epoch:173, loss:1.441816479547889
2025-05-15 09:35:53,888 epoch:174, loss:1.4396405561835366
2025-05-15 09:48:59,347 epoch:175, loss:1.4329811317730794
2025-05-15 10:02:02,833 epoch:176, loss:1.4345645716760012
2025-05-15 10:15:07,127 epoch:177, loss:1.4314789820561367
2025-05-15 10:28:10,808 epoch:178, loss:1.4328896592148637
2025-05-15 10:41:16,350 epoch:179, loss:1.4329118376284573
2025-05-15 10:54:22,551 epoch:180, loss:1.4349451554560029
2025-05-15 10:54:22,551 ------------ validation ------------
2025-05-15 10:56:21,924 epoch:180
2025-05-15 10:56:21,926 recon error:0.9213887319919911
2025-05-15 10:56:21,926 nc error:0.02564160488149587
2025-05-15 10:56:21,927 edge error:1.7951666344987585
2025-05-15 10:56:21,927 -------------------------------------
2025-05-15 11:09:26,303 epoch:181, loss:1.431021908110222
2025-05-15 11:22:33,034 epoch:182, loss:1.4263560550402752
2025-05-15 11:35:39,219 epoch:183, loss:1.425153157774326
2025-05-15 11:48:44,293 epoch:184, loss:1.4215656229880005
2025-05-15 12:01:48,843 epoch:185, loss:1.4229356719329294
2025-05-15 12:14:55,971 epoch:186, loss:1.479350345324626
2025-05-15 12:28:03,925 epoch:187, loss:1.4574772244006131
2025-05-15 12:41:10,738 epoch:188, loss:1.4309746269631174
2025-05-15 12:54:19,050 epoch:189, loss:1.4220625242300793
2025-05-15 13:07:24,528 epoch:190, loss:1.4183331727981567
2025-05-15 13:07:24,529 ------------ validation ------------
2025-05-15 13:09:19,224 epoch:190
2025-05-15 13:09:19,225 recon error:0.928599384870935
2025-05-15 13:09:19,225 nc error:0.025540724693936236
2025-05-15 13:09:19,225 edge error:1.7925670159623979
2025-05-15 13:09:19,225 -------------------------------------
2025-05-15 13:22:24,500 epoch:191, loss:1.4216970232735693
2025-05-15 13:35:30,775 epoch:192, loss:1.414797922995238
2025-05-15 13:48:37,249 epoch:193, loss:1.4147355026903405
2025-05-15 14:01:43,584 epoch:194, loss:1.4105845936631733
2025-05-15 14:14:47,380 epoch:195, loss:1.4095615823711969
2025-05-15 14:27:53,540 epoch:196, loss:1.4088070865226003
2025-05-15 14:41:00,750 epoch:197, loss:1.4109658199073993
2025-05-15 14:54:07,841 epoch:198, loss:1.4046888693244057
2025-05-15 15:07:13,693 epoch:199, loss:1.4073527656825242
2025-05-15 15:20:20,060 epoch:200, loss:1.4033544088886902
2025-05-15 15:20:20,061 ------------ validation ------------
2025-05-15 15:22:21,810 epoch:200
2025-05-15 15:22:21,811 recon error:0.8803987268437731
2025-05-15 15:22:21,811 nc error:0.025285208795933014
2025-05-15 15:22:21,811 edge error:1.7779054464177881
2025-05-15 15:22:21,811 -------------------------------------
