2025-04-15 21:22:10,809 load dataset ...
2025-04-15 21:33:49,276 epoch:0, loss:17.100580311665492
2025-04-15 21:33:49,277 ------------ validation ------------
2025-04-15 21:35:31,231 epoch:0
2025-04-15 21:35:31,231 recon error:10.974014535863349
2025-04-15 21:35:31,232 -------------------------------------
2025-04-15 21:47:46,434 epoch:1, loss:9.93078741647501
2025-04-15 21:59:39,005 epoch:2, loss:6.449833600710979
2025-04-15 22:11:29,164 epoch:3, loss:4.912284208820984
2025-04-15 22:23:20,579 epoch:4, loss:4.239929762139784
2025-04-15 22:35:14,423 epoch:5, loss:3.886480531861297
2025-04-15 22:47:03,198 epoch:6, loss:3.649786995575491
2025-04-15 22:58:56,433 epoch:7, loss:3.504140763156182
2025-04-15 23:10:48,074 epoch:8, loss:3.3786331155658824
2025-04-15 23:22:43,100 epoch:9, loss:3.2754689427603663
2025-04-15 23:34:36,333 epoch:10, loss:3.1956123921723494
2025-04-15 23:34:36,333 ------------ validation ------------
2025-04-15 23:36:21,448 epoch:10
2025-04-15 23:36:21,449 recon error:1.3157938959750723
2025-04-15 23:36:21,449 -------------------------------------
2025-04-15 23:49:08,632 epoch:11, loss:3.111854429582579
2025-04-16 00:01:08,027 epoch:12, loss:3.0545989239110356
2025-04-16 00:13:03,796 epoch:13, loss:2.9821367884104233
2025-04-16 00:24:56,356 epoch:14, loss:2.954320476329432
2025-04-16 00:36:46,299 epoch:15, loss:2.8966012081213757
2025-04-16 00:48:43,967 epoch:16, loss:2.8553060578033986
2025-04-16 01:00:38,075 epoch:17, loss:2.822274733433681
2025-04-16 01:12:28,793 epoch:18, loss:2.795677739118053
2025-04-16 01:24:19,016 epoch:19, loss:2.771547003551922
2025-04-16 01:36:09,514 epoch:20, loss:2.731914135418107
2025-04-16 01:36:09,514 ------------ validation ------------
2025-04-16 01:37:52,805 epoch:20
2025-04-16 01:37:52,805 recon error:1.0198672832326685
2025-04-16 01:37:52,805 -------------------------------------
2025-04-16 01:49:39,828 epoch:21, loss:2.7212634981206034
2025-04-16 02:01:26,868 epoch:22, loss:2.6868913907920366
2025-04-16 02:13:16,464 epoch:23, loss:2.6702804983189674
2025-04-16 02:25:05,326 epoch:24, loss:2.6512459408920424
2025-04-16 02:36:52,645 epoch:25, loss:2.6323805787922008
2025-04-16 02:48:42,463 epoch:26, loss:2.6161667287877175
2025-04-16 03:00:31,871 epoch:27, loss:2.6020326947743913
2025-04-16 03:12:15,279 epoch:28, loss:2.585887216466718
2025-04-16 03:24:00,501 epoch:29, loss:2.571263685901608
2025-04-16 03:35:44,123 epoch:30, loss:2.5597616723153442
2025-04-16 03:35:44,123 ------------ validation ------------
2025-04-16 03:37:25,097 epoch:30
2025-04-16 03:37:25,097 recon error:0.9438966874112474
2025-04-16 03:37:25,097 -------------------------------------
2025-04-16 03:49:07,926 epoch:31, loss:2.547362130933103
2025-04-16 04:00:52,417 epoch:32, loss:2.5367288652774507
2025-04-16 04:12:38,857 epoch:33, loss:2.5293425758328056
2025-04-16 04:24:27,897 epoch:34, loss:2.5184058041699164
2025-04-16 04:36:17,585 epoch:35, loss:2.510155806077265
2025-04-16 04:48:03,841 epoch:36, loss:2.5010428171242234
2025-04-16 04:59:49,418 epoch:37, loss:2.4946125764762406
2025-04-16 05:11:36,433 epoch:38, loss:2.4856308055135
2025-04-16 05:23:22,555 epoch:39, loss:2.4752195455331716
2025-04-16 05:35:06,449 epoch:40, loss:2.469636520453259
2025-04-16 05:35:06,449 ------------ validation ------------
2025-04-16 05:36:47,502 epoch:40
2025-04-16 05:36:47,502 recon error:0.8873998846145387
2025-04-16 05:36:47,502 -------------------------------------
2025-04-16 05:48:31,758 epoch:41, loss:2.462032843480068
2025-04-16 06:00:15,461 epoch:42, loss:2.456317066091352
2025-04-16 06:12:01,164 epoch:43, loss:2.4502970914925095
2025-04-16 06:23:44,631 epoch:44, loss:2.446116302287684
2025-04-16 06:35:27,654 epoch:45, loss:2.438593454276566
2025-04-16 06:47:12,162 epoch:46, loss:2.4300577606775065
2025-04-16 06:58:55,433 epoch:47, loss:2.427220610390722
2025-04-16 07:10:40,575 epoch:48, loss:2.421466399505075
2025-04-16 07:22:29,526 epoch:49, loss:2.4150041715233725
2025-04-16 07:34:16,448 epoch:50, loss:2.4109659840575364
2025-04-16 07:34:16,448 ------------ validation ------------
2025-04-16 07:35:57,629 epoch:50
2025-04-16 07:35:57,630 recon error:0.8655586528017166
2025-04-16 07:35:57,630 -------------------------------------
2025-04-16 07:47:42,337 epoch:51, loss:2.4076926037273574
2025-04-16 07:59:29,814 epoch:52, loss:2.401767797385697
2025-04-16 08:11:15,065 epoch:53, loss:2.398768497990296
2025-04-16 08:23:01,346 epoch:54, loss:2.394001361965078
2025-04-16 08:34:47,528 epoch:55, loss:2.3901101720016613
2025-04-16 08:46:36,958 epoch:56, loss:2.3856529383532767
2025-04-16 08:58:26,363 epoch:57, loss:2.385333595022691
2025-04-16 09:10:16,131 epoch:58, loss:2.377137338587668
2025-04-16 09:22:02,499 epoch:59, loss:2.373484762158014
2025-04-16 09:33:47,479 epoch:60, loss:2.372129476175899
2025-04-16 09:33:47,479 ------------ validation ------------
2025-04-16 09:35:27,625 epoch:60
2025-04-16 09:35:27,626 recon error:0.8643698413321312
2025-04-16 09:35:27,626 -------------------------------------
2025-04-16 09:47:13,584 epoch:61, loss:2.368834401864921
2025-04-16 09:59:01,818 epoch:62, loss:2.3636066960022513
2025-04-16 10:10:51,436 epoch:63, loss:2.362054066953406
2025-04-16 10:22:39,996 epoch:64, loss:2.3598981523935776
2025-04-16 10:34:29,332 epoch:65, loss:2.354977500544185
2025-04-16 10:46:20,898 epoch:66, loss:2.3518768268348897
2025-04-16 10:58:11,484 epoch:67, loss:2.3492602770307425
2025-04-16 11:10:02,172 epoch:68, loss:2.346467773893238
2025-04-16 11:21:48,776 epoch:69, loss:2.3432374658837785
2025-04-16 11:33:38,454 epoch:70, loss:2.3419420174792807
2025-04-16 11:33:38,454 ------------ validation ------------
2025-04-16 11:35:20,364 epoch:70
2025-04-16 11:35:20,364 recon error:0.8521960365011337
2025-04-16 11:35:20,364 -------------------------------------
2025-04-16 11:47:08,724 epoch:71, loss:2.338582680710649
2025-04-16 11:58:55,593 epoch:72, loss:2.335797498500453
2025-04-16 12:10:44,469 epoch:73, loss:2.3354579144874505
2025-04-16 12:22:30,668 epoch:74, loss:2.3310793408250388
2025-04-16 12:34:17,834 epoch:75, loss:2.329554139196345
2025-04-16 12:46:07,425 epoch:76, loss:2.325933151329513
2025-04-16 12:58:30,771 epoch:77, loss:2.3234144670773396
2025-04-16 13:10:23,877 epoch:78, loss:2.323348216672914
2025-04-16 13:22:16,136 epoch:79, loss:2.3179440802177496
2025-04-16 13:34:07,196 epoch:80, loss:2.3190627507403887
2025-04-16 13:34:07,196 ------------ validation ------------
2025-04-16 13:35:50,637 epoch:80
2025-04-16 13:35:50,637 recon error:0.8580511821077225
2025-04-16 13:35:50,637 -------------------------------------
2025-04-16 13:47:42,635 epoch:81, loss:2.317992168612185
2025-04-16 13:59:36,391 epoch:82, loss:2.314585727927959
2025-04-16 14:11:27,412 epoch:83, loss:2.311541018021845
2025-04-16 14:23:21,798 epoch:84, loss:2.3105892253133047
2025-04-16 14:35:14,806 epoch:85, loss:2.3084255273363232
2025-04-16 14:47:07,102 epoch:86, loss:2.307561029164137
2025-04-16 14:58:59,738 epoch:87, loss:2.304633000044696
2025-04-16 15:10:52,872 epoch:88, loss:2.3038002942515687
2025-04-16 15:22:43,876 epoch:89, loss:2.3016738275511073
2025-04-16 15:34:33,980 epoch:90, loss:2.2999682257660723
2025-04-16 15:34:33,981 ------------ validation ------------
2025-04-16 15:36:15,665 epoch:90
2025-04-16 15:36:15,665 recon error:0.8479072743273796
2025-04-16 15:36:15,665 -------------------------------------
2025-04-16 15:48:13,205 epoch:91, loss:2.299527812637059
2025-04-16 16:00:05,453 epoch:92, loss:2.2982933787118016
2025-04-16 16:12:01,226 epoch:93, loss:2.294915055806658
2025-04-16 16:23:52,134 epoch:94, loss:2.2953378474817865
2025-04-16 16:35:44,731 epoch:95, loss:2.2926275038086206
2025-04-16 16:47:37,383 epoch:96, loss:2.290336300419495
2025-04-16 16:59:29,289 epoch:97, loss:2.288646862992143
2025-04-16 17:11:25,764 epoch:98, loss:2.286882085293795
2025-04-16 17:23:23,477 epoch:99, loss:2.287121185370251
2025-04-16 17:35:27,292 epoch:100, loss:2.2862285390364385
2025-04-16 17:35:27,292 ------------ validation ------------
2025-04-16 17:37:11,762 epoch:100
2025-04-16 17:37:11,762 recon error:0.8415734102117255
2025-04-16 17:37:11,762 -------------------------------------
