2025-05-28 10:16:35,571 load dataset ...
2025-05-28 10:16:35,571 load dataset ...
2025-05-28 10:16:35,573 Loaded 679 samples from folds [0, 1, 2, 3] for train set.
2025-05-28 10:16:35,682 load dataset ...
2025-05-28 10:16:35,682 Loaded 169 samples from folds [4] for valid set.
2025-05-28 10:16:37,789 initalize model ...
2025-05-28 10:16:37,924 start training ...
2025-05-28 10:31:43,980 epoch:0, loss:17.70466504637728
2025-05-28 10:31:43,980 ------------ validation ------------
2025-05-28 10:33:33,637 epoch:0
2025-05-28 10:33:33,638 recon error:16.58751102876381
2025-05-28 10:33:33,638 nc error:0.008961232698704365
2025-05-28 10:33:33,638 edge error:1.1848098808491723
2025-05-28 10:33:33,638 -------------------------------------
2025-05-28 10:48:42,576 epoch:1, loss:16.65742433966523
2025-05-28 11:03:50,939 epoch:2, loss:12.801611471948638
2025-05-28 11:19:00,885 epoch:3, loss:9.028776616165318
2025-05-28 11:34:12,345 epoch:4, loss:6.960180331751244
2025-05-28 11:49:24,950 epoch:5, loss:5.63651391718981
2025-05-28 12:04:36,931 epoch:6, loss:4.870474409109011
2025-05-28 12:19:49,683 epoch:7, loss:4.383876416047649
2025-05-28 12:35:01,350 epoch:8, loss:3.886978473508832
2025-05-28 12:50:13,640 epoch:9, loss:3.5569477004049803
2025-05-28 13:05:27,888 epoch:10, loss:3.354943491046664
2025-05-28 13:05:27,889 ------------ validation ------------
2025-05-28 13:07:17,616 epoch:10
2025-05-28 13:07:17,616 recon error:2.344202244070155
2025-05-28 13:07:17,617 nc error:0.060403532508385954
2025-05-28 13:07:17,617 edge error:2.401015417110285
2025-05-28 13:07:17,617 -------------------------------------
2025-05-28 13:22:29,757 epoch:11, loss:3.178902576527996
2025-05-28 13:37:43,660 epoch:12, loss:2.9987982432515703
2025-05-28 13:52:57,119 epoch:13, loss:2.8831708034464816
2025-05-28 14:08:10,875 epoch:14, loss:2.783099781957747
2025-05-28 14:23:24,862 epoch:15, loss:2.653491458064151
2025-05-28 14:38:39,505 epoch:16, loss:2.5820557193306652
2025-05-28 14:53:52,812 epoch:17, loss:2.453063699739144
2025-05-28 15:09:07,249 epoch:18, loss:2.4143271542789306
2025-05-28 15:24:20,845 epoch:19, loss:2.336878149077538
2025-05-28 15:39:33,927 epoch:20, loss:2.2652125161947665
2025-05-28 15:39:33,927 ------------ validation ------------
2025-05-28 15:41:25,210 epoch:20
2025-05-28 15:41:25,211 recon error:1.478703181419147
2025-05-28 15:41:25,211 nc error:0.04374895463063872
2025-05-28 15:41:25,211 edge error:2.1432028627959934
2025-05-28 15:41:25,211 -------------------------------------
2025-05-28 15:56:38,311 epoch:21, loss:2.2521253165861643
2025-05-28 16:11:52,026 epoch:22, loss:2.1714157854509986
2025-05-28 16:27:05,001 epoch:23, loss:2.1666020983624352
2025-05-28 16:42:18,470 epoch:24, loss:2.1299605562690433
2025-05-28 16:57:31,555 epoch:25, loss:2.142549001064497
2025-05-28 17:12:45,627 epoch:26, loss:2.044185937592137
2025-05-28 17:27:59,877 epoch:27, loss:2.0589730866001
2025-05-28 17:43:13,823 epoch:28, loss:2.0091712137736346
2025-05-28 17:58:28,546 epoch:29, loss:1.979415364750004
2025-05-28 18:13:42,611 epoch:30, loss:1.9452908939746414
2025-05-28 18:13:42,611 ------------ validation ------------
2025-05-28 18:15:33,459 epoch:30
2025-05-28 18:15:33,460 recon error:1.2405086656999307
2025-05-28 18:15:33,460 nc error:0.03780381156671682
2025-05-28 18:15:33,460 edge error:2.026625767967405
2025-05-28 18:15:33,460 -------------------------------------
2025-05-28 18:30:48,236 epoch:31, loss:1.9294800312424267
2025-05-28 18:46:02,975 epoch:32, loss:1.901545372908175
2025-05-28 19:01:17,160 epoch:33, loss:1.915362147414105
2025-05-28 19:16:30,947 epoch:34, loss:1.8801465492712028
2025-05-28 19:31:45,493 epoch:35, loss:1.8482224669126417
2025-05-28 19:46:58,689 epoch:36, loss:1.833398328965121
2025-05-28 20:02:13,360 epoch:37, loss:1.8324544726485532
2025-05-28 20:17:28,421 epoch:38, loss:1.7975524439200736
2025-05-28 20:32:42,449 epoch:39, loss:1.8012200184879668
2025-05-28 20:47:57,814 epoch:40, loss:1.795808114254071
2025-05-28 20:47:57,814 ------------ validation ------------
2025-05-28 20:49:48,985 epoch:40
2025-05-28 20:49:48,986 recon error:1.1640806988146177
2025-05-28 20:49:48,986 nc error:0.03402456268668175
2025-05-28 20:49:48,986 edge error:1.9180883387842123
2025-05-28 20:49:48,986 -------------------------------------
2025-05-28 21:05:04,650 epoch:41, loss:1.7683781773422533
2025-05-28 21:20:19,836 epoch:42, loss:1.761196781855093
2025-05-28 21:35:33,571 epoch:43, loss:1.7549374572307266
2025-05-28 21:50:47,755 epoch:44, loss:1.7293648119352
2025-05-28 22:06:02,032 epoch:45, loss:1.7079619357090812
2025-05-28 22:21:15,640 epoch:46, loss:1.6981084223875065
2025-05-28 22:36:30,065 epoch:47, loss:1.6898011639823969
2025-05-28 22:51:43,482 epoch:48, loss:1.6860282217455542
2025-05-28 23:06:58,326 epoch:49, loss:1.6783717832087768
2025-05-28 23:22:13,260 epoch:50, loss:1.6655645388039995
2025-05-28 23:22:13,260 ------------ validation ------------
2025-05-28 23:24:05,099 epoch:50
2025-05-28 23:24:05,100 recon error:1.0422470520233966
2025-05-28 23:24:05,100 nc error:0.033189577772419834
2025-05-28 23:24:05,100 edge error:1.9480278696534197
2025-05-28 23:24:05,100 -------------------------------------
2025-05-28 23:39:20,572 epoch:51, loss:1.6545236324877732
2025-05-28 23:54:35,616 epoch:52, loss:1.640072479339341
2025-05-29 00:09:51,151 epoch:53, loss:1.6380399153053498
2025-05-29 00:25:06,377 epoch:54, loss:1.6364426040508961
2025-05-29 00:40:22,724 epoch:55, loss:1.6212689000482237
2025-05-29 00:55:38,372 epoch:56, loss:1.6186346826918523
2025-05-29 01:10:53,301 epoch:57, loss:1.6178944774509705
2025-05-29 01:26:07,913 epoch:58, loss:1.6084336377735167
2025-05-29 01:41:22,843 epoch:59, loss:1.5931377770798898
2025-05-29 01:56:37,543 epoch:60, loss:1.582611834528871
2025-05-29 01:56:37,543 ------------ validation ------------
2025-05-29 01:58:29,698 epoch:60
2025-05-29 01:58:29,699 recon error:0.983129800424068
2025-05-29 01:58:29,699 nc error:0.03403473084450826
2025-05-29 01:58:29,699 edge error:1.9592756265719262
2025-05-29 01:58:29,699 -------------------------------------
2025-05-29 02:13:45,177 epoch:61, loss:1.5789293421210175
2025-05-29 02:29:00,022 epoch:62, loss:1.5625428177295624
2025-05-29 02:44:14,111 epoch:63, loss:1.5679891383349456
2025-05-29 02:59:29,338 epoch:64, loss:1.5597059552904784
2025-05-29 03:14:44,791 epoch:65, loss:1.5538810955056035
2025-05-29 03:29:59,113 epoch:66, loss:1.5435012724683983
2025-05-29 03:45:13,438 epoch:67, loss:1.5482111358150994
2025-05-29 04:00:28,768 epoch:68, loss:1.532686222284286
2025-05-29 04:15:43,547 epoch:69, loss:1.532564509072957
2025-05-29 04:30:59,621 epoch:70, loss:1.5175948397576018
2025-05-29 04:30:59,622 ------------ validation ------------
2025-05-29 04:32:49,737 epoch:70
2025-05-29 04:32:49,738 recon error:0.9151535249320712
2025-05-29 04:32:49,738 nc error:0.029769038483941343
2025-05-29 04:32:49,738 edge error:1.847155202775312
2025-05-29 04:32:49,738 -------------------------------------
2025-05-29 04:48:04,832 epoch:71, loss:1.5167080325476376
2025-05-29 05:03:19,579 epoch:72, loss:1.5189735062519123
2025-05-29 05:18:34,879 epoch:73, loss:1.5090483065381843
2025-05-29 05:33:49,739 epoch:74, loss:1.5041014832144106
2025-05-29 05:49:04,732 epoch:75, loss:1.5035847244627873
2025-05-29 06:04:20,019 epoch:76, loss:1.4977419021730043
2025-05-29 06:19:34,771 epoch:77, loss:1.4840322488888724
2025-05-29 06:34:50,026 epoch:78, loss:1.486894447954484
2025-05-29 06:50:03,751 epoch:79, loss:1.4828903320436098
2025-05-29 07:05:18,865 epoch:80, loss:1.4788331237562626
2025-05-29 07:05:18,866 ------------ validation ------------
2025-05-29 07:07:11,554 epoch:80
2025-05-29 07:07:11,555 recon error:0.9285749302813288
2025-05-29 07:07:11,555 nc error:0.029563495812155085
2025-05-29 07:07:11,555 edge error:1.8882635182882908
2025-05-29 07:07:11,555 -------------------------------------
2025-05-29 07:22:25,916 epoch:81, loss:1.4811938697354257
2025-05-29 07:37:40,908 epoch:82, loss:1.4742003170134217
2025-05-29 07:52:55,346 epoch:83, loss:1.4676673477282405
2025-05-29 08:08:10,319 epoch:84, loss:1.4636695895876204
2025-05-29 08:23:24,446 epoch:85, loss:1.4591681118039566
2025-05-29 08:38:39,200 epoch:86, loss:1.4565887203623866
2025-05-29 08:53:53,570 epoch:87, loss:1.4533478702817644
2025-05-29 09:09:08,471 epoch:88, loss:1.4495651219835688
2025-05-29 09:24:23,725 epoch:89, loss:2.4414224408687653
2025-05-29 09:39:39,817 epoch:90, loss:1.9147042696184544
2025-05-29 09:39:39,817 ------------ validation ------------
2025-05-29 09:41:30,846 epoch:90
2025-05-29 09:41:30,846 recon error:1.021548133630019
2025-05-29 09:41:30,846 nc error:0.042229044058266475
2025-05-29 09:41:30,846 edge error:2.0995473360874244
2025-05-29 09:41:30,847 -------------------------------------
2025-05-29 09:56:48,163 epoch:91, loss:1.6983995258544786
2025-05-29 10:12:03,141 epoch:92, loss:1.6142175813837851
2025-05-29 10:27:17,512 epoch:93, loss:1.5672763972289432
2025-05-29 10:42:31,356 epoch:94, loss:1.535064517134946
2025-05-29 10:57:44,920 epoch:95, loss:1.516082529642445
2025-05-29 11:12:58,758 epoch:96, loss:1.497535658514728
2025-05-29 11:28:12,310 epoch:97, loss:1.4990329652893
